Using pre-set license
Built from '2021.3/staging' branch; Version is '2021.3.1f1 (3b70a0754835) revision 3895456'; Using compiler version '192829333'; Build Type 'Release'
OS: 'Windows 10  (10.0.19043) 64bit Core' Language: 'tr' Physical Memory: 7976 MB
BatchMode: 1, IsHumanControllingUs: 0, StartBugReporterOnCrash: 0, Is64bit: 1, IsPro: 1

COMMAND LINE ARGUMENTS:
C:\Program Files\Unity\Hub\Editor\2021.3.1f1\Editor\Unity.exe
-adb2
-batchMode
-noUpm
-name
AssetImportWorker42
-projectPath
C:/Users/batuh/Desktop/Space Buzz/Clone2/The-100/SpaceBuzz
-logFile
Logs/AssetImportWorker42.log
-srvPort
53515
Successfully changed project path to: C:/Users/batuh/Desktop/Space Buzz/Clone2/The-100/SpaceBuzz
C:/Users/batuh/Desktop/Space Buzz/Clone2/The-100/SpaceBuzz
[UnityMemory] Configuration Parameters - Can be set up in boot.config
    "memorysetup-bucket-allocator-granularity=16"
    "memorysetup-bucket-allocator-bucket-count=8"
    "memorysetup-bucket-allocator-block-size=33554432"
    "memorysetup-bucket-allocator-block-count=8"
    "memorysetup-main-allocator-block-size=16777216"
    "memorysetup-thread-allocator-block-size=16777216"
    "memorysetup-gfx-main-allocator-block-size=16777216"
    "memorysetup-gfx-thread-allocator-block-size=16777216"
    "memorysetup-cache-allocator-block-size=4194304"
    "memorysetup-typetree-allocator-block-size=2097152"
    "memorysetup-profiler-bucket-allocator-granularity=16"
    "memorysetup-profiler-bucket-allocator-bucket-count=8"
    "memorysetup-profiler-bucket-allocator-block-size=33554432"
    "memorysetup-profiler-bucket-allocator-block-count=8"
    "memorysetup-profiler-allocator-block-size=16777216"
    "memorysetup-profiler-editor-allocator-block-size=1048576"
    "memorysetup-temp-allocator-size-main=16777216"
    "memorysetup-job-temp-allocator-block-size=2097152"
    "memorysetup-job-temp-allocator-block-size-background=1048576"
    "memorysetup-job-temp-allocator-reduction-small-platforms=262144"
    "memorysetup-temp-allocator-size-background-worker=32768"
    "memorysetup-temp-allocator-size-job-worker=262144"
    "memorysetup-temp-allocator-size-preload-manager=33554432"
    "memorysetup-temp-allocator-size-nav-mesh-worker=65536"
    "memorysetup-temp-allocator-size-audio-worker=65536"
    "memorysetup-temp-allocator-size-cloud-worker=32768"
    "memorysetup-temp-allocator-size-gi-baking-worker=262144"
    "memorysetup-temp-allocator-size-gfx=262144"
Refreshing native plugins compatible for Editor in 142.16 ms, found 2 plugins.
Preloading 0 native plugins for Editor in 0.00 ms.
Initialize engine version: 2021.3.1f1 (3b70a0754835)
[Subsystems] Discovering subsystems at path C:/Program Files/Unity/Hub/Editor/2021.3.1f1/Editor/Data/Resources/UnitySubsystems
[Subsystems] Discovering subsystems at path C:/Users/batuh/Desktop/Space Buzz/Clone2/The-100/SpaceBuzz/Assets
GfxDevice: creating device client; threaded=0; jobified=0
Direct3D:
    Version:  Direct3D 11.0 [level 11.1]
    Renderer: Intel(R) UHD Graphics (ID=0x9b41)
    Vendor:   Intel
    VRAM:     3988 MB
    Driver:   27.20.100.9365
Initialize mono
Mono path[0] = 'C:/Program Files/Unity/Hub/Editor/2021.3.1f1/Editor/Data/Managed'
Mono path[1] = 'C:/Program Files/Unity/Hub/Editor/2021.3.1f1/Editor/Data/MonoBleedingEdge/lib/mono/unityjit-win32'
Mono config path = 'C:/Program Files/Unity/Hub/Editor/2021.3.1f1/Editor/Data/MonoBleedingEdge/etc'
Using monoOptions --debugger-agent=transport=dt_socket,embedding=1,server=y,suspend=n,address=127.0.0.1:56476
Begin MonoManager ReloadAssembly
Registering precompiled unity dll's ...
Register platform support module: C:/Program Files/Unity/Hub/Editor/2021.3.1f1/Editor/Data/PlaybackEngines/WindowsStandaloneSupport/UnityEditor.WindowsStandalone.Extensions.dll
Registered in 0.015777 seconds.
Native extension for WindowsStandalone target not found
Refreshing native plugins compatible for Editor in 96.10 ms, found 2 plugins.
Preloading 0 native plugins for Editor in 0.00 ms.
Mono: successfully reloaded assembly
- Completed reload, in  1.494 seconds
Domain Reload Profiling:
	ReloadAssembly (1494ms)
		BeginReloadAssembly (212ms)
			ExecutionOrderSort (0ms)
			DisableScriptedObjects (0ms)
			BackupInstance (0ms)
			ReleaseScriptingObjects (0ms)
			CreateAndSetChildDomain (2ms)
		EndReloadAssembly (974ms)
			LoadAssemblies (207ms)
			RebuildTransferFunctionScriptingTraits (0ms)
			SetupTypeCache (324ms)
			ReleaseScriptCaches (0ms)
			RebuildScriptCaches (87ms)
			SetupLoadedEditorAssemblies (431ms)
				LogAssemblyErrors (0ms)
				InitializePlatformSupportModulesInManaged (23ms)
				SetLoadedEditorAssemblies (0ms)
				RefreshPlugins (96ms)
				BeforeProcessingInitializeOnLoad (2ms)
				ProcessInitializeOnLoadAttributes (240ms)
				ProcessInitializeOnLoadMethodAttributes (69ms)
				AfterProcessingInitializeOnLoad (0ms)
				EditorAssembliesLoaded (0ms)
			ExecutionOrderSort2 (0ms)
			AwakeInstancesAfterBackupRestoration (0ms)
Platform modules already initialized, skipping
Registering precompiled user dll's ...
Registered in 0.003603 seconds.
Begin MonoManager ReloadAssembly
Symbol file LoadedFromMemory is not a mono symbol file
Native extension for WindowsStandalone target not found
Refreshing native plugins compatible for Editor in 1.38 ms, found 2 plugins.
Preloading 0 native plugins for Editor in 0.00 ms.
Mono: successfully reloaded assembly
- Completed reload, in  1.597 seconds
Domain Reload Profiling:
	ReloadAssembly (1598ms)
		BeginReloadAssembly (178ms)
			ExecutionOrderSort (0ms)
			DisableScriptedObjects (9ms)
			BackupInstance (0ms)
			ReleaseScriptingObjects (0ms)
			CreateAndSetChildDomain (37ms)
		EndReloadAssembly (1241ms)
			LoadAssemblies (137ms)
			RebuildTransferFunctionScriptingTraits (0ms)
			SetupTypeCache (278ms)
			ReleaseScriptCaches (1ms)
			RebuildScriptCaches (80ms)
			SetupLoadedEditorAssemblies (693ms)
				LogAssemblyErrors (0ms)
				InitializePlatformSupportModulesInManaged (8ms)
				SetLoadedEditorAssemblies (1ms)
				RefreshPlugins (2ms)
				BeforeProcessingInitializeOnLoad (95ms)
				ProcessInitializeOnLoadAttributes (541ms)
				ProcessInitializeOnLoadMethodAttributes (36ms)
				AfterProcessingInitializeOnLoad (10ms)
				EditorAssembliesLoaded (0ms)
			ExecutionOrderSort2 (0ms)
			AwakeInstancesAfterBackupRestoration (7ms)
Platform modules already initialized, skipping
========================================================================
Worker process is ready to serve import requests
Launched and connected shader compiler UnityShaderCompiler.exe after 0.11 seconds
Refreshing native plugins compatible for Editor in 0.96 ms, found 2 plugins.
Preloading 0 native plugins for Editor in 0.00 ms.
Unloading 2207 Unused Serialized files (Serialized files now loaded: 0)
Unloading 88 unused Assets / (2.9 MB). Loaded Objects now: 2655.
Memory consumption went from 117.5 MB to 114.5 MB.
Total: 5.715100 ms (FindLiveObjects: 0.256900 ms CreateObjectMapping: 0.142500 ms MarkObjects: 4.134200 ms  DeleteObjects: 1.180000 ms)

AssetImportParameters requested are different than current active one (requested -> active):
  custom:video-decoder-ogg-theora: a1e56fd34408186e4bbccfd4996cb3dc -> 
  custom:container-muxer-webm: aa71ff27fc2769a1b78a27578f13a17b -> 
  custom:container-demuxer-webm: 4f35f7cbe854078d1ac9338744f61a02 -> 
  custom:video-encoder-webm-vp8: eb34c28f22e8b96e1ab97ce403110664 -> 
  custom:audio-encoder-webm-vorbis: bf7c407c2cedff20999df2af8eb42d56 -> 
  custom:framework-win-MediaFoundation: 216162199b28c13a410421893ffa2e32 -> 
  custom:container-demuxer-ogg: 62fdf1f143b41e24485cea50d1cbac27 -> 
  custom:video-decoder-webm-vp8: 9c59270c3fd7afecdb556c50c9e8de78 -> 
  custom:audio-decoder-ogg-vorbis: bf7c407c2cedff20999df2af8eb42d56 -> 
========================================================================
Received Import Request.
  Time since last request: 1095885.229282 seconds.
  path: Assets/Low Poly Space Rocks/Prefabs/Glowing Rocks/Glowing Rock Blue 2.prefab
  artifactKey: Guid(2cae9ca05dddc7c42b6185ffab5f9bbe) Importer(815301076,1909f56bfc062723c751e8b465ee728b)
Start importing Assets/Low Poly Space Rocks/Prefabs/Glowing Rocks/Glowing Rock Blue 2.prefab using Guid(2cae9ca05dddc7c42b6185ffab5f9bbe) Importer(815301076,1909f56bfc062723c751e8b465ee728b)  -> (artifact id: '0838e2391ff70d76f3af202acaf1783d') in 0.335928 seconds 
========================================================================
Received Import Request.
  Time since last request: 0.000084 seconds.
  path: Assets/Low Poly Space Rocks/Prefabs/Glowing Rocks/Glowing Rock Purple 4.prefab
  artifactKey: Guid(a233330d3364a5944bbb4055ddfea91e) Importer(815301076,1909f56bfc062723c751e8b465ee728b)
Start importing Assets/Low Poly Space Rocks/Prefabs/Glowing Rocks/Glowing Rock Purple 4.prefab using Guid(a233330d3364a5944bbb4055ddfea91e) Importer(815301076,1909f56bfc062723c751e8b465ee728b)  -> (artifact id: '84729ed4b26f964ff15fa3925204730f') in 0.065412 seconds 
========================================================================
Received Import Request.
  Time since last request: 0.000042 seconds.
  path: Assets/Low Poly Space Rocks/Prefabs/Glowing Rocks/Glowing Rock Purple 1.prefab
  artifactKey: Guid(28306de25e99d0b4ea74323de2dfed81) Importer(815301076,1909f56bfc062723c751e8b465ee728b)
Start importing Assets/Low Poly Space Rocks/Prefabs/Glowing Rocks/Glowing Rock Purple 1.prefab using Guid(28306de25e99d0b4ea74323de2dfed81) Importer(815301076,1909f56bfc062723c751e8b465ee728b)  -> (artifact id: '0525bb550a05f3cde8ba62413451421b') in 0.101491 seconds 
========================================================================
Received Import Request.
  Time since last request: 0.000063 seconds.
  path: Assets/Low Poly Space Rocks/Prefabs/Glowing Rocks/Glowing Rock Purple 5.prefab
  artifactKey: Guid(166e2af65c6c46a44ad3eb729b2c1843) Importer(815301076,1909f56bfc062723c751e8b465ee728b)
Start importing Assets/Low Poly Space Rocks/Prefabs/Glowing Rocks/Glowing Rock Purple 5.prefab using Guid(166e2af65c6c46a44ad3eb729b2c1843) Importer(815301076,1909f56bfc062723c751e8b465ee728b)  -> (artifact id: '9dc7665b4a49d9cc2be270f2eafa69d0') in 0.084834 seconds 
========================================================================
Received Import Request.
  Time since last request: 0.000084 seconds.
  path: Assets/Low Poly Space Rocks/Prefabs/Glowing Rocks/Glowing Rock Orange 6.prefab
  artifactKey: Guid(63413d090c6496749a181c790e2b14d3) Importer(815301076,1909f56bfc062723c751e8b465ee728b)
Start importing Assets/Low Poly Space Rocks/Prefabs/Glowing Rocks/Glowing Rock Orange 6.prefab using Guid(63413d090c6496749a181c790e2b14d3) Importer(815301076,1909f56bfc062723c751e8b465ee728b)  -> (artifact id: '68ab2eae5317d62dba10e7618768c84f') in 0.078229 seconds 
========================================================================
Received Import Request.
  Time since last request: 0.000145 seconds.
  path: Assets/Low Poly Space Rocks/Prefabs/Glowing Rocks/Glowing Rock Green 4.prefab
  artifactKey: Guid(d10eb66e7d7124e4cacc261276b1621d) Importer(815301076,1909f56bfc062723c751e8b465ee728b)
Start importing Assets/Low Poly Space Rocks/Prefabs/Glowing Rocks/Glowing Rock Green 4.prefab using Guid(d10eb66e7d7124e4cacc261276b1621d) Importer(815301076,1909f56bfc062723c751e8b465ee728b)  -> (artifact id: '5f5b9a600ee1704a68d8e4210be78c61') in 0.091511 seconds 
========================================================================
Received Import Request.
  Time since last request: 0.000054 seconds.
  path: Assets/Low Poly Space Rocks/Prefabs/Glowing Rocks/Glowing Rock Green 7.prefab
  artifactKey: Guid(e358fd74c153b51429afe911d3fcda02) Importer(815301076,1909f56bfc062723c751e8b465ee728b)
Start importing Assets/Low Poly Space Rocks/Prefabs/Glowing Rocks/Glowing Rock Green 7.prefab using Guid(e358fd74c153b51429afe911d3fcda02) Importer(815301076,1909f56bfc062723c751e8b465ee728b)  -> (artifact id: 'f9651ab99cd130eeaf9b6a68e279792f') in 0.092282 seconds 
========================================================================
Received Import Request.
  Time since last request: 0.000043 seconds.
  path: Assets/Low Poly Space Rocks/Prefabs/Glowing Rocks/Glowing Rock Orange 5.prefab
  artifactKey: Guid(b2af83f7a0e6d454582840ec12dbb46d) Importer(815301076,1909f56bfc062723c751e8b465ee728b)
Start importing Assets/Low Poly Space Rocks/Prefabs/Glowing Rocks/Glowing Rock Orange 5.prefab using Guid(b2af83f7a0e6d454582840ec12dbb46d) Importer(815301076,1909f56bfc062723c751e8b465ee728b)  -> (artifact id: '5e6e9d1b08ec247d10c3997e0a046c52') in 0.050580 seconds 
========================================================================
Received Import Request.
  Time since last request: 0.000051 seconds.
  path: Assets/Low Poly Space Rocks/Prefabs/Glowing Rocks/Glowing Rock Orange 1.prefab
  artifactKey: Guid(e7afd08f9b198ea48b79f7eec348cb7c) Importer(815301076,1909f56bfc062723c751e8b465ee728b)
Start importing Assets/Low Poly Space Rocks/Prefabs/Glowing Rocks/Glowing Rock Orange 1.prefab using Guid(e7afd08f9b198ea48b79f7eec348cb7c) Importer(815301076,1909f56bfc062723c751e8b465ee728b)  -> (artifact id: '7b64d8ade1bac704ed437bc3740e8392') in 0.094059 seconds 
========================================================================
Received Import Request.
  Time since last request: 0.000035 seconds.
  path: Assets/Low Poly Space Rocks/Prefabs/Glowing Rocks/Glowing Rock Blue 3.prefab
  artifactKey: Guid(4486733afe3d4bf4f9d01e5536082d74) Importer(815301076,1909f56bfc062723c751e8b465ee728b)
Start importing Assets/Low Poly Space Rocks/Prefabs/Glowing Rocks/Glowing Rock Blue 3.prefab using Guid(4486733afe3d4bf4f9d01e5536082d74) Importer(815301076,1909f56bfc062723c751e8b465ee728b)  -> (artifact id: '7df2d63710b883e7ee78af07e1dda8b3') in 0.074469 seconds 
========================================================================
Received Import Request.
  Time since last request: 0.000035 seconds.
  path: Assets/Low Poly Space Rocks/Prefabs/Glowing Rocks/Glowing Rock Purple 2.prefab
  artifactKey: Guid(4306497ffea2b6345b0769a3a402346a) Importer(815301076,1909f56bfc062723c751e8b465ee728b)
Start importing Assets/Low Poly Space Rocks/Prefabs/Glowing Rocks/Glowing Rock Purple 2.prefab using Guid(4306497ffea2b6345b0769a3a402346a) Importer(815301076,1909f56bfc062723c751e8b465ee728b)  -> (artifact id: '4d217366a0849b0a11297bdb4e8d594b') in 0.099211 seconds 
========================================================================
Received Import Request.
  Time since last request: 0.000038 seconds.
  path: Assets/Low Poly Space Rocks/Prefabs/Glowing Rocks/Glowing Rock Orange 3.prefab
  artifactKey: Guid(d0649821fbc653f4684291258842e4e1) Importer(815301076,1909f56bfc062723c751e8b465ee728b)
Start importing Assets/Low Poly Space Rocks/Prefabs/Glowing Rocks/Glowing Rock Orange 3.prefab using Guid(d0649821fbc653f4684291258842e4e1) Importer(815301076,1909f56bfc062723c751e8b465ee728b)  -> (artifact id: '0050825a6f1e5632acb10c917082c3b0') in 0.081064 seconds 
========================================================================
Received Import Request.
  Time since last request: 0.000056 seconds.
  path: Assets/Low Poly Space Rocks/Prefabs/Glowing Rocks/Glowing Rock Orange 2.prefab
  artifactKey: Guid(7a74e85b4cac8c64297c2153fed3cb62) Importer(815301076,1909f56bfc062723c751e8b465ee728b)
Start importing Assets/Low Poly Space Rocks/Prefabs/Glowing Rocks/Glowing Rock Orange 2.prefab using Guid(7a74e85b4cac8c64297c2153fed3cb62) Importer(815301076,1909f56bfc062723c751e8b465ee728b)  -> (artifact id: '84d42785d2a61d6a7588e8f4800da926') in 0.102620 seconds 
Editor requested this worker to shutdown with reason: Scaling down because of idle timeout
AssetImportWorker is now disconnected from the server
Process exiting
Exiting without the bug reporter. Application will terminate with return code 0