Using pre-set license
Built from '2021.3/staging' branch; Version is '2021.3.1f1 (3b70a0754835) revision 3895456'; Using compiler version '192829333'; Build Type 'Release'
OS: 'Windows 10  (10.0.19043) 64bit Core' Language: 'tr' Physical Memory: 7976 MB
BatchMode: 1, IsHumanControllingUs: 0, StartBugReporterOnCrash: 0, Is64bit: 1, IsPro: 1

COMMAND LINE ARGUMENTS:
C:\Program Files\Unity\Hub\Editor\2021.3.1f1\Editor\Unity.exe
-adb2
-batchMode
-noUpm
-name
AssetImportWorker11
-projectPath
C:/Users/batuh/Desktop/Space Buzz/Clone2/The-100/SpaceBuzz
-logFile
Logs/AssetImportWorker11.log
-srvPort
53515
Successfully changed project path to: C:/Users/batuh/Desktop/Space Buzz/Clone2/The-100/SpaceBuzz
C:/Users/batuh/Desktop/Space Buzz/Clone2/The-100/SpaceBuzz
[UnityMemory] Configuration Parameters - Can be set up in boot.config
    "memorysetup-bucket-allocator-granularity=16"
    "memorysetup-bucket-allocator-bucket-count=8"
    "memorysetup-bucket-allocator-block-size=33554432"
    "memorysetup-bucket-allocator-block-count=8"
    "memorysetup-main-allocator-block-size=16777216"
    "memorysetup-thread-allocator-block-size=16777216"
    "memorysetup-gfx-main-allocator-block-size=16777216"
    "memorysetup-gfx-thread-allocator-block-size=16777216"
    "memorysetup-cache-allocator-block-size=4194304"
    "memorysetup-typetree-allocator-block-size=2097152"
    "memorysetup-profiler-bucket-allocator-granularity=16"
    "memorysetup-profiler-bucket-allocator-bucket-count=8"
    "memorysetup-profiler-bucket-allocator-block-size=33554432"
    "memorysetup-profiler-bucket-allocator-block-count=8"
    "memorysetup-profiler-allocator-block-size=16777216"
    "memorysetup-profiler-editor-allocator-block-size=1048576"
    "memorysetup-temp-allocator-size-main=16777216"
    "memorysetup-job-temp-allocator-block-size=2097152"
    "memorysetup-job-temp-allocator-block-size-background=1048576"
    "memorysetup-job-temp-allocator-reduction-small-platforms=262144"
    "memorysetup-temp-allocator-size-background-worker=32768"
    "memorysetup-temp-allocator-size-job-worker=262144"
    "memorysetup-temp-allocator-size-preload-manager=33554432"
    "memorysetup-temp-allocator-size-nav-mesh-worker=65536"
    "memorysetup-temp-allocator-size-audio-worker=65536"
    "memorysetup-temp-allocator-size-cloud-worker=32768"
    "memorysetup-temp-allocator-size-gi-baking-worker=262144"
    "memorysetup-temp-allocator-size-gfx=262144"
Refreshing native plugins compatible for Editor in 295.66 ms, found 2 plugins.
Preloading 0 native plugins for Editor in 0.00 ms.
Initialize engine version: 2021.3.1f1 (3b70a0754835)
[Subsystems] Discovering subsystems at path C:/Program Files/Unity/Hub/Editor/2021.3.1f1/Editor/Data/Resources/UnitySubsystems
[Subsystems] Discovering subsystems at path C:/Users/batuh/Desktop/Space Buzz/Clone2/The-100/SpaceBuzz/Assets
GfxDevice: creating device client; threaded=0; jobified=0
Direct3D:
    Version:  Direct3D 11.0 [level 11.1]
    Renderer: Intel(R) UHD Graphics (ID=0x9b41)
    Vendor:   Intel
    VRAM:     3988 MB
    Driver:   27.20.100.9365
Initialize mono
Mono path[0] = 'C:/Program Files/Unity/Hub/Editor/2021.3.1f1/Editor/Data/Managed'
Mono path[1] = 'C:/Program Files/Unity/Hub/Editor/2021.3.1f1/Editor/Data/MonoBleedingEdge/lib/mono/unityjit-win32'
Mono config path = 'C:/Program Files/Unity/Hub/Editor/2021.3.1f1/Editor/Data/MonoBleedingEdge/etc'
Using monoOptions --debugger-agent=transport=dt_socket,embedding=1,server=y,suspend=n,address=127.0.0.1:56112
Begin MonoManager ReloadAssembly
Registering precompiled unity dll's ...
Register platform support module: C:/Program Files/Unity/Hub/Editor/2021.3.1f1/Editor/Data/PlaybackEngines/WindowsStandaloneSupport/UnityEditor.WindowsStandalone.Extensions.dll
Registered in 0.013612 seconds.
Native extension for WindowsStandalone target not found
Refreshing native plugins compatible for Editor in 308.25 ms, found 2 plugins.
Preloading 0 native plugins for Editor in 0.00 ms.
Mono: successfully reloaded assembly
- Completed reload, in  2.876 seconds
Domain Reload Profiling:
	ReloadAssembly (2877ms)
		BeginReloadAssembly (376ms)
			ExecutionOrderSort (0ms)
			DisableScriptedObjects (0ms)
			BackupInstance (0ms)
			ReleaseScriptingObjects (0ms)
			CreateAndSetChildDomain (4ms)
		EndReloadAssembly (2141ms)
			LoadAssemblies (362ms)
			RebuildTransferFunctionScriptingTraits (1ms)
			SetupTypeCache (645ms)
			ReleaseScriptCaches (0ms)
			RebuildScriptCaches (159ms)
			SetupLoadedEditorAssemblies (1066ms)
				LogAssemblyErrors (0ms)
				InitializePlatformSupportModulesInManaged (39ms)
				SetLoadedEditorAssemblies (1ms)
				RefreshPlugins (309ms)
				BeforeProcessingInitializeOnLoad (8ms)
				ProcessInitializeOnLoadAttributes (524ms)
				ProcessInitializeOnLoadMethodAttributes (184ms)
				AfterProcessingInitializeOnLoad (0ms)
				EditorAssembliesLoaded (0ms)
			ExecutionOrderSort2 (0ms)
			AwakeInstancesAfterBackupRestoration (0ms)
Platform modules already initialized, skipping
Registering precompiled user dll's ...
Registered in 0.008297 seconds.
Begin MonoManager ReloadAssembly
Symbol file LoadedFromMemory is not a mono symbol file
Native extension for WindowsStandalone target not found
Refreshing native plugins compatible for Editor in 2.45 ms, found 2 plugins.
Preloading 0 native plugins for Editor in 0.00 ms.
Mono: successfully reloaded assembly
- Completed reload, in  4.039 seconds
Domain Reload Profiling:
	ReloadAssembly (4042ms)
		BeginReloadAssembly (385ms)
			ExecutionOrderSort (0ms)
			DisableScriptedObjects (24ms)
			BackupInstance (0ms)
			ReleaseScriptingObjects (0ms)
			CreateAndSetChildDomain (50ms)
		EndReloadAssembly (3182ms)
			LoadAssemblies (292ms)
			RebuildTransferFunctionScriptingTraits (0ms)
			SetupTypeCache (711ms)
			ReleaseScriptCaches (1ms)
			RebuildScriptCaches (196ms)
			SetupLoadedEditorAssemblies (1802ms)
				LogAssemblyErrors (0ms)
				InitializePlatformSupportModulesInManaged (22ms)
				SetLoadedEditorAssemblies (2ms)
				RefreshPlugins (3ms)
				BeforeProcessingInitializeOnLoad (258ms)
				ProcessInitializeOnLoadAttributes (1389ms)
				ProcessInitializeOnLoadMethodAttributes (96ms)
				AfterProcessingInitializeOnLoad (32ms)
				EditorAssembliesLoaded (0ms)
			ExecutionOrderSort2 (0ms)
			AwakeInstancesAfterBackupRestoration (20ms)
Platform modules already initialized, skipping
========================================================================
Worker process is ready to serve import requests
Launched and connected shader compiler UnityShaderCompiler.exe after 0.18 seconds
Refreshing native plugins compatible for Editor in 1.58 ms, found 2 plugins.
Preloading 0 native plugins for Editor in 0.00 ms.
Unloading 2207 Unused Serialized files (Serialized files now loaded: 0)
Unloading 93 unused Assets / (3.4 MB). Loaded Objects now: 2650.
Memory consumption went from 117.5 MB to 114.1 MB.
Total: 6.641300 ms (FindLiveObjects: 0.325300 ms CreateObjectMapping: 0.192900 ms MarkObjects: 4.495800 ms  DeleteObjects: 1.625600 ms)

AssetImportParameters requested are different than current active one (requested -> active):
  custom:video-decoder-ogg-theora: a1e56fd34408186e4bbccfd4996cb3dc -> 
  custom:container-muxer-webm: aa71ff27fc2769a1b78a27578f13a17b -> 
  custom:container-demuxer-webm: 4f35f7cbe854078d1ac9338744f61a02 -> 
  custom:video-encoder-webm-vp8: eb34c28f22e8b96e1ab97ce403110664 -> 
  custom:audio-encoder-webm-vorbis: bf7c407c2cedff20999df2af8eb42d56 -> 
  custom:framework-win-MediaFoundation: 216162199b28c13a410421893ffa2e32 -> 
  custom:container-demuxer-ogg: 62fdf1f143b41e24485cea50d1cbac27 -> 
  custom:video-decoder-webm-vp8: 9c59270c3fd7afecdb556c50c9e8de78 -> 
  custom:audio-decoder-ogg-vorbis: bf7c407c2cedff20999df2af8eb42d56 -> 
========================================================================
Received Import Request.
  Time since last request: 1083567.783461 seconds.
  path: Assets/Low Poly Space Rocks/Components/Material/Space Rock Material.mat
  artifactKey: Guid(1e695c0172630ce4c8c57bd5a82e502b) Importer(815301076,1909f56bfc062723c751e8b465ee728b)
Start importing Assets/Low Poly Space Rocks/Components/Material/Space Rock Material.mat using Guid(1e695c0172630ce4c8c57bd5a82e502b) Importer(815301076,1909f56bfc062723c751e8b465ee728b)  -> (artifact id: '7db4fa40d80b0b047926ee5f85ccc241') in 0.388599 seconds 
========================================================================
Received Import Request.
  Time since last request: 2.937184 seconds.
  path: Assets/Low Poly Space Rocks/Components/Textures/Texture.png
  artifactKey: Guid(d5dff5adaa43a5144b91ee75bbc99ca5) Importer(815301076,1909f56bfc062723c751e8b465ee728b)
Start importing Assets/Low Poly Space Rocks/Components/Textures/Texture.png using Guid(d5dff5adaa43a5144b91ee75bbc99ca5) Importer(815301076,1909f56bfc062723c751e8b465ee728b)  -> (artifact id: 'c95c07b90d81511024fe324c616859e5') in 0.108890 seconds 
========================================================================
Received Import Request.
  Time since last request: 2.346590 seconds.
  path: Assets/Low Poly Space Rocks/Components/Meshes/gems_blue_2.fbx
  artifactKey: Guid(af387598ba5ec8647a222e2b7e07b1f8) Importer(815301076,1909f56bfc062723c751e8b465ee728b)
Start importing Assets/Low Poly Space Rocks/Components/Meshes/gems_blue_2.fbx using Guid(af387598ba5ec8647a222e2b7e07b1f8) Importer(815301076,1909f56bfc062723c751e8b465ee728b)  -> (artifact id: '57d2845d1b302855a2acc964f8240e0f') in 0.158493 seconds 
========================================================================
Received Import Request.
  Time since last request: 0.000121 seconds.
  path: Assets/Low Poly Space Rocks/Components/Meshes/glowing_rock_purple_5.fbx
  artifactKey: Guid(9ab12b9a538675f4b8cde84be3bdb12e) Importer(815301076,1909f56bfc062723c751e8b465ee728b)
Start importing Assets/Low Poly Space Rocks/Components/Meshes/glowing_rock_purple_5.fbx using Guid(9ab12b9a538675f4b8cde84be3bdb12e) Importer(815301076,1909f56bfc062723c751e8b465ee728b)  -> (artifact id: '6fcc3cfc6e871f13283ca468e2d34a64') in 0.175717 seconds 
========================================================================
Received Import Request.
  Time since last request: 0.000066 seconds.
  path: Assets/Low Poly Space Rocks/Components/Meshes/glowing_rock_blue_3.fbx
  artifactKey: Guid(ec14d6dcb5b22a2419cf685b38a5d3e4) Importer(815301076,1909f56bfc062723c751e8b465ee728b)
Start importing Assets/Low Poly Space Rocks/Components/Meshes/glowing_rock_blue_3.fbx using Guid(ec14d6dcb5b22a2419cf685b38a5d3e4) Importer(815301076,1909f56bfc062723c751e8b465ee728b)  -> (artifact id: '94e1cb37fe94527c1be1e8ee8b70c03b') in 0.081260 seconds 
========================================================================
Received Import Request.
  Time since last request: 0.000066 seconds.
  path: Assets/Low Poly Space Rocks/Components/Meshes/glowing_rock_green_4.fbx
  artifactKey: Guid(e5e4441823c439140994095f3b435697) Importer(815301076,1909f56bfc062723c751e8b465ee728b)
Start importing Assets/Low Poly Space Rocks/Components/Meshes/glowing_rock_green_4.fbx using Guid(e5e4441823c439140994095f3b435697) Importer(815301076,1909f56bfc062723c751e8b465ee728b)  -> (artifact id: '531d0384fe1c50572acaeaaa778afae8') in 0.096763 seconds 
========================================================================
Received Import Request.
  Time since last request: 0.000118 seconds.
  path: Assets/Low Poly Space Rocks/Components/Meshes/glowing_rock_orange_7.fbx
  artifactKey: Guid(cdae542daa980764a9c9da3f2ee675ca) Importer(815301076,1909f56bfc062723c751e8b465ee728b)
Start importing Assets/Low Poly Space Rocks/Components/Meshes/glowing_rock_orange_7.fbx using Guid(cdae542daa980764a9c9da3f2ee675ca) Importer(815301076,1909f56bfc062723c751e8b465ee728b)  -> (artifact id: '60485fae2c2fd1e084fde90de33cfd4c') in 0.165396 seconds 
========================================================================
Received Import Request.
  Time since last request: 0.000348 seconds.
  path: Assets/Low Poly Space Rocks/Components/Meshes/glowing_rock_green_1.fbx
  artifactKey: Guid(d1017567d5c96d74787a7f187d828e18) Importer(815301076,1909f56bfc062723c751e8b465ee728b)
Start importing Assets/Low Poly Space Rocks/Components/Meshes/glowing_rock_green_1.fbx using Guid(d1017567d5c96d74787a7f187d828e18) Importer(815301076,1909f56bfc062723c751e8b465ee728b)  -> (artifact id: '7d6c0488fd80085f33be437ce9d8b89f') in 0.089114 seconds 
========================================================================
Received Import Request.
  Time since last request: 0.000099 seconds.
  path: Assets/Low Poly Space Rocks/Components/Meshes/gems_orange_1.fbx
  artifactKey: Guid(b3dd4b04d7d3ed6439341112bf74045c) Importer(815301076,1909f56bfc062723c751e8b465ee728b)
Start importing Assets/Low Poly Space Rocks/Components/Meshes/gems_orange_1.fbx using Guid(b3dd4b04d7d3ed6439341112bf74045c) Importer(815301076,1909f56bfc062723c751e8b465ee728b)  -> (artifact id: '744f46706f8694b03703f618a00bf255') in 0.111381 seconds 
========================================================================
Received Import Request.
  Time since last request: 0.000089 seconds.
  path: Assets/Low Poly Space Rocks/Components/Meshes/ice_scifi_rock_1.fbx
  artifactKey: Guid(8e8b361a299c566429d9acd37b8354a8) Importer(815301076,1909f56bfc062723c751e8b465ee728b)
Start importing Assets/Low Poly Space Rocks/Components/Meshes/ice_scifi_rock_1.fbx using Guid(8e8b361a299c566429d9acd37b8354a8) Importer(815301076,1909f56bfc062723c751e8b465ee728b)  -> (artifact id: 'dec8e44ed338402f71ea805dd1e1668b') in 0.103292 seconds 
========================================================================
Received Import Request.
  Time since last request: 0.000046 seconds.
  path: Assets/Low Poly Space Rocks/Components/Meshes/glowing_rock_green_7.fbx
  artifactKey: Guid(69a82e7dcd1955c4585a8e4967bbff2d) Importer(815301076,1909f56bfc062723c751e8b465ee728b)
Start importing Assets/Low Poly Space Rocks/Components/Meshes/glowing_rock_green_7.fbx using Guid(69a82e7dcd1955c4585a8e4967bbff2d) Importer(815301076,1909f56bfc062723c751e8b465ee728b)  -> (artifact id: '70568f008416b918fb4f99ec2e516ac6') in 0.227053 seconds 
========================================================================
Received Import Request.
  Time since last request: 0.000081 seconds.
  path: Assets/Low Poly Space Rocks/Components/Meshes/obelisk_green_3.fbx
  artifactKey: Guid(217b599cd7a835d499a22db251de7a1c) Importer(815301076,1909f56bfc062723c751e8b465ee728b)
Start importing Assets/Low Poly Space Rocks/Components/Meshes/obelisk_green_3.fbx using Guid(217b599cd7a835d499a22db251de7a1c) Importer(815301076,1909f56bfc062723c751e8b465ee728b)  -> (artifact id: 'a07536b8864d5f0d14f0955fe3269222') in 0.109358 seconds 
========================================================================
Received Import Request.
  Time since last request: 0.000077 seconds.
  path: Assets/Low Poly Space Rocks/Components/Meshes/glowing_rock_purple_1.fbx
  artifactKey: Guid(0919328fd339ae24ea33b488adfb1ebd) Importer(815301076,1909f56bfc062723c751e8b465ee728b)
Start importing Assets/Low Poly Space Rocks/Components/Meshes/glowing_rock_purple_1.fbx using Guid(0919328fd339ae24ea33b488adfb1ebd) Importer(815301076,1909f56bfc062723c751e8b465ee728b)  -> (artifact id: 'a074de95f0497e7cbfc152f44f8f3df9') in 0.119481 seconds 
========================================================================
Received Import Request.
  Time since last request: 0.000113 seconds.
  path: Assets/Low Poly Space Rocks/Components/Meshes/glowing_rock_orange_6.fbx
  artifactKey: Guid(1ab200075beeb6343aed79f3f3e16d15) Importer(815301076,1909f56bfc062723c751e8b465ee728b)
Start importing Assets/Low Poly Space Rocks/Components/Meshes/glowing_rock_orange_6.fbx using Guid(1ab200075beeb6343aed79f3f3e16d15) Importer(815301076,1909f56bfc062723c751e8b465ee728b)  -> (artifact id: '6b07a1dac798c2c170b836a7a4e2f77c') in 0.111818 seconds 
========================================================================
Received Import Request.
  Time since last request: 0.000053 seconds.
  path: Assets/Low Poly Space Rocks/Components/Meshes/glowing_rock_blue_1.fbx
  artifactKey: Guid(656c0dc7e17057c48ac09d832cd97a36) Importer(815301076,1909f56bfc062723c751e8b465ee728b)
Start importing Assets/Low Poly Space Rocks/Components/Meshes/glowing_rock_blue_1.fbx using Guid(656c0dc7e17057c48ac09d832cd97a36) Importer(815301076,1909f56bfc062723c751e8b465ee728b)  -> (artifact id: 'ddc5b58fcbc28ff37318c7ee334ab319') in 0.136629 seconds 
========================================================================
Received Import Request.
  Time since last request: 0.000096 seconds.
  path: Assets/Low Poly Space Rocks/Components/Meshes/obelisk_green_4.fbx
  artifactKey: Guid(0beb55768cd294e49a833e894dc6736f) Importer(815301076,1909f56bfc062723c751e8b465ee728b)
Start importing Assets/Low Poly Space Rocks/Components/Meshes/obelisk_green_4.fbx using Guid(0beb55768cd294e49a833e894dc6736f) Importer(815301076,1909f56bfc062723c751e8b465ee728b)  -> (artifact id: '0d3a02a91bdd75cca864cf4484a2048c') in 0.090349 seconds 
Editor requested this worker to shutdown with reason: Scaling down because of idle timeout
AssetImportWorker is now disconnected from the server
Process exiting
Exiting without the bug reporter. Application will terminate with return code 0