Using pre-set license
Built from '2021.3/staging' branch; Version is '2021.3.1f1 (3b70a0754835) revision 3895456'; Using compiler version '192829333'; Build Type 'Release'
OS: 'Windows 10  (10.0.19044) 64bit Enterprise' Language: 'en' Physical Memory: 16251 MB
BatchMode: 1, IsHumanControllingUs: 0, StartBugReporterOnCrash: 0, Is64bit: 1, IsPro: 1

COMMAND LINE ARGUMENTS:
D:\UnityEditor\2021.3.1f1\Editor\Unity.exe
-adb2
-batchMode
-noUpm
-name
AssetImportWorker1
-projectPath
C:/Users/Giray/Documents/GitHub/The-100/SpaceBuzz
-logFile
Logs/AssetImportWorker1.log
-srvPort
52162
Successfully changed project path to: C:/Users/Giray/Documents/GitHub/The-100/SpaceBuzz
C:/Users/Giray/Documents/GitHub/The-100/SpaceBuzz
[UnityMemory] Configuration Parameters - Can be set up in boot.config
    "memorysetup-bucket-allocator-granularity=16"
    "memorysetup-bucket-allocator-bucket-count=8"
    "memorysetup-bucket-allocator-block-size=33554432"
    "memorysetup-bucket-allocator-block-count=8"
    "memorysetup-main-allocator-block-size=16777216"
    "memorysetup-thread-allocator-block-size=16777216"
    "memorysetup-gfx-main-allocator-block-size=16777216"
    "memorysetup-gfx-thread-allocator-block-size=16777216"
    "memorysetup-cache-allocator-block-size=4194304"
    "memorysetup-typetree-allocator-block-size=2097152"
    "memorysetup-profiler-bucket-allocator-granularity=16"
    "memorysetup-profiler-bucket-allocator-bucket-count=8"
    "memorysetup-profiler-bucket-allocator-block-size=33554432"
    "memorysetup-profiler-bucket-allocator-block-count=8"
    "memorysetup-profiler-allocator-block-size=16777216"
    "memorysetup-profiler-editor-allocator-block-size=1048576"
    "memorysetup-temp-allocator-size-main=16777216"
    "memorysetup-job-temp-allocator-block-size=2097152"
    "memorysetup-job-temp-allocator-block-size-background=1048576"
    "memorysetup-job-temp-allocator-reduction-small-platforms=262144"
    "memorysetup-temp-allocator-size-background-worker=32768"
    "memorysetup-temp-allocator-size-job-worker=262144"
    "memorysetup-temp-allocator-size-preload-manager=33554432"
    "memorysetup-temp-allocator-size-nav-mesh-worker=65536"
    "memorysetup-temp-allocator-size-audio-worker=65536"
    "memorysetup-temp-allocator-size-cloud-worker=32768"
    "memorysetup-temp-allocator-size-gi-baking-worker=262144"
    "memorysetup-temp-allocator-size-gfx=262144"
Refreshing native plugins compatible for Editor in 57.69 ms, found 2 plugins.
Preloading 0 native plugins for Editor in 0.00 ms.
Initialize engine version: 2021.3.1f1 (3b70a0754835)
[Subsystems] Discovering subsystems at path D:/UnityEditor/2021.3.1f1/Editor/Data/Resources/UnitySubsystems
[Subsystems] Discovering subsystems at path C:/Users/Giray/Documents/GitHub/The-100/SpaceBuzz/Assets
GfxDevice: creating device client; threaded=0; jobified=0
Direct3D:
    Version:  Direct3D 11.0 [level 11.1]
    Renderer: NVIDIA GeForce RTX 2060 (ID=0x1f15)
    Vendor:   NVIDIA
    VRAM:     5980 MB
    Driver:   30.0.14.9729
Initialize mono
Mono path[0] = 'D:/UnityEditor/2021.3.1f1/Editor/Data/Managed'
Mono path[1] = 'D:/UnityEditor/2021.3.1f1/Editor/Data/MonoBleedingEdge/lib/mono/unityjit-win32'
Mono config path = 'D:/UnityEditor/2021.3.1f1/Editor/Data/MonoBleedingEdge/etc'
Using monoOptions --debugger-agent=transport=dt_socket,embedding=1,server=y,suspend=n,address=127.0.0.1:56192
Begin MonoManager ReloadAssembly
Registering precompiled unity dll's ...
Register platform support module: D:/UnityEditor/2021.3.1f1/Editor/Data/PlaybackEngines/WebGLSupport/UnityEditor.WebGL.Extensions.dll
Register platform support module: D:/UnityEditor/2021.3.1f1/Editor/Data/PlaybackEngines/AndroidPlayer/UnityEditor.Android.Extensions.dll
Register platform support module: D:/UnityEditor/2021.3.1f1/Editor/Data/PlaybackEngines/WindowsStandaloneSupport/UnityEditor.WindowsStandalone.Extensions.dll
Registered in 0.007003 seconds.
Native extension for WindowsStandalone target not found
Native extension for Android target not found
Native extension for WebGL target not found
Refreshing native plugins compatible for Editor in 73.65 ms, found 2 plugins.
Preloading 0 native plugins for Editor in 0.00 ms.
Mono: successfully reloaded assembly
- Completed reload, in  1.200 seconds
Domain Reload Profiling:
	ReloadAssembly (1201ms)
		BeginReloadAssembly (176ms)
			ExecutionOrderSort (0ms)
			DisableScriptedObjects (0ms)
			BackupInstance (0ms)
			ReleaseScriptingObjects (0ms)
			CreateAndSetChildDomain (1ms)
		EndReloadAssembly (836ms)
			LoadAssemblies (177ms)
			RebuildTransferFunctionScriptingTraits (0ms)
			SetupTypeCache (228ms)
			ReleaseScriptCaches (0ms)
			RebuildScriptCaches (58ms)
			SetupLoadedEditorAssemblies (463ms)
				LogAssemblyErrors (0ms)
				InitializePlatformSupportModulesInManaged (113ms)
				SetLoadedEditorAssemblies (0ms)
				RefreshPlugins (74ms)
				BeforeProcessingInitializeOnLoad (2ms)
				ProcessInitializeOnLoadAttributes (191ms)
				ProcessInitializeOnLoadMethodAttributes (83ms)
				AfterProcessingInitializeOnLoad (0ms)
				EditorAssembliesLoaded (0ms)
			ExecutionOrderSort2 (0ms)
			AwakeInstancesAfterBackupRestoration (0ms)
Platform modules already initialized, skipping
Registering precompiled user dll's ...
Registered in 0.004541 seconds.
Begin MonoManager ReloadAssembly
Symbol file LoadedFromMemory is not a mono symbol file
Native extension for WindowsStandalone target not found
Native extension for Android target not found
Native extension for WebGL target not found
Refreshing native plugins compatible for Editor in 1.12 ms, found 2 plugins.
Preloading 0 native plugins for Editor in 0.00 ms.
Mono: successfully reloaded assembly
- Completed reload, in  1.964 seconds
Domain Reload Profiling:
	ReloadAssembly (1965ms)
		BeginReloadAssembly (339ms)
			ExecutionOrderSort (0ms)
			DisableScriptedObjects (12ms)
			BackupInstance (0ms)
			ReleaseScriptingObjects (0ms)
			CreateAndSetChildDomain (134ms)
		EndReloadAssembly (1367ms)
			LoadAssemblies (203ms)
			RebuildTransferFunctionScriptingTraits (0ms)
			SetupTypeCache (468ms)
			ReleaseScriptCaches (1ms)
			RebuildScriptCaches (81ms)
			SetupLoadedEditorAssemblies (581ms)
				LogAssemblyErrors (0ms)
				InitializePlatformSupportModulesInManaged (27ms)
				SetLoadedEditorAssemblies (1ms)
				RefreshPlugins (1ms)
				BeforeProcessingInitializeOnLoad (86ms)
				ProcessInitializeOnLoadAttributes (420ms)
				ProcessInitializeOnLoadMethodAttributes (40ms)
				AfterProcessingInitializeOnLoad (5ms)
				EditorAssembliesLoaded (0ms)
			ExecutionOrderSort2 (0ms)
			AwakeInstancesAfterBackupRestoration (9ms)
Platform modules already initialized, skipping
========================================================================
Worker process is ready to serve import requests
Launched and connected shader compiler UnityShaderCompiler.exe after 0.13 seconds
Refreshing native plugins compatible for Editor in 1.32 ms, found 2 plugins.
Preloading 0 native plugins for Editor in 0.00 ms.
Unloading 1895 Unused Serialized files (Serialized files now loaded: 0)
Unloading 42 unused Assets / (1.4 MB). Loaded Objects now: 2381.
Memory consumption went from 104.3 MB to 103.0 MB.
Total: 6.892100 ms (FindLiveObjects: 0.284300 ms CreateObjectMapping: 0.258600 ms MarkObjects: 5.433100 ms  DeleteObjects: 0.913900 ms)

AssetImportParameters requested are different than current active one (requested -> active):
  custom:video-decoder-ogg-theora: a1e56fd34408186e4bbccfd4996cb3dc -> 
  custom:container-muxer-webm: aa71ff27fc2769a1b78a27578f13a17b -> 
  custom:container-demuxer-webm: 4f35f7cbe854078d1ac9338744f61a02 -> 
  custom:video-encoder-webm-vp8: eb34c28f22e8b96e1ab97ce403110664 -> 
  custom:audio-encoder-webm-vorbis: bf7c407c2cedff20999df2af8eb42d56 -> 
  custom:framework-win-MediaFoundation: 216162199b28c13a410421893ffa2e32 -> 
  custom:container-demuxer-ogg: 62fdf1f143b41e24485cea50d1cbac27 -> 
  custom:video-decoder-webm-vp8: 9c59270c3fd7afecdb556c50c9e8de78 -> 
  custom:audio-decoder-ogg-vorbis: bf7c407c2cedff20999df2af8eb42d56 -> 
========================================================================
Received Import Request.
  Time since last request: 28818.024957 seconds.
  path: Assets/Prefab/Tiles/Tile1.prefab
  artifactKey: Guid(7fa8bd129105b7248a02b5368debcfa3) Importer(815301076,1909f56bfc062723c751e8b465ee728b)
Start importing Assets/Prefab/Tiles/Tile1.prefab using Guid(7fa8bd129105b7248a02b5368debcfa3) Importer(815301076,1909f56bfc062723c751e8b465ee728b)  -> (artifact id: '73a8bb69396f79c5f403776a7ac6e850') in 0.458883 seconds 
========================================================================
Received Import Request.
  Time since last request: 0.000046 seconds.
  path: Assets/Prefab/Tiles/Tile8.prefab
  artifactKey: Guid(95fbe878ffeea824ea98a6126cc27379) Importer(815301076,1909f56bfc062723c751e8b465ee728b)
Start importing Assets/Prefab/Tiles/Tile8.prefab using Guid(95fbe878ffeea824ea98a6126cc27379) Importer(815301076,1909f56bfc062723c751e8b465ee728b)  -> (artifact id: '8ebb7a4cecf18eff53b6bb52b6598f05') in 0.092002 seconds 
========================================================================
Received Import Request.
  Time since last request: 0.000039 seconds.
  path: Assets/Prefab/Tiles
  artifactKey: Guid(acab051520031364d8807076e6f80868) Importer(815301076,1909f56bfc062723c751e8b465ee728b)
Start importing Assets/Prefab/Tiles using Guid(acab051520031364d8807076e6f80868) Importer(815301076,1909f56bfc062723c751e8b465ee728b)  -> (artifact id: 'b253d978d2dae4fdce664c19127de86b') in 0.011320 seconds 
========================================================================
Received Import Request.
  Time since last request: 0.000035 seconds.
  path: Assets/Prefab/Tiles/Tile7.prefab
  artifactKey: Guid(36b878abc12d8ab4cb9ededb86128c83) Importer(815301076,1909f56bfc062723c751e8b465ee728b)
Start importing Assets/Prefab/Tiles/Tile7.prefab using Guid(36b878abc12d8ab4cb9ededb86128c83) Importer(815301076,1909f56bfc062723c751e8b465ee728b)  -> (artifact id: '9e8bd39fff7c54084afa3ea9439e4228') in 0.110249 seconds 
========================================================================
Received Import Request.
  Time since last request: 0.000049 seconds.
  path: Assets/Prefab/Tiles/Tile4.prefab
  artifactKey: Guid(e626b5e848c1ceb41ade2bbd3eaefc94) Importer(815301076,1909f56bfc062723c751e8b465ee728b)
Start importing Assets/Prefab/Tiles/Tile4.prefab using Guid(e626b5e848c1ceb41ade2bbd3eaefc94) Importer(815301076,1909f56bfc062723c751e8b465ee728b)  -> (artifact id: '782348ce4cf532ecf62e370e2f2cbca2') in 0.088214 seconds 
========================================================================
Received Prepare
Registering precompiled user dll's ...
Registered in 0.005562 seconds.
Begin MonoManager ReloadAssembly
Symbol file LoadedFromMemory is not a mono symbol file
Native extension for WindowsStandalone target not found
Native extension for Android target not found
Native extension for WebGL target not found
Refreshing native plugins compatible for Editor in 0.98 ms, found 2 plugins.
Preloading 0 native plugins for Editor in 0.00 ms.
Mono: successfully reloaded assembly
- Completed reload, in  1.861 seconds
Domain Reload Profiling:
	ReloadAssembly (1862ms)
		BeginReloadAssembly (350ms)
			ExecutionOrderSort (0ms)
			DisableScriptedObjects (11ms)
			BackupInstance (0ms)
			ReleaseScriptingObjects (0ms)
			CreateAndSetChildDomain (79ms)
		EndReloadAssembly (1322ms)
			LoadAssemblies (288ms)
			RebuildTransferFunctionScriptingTraits (0ms)
			SetupTypeCache (388ms)
			ReleaseScriptCaches (1ms)
			RebuildScriptCaches (65ms)
			SetupLoadedEditorAssemblies (601ms)
				LogAssemblyErrors (0ms)
				InitializePlatformSupportModulesInManaged (44ms)
				SetLoadedEditorAssemblies (1ms)
				RefreshPlugins (1ms)
				BeforeProcessingInitializeOnLoad (86ms)
				ProcessInitializeOnLoadAttributes (416ms)
				ProcessInitializeOnLoadMethodAttributes (45ms)
				AfterProcessingInitializeOnLoad (7ms)
				EditorAssembliesLoaded (0ms)
			ExecutionOrderSort2 (0ms)
			AwakeInstancesAfterBackupRestoration (10ms)
Platform modules already initialized, skipping
Refreshing native plugins compatible for Editor in 2.55 ms, found 2 plugins.
Preloading 0 native plugins for Editor in 0.00 ms.
Unloading 1847 Unused Serialized files (Serialized files now loaded: 0)
Unloading 25 unused Assets / (1.3 MB). Loaded Objects now: 2403.
Memory consumption went from 104.1 MB to 102.7 MB.
Total: 4.524500 ms (FindLiveObjects: 0.231300 ms CreateObjectMapping: 0.144700 ms MarkObjects: 3.862300 ms  DeleteObjects: 0.284600 ms)

AssetImportParameters requested are different than current active one (requested -> active):
  custom:video-decoder-ogg-theora: a1e56fd34408186e4bbccfd4996cb3dc -> 
  custom:container-muxer-webm: aa71ff27fc2769a1b78a27578f13a17b -> 
  custom:container-demuxer-webm: 4f35f7cbe854078d1ac9338744f61a02 -> 
  custom:video-encoder-webm-vp8: eb34c28f22e8b96e1ab97ce403110664 -> 
  custom:audio-encoder-webm-vorbis: bf7c407c2cedff20999df2af8eb42d56 -> 
  custom:framework-win-MediaFoundation: 216162199b28c13a410421893ffa2e32 -> 
  custom:container-demuxer-ogg: 62fdf1f143b41e24485cea50d1cbac27 -> 
  custom:video-decoder-webm-vp8: 9c59270c3fd7afecdb556c50c9e8de78 -> 
  custom:audio-decoder-ogg-vorbis: bf7c407c2cedff20999df2af8eb42d56 -> 
========================================================================
Received Prepare
Registering precompiled user dll's ...
Registered in 0.005569 seconds.
Begin MonoManager ReloadAssembly
Symbol file LoadedFromMemory is not a mono symbol file
Native extension for WindowsStandalone target not found
Native extension for Android target not found
Native extension for WebGL target not found
Refreshing native plugins compatible for Editor in 1.16 ms, found 2 plugins.
Preloading 0 native plugins for Editor in 0.00 ms.
Mono: successfully reloaded assembly
- Completed reload, in  1.631 seconds
Domain Reload Profiling:
	ReloadAssembly (1632ms)
		BeginReloadAssembly (226ms)
			ExecutionOrderSort (0ms)
			DisableScriptedObjects (9ms)
			BackupInstance (0ms)
			ReleaseScriptingObjects (0ms)
			CreateAndSetChildDomain (48ms)
		EndReloadAssembly (1247ms)
			LoadAssemblies (185ms)
			RebuildTransferFunctionScriptingTraits (0ms)
			SetupTypeCache (327ms)
			ReleaseScriptCaches (2ms)
			RebuildScriptCaches (80ms)
			SetupLoadedEditorAssemblies (610ms)
				LogAssemblyErrors (0ms)
				InitializePlatformSupportModulesInManaged (39ms)
				SetLoadedEditorAssemblies (1ms)
				RefreshPlugins (1ms)
				BeforeProcessingInitializeOnLoad (90ms)
				ProcessInitializeOnLoadAttributes (419ms)
				ProcessInitializeOnLoadMethodAttributes (54ms)
				AfterProcessingInitializeOnLoad (6ms)
				EditorAssembliesLoaded (0ms)
			ExecutionOrderSort2 (0ms)
			AwakeInstancesAfterBackupRestoration (10ms)
Platform modules already initialized, skipping
Refreshing native plugins compatible for Editor in 1.96 ms, found 2 plugins.
Preloading 0 native plugins for Editor in 0.00 ms.
Unloading 1847 Unused Serialized files (Serialized files now loaded: 0)
Unloading 23 unused Assets / (1.3 MB). Loaded Objects now: 2418.
Memory consumption went from 104.1 MB to 102.7 MB.
Total: 3.723700 ms (FindLiveObjects: 0.218300 ms CreateObjectMapping: 0.148000 ms MarkObjects: 3.027200 ms  DeleteObjects: 0.328900 ms)

AssetImportParameters requested are different than current active one (requested -> active):
  custom:video-decoder-ogg-theora: a1e56fd34408186e4bbccfd4996cb3dc -> 
  custom:container-muxer-webm: aa71ff27fc2769a1b78a27578f13a17b -> 
  custom:container-demuxer-webm: 4f35f7cbe854078d1ac9338744f61a02 -> 
  custom:video-encoder-webm-vp8: eb34c28f22e8b96e1ab97ce403110664 -> 
  custom:audio-encoder-webm-vorbis: bf7c407c2cedff20999df2af8eb42d56 -> 
  custom:framework-win-MediaFoundation: 216162199b28c13a410421893ffa2e32 -> 
  custom:container-demuxer-ogg: 62fdf1f143b41e24485cea50d1cbac27 -> 
  custom:video-decoder-webm-vp8: 9c59270c3fd7afecdb556c50c9e8de78 -> 
  custom:audio-decoder-ogg-vorbis: bf7c407c2cedff20999df2af8eb42d56 -> 
========================================================================
Received Prepare
Registering precompiled user dll's ...
Registered in 0.004280 seconds.
Begin MonoManager ReloadAssembly
Symbol file LoadedFromMemory is not a mono symbol file
Native extension for WindowsStandalone target not found
Native extension for Android target not found
Native extension for WebGL target not found
Refreshing native plugins compatible for Editor in 1.08 ms, found 2 plugins.
Preloading 0 native plugins for Editor in 0.00 ms.
Mono: successfully reloaded assembly
- Completed reload, in  1.361 seconds
Domain Reload Profiling:
	ReloadAssembly (1362ms)
		BeginReloadAssembly (191ms)
			ExecutionOrderSort (0ms)
			DisableScriptedObjects (7ms)
			BackupInstance (0ms)
			ReleaseScriptingObjects (0ms)
			CreateAndSetChildDomain (38ms)
		EndReloadAssembly (1034ms)
			LoadAssemblies (148ms)
			RebuildTransferFunctionScriptingTraits (0ms)
			SetupTypeCache (275ms)
			ReleaseScriptCaches (1ms)
			RebuildScriptCaches (64ms)
			SetupLoadedEditorAssemblies (511ms)
				LogAssemblyErrors (0ms)
				InitializePlatformSupportModulesInManaged (46ms)
				SetLoadedEditorAssemblies (1ms)
				RefreshPlugins (1ms)
				BeforeProcessingInitializeOnLoad (69ms)
				ProcessInitializeOnLoadAttributes (348ms)
				ProcessInitializeOnLoadMethodAttributes (39ms)
				AfterProcessingInitializeOnLoad (6ms)
				EditorAssembliesLoaded (0ms)
			ExecutionOrderSort2 (0ms)
			AwakeInstancesAfterBackupRestoration (8ms)
Platform modules already initialized, skipping
Refreshing native plugins compatible for Editor in 1.68 ms, found 2 plugins.
Preloading 0 native plugins for Editor in 0.00 ms.
Unloading 1847 Unused Serialized files (Serialized files now loaded: 0)
Unloading 23 unused Assets / (1.3 MB). Loaded Objects now: 2433.
Memory consumption went from 104.1 MB to 102.8 MB.
Total: 27.981100 ms (FindLiveObjects: 0.317700 ms CreateObjectMapping: 10.586700 ms MarkObjects: 14.360100 ms  DeleteObjects: 2.714400 ms)

AssetImportParameters requested are different than current active one (requested -> active):
  custom:video-decoder-ogg-theora: a1e56fd34408186e4bbccfd4996cb3dc -> 
  custom:container-muxer-webm: aa71ff27fc2769a1b78a27578f13a17b -> 
  custom:container-demuxer-webm: 4f35f7cbe854078d1ac9338744f61a02 -> 
  custom:video-encoder-webm-vp8: eb34c28f22e8b96e1ab97ce403110664 -> 
  custom:audio-encoder-webm-vorbis: bf7c407c2cedff20999df2af8eb42d56 -> 
  custom:framework-win-MediaFoundation: 216162199b28c13a410421893ffa2e32 -> 
  custom:container-demuxer-ogg: 62fdf1f143b41e24485cea50d1cbac27 -> 
  custom:video-decoder-webm-vp8: 9c59270c3fd7afecdb556c50c9e8de78 -> 
  custom:audio-decoder-ogg-vorbis: bf7c407c2cedff20999df2af8eb42d56 -> 
========================================================================
Received Prepare
Registering precompiled user dll's ...
Registered in 0.004108 seconds.
Begin MonoManager ReloadAssembly
Symbol file LoadedFromMemory is not a mono symbol file
Native extension for WindowsStandalone target not found
Native extension for Android target not found
Native extension for WebGL target not found
Refreshing native plugins compatible for Editor in 0.57 ms, found 2 plugins.
Preloading 0 native plugins for Editor in 0.00 ms.
Mono: successfully reloaded assembly
- Completed reload, in  1.373 seconds
Domain Reload Profiling:
	ReloadAssembly (1374ms)
		BeginReloadAssembly (190ms)
			ExecutionOrderSort (0ms)
			DisableScriptedObjects (7ms)
			BackupInstance (0ms)
			ReleaseScriptingObjects (0ms)
			CreateAndSetChildDomain (35ms)
		EndReloadAssembly (1037ms)
			LoadAssemblies (153ms)
			RebuildTransferFunctionScriptingTraits (0ms)
			SetupTypeCache (285ms)
			ReleaseScriptCaches (1ms)
			RebuildScriptCaches (70ms)
			SetupLoadedEditorAssemblies (494ms)
				LogAssemblyErrors (0ms)
				InitializePlatformSupportModulesInManaged (37ms)
				SetLoadedEditorAssemblies (1ms)
				RefreshPlugins (1ms)
				BeforeProcessingInitializeOnLoad (74ms)
				ProcessInitializeOnLoadAttributes (345ms)
				ProcessInitializeOnLoadMethodAttributes (33ms)
				AfterProcessingInitializeOnLoad (4ms)
				EditorAssembliesLoaded (0ms)
			ExecutionOrderSort2 (0ms)
			AwakeInstancesAfterBackupRestoration (8ms)
Platform modules already initialized, skipping
Refreshing native plugins compatible for Editor in 1.82 ms, found 2 plugins.
Preloading 0 native plugins for Editor in 0.00 ms.
Unloading 1847 Unused Serialized files (Serialized files now loaded: 0)
Unloading 23 unused Assets / (1.3 MB). Loaded Objects now: 2448.
Memory consumption went from 104.1 MB to 102.8 MB.
Total: 3.536600 ms (FindLiveObjects: 0.214600 ms CreateObjectMapping: 0.095500 ms MarkObjects: 2.979600 ms  DeleteObjects: 0.245700 ms)

AssetImportParameters requested are different than current active one (requested -> active):
  custom:video-decoder-ogg-theora: a1e56fd34408186e4bbccfd4996cb3dc -> 
  custom:container-muxer-webm: aa71ff27fc2769a1b78a27578f13a17b -> 
  custom:container-demuxer-webm: 4f35f7cbe854078d1ac9338744f61a02 -> 
  custom:video-encoder-webm-vp8: eb34c28f22e8b96e1ab97ce403110664 -> 
  custom:audio-encoder-webm-vorbis: bf7c407c2cedff20999df2af8eb42d56 -> 
  custom:framework-win-MediaFoundation: 216162199b28c13a410421893ffa2e32 -> 
  custom:container-demuxer-ogg: 62fdf1f143b41e24485cea50d1cbac27 -> 
  custom:video-decoder-webm-vp8: 9c59270c3fd7afecdb556c50c9e8de78 -> 
  custom:audio-decoder-ogg-vorbis: bf7c407c2cedff20999df2af8eb42d56 -> 
========================================================================
Received Import Request.
  Time since last request: 87.870518 seconds.
  path: Assets/Script/EnemyManager.cs
  artifactKey: Guid(2fd50ae14ef6b8f42b0a19d69ceb374e) Importer(815301076,1909f56bfc062723c751e8b465ee728b)
Start importing Assets/Script/EnemyManager.cs using Guid(2fd50ae14ef6b8f42b0a19d69ceb374e) Importer(815301076,1909f56bfc062723c751e8b465ee728b)  -> (artifact id: '3432d1f11d490b6a5b12efdb5552c14b') in 0.013554 seconds 
========================================================================
Received Import Request.
  Time since last request: 51.661594 seconds.
  path: Assets/LowPoly Space Cars/Models/FBXModels/Unwraped Models/car08v02Unwarped.fbx
  artifactKey: Guid(18afa9161e8cdad42abcb181de4003b7) Importer(815301076,1909f56bfc062723c751e8b465ee728b)
Start importing Assets/LowPoly Space Cars/Models/FBXModels/Unwraped Models/car08v02Unwarped.fbx using Guid(18afa9161e8cdad42abcb181de4003b7) Importer(815301076,1909f56bfc062723c751e8b465ee728b)  -> (artifact id: '51a963828241440c3ce1858de395dc30') in 0.268575 seconds 
========================================================================
Received Import Request.
  Time since last request: 0.000075 seconds.
  path: Assets/Prefab/Oduller/Tup/EnergyCell_2/Models/EnergyCell_2.obj
  artifactKey: Guid(07a088acddb7c4b41babb46ac5503475) Importer(815301076,1909f56bfc062723c751e8b465ee728b)
Start importing Assets/Prefab/Oduller/Tup/EnergyCell_2/Models/EnergyCell_2.obj using Guid(07a088acddb7c4b41babb46ac5503475) Importer(815301076,1909f56bfc062723c751e8b465ee728b)  -> (artifact id: 'c25308beae88c25448b872ed7d179fa7') in 0.099293 seconds 
========================================================================
Received Import Request.
  Time since last request: 0.000030 seconds.
  path: Assets/LowPoly Environment Pack/FBX/Grass_1.fbx
  artifactKey: Guid(34dfeb3f659c70946a7698f1846d752b) Importer(815301076,1909f56bfc062723c751e8b465ee728b)
Start importing Assets/LowPoly Environment Pack/FBX/Grass_1.fbx using Guid(34dfeb3f659c70946a7698f1846d752b) Importer(815301076,1909f56bfc062723c751e8b465ee728b)  -> (artifact id: '8406dcc4ceeb16811ab7796dc8ccfafa') in 0.031461 seconds 
========================================================================
Received Import Request.
  Time since last request: 0.000037 seconds.
  path: Assets/Sets - Gems/Models/gem_14.fbx
  artifactKey: Guid(4ee4ee93a9a684deca32b2f27ff174b0) Importer(815301076,1909f56bfc062723c751e8b465ee728b)
Start importing Assets/Sets - Gems/Models/gem_14.fbx using Guid(4ee4ee93a9a684deca32b2f27ff174b0) Importer(815301076,1909f56bfc062723c751e8b465ee728b)  -> (artifact id: 'b3ce7a960f59dc887e9d1b665741c3dc') in 0.028352 seconds 
========================================================================
Received Import Request.
  Time since last request: 0.000068 seconds.
  path: Assets/Sets - Gems/Models/gem_07.fbx
  artifactKey: Guid(04a69148d0283440c96e0a776ed3bf53) Importer(815301076,1909f56bfc062723c751e8b465ee728b)
Start importing Assets/Sets - Gems/Models/gem_07.fbx using Guid(04a69148d0283440c96e0a776ed3bf53) Importer(815301076,1909f56bfc062723c751e8b465ee728b)  -> (artifact id: '69f2fe48bcc13c3788947d307c4cde59') in 0.026793 seconds 
========================================================================
Received Import Request.
  Time since last request: 0.000031 seconds.
  path: Assets/LowPoly Space Cars/Models/FBXModels/Colored Models/car08v02Material.fbx
  artifactKey: Guid(2c97bf940de9b7542a387f71c79495e2) Importer(815301076,1909f56bfc062723c751e8b465ee728b)
Start importing Assets/LowPoly Space Cars/Models/FBXModels/Colored Models/car08v02Material.fbx using Guid(2c97bf940de9b7542a387f71c79495e2) Importer(815301076,1909f56bfc062723c751e8b465ee728b)  -> (artifact id: '17a48987b22e6830d1e80de7963f1029') in 0.117494 seconds 
========================================================================
Received Import Request.
  Time since last request: 0.000028 seconds.
  path: Assets/Sets - Gems/Models/gem_18.fbx
  artifactKey: Guid(3acf788bba5a44ee9b7ce0e1d977718a) Importer(815301076,1909f56bfc062723c751e8b465ee728b)
Start importing Assets/Sets - Gems/Models/gem_18.fbx using Guid(3acf788bba5a44ee9b7ce0e1d977718a) Importer(815301076,1909f56bfc062723c751e8b465ee728b)  -> (artifact id: '0f459e60feeb4953419079b9ac41a9d7') in 0.027929 seconds 
========================================================================
Received Import Request.
  Time since last request: 0.000045 seconds.
  path: Assets/Sets - Gems/Models/gem_11.fbx
  artifactKey: Guid(e2d766b2254344132b0a278bca3800e2) Importer(815301076,1909f56bfc062723c751e8b465ee728b)
Start importing Assets/Sets - Gems/Models/gem_11.fbx using Guid(e2d766b2254344132b0a278bca3800e2) Importer(815301076,1909f56bfc062723c751e8b465ee728b)  -> (artifact id: '7cd8e2e22d9e4d300d2d54f413b66bd4') in 0.027842 seconds 
========================================================================
Received Import Request.
  Time since last request: 0.000027 seconds.
  path: Assets/Sets - Gems/Models/gem_01.fbx
  artifactKey: Guid(9cb17b9b14f7744f198fc9b36e9214ff) Importer(815301076,1909f56bfc062723c751e8b465ee728b)
Start importing Assets/Sets - Gems/Models/gem_01.fbx using Guid(9cb17b9b14f7744f198fc9b36e9214ff) Importer(815301076,1909f56bfc062723c751e8b465ee728b)  -> (artifact id: '680b682b63abaf46fac2277930b9157e') in 0.034553 seconds 
========================================================================
Received Import Request.
  Time since last request: 0.000030 seconds.
  path: Assets/Sets - Gems/Models/gem_09.fbx
  artifactKey: Guid(38fdc821203fd47e7b2ba56ea4a32e16) Importer(815301076,1909f56bfc062723c751e8b465ee728b)
Start importing Assets/Sets - Gems/Models/gem_09.fbx using Guid(38fdc821203fd47e7b2ba56ea4a32e16) Importer(815301076,1909f56bfc062723c751e8b465ee728b)  -> (artifact id: 'fd9fce0d2f96e10d43ec8fd16c39cf9a') in 0.027569 seconds 
========================================================================
Received Import Request.
  Time since last request: 0.000023 seconds.
  path: Assets/Sets - Gems/Models/gem_10.fbx
  artifactKey: Guid(e42e76fa501384474973c559bf5d9fb4) Importer(815301076,1909f56bfc062723c751e8b465ee728b)
Start importing Assets/Sets - Gems/Models/gem_10.fbx using Guid(e42e76fa501384474973c559bf5d9fb4) Importer(815301076,1909f56bfc062723c751e8b465ee728b)  -> (artifact id: '78d75a63eb1248e31f975b95f720d455') in 0.027622 seconds 
========================================================================
Received Import Request.
  Time since last request: 1.153937 seconds.
  path: Assets/FXIFIED/common/Extras/Grid.FBX
  artifactKey: Guid(1ec7bca34e7eb6042bd616ae97db25f2) Importer(815301076,1909f56bfc062723c751e8b465ee728b)
Start importing Assets/FXIFIED/common/Extras/Grid.FBX using Guid(1ec7bca34e7eb6042bd616ae97db25f2) Importer(815301076,1909f56bfc062723c751e8b465ee728b)  -> (artifact id: 'c2f69ff8f2ebb0df39144dfe3dfdc57b') in 0.022654 seconds 
========================================================================
Received Import Request.
  Time since last request: 26.045012 seconds.
  path: Assets/FXIFIED/Stylized VFX Free Pack/Resources/Textures/FX_TX_Cross_AB.tga
  artifactKey: Guid(8d9e1742881918846a64509bd1f30202) Importer(815301076,1909f56bfc062723c751e8b465ee728b)
Start importing Assets/FXIFIED/Stylized VFX Free Pack/Resources/Textures/FX_TX_Cross_AB.tga using Guid(8d9e1742881918846a64509bd1f30202) Importer(815301076,1909f56bfc062723c751e8b465ee728b)  -> (artifact id: '47f39055a38f23961a09173ded7d8ba8') in 0.120157 seconds 
========================================================================
Received Import Request.
  Time since last request: 0.000039 seconds.
  path: Assets/FXIFIED/Stylized VFX Free Pack/Resources/Textures/FX_TX_Ring_AC.tga
  artifactKey: Guid(2865482c6a168f743ac55bd2f1975df4) Importer(815301076,1909f56bfc062723c751e8b465ee728b)
Start importing Assets/FXIFIED/Stylized VFX Free Pack/Resources/Textures/FX_TX_Ring_AC.tga using Guid(2865482c6a168f743ac55bd2f1975df4) Importer(815301076,1909f56bfc062723c751e8b465ee728b)  -> (artifact id: 'f6ffe9876f169f4216b1464980f03785') in 0.046238 seconds 
========================================================================
Received Import Request.
  Time since last request: 0.000123 seconds.
  path: Assets/FXIFIED/Stylized VFX Free Pack/Resources/Textures/FX_TX_Skull_AA.tga
  artifactKey: Guid(88333200c9cb2b742aba3f42a34603d4) Importer(815301076,1909f56bfc062723c751e8b465ee728b)
Start importing Assets/FXIFIED/Stylized VFX Free Pack/Resources/Textures/FX_TX_Skull_AA.tga using Guid(88333200c9cb2b742aba3f42a34603d4) Importer(815301076,1909f56bfc062723c751e8b465ee728b)  -> (artifact id: '936a107b4f18be8f4f6d9ccdb89117d5') in 0.058601 seconds 
========================================================================
Received Import Request.
  Time since last request: 0.000033 seconds.
  path: Assets/FXIFIED/Stylized VFX Free Pack/Resources/Textures/FX_TX_Star_AA.tga
  artifactKey: Guid(0c308d0d141d8e54ab3d590993a6a3d6) Importer(815301076,1909f56bfc062723c751e8b465ee728b)
Start importing Assets/FXIFIED/Stylized VFX Free Pack/Resources/Textures/FX_TX_Star_AA.tga using Guid(0c308d0d141d8e54ab3d590993a6a3d6) Importer(815301076,1909f56bfc062723c751e8b465ee728b)  -> (artifact id: 'dcbf54863f05fadd68faefb42322f25c') in 0.056650 seconds 
========================================================================
Received Import Request.
  Time since last request: 0.000040 seconds.
  path: Assets/FXIFIED/Stylized VFX Free Pack/Resources/Textures/FX_TX_PowerUp_Atlas.psd
  artifactKey: Guid(270d775bc4c09e545a00b84d23ba5879) Importer(815301076,1909f56bfc062723c751e8b465ee728b)
Start importing Assets/FXIFIED/Stylized VFX Free Pack/Resources/Textures/FX_TX_PowerUp_Atlas.psd using Guid(270d775bc4c09e545a00b84d23ba5879) Importer(815301076,1909f56bfc062723c751e8b465ee728b)  -> (artifact id: 'f1f19bef4926bdc0e3e0c36accbe1e87') in 0.183228 seconds 
========================================================================
Received Import Request.
  Time since last request: 9.669085 seconds.
  path: Assets/LowPoly Space Cars/Models/FBXModels/Colored Models/car09v2Material.fbx
  artifactKey: Guid(4f0b89fceb0fb5c4cbe96f7f7ca9c2b3) Importer(815301076,1909f56bfc062723c751e8b465ee728b)
Start importing Assets/LowPoly Space Cars/Models/FBXModels/Colored Models/car09v2Material.fbx using Guid(4f0b89fceb0fb5c4cbe96f7f7ca9c2b3) Importer(815301076,1909f56bfc062723c751e8b465ee728b)  -> (artifact id: '8e33d331b3caceb351ff585d07589915') in 0.091075 seconds 
========================================================================
Received Import Request.
  Time since last request: 0.000030 seconds.
  path: Assets/LowPoly Environment Pack/FBX/Materials/Gray.3.mat
  artifactKey: Guid(1b487e4aa512c6c46b231d5aacdceae0) Importer(815301076,1909f56bfc062723c751e8b465ee728b)
Start importing Assets/LowPoly Environment Pack/FBX/Materials/Gray.3.mat using Guid(1b487e4aa512c6c46b231d5aacdceae0) Importer(815301076,1909f56bfc062723c751e8b465ee728b)  -> (artifact id: 'ee2245d95194362c1fac5d4a753bfdcf') in 0.025765 seconds 
========================================================================
Received Import Request.
  Time since last request: 0.000022 seconds.
  path: Assets/Sets - Gems/Materials/gem - cyan.mat
  artifactKey: Guid(bc53c90e04a0e48c48f35fe311be0960) Importer(815301076,1909f56bfc062723c751e8b465ee728b)
Start importing Assets/Sets - Gems/Materials/gem - cyan.mat using Guid(bc53c90e04a0e48c48f35fe311be0960) Importer(815301076,1909f56bfc062723c751e8b465ee728b)  -> (artifact id: '628311b808a3cdd88f56cd0090ac9ddf') in 0.034180 seconds 
========================================================================
Received Import Request.
  Time since last request: 0.000034 seconds.
  path: Assets/Sets - Gems/Materials/gem - aquamraine.mat
  artifactKey: Guid(b254ca09f7e414a20b887047de186388) Importer(815301076,1909f56bfc062723c751e8b465ee728b)
Start importing Assets/Sets - Gems/Materials/gem - aquamraine.mat using Guid(b254ca09f7e414a20b887047de186388) Importer(815301076,1909f56bfc062723c751e8b465ee728b)  -> (artifact id: '6c09074ff99fcf528c8a6eb826d2bc37') in 0.028939 seconds 
========================================================================
Received Import Request.
  Time since last request: 0.000036 seconds.
  path: Assets/Sets - Gems/Materials/gem - blue.mat
  artifactKey: Guid(7d807874cefc948c8858f97222932cca) Importer(815301076,1909f56bfc062723c751e8b465ee728b)
Start importing Assets/Sets - Gems/Materials/gem - blue.mat using Guid(7d807874cefc948c8858f97222932cca) Importer(815301076,1909f56bfc062723c751e8b465ee728b)  -> (artifact id: '27f5c6ec5ab0e2734c9dc0c0fa1a2b80') in 0.025415 seconds 
========================================================================
Received Import Request.
  Time since last request: 0.000030 seconds.
  path: Assets/FXIFIED/Stylized VFX Free Pack/Resources/Materials/FX_MAT_Wave_AC.mat
  artifactKey: Guid(6184e45f803f4bc4e9c056c122794357) Importer(815301076,1909f56bfc062723c751e8b465ee728b)
Start importing Assets/FXIFIED/Stylized VFX Free Pack/Resources/Materials/FX_MAT_Wave_AC.mat using Guid(6184e45f803f4bc4e9c056c122794357) Importer(815301076,1909f56bfc062723c751e8b465ee728b)  -> (artifact id: '7fdb6f8c5bbe72732e21621a3265c5ce') in 0.026228 seconds 
========================================================================
Received Import Request.
  Time since last request: 0.000031 seconds.
  path: Assets/FXIFIED/Stylized VFX Free Pack/Resources/Materials/FX_MAT_PowerUp_AA.mat
  artifactKey: Guid(f1860558f73867a4088a7ec0ad89cb3a) Importer(815301076,1909f56bfc062723c751e8b465ee728b)
Start importing Assets/FXIFIED/Stylized VFX Free Pack/Resources/Materials/FX_MAT_PowerUp_AA.mat using Guid(f1860558f73867a4088a7ec0ad89cb3a) Importer(815301076,1909f56bfc062723c751e8b465ee728b)  -> (artifact id: '0a227193dc1d1dced25b80c698196a81') in 0.025485 seconds 
========================================================================
Received Import Request.
  Time since last request: 0.000066 seconds.
  path: Assets/LowPoly Environment Pack/FBX/Materials/Green.3.mat
  artifactKey: Guid(94f42fcaf1b6c224c99738b35fda2bcb) Importer(815301076,1909f56bfc062723c751e8b465ee728b)
Start importing Assets/LowPoly Environment Pack/FBX/Materials/Green.3.mat using Guid(94f42fcaf1b6c224c99738b35fda2bcb) Importer(815301076,1909f56bfc062723c751e8b465ee728b)  -> (artifact id: '903ee497da9e3f1512fce66168a9961a') in 0.025211 seconds 
========================================================================
Received Import Request.
  Time since last request: 0.000044 seconds.
  path: Assets/LowPoly Environment Pack/FBX/Materials/Gray.4.mat
  artifactKey: Guid(55ac68c33cb2d144a9976df607b5e754) Importer(815301076,1909f56bfc062723c751e8b465ee728b)
Start importing Assets/LowPoly Environment Pack/FBX/Materials/Gray.4.mat using Guid(55ac68c33cb2d144a9976df607b5e754) Importer(815301076,1909f56bfc062723c751e8b465ee728b)  -> (artifact id: '913e2d3b60b7f8bb21cdf533aff0d033') in 0.025754 seconds 
========================================================================
Received Import Request.
  Time since last request: 0.000034 seconds.
  path: Assets/LowPoly Environment Pack/FBX/Materials/Gray.1.mat
  artifactKey: Guid(fb5ddc125e5f05b42a1269e0a08850eb) Importer(815301076,1909f56bfc062723c751e8b465ee728b)
Start importing Assets/LowPoly Environment Pack/FBX/Materials/Gray.1.mat using Guid(fb5ddc125e5f05b42a1269e0a08850eb) Importer(815301076,1909f56bfc062723c751e8b465ee728b)  -> (artifact id: '70283e636f342261efd97d6c214c745d') in 0.024679 seconds 
========================================================================
Received Import Request.
  Time since last request: 0.000026 seconds.
  path: Assets/FXIFIED/Stylized VFX Free Pack/Resources/Materials/FX_MAT_PowerUp_Atlas.mat
  artifactKey: Guid(593bf38400df68f4aa5798da4fa03c29) Importer(815301076,1909f56bfc062723c751e8b465ee728b)
Start importing Assets/FXIFIED/Stylized VFX Free Pack/Resources/Materials/FX_MAT_PowerUp_Atlas.mat using Guid(593bf38400df68f4aa5798da4fa03c29) Importer(815301076,1909f56bfc062723c751e8b465ee728b)  -> (artifact id: '479d655615ea106005f08a471945347c') in 0.030772 seconds 
========================================================================
Received Import Request.
  Time since last request: 0.000046 seconds.
  path: Assets/Sets - Gems/Materials/gem - yellow.mat
  artifactKey: Guid(1549bf01482b547159fa92e4f95bff12) Importer(815301076,1909f56bfc062723c751e8b465ee728b)
Start importing Assets/Sets - Gems/Materials/gem - yellow.mat using Guid(1549bf01482b547159fa92e4f95bff12) Importer(815301076,1909f56bfc062723c751e8b465ee728b)  -> (artifact id: 'b35854024a9c6f9f14dd7453e84d777a') in 0.028031 seconds 
========================================================================
Received Import Request.
  Time since last request: 1.503748 seconds.
  path: Assets/LowPoly Environment Pack/FBX/Materials/Green.7.mat
  artifactKey: Guid(0f7806b54edf71c4796d1c67899856bc) Importer(815301076,1909f56bfc062723c751e8b465ee728b)
Start importing Assets/LowPoly Environment Pack/FBX/Materials/Green.7.mat using Guid(0f7806b54edf71c4796d1c67899856bc) Importer(815301076,1909f56bfc062723c751e8b465ee728b)  -> (artifact id: 'a5a07c7e57e1feed53ed61ad833b1ed2') in 0.022946 seconds 
========================================================================
Received Import Request.
  Time since last request: 0.000027 seconds.
  path: Assets/LowPoly Environment Pack/FBX/Materials/Green.10.mat
  artifactKey: Guid(aa67d82998ecf8841a3adf9bfa27b1c2) Importer(815301076,1909f56bfc062723c751e8b465ee728b)
Start importing Assets/LowPoly Environment Pack/FBX/Materials/Green.10.mat using Guid(aa67d82998ecf8841a3adf9bfa27b1c2) Importer(815301076,1909f56bfc062723c751e8b465ee728b)  -> (artifact id: '004c93eb38cb087b02613e1fe43d6e5f') in 0.019439 seconds 
========================================================================
Received Import Request.
  Time since last request: 0.000030 seconds.
  path: Assets/SpaceSkies Free/Skybox_2/Green_2K_Resoution.mat
  artifactKey: Guid(269967744bbed1849a317b8175dc3f43) Importer(815301076,1909f56bfc062723c751e8b465ee728b)
Start importing Assets/SpaceSkies Free/Skybox_2/Green_2K_Resoution.mat using Guid(269967744bbed1849a317b8175dc3f43) Importer(815301076,1909f56bfc062723c751e8b465ee728b)  -> (artifact id: '0ab6535381f6e6f6e7bb7ebccb8ef72a') in 0.062673 seconds 
========================================================================
Received Import Request.
  Time since last request: 0.007040 seconds.
  path: Assets/TextMesh Pro/Resources/Fonts & Materials/LiberationSans SDF - Outline.mat
  artifactKey: Guid(79459efec17a4d00a321bdcc27bbc385) Importer(815301076,1909f56bfc062723c751e8b465ee728b)
Start importing Assets/TextMesh Pro/Resources/Fonts & Materials/LiberationSans SDF - Outline.mat using Guid(79459efec17a4d00a321bdcc27bbc385) Importer(815301076,1909f56bfc062723c751e8b465ee728b)  -> (artifact id: 'c0520809c778c5a0c4cf80548f4e1d45') in 0.060031 seconds 
========================================================================
Received Import Request.
  Time since last request: 3.207334 seconds.
  path: Assets/LowPoly Space Cars/Separated Color Materials/Orange.mat
  artifactKey: Guid(a81f4346c87aa484495443ef5979763e) Importer(815301076,1909f56bfc062723c751e8b465ee728b)
Start importing Assets/LowPoly Space Cars/Separated Color Materials/Orange.mat using Guid(a81f4346c87aa484495443ef5979763e) Importer(815301076,1909f56bfc062723c751e8b465ee728b)  -> (artifact id: '18db81c4e5131727ebb63f094ccb3e88') in 0.022420 seconds 
========================================================================
Received Import Request.
  Time since last request: 0.000024 seconds.
  path: Assets/LowPoly Environment Pack/FBX/Materials/Pink.1.mat
  artifactKey: Guid(4de868b1c656aa948a9734db55fa6df7) Importer(815301076,1909f56bfc062723c751e8b465ee728b)
Start importing Assets/LowPoly Environment Pack/FBX/Materials/Pink.1.mat using Guid(4de868b1c656aa948a9734db55fa6df7) Importer(815301076,1909f56bfc062723c751e8b465ee728b)  -> (artifact id: 'cb5c3e9db91a6e0b49f080cb5abbc24d') in 0.023699 seconds 
========================================================================
Received Import Request.
  Time since last request: 0.000044 seconds.
  path: Assets/SpaceSkies Free/Skybox_1/Pink_1K_Resolution.mat
  artifactKey: Guid(3e8bc5155c4c9ed46a63ac64c06408f3) Importer(815301076,1909f56bfc062723c751e8b465ee728b)
Start importing Assets/SpaceSkies Free/Skybox_1/Pink_1K_Resolution.mat using Guid(3e8bc5155c4c9ed46a63ac64c06408f3) Importer(815301076,1909f56bfc062723c751e8b465ee728b)  -> (artifact id: 'd1eb71fb75eb505fd773c4188d8b221f') in 0.043279 seconds 
========================================================================
Received Import Request.
  Time since last request: 0.169320 seconds.
  path: Assets/Material/PropMat/PropStone1.mat
  artifactKey: Guid(5f05003c44a28cf4ea97536d488b4a18) Importer(815301076,1909f56bfc062723c751e8b465ee728b)
Start importing Assets/Material/PropMat/PropStone1.mat using Guid(5f05003c44a28cf4ea97536d488b4a18) Importer(815301076,1909f56bfc062723c751e8b465ee728b)  -> (artifact id: '0a5d2a4f9c2d30b38f75d238bf37b7f7') in 0.021149 seconds 
========================================================================
Received Import Request.
  Time since last request: 0.000044 seconds.
  path: Assets/LowPoly Space Cars/Separated Color Materials/purple.mat
  artifactKey: Guid(3d333c8dd30632e43870c0473b37bf1d) Importer(815301076,1909f56bfc062723c751e8b465ee728b)
Start importing Assets/LowPoly Space Cars/Separated Color Materials/purple.mat using Guid(3d333c8dd30632e43870c0473b37bf1d) Importer(815301076,1909f56bfc062723c751e8b465ee728b)  -> (artifact id: '282b684e484a342dc44ca2d5cc32abb6') in 0.123510 seconds 
========================================================================
Received Import Request.
  Time since last request: 0.000028 seconds.
  path: Assets/Material/PropMat/PropStone4.mat
  artifactKey: Guid(4895b850af6a6364f99971671c10c709) Importer(815301076,1909f56bfc062723c751e8b465ee728b)
Start importing Assets/Material/PropMat/PropStone4.mat using Guid(4895b850af6a6364f99971671c10c709) Importer(815301076,1909f56bfc062723c751e8b465ee728b)  -> (artifact id: 'bc659f753df908e12590be17cc07233f') in 0.022575 seconds 
========================================================================
Received Import Request.
  Time since last request: 0.000032 seconds.
  path: Assets/LowPoly Environment Pack/FBX/Materials/Purple.1.mat
  artifactKey: Guid(f9e8a256b2e009743bcefbdabbb05382) Importer(815301076,1909f56bfc062723c751e8b465ee728b)
Start importing Assets/LowPoly Environment Pack/FBX/Materials/Purple.1.mat using Guid(f9e8a256b2e009743bcefbdabbb05382) Importer(815301076,1909f56bfc062723c751e8b465ee728b)  -> (artifact id: '4da98e682351f6d61a3e40a625de4ce8') in 0.025518 seconds 
========================================================================
Received Import Request.
  Time since last request: 1.751628 seconds.
  path: Assets/Real Stars Skybox/StarSkybox04Named/StarSkybox04Named.mat
  artifactKey: Guid(50e26aed28714894cb49da25901379b9) Importer(815301076,1909f56bfc062723c751e8b465ee728b)
Start importing Assets/Real Stars Skybox/StarSkybox04Named/StarSkybox04Named.mat using Guid(50e26aed28714894cb49da25901379b9) Importer(815301076,1909f56bfc062723c751e8b465ee728b)  -> (artifact id: 'c156c158a8ed670dc35407e5cc4a5a21') in 0.047443 seconds 
========================================================================
Received Import Request.
  Time since last request: 0.527587 seconds.
  path: Assets/LowPoly Environment Pack/FBX/Materials/Yellow.3.mat
  artifactKey: Guid(62c01cd363116e4418505d6d72764b0d) Importer(815301076,1909f56bfc062723c751e8b465ee728b)
Start importing Assets/LowPoly Environment Pack/FBX/Materials/Yellow.3.mat using Guid(62c01cd363116e4418505d6d72764b0d) Importer(815301076,1909f56bfc062723c751e8b465ee728b)  -> (artifact id: 'e63c47be317aa9aa2ff710f8cfdcea81') in 0.019177 seconds 
Editor requested this worker to shutdown with reason: Scaling down because of idle timeout
AssetImportWorker is now disconnected from the server
Process exiting
Exiting without the bug reporter. Application will terminate with return code 0