Using pre-set license
Built from '2021.3/staging' branch; Version is '2021.3.1f1 (3b70a0754835) revision 3895456'; Using compiler version '192829333'; Build Type 'Release'
OS: 'Windows 10  (10.0.19043) 64bit Core' Language: 'tr' Physical Memory: 7976 MB
BatchMode: 1, IsHumanControllingUs: 0, StartBugReporterOnCrash: 0, Is64bit: 1, IsPro: 1

COMMAND LINE ARGUMENTS:
C:\Program Files\Unity\Hub\Editor\2021.3.1f1\Editor\Unity.exe
-adb2
-batchMode
-noUpm
-name
AssetImportWorker2
-projectPath
C:/Users/batuh/Desktop/Space Buzz/Clone2/The-100/SpaceBuzz
-logFile
Logs/AssetImportWorker2.log
-srvPort
51630
Successfully changed project path to: C:/Users/batuh/Desktop/Space Buzz/Clone2/The-100/SpaceBuzz
C:/Users/batuh/Desktop/Space Buzz/Clone2/The-100/SpaceBuzz
[UnityMemory] Configuration Parameters - Can be set up in boot.config
    "memorysetup-bucket-allocator-granularity=16"
    "memorysetup-bucket-allocator-bucket-count=8"
    "memorysetup-bucket-allocator-block-size=33554432"
    "memorysetup-bucket-allocator-block-count=8"
    "memorysetup-main-allocator-block-size=16777216"
    "memorysetup-thread-allocator-block-size=16777216"
    "memorysetup-gfx-main-allocator-block-size=16777216"
    "memorysetup-gfx-thread-allocator-block-size=16777216"
    "memorysetup-cache-allocator-block-size=4194304"
    "memorysetup-typetree-allocator-block-size=2097152"
    "memorysetup-profiler-bucket-allocator-granularity=16"
    "memorysetup-profiler-bucket-allocator-bucket-count=8"
    "memorysetup-profiler-bucket-allocator-block-size=33554432"
    "memorysetup-profiler-bucket-allocator-block-count=8"
    "memorysetup-profiler-allocator-block-size=16777216"
    "memorysetup-profiler-editor-allocator-block-size=1048576"
    "memorysetup-temp-allocator-size-main=16777216"
    "memorysetup-job-temp-allocator-block-size=2097152"
    "memorysetup-job-temp-allocator-block-size-background=1048576"
    "memorysetup-job-temp-allocator-reduction-small-platforms=262144"
    "memorysetup-temp-allocator-size-background-worker=32768"
    "memorysetup-temp-allocator-size-job-worker=262144"
    "memorysetup-temp-allocator-size-preload-manager=33554432"
    "memorysetup-temp-allocator-size-nav-mesh-worker=65536"
    "memorysetup-temp-allocator-size-audio-worker=65536"
    "memorysetup-temp-allocator-size-cloud-worker=32768"
    "memorysetup-temp-allocator-size-gi-baking-worker=262144"
    "memorysetup-temp-allocator-size-gfx=262144"
Refreshing native plugins compatible for Editor in 76.76 ms, found 2 plugins.
Preloading 0 native plugins for Editor in 0.00 ms.
Initialize engine version: 2021.3.1f1 (3b70a0754835)
[Subsystems] Discovering subsystems at path C:/Program Files/Unity/Hub/Editor/2021.3.1f1/Editor/Data/Resources/UnitySubsystems
[Subsystems] Discovering subsystems at path C:/Users/batuh/Desktop/Space Buzz/Clone2/The-100/SpaceBuzz/Assets
GfxDevice: creating device client; threaded=0; jobified=0
Direct3D:
    Version:  Direct3D 11.0 [level 11.1]
    Renderer: Intel(R) UHD Graphics (ID=0x9b41)
    Vendor:   Intel
    VRAM:     3988 MB
    Driver:   27.20.100.9365
Initialize mono
Mono path[0] = 'C:/Program Files/Unity/Hub/Editor/2021.3.1f1/Editor/Data/Managed'
Mono path[1] = 'C:/Program Files/Unity/Hub/Editor/2021.3.1f1/Editor/Data/MonoBleedingEdge/lib/mono/unityjit-win32'
Mono config path = 'C:/Program Files/Unity/Hub/Editor/2021.3.1f1/Editor/Data/MonoBleedingEdge/etc'
Using monoOptions --debugger-agent=transport=dt_socket,embedding=1,server=y,suspend=n,address=127.0.0.1:56996
Begin MonoManager ReloadAssembly
Registering precompiled unity dll's ...
Register platform support module: C:/Program Files/Unity/Hub/Editor/2021.3.1f1/Editor/Data/PlaybackEngines/WindowsStandaloneSupport/UnityEditor.WindowsStandalone.Extensions.dll
Registered in 0.011499 seconds.
Native extension for WindowsStandalone target not found
Refreshing native plugins compatible for Editor in 90.34 ms, found 2 plugins.
Preloading 0 native plugins for Editor in 0.00 ms.
Mono: successfully reloaded assembly
- Completed reload, in  1.424 seconds
Domain Reload Profiling:
	ReloadAssembly (1425ms)
		BeginReloadAssembly (177ms)
			ExecutionOrderSort (0ms)
			DisableScriptedObjects (0ms)
			BackupInstance (0ms)
			ReleaseScriptingObjects (0ms)
			CreateAndSetChildDomain (1ms)
		EndReloadAssembly (944ms)
			LoadAssemblies (173ms)
			RebuildTransferFunctionScriptingTraits (0ms)
			SetupTypeCache (243ms)
			ReleaseScriptCaches (0ms)
			RebuildScriptCaches (77ms)
			SetupLoadedEditorAssemblies (496ms)
				LogAssemblyErrors (0ms)
				InitializePlatformSupportModulesInManaged (19ms)
				SetLoadedEditorAssemblies (0ms)
				RefreshPlugins (90ms)
				BeforeProcessingInitializeOnLoad (2ms)
				ProcessInitializeOnLoadAttributes (290ms)
				ProcessInitializeOnLoadMethodAttributes (94ms)
				AfterProcessingInitializeOnLoad (0ms)
				EditorAssembliesLoaded (0ms)
			ExecutionOrderSort2 (0ms)
			AwakeInstancesAfterBackupRestoration (0ms)
Platform modules already initialized, skipping
Registering precompiled user dll's ...
Registered in 0.005099 seconds.
Begin MonoManager ReloadAssembly
Symbol file LoadedFromMemory is not a mono symbol file
Native extension for WindowsStandalone target not found
Refreshing native plugins compatible for Editor in 0.87 ms, found 2 plugins.
Preloading 0 native plugins for Editor in 0.00 ms.
Mono: successfully reloaded assembly
- Completed reload, in  2.150 seconds
Domain Reload Profiling:
	ReloadAssembly (2153ms)
		BeginReloadAssembly (313ms)
			ExecutionOrderSort (0ms)
			DisableScriptedObjects (17ms)
			BackupInstance (0ms)
			ReleaseScriptingObjects (0ms)
			CreateAndSetChildDomain (57ms)
		EndReloadAssembly (1578ms)
			LoadAssemblies (216ms)
			RebuildTransferFunctionScriptingTraits (0ms)
			SetupTypeCache (429ms)
			ReleaseScriptCaches (1ms)
			RebuildScriptCaches (180ms)
			SetupLoadedEditorAssemblies (700ms)
				LogAssemblyErrors (0ms)
				InitializePlatformSupportModulesInManaged (12ms)
				SetLoadedEditorAssemblies (1ms)
				RefreshPlugins (1ms)
				BeforeProcessingInitializeOnLoad (139ms)
				ProcessInitializeOnLoadAttributes (482ms)
				ProcessInitializeOnLoadMethodAttributes (51ms)
				AfterProcessingInitializeOnLoad (14ms)
				EditorAssembliesLoaded (0ms)
			ExecutionOrderSort2 (0ms)
			AwakeInstancesAfterBackupRestoration (9ms)
Platform modules already initialized, skipping
========================================================================
Worker process is ready to serve import requests
Launched and connected shader compiler UnityShaderCompiler.exe after 0.46 seconds
Refreshing native plugins compatible for Editor in 2.36 ms, found 2 plugins.
Preloading 0 native plugins for Editor in 0.00 ms.
Unloading 1913 Unused Serialized files (Serialized files now loaded: 0)
Unloading 42 unused Assets / (1.4 MB). Loaded Objects now: 2400.
Memory consumption went from 105.0 MB to 103.6 MB.
Total: 10.148100 ms (FindLiveObjects: 1.280300 ms CreateObjectMapping: 0.256800 ms MarkObjects: 6.879600 ms  DeleteObjects: 1.706400 ms)

AssetImportParameters requested are different than current active one (requested -> active):
  custom:video-decoder-ogg-theora: a1e56fd34408186e4bbccfd4996cb3dc -> 
  custom:container-muxer-webm: aa71ff27fc2769a1b78a27578f13a17b -> 
  custom:container-demuxer-webm: 4f35f7cbe854078d1ac9338744f61a02 -> 
  custom:video-encoder-webm-vp8: eb34c28f22e8b96e1ab97ce403110664 -> 
  custom:audio-encoder-webm-vorbis: bf7c407c2cedff20999df2af8eb42d56 -> 
  custom:framework-win-MediaFoundation: 216162199b28c13a410421893ffa2e32 -> 
  custom:container-demuxer-ogg: 62fdf1f143b41e24485cea50d1cbac27 -> 
  custom:video-decoder-webm-vp8: 9c59270c3fd7afecdb556c50c9e8de78 -> 
  custom:audio-decoder-ogg-vorbis: bf7c407c2cedff20999df2af8eb42d56 -> 
========================================================================
Received Import Request.
  Time since last request: 472359.977919 seconds.
  path: Assets/Audio/doorOpen_002.ogg
  artifactKey: Guid(03e999986c458b74dbacd38983513975) Importer(815301076,1909f56bfc062723c751e8b465ee728b)
Start importing Assets/Audio/doorOpen_002.ogg using Guid(03e999986c458b74dbacd38983513975) Importer(815301076,1909f56bfc062723c751e8b465ee728b)  -> (artifact id: '1549bfd4ba339e8dc412c946d414dd31') in 0.510910 seconds 
========================================================================
Received Import Request.
  Time since last request: 0.000148 seconds.
  path: Assets/Audio/spaceEngineLarge_000.ogg
  artifactKey: Guid(04d14441ac64c1c41b14247ea51cd3bc) Importer(815301076,1909f56bfc062723c751e8b465ee728b)
Start importing Assets/Audio/spaceEngineLarge_000.ogg using Guid(04d14441ac64c1c41b14247ea51cd3bc) Importer(815301076,1909f56bfc062723c751e8b465ee728b)  -> (artifact id: 'ad80ef04bdfdcffe65bfd93b201414ab') in 0.078525 seconds 
========================================================================
Received Import Request.
  Time since last request: 0.000050 seconds.
  path: Assets/Audio/spaceEngineSmall_003.ogg
  artifactKey: Guid(bf578746c29b7304db738f4cbfeb1bcf) Importer(815301076,1909f56bfc062723c751e8b465ee728b)
Start importing Assets/Audio/spaceEngineSmall_003.ogg using Guid(bf578746c29b7304db738f4cbfeb1bcf) Importer(815301076,1909f56bfc062723c751e8b465ee728b)  -> (artifact id: '8bea9b29e0d7fae5632437226253554b') in 0.050568 seconds 
========================================================================
Received Import Request.
  Time since last request: 0.000065 seconds.
  path: Assets/Audio/spaceEngineLarge_004.ogg
  artifactKey: Guid(c7b34bbda890d3c4587f9ead2999e9bb) Importer(815301076,1909f56bfc062723c751e8b465ee728b)
Start importing Assets/Audio/spaceEngineLarge_004.ogg using Guid(c7b34bbda890d3c4587f9ead2999e9bb) Importer(815301076,1909f56bfc062723c751e8b465ee728b)  -> (artifact id: '859590150dc9182c30612c3cd5749e43') in 0.063116 seconds 
========================================================================
Received Import Request.
  Time since last request: 0.000113 seconds.
  path: Assets/Audio/lowFrequency_explosion_000.ogg
  artifactKey: Guid(49b84b77eadcc6f42823b4e071ba2e95) Importer(815301076,1909f56bfc062723c751e8b465ee728b)
Start importing Assets/Audio/lowFrequency_explosion_000.ogg using Guid(49b84b77eadcc6f42823b4e071ba2e95) Importer(815301076,1909f56bfc062723c751e8b465ee728b)  -> (artifact id: '3d097144d8e0313f1cd61b5618c48e52') in 0.079350 seconds 
========================================================================
Received Import Request.
  Time since last request: 46.569502 seconds.
  path: Assets/Audio/desktop.ini
  artifactKey: Guid(02d3faf2f519f7b43904afb41b86e35c) Importer(815301076,1909f56bfc062723c751e8b465ee728b)
Start importing Assets/Audio/desktop.ini using Guid(02d3faf2f519f7b43904afb41b86e35c) Importer(815301076,1909f56bfc062723c751e8b465ee728b)  -> (artifact id: '025801e34196c0afc410084747081d78') in 0.022179 seconds 
========================================================================
Received Import Request.
  Time since last request: 1432.496575 seconds.
  path: Assets/Scenes/1.unity
  artifactKey: Guid(bc293f83debddaa408307288e1957425) Importer(815301076,1909f56bfc062723c751e8b465ee728b)
Start importing Assets/Scenes/1.unity using Guid(bc293f83debddaa408307288e1957425) Importer(815301076,1909f56bfc062723c751e8b465ee728b)  -> (artifact id: 'd1ac9a9b6fc583d59bee90c37ce11a0a') in 0.019556 seconds 
========================================================================
Received Import Request.
  Time since last request: 23.222957 seconds.
  path: Assets/Script/MusicFiles.cs
  artifactKey: Guid(258525b9078d22945b4f05e1655182f5) Importer(815301076,1909f56bfc062723c751e8b465ee728b)
Start importing Assets/Script/MusicFiles.cs using Guid(258525b9078d22945b4f05e1655182f5) Importer(815301076,1909f56bfc062723c751e8b465ee728b)  -> (artifact id: '4cb9c53cb254250576e9d17eca224a9f') in 0.028771 seconds 
========================================================================
Received Prepare
Registering precompiled user dll's ...
Registered in 0.004770 seconds.
Begin MonoManager ReloadAssembly
Symbol file LoadedFromMemory is not a mono symbol file
Native extension for WindowsStandalone target not found
Refreshing native plugins compatible for Editor in 0.76 ms, found 2 plugins.
Preloading 0 native plugins for Editor in 0.00 ms.
Mono: successfully reloaded assembly
- Completed reload, in  1.407 seconds
Domain Reload Profiling:
	ReloadAssembly (1408ms)
		BeginReloadAssembly (231ms)
			ExecutionOrderSort (0ms)
			DisableScriptedObjects (9ms)
			BackupInstance (0ms)
			ReleaseScriptingObjects (0ms)
			CreateAndSetChildDomain (53ms)
		EndReloadAssembly (989ms)
			LoadAssemblies (171ms)
			RebuildTransferFunctionScriptingTraits (0ms)
			SetupTypeCache (261ms)
			ReleaseScriptCaches (1ms)
			RebuildScriptCaches (62ms)
			SetupLoadedEditorAssemblies (477ms)
				LogAssemblyErrors (0ms)
				InitializePlatformSupportModulesInManaged (20ms)
				SetLoadedEditorAssemblies (1ms)
				RefreshPlugins (1ms)
				BeforeProcessingInitializeOnLoad (75ms)
				ProcessInitializeOnLoadAttributes (331ms)
				ProcessInitializeOnLoadMethodAttributes (34ms)
				AfterProcessingInitializeOnLoad (14ms)
				EditorAssembliesLoaded (0ms)
			ExecutionOrderSort2 (0ms)
			AwakeInstancesAfterBackupRestoration (10ms)
Platform modules already initialized, skipping
Refreshing native plugins compatible for Editor in 1.85 ms, found 2 plugins.
Preloading 0 native plugins for Editor in 0.00 ms.
Unloading 1866 Unused Serialized files (Serialized files now loaded: 0)
Unloading 23 unused Assets / (1.3 MB). Loaded Objects now: 2424.
Memory consumption went from 104.6 MB to 103.3 MB.
Total: 4.402200 ms (FindLiveObjects: 0.239600 ms CreateObjectMapping: 0.091800 ms MarkObjects: 3.704500 ms  DeleteObjects: 0.364800 ms)

AssetImportParameters requested are different than current active one (requested -> active):
  custom:video-decoder-ogg-theora: a1e56fd34408186e4bbccfd4996cb3dc -> 
  custom:container-muxer-webm: aa71ff27fc2769a1b78a27578f13a17b -> 
  custom:container-demuxer-webm: 4f35f7cbe854078d1ac9338744f61a02 -> 
  custom:video-encoder-webm-vp8: eb34c28f22e8b96e1ab97ce403110664 -> 
  custom:audio-encoder-webm-vorbis: bf7c407c2cedff20999df2af8eb42d56 -> 
  custom:framework-win-MediaFoundation: 216162199b28c13a410421893ffa2e32 -> 
  custom:container-demuxer-ogg: 62fdf1f143b41e24485cea50d1cbac27 -> 
  custom:video-decoder-webm-vp8: 9c59270c3fd7afecdb556c50c9e8de78 -> 
  custom:audio-decoder-ogg-vorbis: bf7c407c2cedff20999df2af8eb42d56 -> 
========================================================================
Received Prepare
Registering precompiled user dll's ...
Registered in 0.003519 seconds.
Begin MonoManager ReloadAssembly
Symbol file LoadedFromMemory is not a mono symbol file
Native extension for WindowsStandalone target not found
Refreshing native plugins compatible for Editor in 0.93 ms, found 2 plugins.
Preloading 0 native plugins for Editor in 0.00 ms.
Mono: successfully reloaded assembly
- Completed reload, in  1.511 seconds
Domain Reload Profiling:
	ReloadAssembly (1513ms)
		BeginReloadAssembly (193ms)
			ExecutionOrderSort (0ms)
			DisableScriptedObjects (10ms)
			BackupInstance (0ms)
			ReleaseScriptingObjects (0ms)
			CreateAndSetChildDomain (43ms)
		EndReloadAssembly (1158ms)
			LoadAssemblies (147ms)
			RebuildTransferFunctionScriptingTraits (0ms)
			SetupTypeCache (293ms)
			ReleaseScriptCaches (1ms)
			RebuildScriptCaches (73ms)
			SetupLoadedEditorAssemblies (572ms)
				LogAssemblyErrors (0ms)
				InitializePlatformSupportModulesInManaged (32ms)
				SetLoadedEditorAssemblies (1ms)
				RefreshPlugins (1ms)
				BeforeProcessingInitializeOnLoad (93ms)
				ProcessInitializeOnLoadAttributes (390ms)
				ProcessInitializeOnLoadMethodAttributes (43ms)
				AfterProcessingInitializeOnLoad (13ms)
				EditorAssembliesLoaded (0ms)
			ExecutionOrderSort2 (0ms)
			AwakeInstancesAfterBackupRestoration (9ms)
Platform modules already initialized, skipping
Refreshing native plugins compatible for Editor in 2.28 ms, found 2 plugins.
Preloading 0 native plugins for Editor in 0.00 ms.
Unloading 1866 Unused Serialized files (Serialized files now loaded: 0)
Unloading 23 unused Assets / (1.3 MB). Loaded Objects now: 2439.
Memory consumption went from 104.7 MB to 103.3 MB.
Total: 10.397900 ms (FindLiveObjects: 0.711100 ms CreateObjectMapping: 0.411300 ms MarkObjects: 8.760300 ms  DeleteObjects: 0.509900 ms)

AssetImportParameters requested are different than current active one (requested -> active):
  custom:video-decoder-ogg-theora: a1e56fd34408186e4bbccfd4996cb3dc -> 
  custom:container-muxer-webm: aa71ff27fc2769a1b78a27578f13a17b -> 
  custom:container-demuxer-webm: 4f35f7cbe854078d1ac9338744f61a02 -> 
  custom:video-encoder-webm-vp8: eb34c28f22e8b96e1ab97ce403110664 -> 
  custom:audio-encoder-webm-vorbis: bf7c407c2cedff20999df2af8eb42d56 -> 
  custom:framework-win-MediaFoundation: 216162199b28c13a410421893ffa2e32 -> 
  custom:container-demuxer-ogg: 62fdf1f143b41e24485cea50d1cbac27 -> 
  custom:video-decoder-webm-vp8: 9c59270c3fd7afecdb556c50c9e8de78 -> 
  custom:audio-decoder-ogg-vorbis: bf7c407c2cedff20999df2af8eb42d56 -> 
========================================================================
Received Import Request.
  Time since last request: 131.170250 seconds.
  path: Assets/Scenes/0.unity
  artifactKey: Guid(9fc0d4010bbf28b4594072e72b8655ab) Importer(815301076,1909f56bfc062723c751e8b465ee728b)
Start importing Assets/Scenes/0.unity using Guid(9fc0d4010bbf28b4594072e72b8655ab) Importer(815301076,1909f56bfc062723c751e8b465ee728b)  -> (artifact id: '306bde41028508951383d63a7c28787a') in 0.027450 seconds 
========================================================================
Received Import Request.
  Time since last request: 80.985364 seconds.
  path: Assets/Script/Obstacle.cs
  artifactKey: Guid(31fdb1b63dfbc68449379943a80f4b4c) Importer(815301076,1909f56bfc062723c751e8b465ee728b)
Start importing Assets/Script/Obstacle.cs using Guid(31fdb1b63dfbc68449379943a80f4b4c) Importer(815301076,1909f56bfc062723c751e8b465ee728b)  -> (artifact id: 'e8dce1f42f2ce068fd0ec8b70448d3f0') in 0.011088 seconds 
========================================================================
Received Import Request.
  Time since last request: 10.635419 seconds.
  path: Assets/Script/PauseManager.cs
  artifactKey: Guid(6376f008736a0174daa1a997bf287697) Importer(815301076,1909f56bfc062723c751e8b465ee728b)
Start importing Assets/Script/PauseManager.cs using Guid(6376f008736a0174daa1a997bf287697) Importer(815301076,1909f56bfc062723c751e8b465ee728b)  -> (artifact id: 'fcda668d6d43704940cdc1327a1a690c') in 0.016766 seconds 
========================================================================
Received Import Request.
  Time since last request: 5.140971 seconds.
  path: Assets/Script/CameraSwitch.cs
  artifactKey: Guid(a22530c8f60b25447b66085bbbf1621c) Importer(815301076,1909f56bfc062723c751e8b465ee728b)
Start importing Assets/Script/CameraSwitch.cs using Guid(a22530c8f60b25447b66085bbbf1621c) Importer(815301076,1909f56bfc062723c751e8b465ee728b)  -> (artifact id: '565da21d4b3cfa3eed1ed7e11f8d7946') in 0.015554 seconds 
========================================================================
Received Import Request.
  Time since last request: 1.765511 seconds.
  path: Assets/Script/CharacterController.cs
  artifactKey: Guid(2f0a071e22f934845944457497880a11) Importer(815301076,1909f56bfc062723c751e8b465ee728b)
Start importing Assets/Script/CharacterController.cs using Guid(2f0a071e22f934845944457497880a11) Importer(815301076,1909f56bfc062723c751e8b465ee728b)  -> (artifact id: 'f509d2f8462a7b8cdd3fe668caacb8cb') in 0.014440 seconds 
========================================================================
Received Import Request.
  Time since last request: 14.502682 seconds.
  path: Assets/Script/LevelManager.cs
  artifactKey: Guid(8b67000c559e07c4b886169cf19398fa) Importer(815301076,1909f56bfc062723c751e8b465ee728b)
Start importing Assets/Script/LevelManager.cs using Guid(8b67000c559e07c4b886169cf19398fa) Importer(815301076,1909f56bfc062723c751e8b465ee728b)  -> (artifact id: 'a108607d50ec33d52470d7bb450d05d7') in 0.013665 seconds 
========================================================================
Received Import Request.
  Time since last request: 4.589158 seconds.
  path: Assets/Script/MobileControl.cs
  artifactKey: Guid(b4d2dc914ac0aa64aa0b639695bd32e6) Importer(815301076,1909f56bfc062723c751e8b465ee728b)
Start importing Assets/Script/MobileControl.cs using Guid(b4d2dc914ac0aa64aa0b639695bd32e6) Importer(815301076,1909f56bfc062723c751e8b465ee728b)  -> (artifact id: '83f65c620cccd8d90fa299736acbaee7') in 0.015160 seconds 
========================================================================
Received Import Request.
  Time since last request: 94.181943 seconds.
  path: Assets/Audio/SciFiUISoundFX
  artifactKey: Guid(5f6ec8911bc7f51409cfd30739f8b429) Importer(815301076,1909f56bfc062723c751e8b465ee728b)
Start importing Assets/Audio/SciFiUISoundFX using Guid(5f6ec8911bc7f51409cfd30739f8b429) Importer(815301076,1909f56bfc062723c751e8b465ee728b)  -> (artifact id: 'c41c70264c9a8295222ea64e4a71f093') in 0.019237 seconds 
========================================================================
Received Import Request.
  Time since last request: 1.879493 seconds.
  path: Assets/Audio/SciFiUISoundFX/Denied
  artifactKey: Guid(8014aeb562d792040b47057c813919b7) Importer(815301076,1909f56bfc062723c751e8b465ee728b)
Start importing Assets/Audio/SciFiUISoundFX/Denied using Guid(8014aeb562d792040b47057c813919b7) Importer(815301076,1909f56bfc062723c751e8b465ee728b)  -> (artifact id: 'efa3b72f6b23da2093faea99aed9f5b9') in 0.020678 seconds 
========================================================================
Received Import Request.
  Time since last request: 1.009456 seconds.
  path: Assets/Audio/SciFiUISoundFX/Denied/Denied1.wav
  artifactKey: Guid(2118b5e5eb34176439a93b8f7238193a) Importer(815301076,1909f56bfc062723c751e8b465ee728b)
Start importing Assets/Audio/SciFiUISoundFX/Denied/Denied1.wav using Guid(2118b5e5eb34176439a93b8f7238193a) Importer(815301076,1909f56bfc062723c751e8b465ee728b)  -> (artifact id: '11b0a934f5caaade90a7bd7207954edb') in 0.147163 seconds 
========================================================================
Received Import Request.
  Time since last request: 0.000037 seconds.
  path: Assets/Audio/SciFiUISoundFX/Denied/Denied3.wav
  artifactKey: Guid(ff9c732995023ad40a6a8730d343fddc) Importer(815301076,1909f56bfc062723c751e8b465ee728b)
Start importing Assets/Audio/SciFiUISoundFX/Denied/Denied3.wav using Guid(ff9c732995023ad40a6a8730d343fddc) Importer(815301076,1909f56bfc062723c751e8b465ee728b)  -> (artifact id: '989efa4050061d833a06aecc7bc6fd64') in 0.075117 seconds 
========================================================================
Received Import Request.
  Time since last request: 0.000111 seconds.
  path: Assets/Audio/SciFiUISoundFX/Denied/Denied7.wav
  artifactKey: Guid(7d1db80367819f44ebe863ac67c40926) Importer(815301076,1909f56bfc062723c751e8b465ee728b)
Start importing Assets/Audio/SciFiUISoundFX/Denied/Denied7.wav using Guid(7d1db80367819f44ebe863ac67c40926) Importer(815301076,1909f56bfc062723c751e8b465ee728b)  -> (artifact id: 'd312d35a9d2f88a7b02ce52316186ac8') in 0.068203 seconds 
========================================================================
Received Import Request.
  Time since last request: 0.000082 seconds.
  path: Assets/Audio/SciFiUISoundFX/Denied/Denied5.wav
  artifactKey: Guid(747ba53d9fcb54b4bb2bdd8ea8c7cc85) Importer(815301076,1909f56bfc062723c751e8b465ee728b)
Start importing Assets/Audio/SciFiUISoundFX/Denied/Denied5.wav using Guid(747ba53d9fcb54b4bb2bdd8ea8c7cc85) Importer(815301076,1909f56bfc062723c751e8b465ee728b)  -> (artifact id: '9ced93883f3c04da3bc1cf56d61b84c0') in 0.089463 seconds 
========================================================================
Received Import Request.
  Time since last request: 6.244122 seconds.
  path: Assets/Audio/SciFiUISoundFX/Acknowledge/Acknowledge1.wav
  artifactKey: Guid(ae9e829741082eb4093adf3c61753e96) Importer(815301076,1909f56bfc062723c751e8b465ee728b)
Start importing Assets/Audio/SciFiUISoundFX/Acknowledge/Acknowledge1.wav using Guid(ae9e829741082eb4093adf3c61753e96) Importer(815301076,1909f56bfc062723c751e8b465ee728b)  -> (artifact id: 'ad9be3648d27839f382449b04ae0eb55') in 0.029602 seconds 
========================================================================
Received Import Request.
  Time since last request: 3.152782 seconds.
  path: Assets/Audio/SciFiUISoundFX/Message/Message02.wav
  artifactKey: Guid(351fe344ba1e9154a9535b7d798700c2) Importer(815301076,1909f56bfc062723c751e8b465ee728b)
Start importing Assets/Audio/SciFiUISoundFX/Message/Message02.wav using Guid(351fe344ba1e9154a9535b7d798700c2) Importer(815301076,1909f56bfc062723c751e8b465ee728b)  -> (artifact id: '37c8f9a3ec070e606626cab01cb9f8c8') in 0.032017 seconds 
========================================================================
Received Import Request.
  Time since last request: 0.000053 seconds.
  path: Assets/Audio/SciFiUISoundFX/Message/Message12.wav
  artifactKey: Guid(4a37e82621d124d42b2c4b28571bae97) Importer(815301076,1909f56bfc062723c751e8b465ee728b)
Start importing Assets/Audio/SciFiUISoundFX/Message/Message12.wav using Guid(4a37e82621d124d42b2c4b28571bae97) Importer(815301076,1909f56bfc062723c751e8b465ee728b)  -> (artifact id: '76c624671865433a4a2ce2b084aeaec0') in 0.054150 seconds 
========================================================================
Received Import Request.
  Time since last request: 0.000041 seconds.
  path: Assets/Audio/SciFiUISoundFX/Message/Message11.wav
  artifactKey: Guid(c2eb0e9af976c4e429ae73159662a049) Importer(815301076,1909f56bfc062723c751e8b465ee728b)
Start importing Assets/Audio/SciFiUISoundFX/Message/Message11.wav using Guid(c2eb0e9af976c4e429ae73159662a049) Importer(815301076,1909f56bfc062723c751e8b465ee728b)  -> (artifact id: '91130a31ac562e13946b80de4596087a') in 0.043232 seconds 
========================================================================
Received Import Request.
  Time since last request: 0.000085 seconds.
  path: Assets/Audio/SciFiUISoundFX/Message/Message15.wav
  artifactKey: Guid(80138980070fc354aafe3f99a7a23250) Importer(815301076,1909f56bfc062723c751e8b465ee728b)
Start importing Assets/Audio/SciFiUISoundFX/Message/Message15.wav using Guid(80138980070fc354aafe3f99a7a23250) Importer(815301076,1909f56bfc062723c751e8b465ee728b)  -> (artifact id: 'e3ca7d7e9777414d2e263ae28d673228') in 0.044797 seconds 
========================================================================
Received Import Request.
  Time since last request: 0.000086 seconds.
  path: Assets/Audio/SciFiUISoundFX/Message/Message05.wav
  artifactKey: Guid(6a1e8a1e0bb3f9542b98301c75ef916a) Importer(815301076,1909f56bfc062723c751e8b465ee728b)
Start importing Assets/Audio/SciFiUISoundFX/Message/Message05.wav using Guid(6a1e8a1e0bb3f9542b98301c75ef916a) Importer(815301076,1909f56bfc062723c751e8b465ee728b)  -> (artifact id: 'c7c6d404b611bcb6036ca82aa498527f') in 0.059772 seconds 
========================================================================
Received Import Request.
  Time since last request: 0.000029 seconds.
  path: Assets/Audio/SciFiUISoundFX/Message/Message10.wav
  artifactKey: Guid(885a80749f84c82499a0a4c8460ef6f1) Importer(815301076,1909f56bfc062723c751e8b465ee728b)
Start importing Assets/Audio/SciFiUISoundFX/Message/Message10.wav using Guid(885a80749f84c82499a0a4c8460ef6f1) Importer(815301076,1909f56bfc062723c751e8b465ee728b)  -> (artifact id: '1eeaa8359f3fb53dcaebc1bf4ece5478') in 0.045195 seconds 
========================================================================
Received Import Request.
  Time since last request: 0.000078 seconds.
  path: Assets/Audio/SciFiUISoundFX/Message/Message16.wav
  artifactKey: Guid(045f5fef77c61d747878b06414ccbb20) Importer(815301076,1909f56bfc062723c751e8b465ee728b)
Start importing Assets/Audio/SciFiUISoundFX/Message/Message16.wav using Guid(045f5fef77c61d747878b06414ccbb20) Importer(815301076,1909f56bfc062723c751e8b465ee728b)  -> (artifact id: '307add921a19b9f53f0fd85e092f3695') in 0.060750 seconds 
========================================================================
Received Import Request.
  Time since last request: 13.772940 seconds.
  path: Assets/Audio/SciFiUISoundFX/Select/Select02.wav
  artifactKey: Guid(cf9e5894d7fc07c4ab549507bb9c9789) Importer(815301076,1909f56bfc062723c751e8b465ee728b)
Start importing Assets/Audio/SciFiUISoundFX/Select/Select02.wav using Guid(cf9e5894d7fc07c4ab549507bb9c9789) Importer(815301076,1909f56bfc062723c751e8b465ee728b)  -> (artifact id: '3098dcd1a5f75003863bd27cabac7df4') in 0.039386 seconds 
========================================================================
Received Import Request.
  Time since last request: 0.000029 seconds.
  path: Assets/Audio/SciFiUISoundFX/Select/Select14.wav
  artifactKey: Guid(910eb37bfe5795f4c99931f6ea66f9f4) Importer(815301076,1909f56bfc062723c751e8b465ee728b)
Start importing Assets/Audio/SciFiUISoundFX/Select/Select14.wav using Guid(910eb37bfe5795f4c99931f6ea66f9f4) Importer(815301076,1909f56bfc062723c751e8b465ee728b)  -> (artifact id: '44fa70c7d06b9afe4dd4d4c61d7d852a') in 0.066173 seconds 
========================================================================
Received Import Request.
  Time since last request: 0.000046 seconds.
  path: Assets/Audio/SciFiUISoundFX/Select/Select11.wav
  artifactKey: Guid(55e871e1f8eb7d044b12b958b2e3a557) Importer(815301076,1909f56bfc062723c751e8b465ee728b)
Start importing Assets/Audio/SciFiUISoundFX/Select/Select11.wav using Guid(55e871e1f8eb7d044b12b958b2e3a557) Importer(815301076,1909f56bfc062723c751e8b465ee728b)  -> (artifact id: '7bf74710ff6537dc51ab9240a815efa5') in 0.039986 seconds 
========================================================================
Received Import Request.
  Time since last request: 0.000136 seconds.
  path: Assets/Audio/SciFiUISoundFX/Select/Select17.wav
  artifactKey: Guid(b8512fbcac3c0e443b881af2af4a6ed8) Importer(815301076,1909f56bfc062723c751e8b465ee728b)
Start importing Assets/Audio/SciFiUISoundFX/Select/Select17.wav using Guid(b8512fbcac3c0e443b881af2af4a6ed8) Importer(815301076,1909f56bfc062723c751e8b465ee728b)  -> (artifact id: '34f66a3396f8c785cedf0b2f76fc53b5') in 0.052449 seconds 
========================================================================
Received Import Request.
  Time since last request: 0.000057 seconds.
  path: Assets/Audio/SciFiUISoundFX/Select/Select20.wav
  artifactKey: Guid(015f83472a6d14e418fdca4aec123dd5) Importer(815301076,1909f56bfc062723c751e8b465ee728b)
Start importing Assets/Audio/SciFiUISoundFX/Select/Select20.wav using Guid(015f83472a6d14e418fdca4aec123dd5) Importer(815301076,1909f56bfc062723c751e8b465ee728b)  -> (artifact id: 'b615fb1c2c0738cf808d63a03c6488c4') in 0.078765 seconds 
========================================================================
Received Import Request.
  Time since last request: 15.052647 seconds.
  path: Assets/Audio/SciFiUISoundFX/Signal/Signal02.wav
  artifactKey: Guid(b6c6ce34eff640b44accad2debef054a) Importer(815301076,1909f56bfc062723c751e8b465ee728b)
Start importing Assets/Audio/SciFiUISoundFX/Signal/Signal02.wav using Guid(b6c6ce34eff640b44accad2debef054a) Importer(815301076,1909f56bfc062723c751e8b465ee728b)  -> (artifact id: '7b998657926e78c9717e236fba4c62b2') in 0.036723 seconds 
========================================================================
Received Import Request.
  Time since last request: 0.000030 seconds.
  path: Assets/Audio/SciFiUISoundFX/Signal/Signal09.wav
  artifactKey: Guid(ae0db05af257c1a49a099201c9e78a8b) Importer(815301076,1909f56bfc062723c751e8b465ee728b)
Start importing Assets/Audio/SciFiUISoundFX/Signal/Signal09.wav using Guid(ae0db05af257c1a49a099201c9e78a8b) Importer(815301076,1909f56bfc062723c751e8b465ee728b)  -> (artifact id: 'adc10fbfa48b6307c7f3c523eedfb81c') in 0.071144 seconds 
========================================================================
Received Import Request.
  Time since last request: 0.000035 seconds.
  path: Assets/Audio/SciFiUISoundFX/Signal/Signal08.wav
  artifactKey: Guid(b8e099f471767774c9b9dd2cd6f7de15) Importer(815301076,1909f56bfc062723c751e8b465ee728b)
Start importing Assets/Audio/SciFiUISoundFX/Signal/Signal08.wav using Guid(b8e099f471767774c9b9dd2cd6f7de15) Importer(815301076,1909f56bfc062723c751e8b465ee728b)  -> (artifact id: '025c1bb70ab1c7fc84b52eca1f0c2ef1') in 0.047831 seconds 
========================================================================
Received Import Request.
  Time since last request: 15.685652 seconds.
  path: Assets/Audio/SciFiUISoundFX/Slider/Slider2.wav
  artifactKey: Guid(433c1fba63b4a924cbed3c3f301d1d61) Importer(815301076,1909f56bfc062723c751e8b465ee728b)
Start importing Assets/Audio/SciFiUISoundFX/Slider/Slider2.wav using Guid(433c1fba63b4a924cbed3c3f301d1d61) Importer(815301076,1909f56bfc062723c751e8b465ee728b)  -> (artifact id: '793bcda10f79dae4d87bfc7326062121') in 0.030037 seconds 
========================================================================
Received Import Request.
  Time since last request: 15.225490 seconds.
  path: Assets/Ash Valley Cybernetics Lite/Ambiences/MP3/Musical Bridge.mp3
  artifactKey: Guid(9d3b128e8f2704a03bd30b36e88ebb11) Importer(815301076,1909f56bfc062723c751e8b465ee728b)
Start importing Assets/Ash Valley Cybernetics Lite/Ambiences/MP3/Musical Bridge.mp3 using Guid(9d3b128e8f2704a03bd30b36e88ebb11) Importer(815301076,1909f56bfc062723c751e8b465ee728b)  -> (artifact id: '419ba7cb7f607c58464cca382300e159') in 0.045779 seconds 
========================================================================
Received Import Request.
  Time since last request: 5.706589 seconds.
  path: Assets/Ash Valley Cybernetics Lite/Ambiences/MP3/Nautural/Rain 3.mp3
  artifactKey: Guid(4c894fc40d959453cb3aef940e90dc07) Importer(815301076,1909f56bfc062723c751e8b465ee728b)
Start importing Assets/Ash Valley Cybernetics Lite/Ambiences/MP3/Nautural/Rain 3.mp3 using Guid(4c894fc40d959453cb3aef940e90dc07) Importer(815301076,1909f56bfc062723c751e8b465ee728b)  -> (artifact id: 'f97bf6c5373c4f21a8e4839235083715') in 0.025589 seconds 
========================================================================
Received Import Request.
  Time since last request: 6.980944 seconds.
  path: Assets/Ash Valley Cybernetics Lite/C System Mother/Overhead/Access/air lock openingOVERHEAD.mp3
  artifactKey: Guid(bc46f1df9bd1c4c98b17b526b9b27279) Importer(815301076,1909f56bfc062723c751e8b465ee728b)
Start importing Assets/Ash Valley Cybernetics Lite/C System Mother/Overhead/Access/air lock openingOVERHEAD.mp3 using Guid(bc46f1df9bd1c4c98b17b526b9b27279) Importer(815301076,1909f56bfc062723c751e8b465ee728b)  -> (artifact id: '2ce27dccb83e42d58b036f6f789103ee') in 0.056149 seconds 
========================================================================
Received Import Request.
  Time since last request: 15.596217 seconds.
  path: Assets/Ash Valley Cybernetics Lite/SFX/Electric doors/MP3/MechDoor5.mp3
  artifactKey: Guid(f6d04b5ecde9040a79b7717503989ae0) Importer(815301076,1909f56bfc062723c751e8b465ee728b)
Start importing Assets/Ash Valley Cybernetics Lite/SFX/Electric doors/MP3/MechDoor5.mp3 using Guid(f6d04b5ecde9040a79b7717503989ae0) Importer(815301076,1909f56bfc062723c751e8b465ee728b)  -> (artifact id: 'c8f496b79475e039f8c1ef97a4e79f94') in 0.030266 seconds 
========================================================================
Received Import Request.
  Time since last request: 15.429129 seconds.
  path: Assets/Ash Valley Cybernetics Lite/SFX/Footsteps/MP3/Footsteps3.mp3
  artifactKey: Guid(59e2e8084a3c34b23bc56ca7c2195ec6) Importer(815301076,1909f56bfc062723c751e8b465ee728b)
Start importing Assets/Ash Valley Cybernetics Lite/SFX/Footsteps/MP3/Footsteps3.mp3 using Guid(59e2e8084a3c34b23bc56ca7c2195ec6) Importer(815301076,1909f56bfc062723c751e8b465ee728b)  -> (artifact id: 'aee198078ea2144243972d4398f1c6f2') in 0.031554 seconds 
========================================================================
Received Prepare
Registering precompiled user dll's ...
Registered in 0.004129 seconds.
Begin MonoManager ReloadAssembly
Symbol file LoadedFromMemory is not a mono symbol file
Native extension for WindowsStandalone target not found
Refreshing native plugins compatible for Editor in 1.07 ms, found 2 plugins.
Preloading 0 native plugins for Editor in 0.00 ms.
Mono: successfully reloaded assembly
- Completed reload, in  2.033 seconds
Domain Reload Profiling:
	ReloadAssembly (2035ms)
		BeginReloadAssembly (225ms)
			ExecutionOrderSort (0ms)
			DisableScriptedObjects (8ms)
			BackupInstance (0ms)
			ReleaseScriptingObjects (0ms)
			CreateAndSetChildDomain (54ms)
		EndReloadAssembly (1602ms)
			LoadAssemblies (193ms)
			RebuildTransferFunctionScriptingTraits (0ms)
			SetupTypeCache (439ms)
			ReleaseScriptCaches (7ms)
			RebuildScriptCaches (116ms)
			SetupLoadedEditorAssemblies (684ms)
				LogAssemblyErrors (0ms)
				InitializePlatformSupportModulesInManaged (26ms)
				SetLoadedEditorAssemblies (1ms)
				RefreshPlugins (1ms)
				BeforeProcessingInitializeOnLoad (112ms)
				ProcessInitializeOnLoadAttributes (456ms)
				ProcessInitializeOnLoadMethodAttributes (62ms)
				AfterProcessingInitializeOnLoad (25ms)
				EditorAssembliesLoaded (0ms)
			ExecutionOrderSort2 (0ms)
			AwakeInstancesAfterBackupRestoration (13ms)
Platform modules already initialized, skipping
Refreshing native plugins compatible for Editor in 4.18 ms, found 2 plugins.
Preloading 0 native plugins for Editor in 0.00 ms.
Unloading 1866 Unused Serialized files (Serialized files now loaded: 0)
Unloading 23 unused Assets / (1.3 MB). Loaded Objects now: 2454.
Memory consumption went from 104.7 MB to 103.4 MB.
Total: 13.210900 ms (FindLiveObjects: 0.498400 ms CreateObjectMapping: 0.262000 ms MarkObjects: 10.959100 ms  DeleteObjects: 1.485400 ms)

AssetImportParameters requested are different than current active one (requested -> active):
  custom:video-decoder-ogg-theora: a1e56fd34408186e4bbccfd4996cb3dc -> 
  custom:container-muxer-webm: aa71ff27fc2769a1b78a27578f13a17b -> 
  custom:container-demuxer-webm: 4f35f7cbe854078d1ac9338744f61a02 -> 
  custom:video-encoder-webm-vp8: eb34c28f22e8b96e1ab97ce403110664 -> 
  custom:audio-encoder-webm-vorbis: bf7c407c2cedff20999df2af8eb42d56 -> 
  custom:framework-win-MediaFoundation: 216162199b28c13a410421893ffa2e32 -> 
  custom:container-demuxer-ogg: 62fdf1f143b41e24485cea50d1cbac27 -> 
  custom:video-decoder-webm-vp8: 9c59270c3fd7afecdb556c50c9e8de78 -> 
  custom:audio-decoder-ogg-vorbis: bf7c407c2cedff20999df2af8eb42d56 -> 
Editor requested this worker to shutdown with reason: Scaling down because of idle timeout
AssetImportWorker is now disconnected from the server
Process exiting
Exiting without the bug reporter. Application will terminate with return code 0