Using pre-set license
Built from '2021.3/staging' branch; Version is '2021.3.1f1 (3b70a0754835) revision 3895456'; Using compiler version '192829333'; Build Type 'Release'
OS: 'Windows 10  (10.0.19044) 64bit Enterprise' Language: 'en' Physical Memory: 16251 MB
BatchMode: 1, IsHumanControllingUs: 0, StartBugReporterOnCrash: 0, Is64bit: 1, IsPro: 1

COMMAND LINE ARGUMENTS:
D:\UnityEditor\2021.3.1f1\Editor\Unity.exe
-adb2
-batchMode
-noUpm
-name
AssetImportWorker14
-projectPath
C:/Users/Giray/Documents/GitHub/The-100/SpaceBuzz
-logFile
Logs/AssetImportWorker14.log
-srvPort
49440
Successfully changed project path to: C:/Users/Giray/Documents/GitHub/The-100/SpaceBuzz
C:/Users/Giray/Documents/GitHub/The-100/SpaceBuzz
[UnityMemory] Configuration Parameters - Can be set up in boot.config
    "memorysetup-bucket-allocator-granularity=16"
    "memorysetup-bucket-allocator-bucket-count=8"
    "memorysetup-bucket-allocator-block-size=33554432"
    "memorysetup-bucket-allocator-block-count=8"
    "memorysetup-main-allocator-block-size=16777216"
    "memorysetup-thread-allocator-block-size=16777216"
    "memorysetup-gfx-main-allocator-block-size=16777216"
    "memorysetup-gfx-thread-allocator-block-size=16777216"
    "memorysetup-cache-allocator-block-size=4194304"
    "memorysetup-typetree-allocator-block-size=2097152"
    "memorysetup-profiler-bucket-allocator-granularity=16"
    "memorysetup-profiler-bucket-allocator-bucket-count=8"
    "memorysetup-profiler-bucket-allocator-block-size=33554432"
    "memorysetup-profiler-bucket-allocator-block-count=8"
    "memorysetup-profiler-allocator-block-size=16777216"
    "memorysetup-profiler-editor-allocator-block-size=1048576"
    "memorysetup-temp-allocator-size-main=16777216"
    "memorysetup-job-temp-allocator-block-size=2097152"
    "memorysetup-job-temp-allocator-block-size-background=1048576"
    "memorysetup-job-temp-allocator-reduction-small-platforms=262144"
    "memorysetup-temp-allocator-size-background-worker=32768"
    "memorysetup-temp-allocator-size-job-worker=262144"
    "memorysetup-temp-allocator-size-preload-manager=33554432"
    "memorysetup-temp-allocator-size-nav-mesh-worker=65536"
    "memorysetup-temp-allocator-size-audio-worker=65536"
    "memorysetup-temp-allocator-size-cloud-worker=32768"
    "memorysetup-temp-allocator-size-gi-baking-worker=262144"
    "memorysetup-temp-allocator-size-gfx=262144"
Refreshing native plugins compatible for Editor in 112.46 ms, found 2 plugins.
Preloading 0 native plugins for Editor in 0.00 ms.
Initialize engine version: 2021.3.1f1 (3b70a0754835)
[Subsystems] Discovering subsystems at path D:/UnityEditor/2021.3.1f1/Editor/Data/Resources/UnitySubsystems
[Subsystems] Discovering subsystems at path C:/Users/Giray/Documents/GitHub/The-100/SpaceBuzz/Assets
GfxDevice: creating device client; threaded=0; jobified=0
Direct3D:
    Version:  Direct3D 11.0 [level 11.1]
    Renderer: NVIDIA GeForce RTX 2060 (ID=0x1f15)
    Vendor:   NVIDIA
    VRAM:     5980 MB
    Driver:   30.0.14.9729
Initialize mono
Mono path[0] = 'D:/UnityEditor/2021.3.1f1/Editor/Data/Managed'
Mono path[1] = 'D:/UnityEditor/2021.3.1f1/Editor/Data/MonoBleedingEdge/lib/mono/unityjit-win32'
Mono config path = 'D:/UnityEditor/2021.3.1f1/Editor/Data/MonoBleedingEdge/etc'
Using monoOptions --debugger-agent=transport=dt_socket,embedding=1,server=y,suspend=n,address=127.0.0.1:56880
Begin MonoManager ReloadAssembly
Registering precompiled unity dll's ...
Register platform support module: D:/UnityEditor/2021.3.1f1/Editor/Data/PlaybackEngines/WebGLSupport/UnityEditor.WebGL.Extensions.dll
Register platform support module: D:/UnityEditor/2021.3.1f1/Editor/Data/PlaybackEngines/AndroidPlayer/UnityEditor.Android.Extensions.dll
Register platform support module: D:/UnityEditor/2021.3.1f1/Editor/Data/PlaybackEngines/WindowsStandaloneSupport/UnityEditor.WindowsStandalone.Extensions.dll
Registered in 0.005320 seconds.
Native extension for WindowsStandalone target not found
Native extension for Android target not found
Native extension for WebGL target not found
Refreshing native plugins compatible for Editor in 82.84 ms, found 2 plugins.
Preloading 0 native plugins for Editor in 0.00 ms.
Mono: successfully reloaded assembly
- Completed reload, in  1.035 seconds
Domain Reload Profiling:
	ReloadAssembly (1035ms)
		BeginReloadAssembly (147ms)
			ExecutionOrderSort (0ms)
			DisableScriptedObjects (0ms)
			BackupInstance (0ms)
			ReleaseScriptingObjects (0ms)
			CreateAndSetChildDomain (2ms)
		EndReloadAssembly (718ms)
			LoadAssemblies (147ms)
			RebuildTransferFunctionScriptingTraits (0ms)
			SetupTypeCache (181ms)
			ReleaseScriptCaches (0ms)
			RebuildScriptCaches (46ms)
			SetupLoadedEditorAssemblies (411ms)
				LogAssemblyErrors (0ms)
				InitializePlatformSupportModulesInManaged (92ms)
				SetLoadedEditorAssemblies (0ms)
				RefreshPlugins (83ms)
				BeforeProcessingInitializeOnLoad (2ms)
				ProcessInitializeOnLoadAttributes (160ms)
				ProcessInitializeOnLoadMethodAttributes (73ms)
				AfterProcessingInitializeOnLoad (0ms)
				EditorAssembliesLoaded (0ms)
			ExecutionOrderSort2 (0ms)
			AwakeInstancesAfterBackupRestoration (0ms)
Platform modules already initialized, skipping
Registering precompiled user dll's ...
Registered in 0.004744 seconds.
Begin MonoManager ReloadAssembly
Symbol file data-0000026A351BAA20 doesn't match image C:\Users\Giray\Documents\GitHub\The-100\SpaceBuzz\Library\ScriptAssemblies\Assembly-CSharp.dll
Symbol file LoadedFromMemory is not a mono symbol file
Symbol file data-0000026A35C10230 doesn't match image C:\Users\Giray\Documents\GitHub\The-100\SpaceBuzz\Library\ScriptAssemblies\Assembly-CSharp-Editor.dll
Symbol file LoadedFromMemory is not a mono symbol file
Symbol file data-0000026A351C8A30 doesn't match image C:\Users\Giray\Documents\GitHub\The-100\SpaceBuzz\Library\ScriptAssemblies\Unity.Services.Core.Editor.dll
Symbol file LoadedFromMemory is not a mono symbol file
Symbol file data-0000026A35C10230 doesn't match image C:\Users\Giray\Documents\GitHub\The-100\SpaceBuzz\Library\ScriptAssemblies\PlayFabSDKEditor.dll
Symbol file LoadedFromMemory is not a mono symbol file
Symbol file data-0000026A351DAA70 doesn't match image C:\Users\Giray\Documents\GitHub\The-100\SpaceBuzz\Library\ScriptAssemblies\Cinemachine.dll
Symbol file LoadedFromMemory is not a mono symbol file
Symbol file data-0000026A344CB420 doesn't match image C:\Users\Giray\Documents\GitHub\The-100\SpaceBuzz\Library\ScriptAssemblies\com.unity.cinemachine.editor.dll
Symbol file LoadedFromMemory is not a mono symbol file
Symbol file data-0000026A344CB420 doesn't match image C:\Users\Giray\Documents\GitHub\The-100\SpaceBuzz\Library\ScriptAssemblies\Unity.Postprocessing.Runtime.dll
Symbol file LoadedFromMemory is not a mono symbol file
Symbol file data-0000026A351C8A30 doesn't match image C:\Users\Giray\Documents\GitHub\The-100\SpaceBuzz\Library\ScriptAssemblies\Unity.VSCode.Editor.dll
Symbol file LoadedFromMemory is not a mono symbol file
Symbol file data-0000026A35B71030 doesn't match image C:\Users\Giray\Documents\GitHub\The-100\SpaceBuzz\Library\ScriptAssemblies\PlayFabEditorExtensions.dll
Symbol file LoadedFromMemory is not a mono symbol file
Symbol file data-0000026A35B71030 doesn't match image C:\Users\Giray\Documents\GitHub\The-100\SpaceBuzz\Library\ScriptAssemblies\Unity.TextMeshPro.Editor.dll
Symbol file LoadedFromMemory is not a mono symbol file
Symbol file data-0000026A344D6A30 doesn't match image C:\Users\Giray\Documents\GitHub\The-100\SpaceBuzz\Library\ScriptAssemblies\Unity.VisualStudio.Editor.dll
Symbol file LoadedFromMemory is not a mono symbol file
Symbol file data-0000026A34B70A20 doesn't match image C:\Users\Giray\Documents\GitHub\The-100\SpaceBuzz\Library\ScriptAssemblies\UnityEngine.TestRunner.dll
Symbol file LoadedFromMemory is not a mono symbol file
Symbol file data-0000026A34B70A20 doesn't match image C:\Users\Giray\Documents\GitHub\The-100\SpaceBuzz\Library\ScriptAssemblies\Unity.Timeline.Editor.dll
Symbol file LoadedFromMemory is not a mono symbol file
Symbol file data-0000026A34306090 doesn't match image C:\Users\Giray\Documents\GitHub\The-100\SpaceBuzz\Library\ScriptAssemblies\Unity.Timeline.dll
Symbol file LoadedFromMemory is not a mono symbol file
Symbol file data-0000026A3098E010 doesn't match image C:\Users\Giray\Documents\GitHub\The-100\SpaceBuzz\Library\ScriptAssemblies\PlayFab.dll
Symbol file LoadedFromMemory is not a mono symbol file
Symbol file data-0000026A306D2400 doesn't match image C:\Users\Giray\Documents\GitHub\The-100\SpaceBuzz\Library\ScriptAssemblies\Unity.TextMeshPro.dll
Symbol file LoadedFromMemory is not a mono symbol file
Symbol file data-0000026A309ECE20 doesn't match image C:\Users\Giray\Documents\GitHub\The-100\SpaceBuzz\Library\ScriptAssemblies\Unity.CollabProxy.Editor.dll
Symbol file LoadedFromMemory is not a mono symbol file
Symbol file data-0000026A34306090 doesn't match image C:\Users\Giray\Documents\GitHub\The-100\SpaceBuzz\Library\ScriptAssemblies\UnityEditor.TestRunner.dll
Symbol file LoadedFromMemory is not a mono symbol file
Symbol file data-0000026A35C10230 doesn't match image C:\Users\Giray\Documents\GitHub\The-100\SpaceBuzz\Library\ScriptAssemblies\UnityEngine.Monetization.dll
Symbol file LoadedFromMemory is not a mono symbol file
Symbol file data-0000026A34306090 doesn't match image C:\Users\Giray\Documents\GitHub\The-100\SpaceBuzz\Library\ScriptAssemblies\Unity.2D.Sprite.Editor.dll
Symbol file LoadedFromMemory is not a mono symbol file
Symbol file data-0000026A344D6A30 doesn't match image C:\Users\Giray\Documents\GitHub\The-100\SpaceBuzz\Library\ScriptAssemblies\UnityEngine.Advertisements.dll
Symbol file LoadedFromMemory is not a mono symbol file
Symbol file data-0000026A344D6A30 doesn't match image C:\Users\Giray\Documents\GitHub\The-100\SpaceBuzz\Library\ScriptAssemblies\Unity.Postprocessing.Editor.dll
Symbol file LoadedFromMemory is not a mono symbol file
Symbol file data-0000026A344D6A30 doesn't match image C:\Users\Giray\Documents\GitHub\The-100\SpaceBuzz\Library\ScriptAssemblies\UnityEditor.UI.dll
Symbol file LoadedFromMemory is not a mono symbol file
Symbol file data-0000026A35AD3820 doesn't match image C:\Users\Giray\Documents\GitHub\The-100\SpaceBuzz\Library\ScriptAssemblies\Unity.PlasticSCM.Editor.dll
Symbol file LoadedFromMemory is not a mono symbol file
Symbol file data-0000026A344D6A30 doesn't match image C:\Users\Giray\Documents\GitHub\The-100\SpaceBuzz\Library\ScriptAssemblies\Unity.Rider.Editor.dll
Symbol file LoadedFromMemory is not a mono symbol file
Symbol file data-0000026A34AB8010 doesn't match image C:\Users\Giray\Documents\GitHub\The-100\SpaceBuzz\Library\ScriptAssemblies\UnityEngine.UI.dll
Symbol file LoadedFromMemory is not a mono symbol file
Symbol file data-0000026A35C10230 doesn't match image C:\Users\Giray\Documents\GitHub\The-100\SpaceBuzz\Library\ScriptAssemblies\UnityEngine.Advertisements.Editor.dll
Symbol file LoadedFromMemory is not a mono symbol file
Symbol file data-0000026A309F4E30 doesn't match image C:\Users\Giray\Documents\GitHub\The-100\SpaceBuzz\Library\ScriptAssemblies\UnityEngine.Advertisements.DevX.Editor.dll
Symbol file LoadedFromMemory is not a mono symbol file
Symbol file LoadedFromMemory is not a mono symbol file
Native extension for WindowsStandalone target not found
Native extension for Android target not found
Native extension for WebGL target not found
Refreshing native plugins compatible for Editor in 0.83 ms, found 2 plugins.
Preloading 0 native plugins for Editor in 0.00 ms.
Mono: successfully reloaded assembly
- Completed reload, in  1.786 seconds
Domain Reload Profiling:
	ReloadAssembly (1787ms)
		BeginReloadAssembly (355ms)
			ExecutionOrderSort (0ms)
			DisableScriptedObjects (11ms)
			BackupInstance (0ms)
			ReleaseScriptingObjects (0ms)
			CreateAndSetChildDomain (145ms)
		EndReloadAssembly (1245ms)
			LoadAssemblies (205ms)
			RebuildTransferFunctionScriptingTraits (0ms)
			SetupTypeCache (301ms)
			ReleaseScriptCaches (1ms)
			RebuildScriptCaches (76ms)
			SetupLoadedEditorAssemblies (674ms)
				LogAssemblyErrors (0ms)
				InitializePlatformSupportModulesInManaged (20ms)
				SetLoadedEditorAssemblies (1ms)
				RefreshPlugins (1ms)
				BeforeProcessingInitializeOnLoad (79ms)
				ProcessInitializeOnLoadAttributes (533ms)
				ProcessInitializeOnLoadMethodAttributes (37ms)
				AfterProcessingInitializeOnLoad (4ms)
				EditorAssembliesLoaded (0ms)
			ExecutionOrderSort2 (0ms)
			AwakeInstancesAfterBackupRestoration (8ms)
Platform modules already initialized, skipping
========================================================================
Worker process is ready to serve import requests
Launched and connected shader compiler UnityShaderCompiler.exe after 0.14 seconds
Refreshing native plugins compatible for Editor in 1.61 ms, found 2 plugins.
Preloading 0 native plugins for Editor in 0.00 ms.
Unloading 2199 Unused Serialized files (Serialized files now loaded: 0)
Unloading 66 unused Assets / (1.4 MB). Loaded Objects now: 2669.
Memory consumption went from 117.0 MB to 115.6 MB.
Total: 6.065300 ms (FindLiveObjects: 0.458900 ms CreateObjectMapping: 0.430200 ms MarkObjects: 4.790600 ms  DeleteObjects: 0.384000 ms)

AssetImportParameters requested are different than current active one (requested -> active):
  custom:video-decoder-ogg-theora: a1e56fd34408186e4bbccfd4996cb3dc -> 
  custom:container-muxer-webm: aa71ff27fc2769a1b78a27578f13a17b -> 
  custom:container-demuxer-webm: 4f35f7cbe854078d1ac9338744f61a02 -> 
  custom:video-encoder-webm-vp8: eb34c28f22e8b96e1ab97ce403110664 -> 
  custom:audio-encoder-webm-vorbis: bf7c407c2cedff20999df2af8eb42d56 -> 
  custom:framework-win-MediaFoundation: 216162199b28c13a410421893ffa2e32 -> 
  custom:container-demuxer-ogg: 62fdf1f143b41e24485cea50d1cbac27 -> 
  custom:video-decoder-webm-vp8: 9c59270c3fd7afecdb556c50c9e8de78 -> 
  custom:audio-decoder-ogg-vorbis: bf7c407c2cedff20999df2af8eb42d56 -> 
========================================================================
Received Import Request.
  Time since last request: 13934.564112 seconds.
  path: Assets/Sources/SineVFX/TranslucentCrystals/Prefabs/Gamma/Crystalsv09.prefab
  artifactKey: Guid(124fb29879dc61540b6b3c173eeafe39) Importer(815301076,1909f56bfc062723c751e8b465ee728b)
Start importing Assets/Sources/SineVFX/TranslucentCrystals/Prefabs/Gamma/Crystalsv09.prefab using Guid(124fb29879dc61540b6b3c173eeafe39) Importer(815301076,1909f56bfc062723c751e8b465ee728b)  -> (artifact id: '2c5bd32281b0ca3e283dfa0a97a866e7') in 0.420998 seconds 
========================================================================
Received Prepare
Registering precompiled user dll's ...
Registered in 0.004500 seconds.
Begin MonoManager ReloadAssembly
Symbol file data-0000026A34A9C660 doesn't match image C:\Users\Giray\Documents\GitHub\The-100\SpaceBuzz\Library\ScriptAssemblies\Assembly-CSharp.dll
Symbol file LoadedFromMemory is not a mono symbol file
Symbol file data-0000026A34A9C660 doesn't match image C:\Users\Giray\Documents\GitHub\The-100\SpaceBuzz\Library\ScriptAssemblies\Assembly-CSharp-Editor.dll
Symbol file LoadedFromMemory is not a mono symbol file
Symbol file data-0000026A37658020 doesn't match image C:\Users\Giray\Documents\GitHub\The-100\SpaceBuzz\Library\ScriptAssemblies\Unity.Services.Core.Editor.dll
Symbol file LoadedFromMemory is not a mono symbol file
Symbol file data-0000026A34A9C660 doesn't match image C:\Users\Giray\Documents\GitHub\The-100\SpaceBuzz\Library\ScriptAssemblies\PlayFabSDKEditor.dll
Symbol file LoadedFromMemory is not a mono symbol file
Symbol file data-0000026A306B3D80 doesn't match image C:\Users\Giray\Documents\GitHub\The-100\SpaceBuzz\Library\ScriptAssemblies\Cinemachine.dll
Symbol file LoadedFromMemory is not a mono symbol file
Symbol file data-0000026A34A64010 doesn't match image C:\Users\Giray\Documents\GitHub\The-100\SpaceBuzz\Library\ScriptAssemblies\com.unity.cinemachine.editor.dll
Symbol file LoadedFromMemory is not a mono symbol file
Symbol file data-0000026A37658020 doesn't match image C:\Users\Giray\Documents\GitHub\The-100\SpaceBuzz\Library\ScriptAssemblies\Unity.Postprocessing.Runtime.dll
Symbol file LoadedFromMemory is not a mono symbol file
Symbol file data-0000026A34A9C660 doesn't match image C:\Users\Giray\Documents\GitHub\The-100\SpaceBuzz\Library\ScriptAssemblies\Unity.VSCode.Editor.dll
Symbol file LoadedFromMemory is not a mono symbol file
Symbol file data-0000026A360C4010 doesn't match image C:\Users\Giray\Documents\GitHub\The-100\SpaceBuzz\Library\ScriptAssemblies\PlayFabEditorExtensions.dll
Symbol file LoadedFromMemory is not a mono symbol file
Symbol file data-0000026A34A64010 doesn't match image C:\Users\Giray\Documents\GitHub\The-100\SpaceBuzz\Library\ScriptAssemblies\Unity.TextMeshPro.Editor.dll
Symbol file LoadedFromMemory is not a mono symbol file
Symbol file data-0000026A3889C840 doesn't match image C:\Users\Giray\Documents\GitHub\The-100\SpaceBuzz\Library\ScriptAssemblies\Unity.VisualStudio.Editor.dll
Symbol file LoadedFromMemory is not a mono symbol file
Symbol file data-0000026A360C4010 doesn't match image C:\Users\Giray\Documents\GitHub\The-100\SpaceBuzz\Library\ScriptAssemblies\UnityEngine.TestRunner.dll
Symbol file LoadedFromMemory is not a mono symbol file
Symbol file data-0000026A368476D0 doesn't match image C:\Users\Giray\Documents\GitHub\The-100\SpaceBuzz\Library\ScriptAssemblies\Unity.Timeline.Editor.dll
Symbol file LoadedFromMemory is not a mono symbol file
Symbol file data-0000026A360C4010 doesn't match image C:\Users\Giray\Documents\GitHub\The-100\SpaceBuzz\Library\ScriptAssemblies\Unity.Timeline.dll
Symbol file LoadedFromMemory is not a mono symbol file
Symbol file data-0000026A388C0030 doesn't match image C:\Users\Giray\Documents\GitHub\The-100\SpaceBuzz\Library\ScriptAssemblies\PlayFab.dll
Symbol file LoadedFromMemory is not a mono symbol file
Symbol file data-0000026A388C0030 doesn't match image C:\Users\Giray\Documents\GitHub\The-100\SpaceBuzz\Library\ScriptAssemblies\Unity.TextMeshPro.dll
Symbol file LoadedFromMemory is not a mono symbol file
Symbol file data-0000026A360C4010 doesn't match image C:\Users\Giray\Documents\GitHub\The-100\SpaceBuzz\Library\ScriptAssemblies\Unity.CollabProxy.Editor.dll
Symbol file LoadedFromMemory is not a mono symbol file
Symbol file data-0000026A34306090 doesn't match image C:\Users\Giray\Documents\GitHub\The-100\SpaceBuzz\Library\ScriptAssemblies\UnityEditor.TestRunner.dll
Symbol file LoadedFromMemory is not a mono symbol file
Symbol file data-0000026A34A9C660 doesn't match image C:\Users\Giray\Documents\GitHub\The-100\SpaceBuzz\Library\ScriptAssemblies\UnityEngine.Monetization.dll
Symbol file LoadedFromMemory is not a mono symbol file
Symbol file data-0000026A37089840 doesn't match image C:\Users\Giray\Documents\GitHub\The-100\SpaceBuzz\Library\ScriptAssemblies\Unity.2D.Sprite.Editor.dll
Symbol file LoadedFromMemory is not a mono symbol file
Symbol file data-0000026A34A9C660 doesn't match image C:\Users\Giray\Documents\GitHub\The-100\SpaceBuzz\Library\ScriptAssemblies\UnityEngine.Advertisements.dll
Symbol file LoadedFromMemory is not a mono symbol file
Symbol file data-0000026A360C4010 doesn't match image C:\Users\Giray\Documents\GitHub\The-100\SpaceBuzz\Library\ScriptAssemblies\Unity.Postprocessing.Editor.dll
Symbol file LoadedFromMemory is not a mono symbol file
Symbol file data-0000026A360C4010 doesn't match image C:\Users\Giray\Documents\GitHub\The-100\SpaceBuzz\Library\ScriptAssemblies\UnityEditor.UI.dll
Symbol file LoadedFromMemory is not a mono symbol file
Symbol file data-0000026A3768A030 doesn't match image C:\Users\Giray\Documents\GitHub\The-100\SpaceBuzz\Library\ScriptAssemblies\Unity.PlasticSCM.Editor.dll
Symbol file LoadedFromMemory is not a mono symbol file
Symbol file data-0000026A360C4010 doesn't match image C:\Users\Giray\Documents\GitHub\The-100\SpaceBuzz\Library\ScriptAssemblies\Unity.Rider.Editor.dll
Symbol file LoadedFromMemory is not a mono symbol file
Symbol file data-0000026A3A9F4030 doesn't match image C:\Users\Giray\Documents\GitHub\The-100\SpaceBuzz\Library\ScriptAssemblies\UnityEngine.UI.dll
Symbol file LoadedFromMemory is not a mono symbol file
Symbol file data-0000026A39201C30 doesn't match image C:\Users\Giray\Documents\GitHub\The-100\SpaceBuzz\Library\ScriptAssemblies\UnityEngine.Advertisements.Editor.dll
Symbol file LoadedFromMemory is not a mono symbol file
Symbol file data-0000026A39201C30 doesn't match image C:\Users\Giray\Documents\GitHub\The-100\SpaceBuzz\Library\ScriptAssemblies\UnityEngine.Advertisements.DevX.Editor.dll
Symbol file LoadedFromMemory is not a mono symbol file
Symbol file LoadedFromMemory is not a mono symbol file
Native extension for WindowsStandalone target not found
Native extension for Android target not found
Native extension for WebGL target not found
Refreshing native plugins compatible for Editor in 1.21 ms, found 2 plugins.
Preloading 0 native plugins for Editor in 0.00 ms.
Mono: successfully reloaded assembly
- Completed reload, in  1.969 seconds
Domain Reload Profiling:
	ReloadAssembly (1970ms)
		BeginReloadAssembly (263ms)
			ExecutionOrderSort (0ms)
			DisableScriptedObjects (7ms)
			BackupInstance (0ms)
			ReleaseScriptingObjects (0ms)
			CreateAndSetChildDomain (63ms)
		EndReloadAssembly (1545ms)
			LoadAssemblies (219ms)
			RebuildTransferFunctionScriptingTraits (0ms)
			SetupTypeCache (338ms)
			ReleaseScriptCaches (1ms)
			RebuildScriptCaches (75ms)
			SetupLoadedEditorAssemblies (872ms)
				LogAssemblyErrors (0ms)
				InitializePlatformSupportModulesInManaged (57ms)
				SetLoadedEditorAssemblies (1ms)
				RefreshPlugins (1ms)
				BeforeProcessingInitializeOnLoad (104ms)
				ProcessInitializeOnLoadAttributes (652ms)
				ProcessInitializeOnLoadMethodAttributes (51ms)
				AfterProcessingInitializeOnLoad (6ms)
				EditorAssembliesLoaded (0ms)
			ExecutionOrderSort2 (0ms)
			AwakeInstancesAfterBackupRestoration (17ms)
Platform modules already initialized, skipping
Refreshing native plugins compatible for Editor in 7.04 ms, found 2 plugins.
Preloading 0 native plugins for Editor in 0.00 ms.
Unloading 2147 Unused Serialized files (Serialized files now loaded: 0)
Unloading 46 unused Assets / (1.4 MB). Loaded Objects now: 2691.
Memory consumption went from 116.1 MB to 114.7 MB.
Total: 4.208700 ms (FindLiveObjects: 0.251300 ms CreateObjectMapping: 0.126300 ms MarkObjects: 3.505500 ms  DeleteObjects: 0.323600 ms)

AssetImportParameters requested are different than current active one (requested -> active):
  custom:video-decoder-ogg-theora: a1e56fd34408186e4bbccfd4996cb3dc -> 
  custom:container-muxer-webm: aa71ff27fc2769a1b78a27578f13a17b -> 
  custom:container-demuxer-webm: 4f35f7cbe854078d1ac9338744f61a02 -> 
  custom:video-encoder-webm-vp8: eb34c28f22e8b96e1ab97ce403110664 -> 
  custom:audio-encoder-webm-vorbis: bf7c407c2cedff20999df2af8eb42d56 -> 
  custom:framework-win-MediaFoundation: 216162199b28c13a410421893ffa2e32 -> 
  custom:container-demuxer-ogg: 62fdf1f143b41e24485cea50d1cbac27 -> 
  custom:video-decoder-webm-vp8: 9c59270c3fd7afecdb556c50c9e8de78 -> 
  custom:audio-decoder-ogg-vorbis: bf7c407c2cedff20999df2af8eb42d56 -> 
========================================================================
Received Import Request.
  Time since last request: 31.775671 seconds.
  path: Assets/Sources/SineVFX/TranslucentCrystals/Prefabs/Gamma/Crystalsv03.prefab
  artifactKey: Guid(df80741be051bc54c85258e839162dd4) Importer(815301076,1909f56bfc062723c751e8b465ee728b)
Start importing Assets/Sources/SineVFX/TranslucentCrystals/Prefabs/Gamma/Crystalsv03.prefab using Guid(df80741be051bc54c85258e839162dd4) Importer(815301076,1909f56bfc062723c751e8b465ee728b)  -> (artifact id: '4f77c7be7952fd37dbbd0dca61b07492') in 0.382912 seconds 
========================================================================
Received Import Request.
  Time since last request: 0.000049 seconds.
  path: Assets/Sources/SineVFX/TranslucentCrystals/Prefabs/Gamma/Crystalsv09.prefab
  artifactKey: Guid(124fb29879dc61540b6b3c173eeafe39) Importer(815301076,1909f56bfc062723c751e8b465ee728b)
Start importing Assets/Sources/SineVFX/TranslucentCrystals/Prefabs/Gamma/Crystalsv09.prefab using Guid(124fb29879dc61540b6b3c173eeafe39) Importer(815301076,1909f56bfc062723c751e8b465ee728b)  -> (artifact id: '942f0679254f3cccd593bc3fe79951d6') in 0.192378 seconds 
========================================================================
Received Import Request.
  Time since last request: 1.435965 seconds.
  path: Assets/Sources/SineVFX/TranslucentCrystals/Prefabs/Gamma/Crystalsv04.prefab
  artifactKey: Guid(83c0a85ae9c29184883b2866a6224b0d) Importer(815301076,1909f56bfc062723c751e8b465ee728b)
Start importing Assets/Sources/SineVFX/TranslucentCrystals/Prefabs/Gamma/Crystalsv04.prefab using Guid(83c0a85ae9c29184883b2866a6224b0d) Importer(815301076,1909f56bfc062723c751e8b465ee728b)  -> (artifact id: '548de48e8a884abaf55b13f79e4bd793') in 0.226961 seconds 
========================================================================
Received Import Request.
  Time since last request: 0.000056 seconds.
  path: Assets/Sources/SineVFX/TranslucentCrystals/Prefabs/Gamma/Crystalsv08.prefab
  artifactKey: Guid(36503447f5372ab4495dd42ec08684df) Importer(815301076,1909f56bfc062723c751e8b465ee728b)
Start importing Assets/Sources/SineVFX/TranslucentCrystals/Prefabs/Gamma/Crystalsv08.prefab using Guid(36503447f5372ab4495dd42ec08684df) Importer(815301076,1909f56bfc062723c751e8b465ee728b)  -> (artifact id: '7892de006c85a6ff22b059c94ef6d73c') in 0.216949 seconds 
========================================================================
Received Import Request.
  Time since last request: 1.361242 seconds.
  path: Assets/Sources/SineVFX/TranslucentCrystals/Prefabs/Gamma/Crystalsv04.prefab
  artifactKey: Guid(83c0a85ae9c29184883b2866a6224b0d) Importer(815301076,1909f56bfc062723c751e8b465ee728b)
Start importing Assets/Sources/SineVFX/TranslucentCrystals/Prefabs/Gamma/Crystalsv04.prefab using Guid(83c0a85ae9c29184883b2866a6224b0d) Importer(815301076,1909f56bfc062723c751e8b465ee728b)  -> (artifact id: 'e12d2ed91b820425f74fc1724a73b32c') in 0.167870 seconds 
========================================================================
Received Import Request.
  Time since last request: 0.000023 seconds.
  path: Assets/Sources/SineVFX/TranslucentCrystals/Prefabs/Gamma/Crystalsv07.prefab
  artifactKey: Guid(18b2841f7a99a5f42be7e5d161545f23) Importer(815301076,1909f56bfc062723c751e8b465ee728b)
Start importing Assets/Sources/SineVFX/TranslucentCrystals/Prefabs/Gamma/Crystalsv07.prefab using Guid(18b2841f7a99a5f42be7e5d161545f23) Importer(815301076,1909f56bfc062723c751e8b465ee728b)  -> (artifact id: 'e4b8467247590469ec8e98aa5cf44224') in 0.177627 seconds 
========================================================================
Received Import Request.
  Time since last request: 0.000092 seconds.
  path: Assets/Sources/SineVFX/TranslucentCrystals/Prefabs/Gamma/Crystalsv05.prefab
  artifactKey: Guid(092df013ff76bd7428d419529e5e81cc) Importer(815301076,1909f56bfc062723c751e8b465ee728b)
Start importing Assets/Sources/SineVFX/TranslucentCrystals/Prefabs/Gamma/Crystalsv05.prefab using Guid(092df013ff76bd7428d419529e5e81cc) Importer(815301076,1909f56bfc062723c751e8b465ee728b)  -> (artifact id: '77de58c80b5f8be37334b3dcc33c79c6') in 0.154741 seconds 
========================================================================
Received Import Request.
  Time since last request: 21.035846 seconds.
  path: Assets/Prefab/Tiles/Level1Tiles/Tile4.prefab
  artifactKey: Guid(856dc2f57535bdb4e9d33eff1a9c3704) Importer(815301076,1909f56bfc062723c751e8b465ee728b)
Start importing Assets/Prefab/Tiles/Level1Tiles/Tile4.prefab using Guid(856dc2f57535bdb4e9d33eff1a9c3704) Importer(815301076,1909f56bfc062723c751e8b465ee728b)  -> (artifact id: 'db8f8887eb7548ef149cc10546f88989') in 0.590651 seconds 
========================================================================
Received Import Request.
  Time since last request: 0.000045 seconds.
  path: Assets/Prefab/Tiles/Level1Tiles/Tile6.prefab
  artifactKey: Guid(9e2d006535a57e143a34254300c9e0ac) Importer(815301076,1909f56bfc062723c751e8b465ee728b)
Start importing Assets/Prefab/Tiles/Level1Tiles/Tile6.prefab using Guid(9e2d006535a57e143a34254300c9e0ac) Importer(815301076,1909f56bfc062723c751e8b465ee728b)  -> (artifact id: '704ab7511a0acfe183d473137ad434b6') in 0.581025 seconds 
========================================================================
Received Prepare
Registering precompiled user dll's ...
Registered in 0.005360 seconds.
Begin MonoManager ReloadAssembly
Symbol file data-0000026A37615010 doesn't match image C:\Users\Giray\Documents\GitHub\The-100\SpaceBuzz\Library\ScriptAssemblies\Assembly-CSharp.dll
Symbol file LoadedFromMemory is not a mono symbol file
Symbol file data-0000026A37615010 doesn't match image C:\Users\Giray\Documents\GitHub\The-100\SpaceBuzz\Library\ScriptAssemblies\Assembly-CSharp-Editor.dll
Symbol file LoadedFromMemory is not a mono symbol file
Symbol file data-0000026A3761DF20 doesn't match image C:\Users\Giray\Documents\GitHub\The-100\SpaceBuzz\Library\ScriptAssemblies\Unity.Services.Core.Editor.dll
Symbol file LoadedFromMemory is not a mono symbol file
Symbol file data-0000026A37615010 doesn't match image C:\Users\Giray\Documents\GitHub\The-100\SpaceBuzz\Library\ScriptAssemblies\PlayFabSDKEditor.dll
Symbol file LoadedFromMemory is not a mono symbol file
Symbol file data-0000026A7E292010 doesn't match image C:\Users\Giray\Documents\GitHub\The-100\SpaceBuzz\Library\ScriptAssemblies\Cinemachine.dll
Symbol file LoadedFromMemory is not a mono symbol file
Symbol file data-0000026A34A64010 doesn't match image C:\Users\Giray\Documents\GitHub\The-100\SpaceBuzz\Library\ScriptAssemblies\com.unity.cinemachine.editor.dll
Symbol file LoadedFromMemory is not a mono symbol file
Symbol file data-0000026A3A3A3540 doesn't match image C:\Users\Giray\Documents\GitHub\The-100\SpaceBuzz\Library\ScriptAssemblies\Unity.Postprocessing.Runtime.dll
Symbol file LoadedFromMemory is not a mono symbol file
Symbol file data-0000026A34CD6820 doesn't match image C:\Users\Giray\Documents\GitHub\The-100\SpaceBuzz\Library\ScriptAssemblies\Unity.VSCode.Editor.dll
Symbol file LoadedFromMemory is not a mono symbol file
Symbol file data-0000026A3952C090 doesn't match image C:\Users\Giray\Documents\GitHub\The-100\SpaceBuzz\Library\ScriptAssemblies\PlayFabEditorExtensions.dll
Symbol file LoadedFromMemory is not a mono symbol file
Symbol file data-0000026A34A64010 doesn't match image C:\Users\Giray\Documents\GitHub\The-100\SpaceBuzz\Library\ScriptAssemblies\Unity.TextMeshPro.Editor.dll
Symbol file LoadedFromMemory is not a mono symbol file
Symbol file data-0000026A392D0020 doesn't match image C:\Users\Giray\Documents\GitHub\The-100\SpaceBuzz\Library\ScriptAssemblies\Unity.VisualStudio.Editor.dll
Symbol file LoadedFromMemory is not a mono symbol file
Symbol file data-0000026A34FED050 doesn't match image C:\Users\Giray\Documents\GitHub\The-100\SpaceBuzz\Library\ScriptAssemblies\UnityEngine.TestRunner.dll
Symbol file LoadedFromMemory is not a mono symbol file
Symbol file data-0000026A39F39DF0 doesn't match image C:\Users\Giray\Documents\GitHub\The-100\SpaceBuzz\Library\ScriptAssemblies\Unity.Timeline.Editor.dll
Symbol file LoadedFromMemory is not a mono symbol file
Symbol file data-0000026A3A249CF0 doesn't match image C:\Users\Giray\Documents\GitHub\The-100\SpaceBuzz\Library\ScriptAssemblies\Unity.Timeline.dll
Symbol file LoadedFromMemory is not a mono symbol file
Symbol file data-0000026A3A25CD20 doesn't match image C:\Users\Giray\Documents\GitHub\The-100\SpaceBuzz\Library\ScriptAssemblies\PlayFab.dll
Symbol file LoadedFromMemory is not a mono symbol file
Symbol file data-0000026A3A25CD20 doesn't match image C:\Users\Giray\Documents\GitHub\The-100\SpaceBuzz\Library\ScriptAssemblies\Unity.TextMeshPro.dll
Symbol file LoadedFromMemory is not a mono symbol file
Symbol file data-0000026A34A94050 doesn't match image C:\Users\Giray\Documents\GitHub\The-100\SpaceBuzz\Library\ScriptAssemblies\Unity.CollabProxy.Editor.dll
Symbol file LoadedFromMemory is not a mono symbol file
Symbol file data-0000026A38AB6020 doesn't match image C:\Users\Giray\Documents\GitHub\The-100\SpaceBuzz\Library\ScriptAssemblies\UnityEditor.TestRunner.dll
Symbol file LoadedFromMemory is not a mono symbol file
Symbol file data-0000026A34CD6820 doesn't match image C:\Users\Giray\Documents\GitHub\The-100\SpaceBuzz\Library\ScriptAssemblies\UnityEngine.Monetization.dll
Symbol file LoadedFromMemory is not a mono symbol file
Symbol file data-0000026A38AB6020 doesn't match image C:\Users\Giray\Documents\GitHub\The-100\SpaceBuzz\Library\ScriptAssemblies\Unity.2D.Sprite.Editor.dll
Symbol file LoadedFromMemory is not a mono symbol file
Symbol file data-0000026A3A47DC10 doesn't match image C:\Users\Giray\Documents\GitHub\The-100\SpaceBuzz\Library\ScriptAssemblies\UnityEngine.Advertisements.dll
Symbol file LoadedFromMemory is not a mono symbol file
Symbol file data-0000026A392D0020 doesn't match image C:\Users\Giray\Documents\GitHub\The-100\SpaceBuzz\Library\ScriptAssemblies\Unity.Postprocessing.Editor.dll
Symbol file LoadedFromMemory is not a mono symbol file
Symbol file data-0000026A392D0020 doesn't match image C:\Users\Giray\Documents\GitHub\The-100\SpaceBuzz\Library\ScriptAssemblies\UnityEditor.UI.dll
Symbol file LoadedFromMemory is not a mono symbol file
Symbol file data-0000026A39CFC370 doesn't match image C:\Users\Giray\Documents\GitHub\The-100\SpaceBuzz\Library\ScriptAssemblies\Unity.PlasticSCM.Editor.dll
Symbol file LoadedFromMemory is not a mono symbol file
Symbol file data-0000026A392D0020 doesn't match image C:\Users\Giray\Documents\GitHub\The-100\SpaceBuzz\Library\ScriptAssemblies\Unity.Rider.Editor.dll
Symbol file LoadedFromMemory is not a mono symbol file
Symbol file data-0000026A359E0090 doesn't match image C:\Users\Giray\Documents\GitHub\The-100\SpaceBuzz\Library\ScriptAssemblies\UnityEngine.UI.dll
Symbol file LoadedFromMemory is not a mono symbol file
Symbol file data-0000026A39F23360 doesn't match image C:\Users\Giray\Documents\GitHub\The-100\SpaceBuzz\Library\ScriptAssemblies\UnityEngine.Advertisements.Editor.dll
Symbol file LoadedFromMemory is not a mono symbol file
Symbol file data-0000026A34CD6820 doesn't match image C:\Users\Giray\Documents\GitHub\The-100\SpaceBuzz\Library\ScriptAssemblies\UnityEngine.Advertisements.DevX.Editor.dll
Symbol file LoadedFromMemory is not a mono symbol file
Symbol file LoadedFromMemory is not a mono symbol file
Native extension for WindowsStandalone target not found
Native extension for Android target not found
Native extension for WebGL target not found
Refreshing native plugins compatible for Editor in 1.04 ms, found 2 plugins.
Preloading 0 native plugins for Editor in 0.00 ms.
Mono: successfully reloaded assembly
- Completed reload, in  1.617 seconds
Domain Reload Profiling:
	ReloadAssembly (1618ms)
		BeginReloadAssembly (220ms)
			ExecutionOrderSort (0ms)
			DisableScriptedObjects (8ms)
			BackupInstance (0ms)
			ReleaseScriptingObjects (0ms)
			CreateAndSetChildDomain (50ms)
		EndReloadAssembly (1262ms)
			LoadAssemblies (173ms)
			RebuildTransferFunctionScriptingTraits (0ms)
			SetupTypeCache (287ms)
			ReleaseScriptCaches (1ms)
			RebuildScriptCaches (61ms)
			SetupLoadedEditorAssemblies (712ms)
				LogAssemblyErrors (0ms)
				InitializePlatformSupportModulesInManaged (36ms)
				SetLoadedEditorAssemblies (1ms)
				RefreshPlugins (1ms)
				BeforeProcessingInitializeOnLoad (74ms)
				ProcessInitializeOnLoadAttributes (548ms)
				ProcessInitializeOnLoadMethodAttributes (45ms)
				AfterProcessingInitializeOnLoad (6ms)
				EditorAssembliesLoaded (0ms)
			ExecutionOrderSort2 (0ms)
			AwakeInstancesAfterBackupRestoration (14ms)
Platform modules already initialized, skipping
Refreshing native plugins compatible for Editor in 7.00 ms, found 2 plugins.
Preloading 0 native plugins for Editor in 0.00 ms.
Unloading 2147 Unused Serialized files (Serialized files now loaded: 0)
Unloading 49 unused Assets / (1.4 MB). Loaded Objects now: 2708.
Memory consumption went from 116.9 MB to 115.5 MB.
Total: 4.576900 ms (FindLiveObjects: 0.255700 ms CreateObjectMapping: 0.143500 ms MarkObjects: 3.723400 ms  DeleteObjects: 0.452600 ms)

AssetImportParameters requested are different than current active one (requested -> active):
  custom:video-decoder-ogg-theora: a1e56fd34408186e4bbccfd4996cb3dc -> 
  custom:container-muxer-webm: aa71ff27fc2769a1b78a27578f13a17b -> 
  custom:container-demuxer-webm: 4f35f7cbe854078d1ac9338744f61a02 -> 
  custom:video-encoder-webm-vp8: eb34c28f22e8b96e1ab97ce403110664 -> 
  custom:audio-encoder-webm-vorbis: bf7c407c2cedff20999df2af8eb42d56 -> 
  custom:framework-win-MediaFoundation: 216162199b28c13a410421893ffa2e32 -> 
  custom:container-demuxer-ogg: 62fdf1f143b41e24485cea50d1cbac27 -> 
  custom:video-decoder-webm-vp8: 9c59270c3fd7afecdb556c50c9e8de78 -> 
  custom:audio-decoder-ogg-vorbis: bf7c407c2cedff20999df2af8eb42d56 -> 
========================================================================
Received Prepare
Registering precompiled user dll's ...
Registered in 0.005225 seconds.
Begin MonoManager ReloadAssembly
Symbol file data-0000026A396B5030 doesn't match image C:\Users\Giray\Documents\GitHub\The-100\SpaceBuzz\Library\ScriptAssemblies\Assembly-CSharp.dll
Symbol file LoadedFromMemory is not a mono symbol file
Symbol file data-0000026A34381030 doesn't match image C:\Users\Giray\Documents\GitHub\The-100\SpaceBuzz\Library\ScriptAssemblies\Assembly-CSharp-Editor.dll
Symbol file LoadedFromMemory is not a mono symbol file
Symbol file data-0000026A3761DF20 doesn't match image C:\Users\Giray\Documents\GitHub\The-100\SpaceBuzz\Library\ScriptAssemblies\Unity.Services.Core.Editor.dll
Symbol file LoadedFromMemory is not a mono symbol file
Symbol file data-0000026A34381030 doesn't match image C:\Users\Giray\Documents\GitHub\The-100\SpaceBuzz\Library\ScriptAssemblies\PlayFabSDKEditor.dll
Symbol file LoadedFromMemory is not a mono symbol file
Symbol file data-0000026A364A5020 doesn't match image C:\Users\Giray\Documents\GitHub\The-100\SpaceBuzz\Library\ScriptAssemblies\Cinemachine.dll
Symbol file LoadedFromMemory is not a mono symbol file
Symbol file data-0000026A34A64010 doesn't match image C:\Users\Giray\Documents\GitHub\The-100\SpaceBuzz\Library\ScriptAssemblies\com.unity.cinemachine.editor.dll
Symbol file LoadedFromMemory is not a mono symbol file
Symbol file data-0000026A3A249CF0 doesn't match image C:\Users\Giray\Documents\GitHub\The-100\SpaceBuzz\Library\ScriptAssemblies\Unity.Postprocessing.Runtime.dll
Symbol file LoadedFromMemory is not a mono symbol file
Symbol file data-0000026A363E7030 doesn't match image C:\Users\Giray\Documents\GitHub\The-100\SpaceBuzz\Library\ScriptAssemblies\Unity.VSCode.Editor.dll
Symbol file LoadedFromMemory is not a mono symbol file
Symbol file data-0000026A3952C090 doesn't match image C:\Users\Giray\Documents\GitHub\The-100\SpaceBuzz\Library\ScriptAssemblies\PlayFabEditorExtensions.dll
Symbol file LoadedFromMemory is not a mono symbol file
Symbol file data-0000026A34A64010 doesn't match image C:\Users\Giray\Documents\GitHub\The-100\SpaceBuzz\Library\ScriptAssemblies\Unity.TextMeshPro.Editor.dll
Symbol file LoadedFromMemory is not a mono symbol file
Symbol file data-0000026A34FED050 doesn't match image C:\Users\Giray\Documents\GitHub\The-100\SpaceBuzz\Library\ScriptAssemblies\Unity.VisualStudio.Editor.dll
Symbol file LoadedFromMemory is not a mono symbol file
Symbol file data-0000026A3A249CF0 doesn't match image C:\Users\Giray\Documents\GitHub\The-100\SpaceBuzz\Library\ScriptAssemblies\UnityEngine.TestRunner.dll
Symbol file LoadedFromMemory is not a mono symbol file
Symbol file data-0000026A39B83C60 doesn't match image C:\Users\Giray\Documents\GitHub\The-100\SpaceBuzz\Library\ScriptAssemblies\Unity.Timeline.Editor.dll
Symbol file LoadedFromMemory is not a mono symbol file
Symbol file data-0000026A7E292010 doesn't match image C:\Users\Giray\Documents\GitHub\The-100\SpaceBuzz\Library\ScriptAssemblies\Unity.Timeline.dll
Symbol file LoadedFromMemory is not a mono symbol file
Symbol file data-0000026A346DF350 doesn't match image C:\Users\Giray\Documents\GitHub\The-100\SpaceBuzz\Library\ScriptAssemblies\PlayFab.dll
Symbol file LoadedFromMemory is not a mono symbol file
Symbol file data-0000026A346DF350 doesn't match image C:\Users\Giray\Documents\GitHub\The-100\SpaceBuzz\Library\ScriptAssemblies\Unity.TextMeshPro.dll
Symbol file LoadedFromMemory is not a mono symbol file
Symbol file data-0000026A7E292010 doesn't match image C:\Users\Giray\Documents\GitHub\The-100\SpaceBuzz\Library\ScriptAssemblies\Unity.CollabProxy.Editor.dll
Symbol file LoadedFromMemory is not a mono symbol file
Symbol file data-0000026A38AB6020 doesn't match image C:\Users\Giray\Documents\GitHub\The-100\SpaceBuzz\Library\ScriptAssemblies\UnityEditor.TestRunner.dll
Symbol file LoadedFromMemory is not a mono symbol file
Symbol file data-0000026A363E7030 doesn't match image C:\Users\Giray\Documents\GitHub\The-100\SpaceBuzz\Library\ScriptAssemblies\UnityEngine.Monetization.dll
Symbol file LoadedFromMemory is not a mono symbol file
Symbol file data-0000026A38AB6020 doesn't match image C:\Users\Giray\Documents\GitHub\The-100\SpaceBuzz\Library\ScriptAssemblies\Unity.2D.Sprite.Editor.dll
Symbol file LoadedFromMemory is not a mono symbol file
Symbol file data-0000026885D1A0D0 doesn't match image C:\Users\Giray\Documents\GitHub\The-100\SpaceBuzz\Library\ScriptAssemblies\UnityEngine.Advertisements.dll
Symbol file LoadedFromMemory is not a mono symbol file
Symbol file data-0000026A34FED050 doesn't match image C:\Users\Giray\Documents\GitHub\The-100\SpaceBuzz\Library\ScriptAssemblies\Unity.Postprocessing.Editor.dll
Symbol file LoadedFromMemory is not a mono symbol file
Symbol file data-0000026A34FED050 doesn't match image C:\Users\Giray\Documents\GitHub\The-100\SpaceBuzz\Library\ScriptAssemblies\UnityEditor.UI.dll
Symbol file LoadedFromMemory is not a mono symbol file
Symbol file data-0000026A39B1A0C0 doesn't match image C:\Users\Giray\Documents\GitHub\The-100\SpaceBuzz\Library\ScriptAssemblies\Unity.PlasticSCM.Editor.dll
Symbol file LoadedFromMemory is not a mono symbol file
Symbol file data-0000026A34FED050 doesn't match image C:\Users\Giray\Documents\GitHub\The-100\SpaceBuzz\Library\ScriptAssemblies\Unity.Rider.Editor.dll
Symbol file LoadedFromMemory is not a mono symbol file
Symbol file data-0000026A345A3020 doesn't match image C:\Users\Giray\Documents\GitHub\The-100\SpaceBuzz\Library\ScriptAssemblies\UnityEngine.UI.dll
Symbol file LoadedFromMemory is not a mono symbol file
Symbol file data-0000026A39CF4350 doesn't match image C:\Users\Giray\Documents\GitHub\The-100\SpaceBuzz\Library\ScriptAssemblies\UnityEngine.Advertisements.Editor.dll
Symbol file LoadedFromMemory is not a mono symbol file
Symbol file data-0000026A363E7030 doesn't match image C:\Users\Giray\Documents\GitHub\The-100\SpaceBuzz\Library\ScriptAssemblies\UnityEngine.Advertisements.DevX.Editor.dll
Symbol file LoadedFromMemory is not a mono symbol file
Symbol file LoadedFromMemory is not a mono symbol file
Native extension for WindowsStandalone target not found
Native extension for Android target not found
Native extension for WebGL target not found
Refreshing native plugins compatible for Editor in 0.93 ms, found 2 plugins.
Preloading 0 native plugins for Editor in 0.00 ms.
Mono: successfully reloaded assembly
- Completed reload, in  1.689 seconds
Domain Reload Profiling:
	ReloadAssembly (1690ms)
		BeginReloadAssembly (222ms)
			ExecutionOrderSort (0ms)
			DisableScriptedObjects (10ms)
			BackupInstance (0ms)
			ReleaseScriptingObjects (0ms)
			CreateAndSetChildDomain (47ms)
		EndReloadAssembly (1317ms)
			LoadAssemblies (168ms)
			RebuildTransferFunctionScriptingTraits (0ms)
			SetupTypeCache (308ms)
			ReleaseScriptCaches (2ms)
			RebuildScriptCaches (66ms)
			SetupLoadedEditorAssemblies (745ms)
				LogAssemblyErrors (0ms)
				InitializePlatformSupportModulesInManaged (33ms)
				SetLoadedEditorAssemblies (1ms)
				RefreshPlugins (1ms)
				BeforeProcessingInitializeOnLoad (81ms)
				ProcessInitializeOnLoadAttributes (583ms)
				ProcessInitializeOnLoadMethodAttributes (40ms)
				AfterProcessingInitializeOnLoad (5ms)
				EditorAssembliesLoaded (0ms)
			ExecutionOrderSort2 (0ms)
			AwakeInstancesAfterBackupRestoration (11ms)
Platform modules already initialized, skipping
Refreshing native plugins compatible for Editor in 5.99 ms, found 2 plugins.
Preloading 0 native plugins for Editor in 0.00 ms.
Unloading 2147 Unused Serialized files (Serialized files now loaded: 0)
Unloading 46 unused Assets / (1.3 MB). Loaded Objects now: 2724.
Memory consumption went from 116.9 MB to 115.5 MB.
Total: 4.564700 ms (FindLiveObjects: 0.267200 ms CreateObjectMapping: 0.194400 ms MarkObjects: 3.761600 ms  DeleteObjects: 0.340000 ms)

AssetImportParameters requested are different than current active one (requested -> active):
  custom:video-decoder-ogg-theora: a1e56fd34408186e4bbccfd4996cb3dc -> 
  custom:container-muxer-webm: aa71ff27fc2769a1b78a27578f13a17b -> 
  custom:container-demuxer-webm: 4f35f7cbe854078d1ac9338744f61a02 -> 
  custom:video-encoder-webm-vp8: eb34c28f22e8b96e1ab97ce403110664 -> 
  custom:audio-encoder-webm-vorbis: bf7c407c2cedff20999df2af8eb42d56 -> 
  custom:framework-win-MediaFoundation: 216162199b28c13a410421893ffa2e32 -> 
  custom:container-demuxer-ogg: 62fdf1f143b41e24485cea50d1cbac27 -> 
  custom:video-decoder-webm-vp8: 9c59270c3fd7afecdb556c50c9e8de78 -> 
  custom:audio-decoder-ogg-vorbis: bf7c407c2cedff20999df2af8eb42d56 -> 
========================================================================
Received Import Request.
  Time since last request: 571.506299 seconds.
  path: Assets/Prefab/Tiles/Level1Tiles/Tile2.prefab
  artifactKey: Guid(b72a0e90d81d2304bb1eb95d76f25f05) Importer(815301076,1909f56bfc062723c751e8b465ee728b)
Start importing Assets/Prefab/Tiles/Level1Tiles/Tile2.prefab using Guid(b72a0e90d81d2304bb1eb95d76f25f05) Importer(815301076,1909f56bfc062723c751e8b465ee728b)  -> (artifact id: '277810bb8e1c4e7c29ea434121ab8a09') in 0.682063 seconds 
========================================================================
Received Import Request.
  Time since last request: 0.000039 seconds.
  path: Assets/Prefab/Tiles/Level1Tiles/Tile6.prefab
  artifactKey: Guid(9e2d006535a57e143a34254300c9e0ac) Importer(815301076,1909f56bfc062723c751e8b465ee728b)
Start importing Assets/Prefab/Tiles/Level1Tiles/Tile6.prefab using Guid(9e2d006535a57e143a34254300c9e0ac) Importer(815301076,1909f56bfc062723c751e8b465ee728b)  -> (artifact id: '057e31890adbe7ff1774c7ab770c980e') in 0.453882 seconds 
========================================================================
Received Import Request.
  Time since last request: 0.000042 seconds.
  path: Assets/Prefab/Tiles/Level1Tiles/Tile4.prefab
  artifactKey: Guid(856dc2f57535bdb4e9d33eff1a9c3704) Importer(815301076,1909f56bfc062723c751e8b465ee728b)
Start importing Assets/Prefab/Tiles/Level1Tiles/Tile4.prefab using Guid(856dc2f57535bdb4e9d33eff1a9c3704) Importer(815301076,1909f56bfc062723c751e8b465ee728b)  -> (artifact id: '92f1f56a593a2b5051cd03d21c057b45') in 0.440837 seconds 
========================================================================
Received Import Request.
  Time since last request: 0.000045 seconds.
  path: Assets/Prefab/Tiles/Level1Tiles/Tile7.prefab
  artifactKey: Guid(355e741988b00f8468c947c8748958dc) Importer(815301076,1909f56bfc062723c751e8b465ee728b)
Start importing Assets/Prefab/Tiles/Level1Tiles/Tile7.prefab using Guid(355e741988b00f8468c947c8748958dc) Importer(815301076,1909f56bfc062723c751e8b465ee728b)  -> (artifact id: 'ef7153b92484165be6bb7737687f510d') in 0.467903 seconds 
========================================================================
Received Import Request.
  Time since last request: 3.070757 seconds.
  path: Assets/Prefab/Tiles/Level1Tiles/Tile2.prefab
  artifactKey: Guid(b72a0e90d81d2304bb1eb95d76f25f05) Importer(815301076,1909f56bfc062723c751e8b465ee728b)
Start importing Assets/Prefab/Tiles/Level1Tiles/Tile2.prefab using Guid(b72a0e90d81d2304bb1eb95d76f25f05) Importer(815301076,1909f56bfc062723c751e8b465ee728b)  -> (artifact id: '5a3ad906ba96169dd3ef1ed44970096f') in 0.630016 seconds 
========================================================================
Received Import Request.
  Time since last request: 0.000028 seconds.
  path: Assets/Prefab/Tiles/Level1Tiles/Tile3.prefab
  artifactKey: Guid(c759f79f348de8f4bb6861d07ce7f862) Importer(815301076,1909f56bfc062723c751e8b465ee728b)
Start importing Assets/Prefab/Tiles/Level1Tiles/Tile3.prefab using Guid(c759f79f348de8f4bb6861d07ce7f862) Importer(815301076,1909f56bfc062723c751e8b465ee728b)  -> (artifact id: '4ab005623fb1f5ec4699b774cfeed1a0') in 0.600365 seconds 
========================================================================
Received Import Request.
  Time since last request: 9.279011 seconds.
  path: Assets/Prefab/Tiles/Level1Tiles/Tile4.prefab
  artifactKey: Guid(856dc2f57535bdb4e9d33eff1a9c3704) Importer(815301076,1909f56bfc062723c751e8b465ee728b)
Start importing Assets/Prefab/Tiles/Level1Tiles/Tile4.prefab using Guid(856dc2f57535bdb4e9d33eff1a9c3704) Importer(815301076,1909f56bfc062723c751e8b465ee728b)  -> (artifact id: '8ae49f8e2761cd77dfeee3483ef25fef') in 0.732276 seconds 
========================================================================
Received Import Request.
  Time since last request: 0.000043 seconds.
  path: Assets/Prefab/Tiles/Level1Tiles/Tile5.prefab
  artifactKey: Guid(2dbf89412dc59b74091635e636e5b6ff) Importer(815301076,1909f56bfc062723c751e8b465ee728b)
Start importing Assets/Prefab/Tiles/Level1Tiles/Tile5.prefab using Guid(2dbf89412dc59b74091635e636e5b6ff) Importer(815301076,1909f56bfc062723c751e8b465ee728b)  -> (artifact id: '4b68e977b5c5798e57f6ac2efdf2e3ab') in 0.538871 seconds 
Editor requested this worker to shutdown with reason: Scaling down because of idle timeout
AssetImportWorker is now disconnected from the server
Process exiting
Exiting without the bug reporter. Application will terminate with return code 0