Using pre-set license
Built from '2021.3/staging' branch; Version is '2021.3.1f1 (3b70a0754835) revision 3895456'; Using compiler version '192829333'; Build Type 'Release'
OS: 'Windows 11  (10.0.22000) 64bit Core' Language: 'tr' Physical Memory: 16236 MB
BatchMode: 1, IsHumanControllingUs: 0, StartBugReporterOnCrash: 0, Is64bit: 1, IsPro: 1

COMMAND LINE ARGUMENTS:
C:\Program Files\Unity\Hub\Editor\2021.3.1f1\Editor\Unity.exe
-adb2
-batchMode
-noUpm
-name
AssetImportWorker11
-projectPath
C:/Users/berkh/Documents/Unity/The-100/SpaceBuzz
-logFile
Logs/AssetImportWorker11.log
-srvPort
58074
Successfully changed project path to: C:/Users/berkh/Documents/Unity/The-100/SpaceBuzz
C:/Users/berkh/Documents/Unity/The-100/SpaceBuzz
[UnityMemory] Configuration Parameters - Can be set up in boot.config
    "memorysetup-bucket-allocator-granularity=16"
    "memorysetup-bucket-allocator-bucket-count=8"
    "memorysetup-bucket-allocator-block-size=33554432"
    "memorysetup-bucket-allocator-block-count=8"
    "memorysetup-main-allocator-block-size=16777216"
    "memorysetup-thread-allocator-block-size=16777216"
    "memorysetup-gfx-main-allocator-block-size=16777216"
    "memorysetup-gfx-thread-allocator-block-size=16777216"
    "memorysetup-cache-allocator-block-size=4194304"
    "memorysetup-typetree-allocator-block-size=2097152"
    "memorysetup-profiler-bucket-allocator-granularity=16"
    "memorysetup-profiler-bucket-allocator-bucket-count=8"
    "memorysetup-profiler-bucket-allocator-block-size=33554432"
    "memorysetup-profiler-bucket-allocator-block-count=8"
    "memorysetup-profiler-allocator-block-size=16777216"
    "memorysetup-profiler-editor-allocator-block-size=1048576"
    "memorysetup-temp-allocator-size-main=16777216"
    "memorysetup-job-temp-allocator-block-size=2097152"
    "memorysetup-job-temp-allocator-block-size-background=1048576"
    "memorysetup-job-temp-allocator-reduction-small-platforms=262144"
    "memorysetup-temp-allocator-size-background-worker=32768"
    "memorysetup-temp-allocator-size-job-worker=262144"
    "memorysetup-temp-allocator-size-preload-manager=33554432"
    "memorysetup-temp-allocator-size-nav-mesh-worker=65536"
    "memorysetup-temp-allocator-size-audio-worker=65536"
    "memorysetup-temp-allocator-size-cloud-worker=32768"
    "memorysetup-temp-allocator-size-gi-baking-worker=262144"
    "memorysetup-temp-allocator-size-gfx=262144"
Refreshing native plugins compatible for Editor in 53.99 ms, found 2 plugins.
Preloading 0 native plugins for Editor in 0.00 ms.
Initialize engine version: 2021.3.1f1 (3b70a0754835)
[Subsystems] Discovering subsystems at path C:/Program Files/Unity/Hub/Editor/2021.3.1f1/Editor/Data/Resources/UnitySubsystems
[Subsystems] Discovering subsystems at path C:/Users/berkh/Documents/Unity/The-100/SpaceBuzz/Assets
GfxDevice: creating device client; threaded=0; jobified=0
Direct3D:
    Version:  Direct3D 11.0 [level 11.1]
    Renderer: NVIDIA GeForce RTX 3060 Laptop GPU (ID=0x2560)
    Vendor:   NVIDIA
    VRAM:     6023 MB
    Driver:   30.0.15.1295
Initialize mono
Mono path[0] = 'C:/Program Files/Unity/Hub/Editor/2021.3.1f1/Editor/Data/Managed'
Mono path[1] = 'C:/Program Files/Unity/Hub/Editor/2021.3.1f1/Editor/Data/MonoBleedingEdge/lib/mono/unityjit-win32'
Mono config path = 'C:/Program Files/Unity/Hub/Editor/2021.3.1f1/Editor/Data/MonoBleedingEdge/etc'
Using monoOptions --debugger-agent=transport=dt_socket,embedding=1,server=y,suspend=n,address=127.0.0.1:56696
Begin MonoManager ReloadAssembly
Registering precompiled unity dll's ...
Register platform support module: C:/Program Files/Unity/Hub/Editor/2021.3.1f1/Editor/Data/PlaybackEngines/WebGLSupport/UnityEditor.WebGL.Extensions.dll
Register platform support module: C:/Program Files/Unity/Hub/Editor/2021.3.1f1/Editor/Data/PlaybackEngines/AndroidPlayer/UnityEditor.Android.Extensions.dll
Register platform support module: C:/Program Files/Unity/Hub/Editor/2021.3.1f1/Editor/Data/PlaybackEngines/WindowsStandaloneSupport/UnityEditor.WindowsStandalone.Extensions.dll
Registered in 0.005308 seconds.
Native extension for WindowsStandalone target not found
Native extension for Android target not found
Native extension for WebGL target not found
Refreshing native plugins compatible for Editor in 43.03 ms, found 2 plugins.
Preloading 0 native plugins for Editor in 0.00 ms.
Mono: successfully reloaded assembly
- Completed reload, in  0.504 seconds
Domain Reload Profiling:
	ReloadAssembly (504ms)
		BeginReloadAssembly (59ms)
			ExecutionOrderSort (0ms)
			DisableScriptedObjects (0ms)
			BackupInstance (0ms)
			ReleaseScriptingObjects (0ms)
			CreateAndSetChildDomain (1ms)
		EndReloadAssembly (358ms)
			LoadAssemblies (58ms)
			RebuildTransferFunctionScriptingTraits (0ms)
			SetupTypeCache (84ms)
			ReleaseScriptCaches (0ms)
			RebuildScriptCaches (22ms)
			SetupLoadedEditorAssemblies (209ms)
				LogAssemblyErrors (0ms)
				InitializePlatformSupportModulesInManaged (49ms)
				SetLoadedEditorAssemblies (0ms)
				RefreshPlugins (43ms)
				BeforeProcessingInitializeOnLoad (1ms)
				ProcessInitializeOnLoadAttributes (80ms)
				ProcessInitializeOnLoadMethodAttributes (36ms)
				AfterProcessingInitializeOnLoad (0ms)
				EditorAssembliesLoaded (0ms)
			ExecutionOrderSort2 (0ms)
			AwakeInstancesAfterBackupRestoration (0ms)
Platform modules already initialized, skipping
Registering precompiled user dll's ...
Registered in 0.002381 seconds.
Begin MonoManager ReloadAssembly
Symbol file LoadedFromMemory is not a mono symbol file
Native extension for WindowsStandalone target not found
Native extension for Android target not found
Native extension for WebGL target not found
Refreshing native plugins compatible for Editor in 0.76 ms, found 2 plugins.
Preloading 0 native plugins for Editor in 0.00 ms.
Mono: successfully reloaded assembly
- Completed reload, in  0.948 seconds
Domain Reload Profiling:
	ReloadAssembly (949ms)
		BeginReloadAssembly (201ms)
			ExecutionOrderSort (0ms)
			DisableScriptedObjects (5ms)
			BackupInstance (0ms)
			ReleaseScriptingObjects (0ms)
			CreateAndSetChildDomain (130ms)
		EndReloadAssembly (651ms)
			LoadAssemblies (64ms)
			RebuildTransferFunctionScriptingTraits (0ms)
			SetupTypeCache (150ms)
			ReleaseScriptCaches (0ms)
			RebuildScriptCaches (39ms)
			SetupLoadedEditorAssemblies (365ms)
				LogAssemblyErrors (0ms)
				InitializePlatformSupportModulesInManaged (12ms)
				SetLoadedEditorAssemblies (0ms)
				RefreshPlugins (1ms)
				BeforeProcessingInitializeOnLoad (45ms)
				ProcessInitializeOnLoadAttributes (282ms)
				ProcessInitializeOnLoadMethodAttributes (20ms)
				AfterProcessingInitializeOnLoad (5ms)
				EditorAssembliesLoaded (0ms)
			ExecutionOrderSort2 (0ms)
			AwakeInstancesAfterBackupRestoration (4ms)
Platform modules already initialized, skipping
========================================================================
Worker process is ready to serve import requests
Launched and connected shader compiler UnityShaderCompiler.exe after 0.06 seconds
Refreshing native plugins compatible for Editor in 0.86 ms, found 2 plugins.
Preloading 0 native plugins for Editor in 0.00 ms.
Unloading 2200 Unused Serialized files (Serialized files now loaded: 0)
Unloading 66 unused Assets / (1.4 MB). Loaded Objects now: 2679.
Memory consumption went from 127.6 MB to 126.2 MB.
Total: 3.392100 ms (FindLiveObjects: 0.199800 ms CreateObjectMapping: 0.108800 ms MarkObjects: 2.725100 ms  DeleteObjects: 0.357400 ms)

AssetImportParameters requested are different than current active one (requested -> active):
  custom:video-decoder-ogg-theora: a1e56fd34408186e4bbccfd4996cb3dc -> 
  custom:container-muxer-webm: aa71ff27fc2769a1b78a27578f13a17b -> 
  custom:container-demuxer-webm: 4f35f7cbe854078d1ac9338744f61a02 -> 
  custom:video-encoder-webm-vp8: eb34c28f22e8b96e1ab97ce403110664 -> 
  custom:audio-encoder-webm-vorbis: bf7c407c2cedff20999df2af8eb42d56 -> 
  custom:framework-win-MediaFoundation: 216162199b28c13a410421893ffa2e32 -> 
  custom:container-demuxer-ogg: 62fdf1f143b41e24485cea50d1cbac27 -> 
  custom:video-decoder-webm-vp8: 9c59270c3fd7afecdb556c50c9e8de78 -> 
  custom:audio-decoder-ogg-vorbis: bf7c407c2cedff20999df2af8eb42d56 -> 
========================================================================
Received Import Request.
  Time since last request: 155003.067990 seconds.
  path: Assets/Sources/LowPolyAlienWorld/Terrain.prefab
  artifactKey: Guid(f9b070a0df4bf2941a858f1c29591401) Importer(815301076,1909f56bfc062723c751e8b465ee728b)
Start importing Assets/Sources/LowPolyAlienWorld/Terrain.prefab using Guid(f9b070a0df4bf2941a858f1c29591401) Importer(815301076,1909f56bfc062723c751e8b465ee728b)  -> (artifact id: '654d7c0cb038a36b27d8a6e6716b77da') in 0.094529 seconds 
========================================================================
Received Import Request.
  Time since last request: 1.152994 seconds.
  path: Assets/Sources/LowPolyAlienWorld/Flora/Prefabs/BigPlant_01.prefab
  artifactKey: Guid(f6045a15e1065124680c92c504c8d7ea) Importer(815301076,1909f56bfc062723c751e8b465ee728b)
Start importing Assets/Sources/LowPolyAlienWorld/Flora/Prefabs/BigPlant_01.prefab using Guid(f6045a15e1065124680c92c504c8d7ea) Importer(815301076,1909f56bfc062723c751e8b465ee728b)  -> (artifact id: '885481fdc8c75d2f340309fd928c5c79') in 0.016155 seconds 
========================================================================
Received Import Request.
  Time since last request: 0.000031 seconds.
  path: Assets/Sources/LowPolyAlienWorld/Flora/Prefabs/Grass_01.prefab
  artifactKey: Guid(34c65acd7feb107489a71157e525c9e7) Importer(815301076,1909f56bfc062723c751e8b465ee728b)
Start importing Assets/Sources/LowPolyAlienWorld/Flora/Prefabs/Grass_01.prefab using Guid(34c65acd7feb107489a71157e525c9e7) Importer(815301076,1909f56bfc062723c751e8b465ee728b)  -> (artifact id: '78dc7d86c161b57130404ff01ee19449') in 0.022046 seconds 
========================================================================
Received Import Request.
  Time since last request: 0.000016 seconds.
  path: Assets/Sources/LowPolyAlienWorld/Flora/Prefabs/Flying_baloon_01.prefab
  artifactKey: Guid(0450d19464994a4439f6c7dea52104b2) Importer(815301076,1909f56bfc062723c751e8b465ee728b)
Start importing Assets/Sources/LowPolyAlienWorld/Flora/Prefabs/Flying_baloon_01.prefab using Guid(0450d19464994a4439f6c7dea52104b2) Importer(815301076,1909f56bfc062723c751e8b465ee728b)  -> (artifact id: 'e5a27365b5aaf05755e1cc3aca0e7dac') in 0.061247 seconds 
========================================================================
Received Import Request.
  Time since last request: 0.000017 seconds.
  path: Assets/Sources/LowPolyAlienWorld/Flora/Prefabs/SmallPlant_01.prefab
  artifactKey: Guid(20f64b4081161ef43b320aa975519fdc) Importer(815301076,1909f56bfc062723c751e8b465ee728b)
Start importing Assets/Sources/LowPolyAlienWorld/Flora/Prefabs/SmallPlant_01.prefab using Guid(20f64b4081161ef43b320aa975519fdc) Importer(815301076,1909f56bfc062723c751e8b465ee728b)  -> (artifact id: 'c9d249f81db87d06642c7181a3c90310') in 0.035400 seconds 
========================================================================
Received Import Request.
  Time since last request: 154.830186 seconds.
  path: Assets/Prefab/Tiles/UtaTiles/Tile9 1.prefab
  artifactKey: Guid(7c84b2a429348034eb69a3ca8689387c) Importer(815301076,1909f56bfc062723c751e8b465ee728b)
Start importing Assets/Prefab/Tiles/UtaTiles/Tile9 1.prefab using Guid(7c84b2a429348034eb69a3ca8689387c) Importer(815301076,1909f56bfc062723c751e8b465ee728b)  -> (artifact id: 'a66955f0668a4993f770b0019d72e402') in 0.477812 seconds 
========================================================================
Received Import Request.
  Time since last request: 25.773489 seconds.
  path: Assets/Prefab/Tiles/UtaTiles/Tile10.prefab
  artifactKey: Guid(7c84b2a429348034eb69a3ca8689387c) Importer(815301076,1909f56bfc062723c751e8b465ee728b)
Start importing Assets/Prefab/Tiles/UtaTiles/Tile10.prefab using Guid(7c84b2a429348034eb69a3ca8689387c) Importer(815301076,1909f56bfc062723c751e8b465ee728b)  -> (artifact id: '61f19a177b8be30b64bd634461926dc3') in 0.165902 seconds 
========================================================================
Received Import Request.
  Time since last request: 92.817079 seconds.
  path: Assets/Material/Uta 1.terrainlayer
  artifactKey: Guid(1ddc86cbf3328654badb37249c2c0545) Importer(815301076,1909f56bfc062723c751e8b465ee728b)
Start importing Assets/Material/Uta 1.terrainlayer using Guid(1ddc86cbf3328654badb37249c2c0545) Importer(815301076,1909f56bfc062723c751e8b465ee728b)  -> (artifact id: '6fe55ebefb8f9101404c094bb933f930') in 0.057847 seconds 
========================================================================
Received Import Request.
  Time since last request: 26.220232 seconds.
  path: Assets/Material/UtaGround.mat
  artifactKey: Guid(57afd249908bf6044944ab4c3d87faba) Importer(815301076,1909f56bfc062723c751e8b465ee728b)
Start importing Assets/Material/UtaGround.mat using Guid(57afd249908bf6044944ab4c3d87faba) Importer(815301076,1909f56bfc062723c751e8b465ee728b)  -> (artifact id: 'f48c587a07984c73ca619e9d255dff53') in 0.022130 seconds 
========================================================================
Received Import Request.
  Time since last request: 77.322623 seconds.
  path: Assets/TerrainSampleAssets/Textures/Terrain/Snow_Normal.tif
  artifactKey: Guid(baca4d94b1d1d8046ab52ce1570a24c7) Importer(815301076,1909f56bfc062723c751e8b465ee728b)
Start importing Assets/TerrainSampleAssets/Textures/Terrain/Snow_Normal.tif using Guid(baca4d94b1d1d8046ab52ce1570a24c7) Importer(815301076,1909f56bfc062723c751e8b465ee728b)  -> (artifact id: '4e655d481a2237c4e91eccfb9d71af46') in 0.027441 seconds 
========================================================================
Received Import Request.
  Time since last request: 97.320509 seconds.
  path: Assets/Prefab/Tiles/UtaTiles/Tile10.prefab
  artifactKey: Guid(7c84b2a429348034eb69a3ca8689387c) Importer(815301076,1909f56bfc062723c751e8b465ee728b)
Start importing Assets/Prefab/Tiles/UtaTiles/Tile10.prefab using Guid(7c84b2a429348034eb69a3ca8689387c) Importer(815301076,1909f56bfc062723c751e8b465ee728b)  -> (artifact id: '5524859690e4fb2dffd887c95b7c026c') in 0.129502 seconds 
========================================================================
Received Import Request.
  Time since last request: 52.499522 seconds.
  path: Assets/Material/UtaGround.mat
  artifactKey: Guid(57afd249908bf6044944ab4c3d87faba) Importer(815301076,1909f56bfc062723c751e8b465ee728b)
Start importing Assets/Material/UtaGround.mat using Guid(57afd249908bf6044944ab4c3d87faba) Importer(815301076,1909f56bfc062723c751e8b465ee728b)  -> (artifact id: '1760b401a58af556cd4ce654267893da') in 0.074079 seconds 
========================================================================
Received Import Request.
  Time since last request: 4.924802 seconds.
  path: Assets/Scenes/2.unity
  artifactKey: Guid(1998cd9f6ea3ff042b8e82c8851a5727) Importer(815301076,1909f56bfc062723c751e8b465ee728b)
Start importing Assets/Scenes/2.unity using Guid(1998cd9f6ea3ff042b8e82c8851a5727) Importer(815301076,1909f56bfc062723c751e8b465ee728b)  -> (artifact id: '517e715f3c09f7884c2fe24d8eeb156f') in 0.005866 seconds 
========================================================================
Received Import Request.
  Time since last request: 6.900909 seconds.
  path: Assets/Prefab/Tiles/UtaTiles/Tile9.prefab
  artifactKey: Guid(88c75842cba000c49a9e08a74de7e3e6) Importer(815301076,1909f56bfc062723c751e8b465ee728b)
Start importing Assets/Prefab/Tiles/UtaTiles/Tile9.prefab using Guid(88c75842cba000c49a9e08a74de7e3e6) Importer(815301076,1909f56bfc062723c751e8b465ee728b)  -> (artifact id: 'c5acf99d8b74144a523d4b2e89b5ebe8') in 0.138500 seconds 
========================================================================
Received Prepare
Registering precompiled user dll's ...
Registered in 0.002070 seconds.
Begin MonoManager ReloadAssembly
Symbol file LoadedFromMemory is not a mono symbol file
Native extension for WindowsStandalone target not found
Native extension for Android target not found
Native extension for WebGL target not found
Refreshing native plugins compatible for Editor in 0.80 ms, found 2 plugins.
Preloading 0 native plugins for Editor in 0.00 ms.
Mono: successfully reloaded assembly
- Completed reload, in  0.889 seconds
Domain Reload Profiling:
	ReloadAssembly (890ms)
		BeginReloadAssembly (110ms)
			ExecutionOrderSort (0ms)
			DisableScriptedObjects (4ms)
			BackupInstance (0ms)
			ReleaseScriptingObjects (0ms)
			CreateAndSetChildDomain (35ms)
		EndReloadAssembly (702ms)
			LoadAssemblies (85ms)
			RebuildTransferFunctionScriptingTraits (0ms)
			SetupTypeCache (162ms)
			ReleaseScriptCaches (1ms)
			RebuildScriptCaches (34ms)
			SetupLoadedEditorAssemblies (379ms)
				LogAssemblyErrors (0ms)
				InitializePlatformSupportModulesInManaged (18ms)
				SetLoadedEditorAssemblies (0ms)
				RefreshPlugins (1ms)
				BeforeProcessingInitializeOnLoad (48ms)
				ProcessInitializeOnLoadAttributes (283ms)
				ProcessInitializeOnLoadMethodAttributes (24ms)
				AfterProcessingInitializeOnLoad (5ms)
				EditorAssembliesLoaded (0ms)
			ExecutionOrderSort2 (0ms)
			AwakeInstancesAfterBackupRestoration (6ms)
Platform modules already initialized, skipping
Refreshing native plugins compatible for Editor in 7.22 ms, found 2 plugins.
Preloading 0 native plugins for Editor in 0.00 ms.
Unloading 2148 Unused Serialized files (Serialized files now loaded: 0)
Unloading 47 unused Assets / (1.4 MB). Loaded Objects now: 2738.
Memory consumption went from 127.1 MB to 125.7 MB.
Total: 3.675700 ms (FindLiveObjects: 0.245400 ms CreateObjectMapping: 0.169800 ms MarkObjects: 2.969600 ms  DeleteObjects: 0.288600 ms)

AssetImportParameters requested are different than current active one (requested -> active):
  custom:video-decoder-ogg-theora: a1e56fd34408186e4bbccfd4996cb3dc -> 
  custom:container-muxer-webm: aa71ff27fc2769a1b78a27578f13a17b -> 
  custom:container-demuxer-webm: 4f35f7cbe854078d1ac9338744f61a02 -> 
  custom:video-encoder-webm-vp8: eb34c28f22e8b96e1ab97ce403110664 -> 
  custom:audio-encoder-webm-vorbis: bf7c407c2cedff20999df2af8eb42d56 -> 
  custom:framework-win-MediaFoundation: 216162199b28c13a410421893ffa2e32 -> 
  custom:container-demuxer-ogg: 62fdf1f143b41e24485cea50d1cbac27 -> 
  custom:video-decoder-webm-vp8: 9c59270c3fd7afecdb556c50c9e8de78 -> 
  custom:audio-decoder-ogg-vorbis: bf7c407c2cedff20999df2af8eb42d56 -> 
========================================================================
Received Import Request.
  Time since last request: 66.914952 seconds.
  path: Assets/Art/Button-1.png
  artifactKey: Guid(bf216633c40a13b46bf9ef3e01d295ab) Importer(815301076,1909f56bfc062723c751e8b465ee728b)
Start importing Assets/Art/Button-1.png using Guid(bf216633c40a13b46bf9ef3e01d295ab) Importer(815301076,1909f56bfc062723c751e8b465ee728b)  -> (artifact id: '64e9217f49d43bc90821c334895ef07a') in 0.179563 seconds 
========================================================================
Received Import Request.
  Time since last request: 5.558579 seconds.
  path: Assets/Scenes/test.unity
  artifactKey: Guid(a574ae9fd7149b54783d9fdde3c73a21) Importer(815301076,1909f56bfc062723c751e8b465ee728b)
Start importing Assets/Scenes/test.unity using Guid(a574ae9fd7149b54783d9fdde3c73a21) Importer(815301076,1909f56bfc062723c751e8b465ee728b)  -> (artifact id: 'c23dfde9e454d82c324c31c9f23916ef') in 0.001893 seconds 
========================================================================
Received Import Request.
  Time since last request: 147.036140 seconds.
  path: Assets/Sources/Lunar Landscape 3D/Resources/Materials/Ground_03.terrainlayer
  artifactKey: Guid(13f086762e8674530af62b721b1065e3) Importer(815301076,1909f56bfc062723c751e8b465ee728b)
Start importing Assets/Sources/Lunar Landscape 3D/Resources/Materials/Ground_03.terrainlayer using Guid(13f086762e8674530af62b721b1065e3) Importer(815301076,1909f56bfc062723c751e8b465ee728b)  -> (artifact id: '1f30a2730b0986a8dcdcd655bba01825') in 0.043860 seconds 
========================================================================
Received Import Request.
  Time since last request: 177.525602 seconds.
  path: Assets/Material/Uta2.mat
  artifactKey: Guid(e675700d2c782ba46b91b06ab876fe36) Importer(815301076,1909f56bfc062723c751e8b465ee728b)
Start importing Assets/Material/Uta2.mat using Guid(e675700d2c782ba46b91b06ab876fe36) Importer(815301076,1909f56bfc062723c751e8b465ee728b)  -> (artifact id: '5546954e1b1d667f0a2568871ea5739b') in 0.048012 seconds 
========================================================================
Received Import Request.
  Time since last request: 5.418097 seconds.
  path: Assets/Material/NewLayer 1.terrainlayer
  artifactKey: Guid(521a76ac1f1e0fa43877457b0eaf7d1e) Importer(815301076,1909f56bfc062723c751e8b465ee728b)
Start importing Assets/Material/NewLayer 1.terrainlayer using Guid(521a76ac1f1e0fa43877457b0eaf7d1e) Importer(815301076,1909f56bfc062723c751e8b465ee728b)  -> (artifact id: '11e3de9a35471ac222b5b1752df06286') in 0.015535 seconds 
========================================================================
Received Import Request.
  Time since last request: 0.000024 seconds.
  path: Assets/Material/Uta 1.mat
  artifactKey: Guid(dd54961c84fa13043a5ba322b8aeedc9) Importer(815301076,1909f56bfc062723c751e8b465ee728b)
Start importing Assets/Material/Uta 1.mat using Guid(dd54961c84fa13043a5ba322b8aeedc9) Importer(815301076,1909f56bfc062723c751e8b465ee728b)  -> (artifact id: 'c44f8b820131589804b3df8e21b90b88') in 0.012031 seconds 
========================================================================
Received Import Request.
  Time since last request: 1.993785 seconds.
  path: Assets/Material/Uta2.mat
  artifactKey: Guid(dd54961c84fa13043a5ba322b8aeedc9) Importer(815301076,1909f56bfc062723c751e8b465ee728b)
Start importing Assets/Material/Uta2.mat using Guid(dd54961c84fa13043a5ba322b8aeedc9) Importer(815301076,1909f56bfc062723c751e8b465ee728b)  -> (artifact id: '655e6023f71e4111121be2f81b5b6f01') in 0.015168 seconds 
========================================================================
Received Import Request.
  Time since last request: 20.261488 seconds.
  path: Assets/New Terrain 1.asset
  artifactKey: Guid(440cafa6af19dde4ca81eab96eb1e6d6) Importer(815301076,1909f56bfc062723c751e8b465ee728b)
Start importing Assets/New Terrain 1.asset using Guid(440cafa6af19dde4ca81eab96eb1e6d6) Importer(815301076,1909f56bfc062723c751e8b465ee728b)  -> (artifact id: '1fe90cee4209110a8549fdc9560b3f88') in 0.025345 seconds 
========================================================================
Received Import Request.
  Time since last request: 633.031128 seconds.
  path: Assets/Material/Uta 1.terrainlayer
  artifactKey: Guid(1ddc86cbf3328654badb37249c2c0545) Importer(815301076,1909f56bfc062723c751e8b465ee728b)
Start importing Assets/Material/Uta 1.terrainlayer using Guid(1ddc86cbf3328654badb37249c2c0545) Importer(815301076,1909f56bfc062723c751e8b465ee728b)  -> (artifact id: '529494b86328c325be6876197459a79f') in 0.007609 seconds 
========================================================================
Received Import Request.
  Time since last request: 149.341305 seconds.
  path: Assets/Sources/Lunar Landscape 3D/Resources/Materials/Crater_Brush.brush
  artifactKey: Guid(2d1331f2b55c943b7b1458348ea6b097) Importer(815301076,1909f56bfc062723c751e8b465ee728b)
Start importing Assets/Sources/Lunar Landscape 3D/Resources/Materials/Crater_Brush.brush using Guid(2d1331f2b55c943b7b1458348ea6b097) Importer(815301076,1909f56bfc062723c751e8b465ee728b)  -> (artifact id: 'a1489f64c8a2f1bf66cb18dc8c3bec2c') in 0.016340 seconds 
========================================================================
Received Import Request.
  Time since last request: 350.174386 seconds.
  path: Assets/Scenes/2.unity
  artifactKey: Guid(1998cd9f6ea3ff042b8e82c8851a5727) Importer(815301076,1909f56bfc062723c751e8b465ee728b)
Start importing Assets/Scenes/2.unity using Guid(1998cd9f6ea3ff042b8e82c8851a5727) Importer(815301076,1909f56bfc062723c751e8b465ee728b)  -> (artifact id: '15ef7b601d3d2e3e431e874751267f43') in 0.002100 seconds 
========================================================================
Received Prepare
Registering precompiled user dll's ...
Registered in 0.002594 seconds.
Begin MonoManager ReloadAssembly
Symbol file LoadedFromMemory is not a mono symbol file
Native extension for WindowsStandalone target not found
Native extension for Android target not found
Native extension for WebGL target not found
Refreshing native plugins compatible for Editor in 1.18 ms, found 2 plugins.
Preloading 0 native plugins for Editor in 0.00 ms.
Mono: successfully reloaded assembly
- Completed reload, in  0.870 seconds
Domain Reload Profiling:
	ReloadAssembly (870ms)
		BeginReloadAssembly (111ms)
			ExecutionOrderSort (0ms)
			DisableScriptedObjects (4ms)
			BackupInstance (0ms)
			ReleaseScriptingObjects (0ms)
			CreateAndSetChildDomain (39ms)
		EndReloadAssembly (687ms)
			LoadAssemblies (66ms)
			RebuildTransferFunctionScriptingTraits (0ms)
			SetupTypeCache (160ms)
			ReleaseScriptCaches (1ms)
			RebuildScriptCaches (31ms)
			SetupLoadedEditorAssemblies (388ms)
				LogAssemblyErrors (0ms)
				InitializePlatformSupportModulesInManaged (20ms)
				SetLoadedEditorAssemblies (0ms)
				RefreshPlugins (1ms)
				BeforeProcessingInitializeOnLoad (42ms)
				ProcessInitializeOnLoadAttributes (295ms)
				ProcessInitializeOnLoadMethodAttributes (24ms)
				AfterProcessingInitializeOnLoad (5ms)
				EditorAssembliesLoaded (0ms)
			ExecutionOrderSort2 (0ms)
			AwakeInstancesAfterBackupRestoration (7ms)
Platform modules already initialized, skipping
Refreshing native plugins compatible for Editor in 3.66 ms, found 2 plugins.
Preloading 0 native plugins for Editor in 0.00 ms.
Unloading 2148 Unused Serialized files (Serialized files now loaded: 0)
Unloading 46 unused Assets / (1.3 MB). Loaded Objects now: 2761.
Memory consumption went from 127.1 MB to 125.8 MB.
Total: 3.645600 ms (FindLiveObjects: 0.219800 ms CreateObjectMapping: 0.150700 ms MarkObjects: 2.932100 ms  DeleteObjects: 0.342000 ms)

AssetImportParameters requested are different than current active one (requested -> active):
  custom:video-decoder-ogg-theora: a1e56fd34408186e4bbccfd4996cb3dc -> 
  custom:container-muxer-webm: aa71ff27fc2769a1b78a27578f13a17b -> 
  custom:container-demuxer-webm: 4f35f7cbe854078d1ac9338744f61a02 -> 
  custom:video-encoder-webm-vp8: eb34c28f22e8b96e1ab97ce403110664 -> 
  custom:audio-encoder-webm-vorbis: bf7c407c2cedff20999df2af8eb42d56 -> 
  custom:framework-win-MediaFoundation: 216162199b28c13a410421893ffa2e32 -> 
  custom:container-demuxer-ogg: 62fdf1f143b41e24485cea50d1cbac27 -> 
  custom:video-decoder-webm-vp8: 9c59270c3fd7afecdb556c50c9e8de78 -> 
  custom:audio-decoder-ogg-vorbis: bf7c407c2cedff20999df2af8eb42d56 -> 
========================================================================
Received Import Request.
  Time since last request: 31.682988 seconds.
  path: Assets/Scenes/test.unity
  artifactKey: Guid(a574ae9fd7149b54783d9fdde3c73a21) Importer(815301076,1909f56bfc062723c751e8b465ee728b)
Start importing Assets/Scenes/test.unity using Guid(a574ae9fd7149b54783d9fdde3c73a21) Importer(815301076,1909f56bfc062723c751e8b465ee728b)  -> (artifact id: '1fdfb3aad9d534da951e3d9eca81ed03') in 0.005971 seconds 
========================================================================
Received Import Request.
  Time since last request: 78.468275 seconds.
  path: Assets/Prefab/Tiles/UtaTiles/Tile9.prefab
  artifactKey: Guid(88c75842cba000c49a9e08a74de7e3e6) Importer(815301076,1909f56bfc062723c751e8b465ee728b)
Start importing Assets/Prefab/Tiles/UtaTiles/Tile9.prefab using Guid(88c75842cba000c49a9e08a74de7e3e6) Importer(815301076,1909f56bfc062723c751e8b465ee728b)  -> (artifact id: '857881bf2e3994a414987c8351e45ae4') in 0.180810 seconds 
========================================================================
Received Import Request.
  Time since last request: 1394.348941 seconds.
  path: Assets/Prefab/Tiles/UtaTiles/Tile9.prefab
  artifactKey: Guid(88c75842cba000c49a9e08a74de7e3e6) Importer(815301076,1909f56bfc062723c751e8b465ee728b)
Start importing Assets/Prefab/Tiles/UtaTiles/Tile9.prefab using Guid(88c75842cba000c49a9e08a74de7e3e6) Importer(815301076,1909f56bfc062723c751e8b465ee728b)  -> (artifact id: '6d04313c88dcc9aef47e42d2fcfaa316') in 0.065686 seconds 
========================================================================
Received Import Request.
  Time since last request: 50.085783 seconds.
  path: Assets/Prefab/Tiles/UtaTiles/Tile9.prefab
  artifactKey: Guid(88c75842cba000c49a9e08a74de7e3e6) Importer(815301076,1909f56bfc062723c751e8b465ee728b)
Start importing Assets/Prefab/Tiles/UtaTiles/Tile9.prefab using Guid(88c75842cba000c49a9e08a74de7e3e6) Importer(815301076,1909f56bfc062723c751e8b465ee728b)  -> (artifact id: '9cae4afb9327e6c70d8327d62df89611') in 0.017590 seconds 
========================================================================
Received Prepare
Registering precompiled user dll's ...
Registered in 0.002208 seconds.
Begin MonoManager ReloadAssembly
Symbol file LoadedFromMemory is not a mono symbol file
Native extension for WindowsStandalone target not found
Native extension for Android target not found
Native extension for WebGL target not found
Refreshing native plugins compatible for Editor in 1.33 ms, found 2 plugins.
Preloading 0 native plugins for Editor in 0.00 ms.
Mono: successfully reloaded assembly
- Completed reload, in  0.921 seconds
Domain Reload Profiling:
	ReloadAssembly (922ms)
		BeginReloadAssembly (111ms)
			ExecutionOrderSort (0ms)
			DisableScriptedObjects (4ms)
			BackupInstance (0ms)
			ReleaseScriptingObjects (0ms)
			CreateAndSetChildDomain (39ms)
		EndReloadAssembly (732ms)
			LoadAssemblies (73ms)
			RebuildTransferFunctionScriptingTraits (0ms)
			SetupTypeCache (160ms)
			ReleaseScriptCaches (1ms)
			RebuildScriptCaches (31ms)
			SetupLoadedEditorAssemblies (426ms)
				LogAssemblyErrors (0ms)
				InitializePlatformSupportModulesInManaged (19ms)
				SetLoadedEditorAssemblies (1ms)
				RefreshPlugins (1ms)
				BeforeProcessingInitializeOnLoad (46ms)
				ProcessInitializeOnLoadAttributes (329ms)
				ProcessInitializeOnLoadMethodAttributes (25ms)
				AfterProcessingInitializeOnLoad (6ms)
				EditorAssembliesLoaded (0ms)
			ExecutionOrderSort2 (0ms)
			AwakeInstancesAfterBackupRestoration (7ms)
Platform modules already initialized, skipping
Refreshing native plugins compatible for Editor in 3.32 ms, found 2 plugins.
Preloading 0 native plugins for Editor in 0.00 ms.
Unloading 2148 Unused Serialized files (Serialized files now loaded: 0)
Unloading 47 unused Assets / (1.4 MB). Loaded Objects now: 2777.
Memory consumption went from 127.2 MB to 125.8 MB.
Total: 3.547100 ms (FindLiveObjects: 0.224400 ms CreateObjectMapping: 0.061900 ms MarkObjects: 2.995000 ms  DeleteObjects: 0.264700 ms)

AssetImportParameters requested are different than current active one (requested -> active):
  custom:video-decoder-ogg-theora: a1e56fd34408186e4bbccfd4996cb3dc -> 
  custom:container-muxer-webm: aa71ff27fc2769a1b78a27578f13a17b -> 
  custom:container-demuxer-webm: 4f35f7cbe854078d1ac9338744f61a02 -> 
  custom:video-encoder-webm-vp8: eb34c28f22e8b96e1ab97ce403110664 -> 
  custom:audio-encoder-webm-vorbis: bf7c407c2cedff20999df2af8eb42d56 -> 
  custom:framework-win-MediaFoundation: 216162199b28c13a410421893ffa2e32 -> 
  custom:container-demuxer-ogg: 62fdf1f143b41e24485cea50d1cbac27 -> 
  custom:video-decoder-webm-vp8: 9c59270c3fd7afecdb556c50c9e8de78 -> 
  custom:audio-decoder-ogg-vorbis: bf7c407c2cedff20999df2af8eb42d56 -> 
========================================================================
Received Import Request.
  Time since last request: 40.629394 seconds.
  path: Assets/Scenes/test.unity
  artifactKey: Guid(a574ae9fd7149b54783d9fdde3c73a21) Importer(815301076,1909f56bfc062723c751e8b465ee728b)
Start importing Assets/Scenes/test.unity using Guid(a574ae9fd7149b54783d9fdde3c73a21) Importer(815301076,1909f56bfc062723c751e8b465ee728b)  -> (artifact id: '06e8925addcf0844ead0506be2c5756a') in 0.008942 seconds 
========================================================================
Received Import Request.
  Time since last request: 802.554336 seconds.
  path: Assets/Scenes/2.unity
  artifactKey: Guid(1998cd9f6ea3ff042b8e82c8851a5727) Importer(815301076,1909f56bfc062723c751e8b465ee728b)
Start importing Assets/Scenes/2.unity using Guid(1998cd9f6ea3ff042b8e82c8851a5727) Importer(815301076,1909f56bfc062723c751e8b465ee728b)  -> (artifact id: '11f0aabb6cd7197ed5d670a69108195c') in 0.005416 seconds 
========================================================================
Received Prepare
Registering precompiled user dll's ...
Registered in 0.001881 seconds.
Begin MonoManager ReloadAssembly
Symbol file LoadedFromMemory is not a mono symbol file
Native extension for WindowsStandalone target not found
Native extension for Android target not found
Native extension for WebGL target not found
Refreshing native plugins compatible for Editor in 0.83 ms, found 2 plugins.
Preloading 0 native plugins for Editor in 0.00 ms.
Mono: successfully reloaded assembly
- Completed reload, in  0.880 seconds
Domain Reload Profiling:
	ReloadAssembly (881ms)
		BeginReloadAssembly (107ms)
			ExecutionOrderSort (0ms)
			DisableScriptedObjects (4ms)
			BackupInstance (0ms)
			ReleaseScriptingObjects (0ms)
			CreateAndSetChildDomain (35ms)
		EndReloadAssembly (699ms)
			LoadAssemblies (66ms)
			RebuildTransferFunctionScriptingTraits (0ms)
			SetupTypeCache (143ms)
			ReleaseScriptCaches (1ms)
			RebuildScriptCaches (32ms)
			SetupLoadedEditorAssemblies (409ms)
				LogAssemblyErrors (0ms)
				InitializePlatformSupportModulesInManaged (23ms)
				SetLoadedEditorAssemblies (0ms)
				RefreshPlugins (1ms)
				BeforeProcessingInitializeOnLoad (44ms)
				ProcessInitializeOnLoadAttributes (310ms)
				ProcessInitializeOnLoadMethodAttributes (25ms)
				AfterProcessingInitializeOnLoad (6ms)
				EditorAssembliesLoaded (0ms)
			ExecutionOrderSort2 (0ms)
			AwakeInstancesAfterBackupRestoration (8ms)
Platform modules already initialized, skipping
Refreshing native plugins compatible for Editor in 3.74 ms, found 2 plugins.
Preloading 0 native plugins for Editor in 0.00 ms.
Unloading 2148 Unused Serialized files (Serialized files now loaded: 0)
Unloading 46 unused Assets / (1.4 MB). Loaded Objects now: 2793.
Memory consumption went from 127.2 MB to 125.9 MB.
Total: 3.634200 ms (FindLiveObjects: 0.371400 ms CreateObjectMapping: 0.185500 ms MarkObjects: 2.728800 ms  DeleteObjects: 0.346600 ms)

AssetImportParameters requested are different than current active one (requested -> active):
  custom:video-decoder-ogg-theora: a1e56fd34408186e4bbccfd4996cb3dc -> 
  custom:container-muxer-webm: aa71ff27fc2769a1b78a27578f13a17b -> 
  custom:container-demuxer-webm: 4f35f7cbe854078d1ac9338744f61a02 -> 
  custom:video-encoder-webm-vp8: eb34c28f22e8b96e1ab97ce403110664 -> 
  custom:audio-encoder-webm-vorbis: bf7c407c2cedff20999df2af8eb42d56 -> 
  custom:framework-win-MediaFoundation: 216162199b28c13a410421893ffa2e32 -> 
  custom:container-demuxer-ogg: 62fdf1f143b41e24485cea50d1cbac27 -> 
  custom:video-decoder-webm-vp8: 9c59270c3fd7afecdb556c50c9e8de78 -> 
  custom:audio-decoder-ogg-vorbis: bf7c407c2cedff20999df2af8eb42d56 -> 
========================================================================
Received Import Request.
  Time since last request: 49.623134 seconds.
  path: Assets/Scenes/test.unity
  artifactKey: Guid(a574ae9fd7149b54783d9fdde3c73a21) Importer(815301076,1909f56bfc062723c751e8b465ee728b)
Start importing Assets/Scenes/test.unity using Guid(a574ae9fd7149b54783d9fdde3c73a21) Importer(815301076,1909f56bfc062723c751e8b465ee728b)  -> (artifact id: 'b7a226b53fb0bcfd8d3fbb7430cee994') in 0.005627 seconds 
========================================================================
Received Prepare
Registering precompiled user dll's ...
Registered in 0.002395 seconds.
Begin MonoManager ReloadAssembly
Symbol file LoadedFromMemory is not a mono symbol file
Native extension for WindowsStandalone target not found
Native extension for Android target not found
Native extension for WebGL target not found
Refreshing native plugins compatible for Editor in 1.20 ms, found 2 plugins.
Preloading 0 native plugins for Editor in 0.00 ms.
Mono: successfully reloaded assembly
- Completed reload, in  0.879 seconds
Domain Reload Profiling:
	ReloadAssembly (880ms)
		BeginReloadAssembly (100ms)
			ExecutionOrderSort (0ms)
			DisableScriptedObjects (4ms)
			BackupInstance (0ms)
			ReleaseScriptingObjects (0ms)
			CreateAndSetChildDomain (30ms)
		EndReloadAssembly (705ms)
			LoadAssemblies (61ms)
			RebuildTransferFunctionScriptingTraits (0ms)
			SetupTypeCache (144ms)
			ReleaseScriptCaches (1ms)
			RebuildScriptCaches (39ms)
			SetupLoadedEditorAssemblies (418ms)
				LogAssemblyErrors (0ms)
				InitializePlatformSupportModulesInManaged (19ms)
				SetLoadedEditorAssemblies (1ms)
				RefreshPlugins (1ms)
				BeforeProcessingInitializeOnLoad (46ms)
				ProcessInitializeOnLoadAttributes (322ms)
				ProcessInitializeOnLoadMethodAttributes (24ms)
				AfterProcessingInitializeOnLoad (5ms)
				EditorAssembliesLoaded (0ms)
			ExecutionOrderSort2 (0ms)
			AwakeInstancesAfterBackupRestoration (7ms)
Platform modules already initialized, skipping
Refreshing native plugins compatible for Editor in 3.62 ms, found 2 plugins.
Preloading 0 native plugins for Editor in 0.00 ms.
Unloading 2148 Unused Serialized files (Serialized files now loaded: 0)
Unloading 46 unused Assets / (1.3 MB). Loaded Objects now: 2809.
Memory consumption went from 127.1 MB to 125.8 MB.
Total: 3.576700 ms (FindLiveObjects: 0.187800 ms CreateObjectMapping: 0.061200 ms MarkObjects: 2.937300 ms  DeleteObjects: 0.389500 ms)

AssetImportParameters requested are different than current active one (requested -> active):
  custom:video-decoder-ogg-theora: a1e56fd34408186e4bbccfd4996cb3dc -> 
  custom:container-muxer-webm: aa71ff27fc2769a1b78a27578f13a17b -> 
  custom:container-demuxer-webm: 4f35f7cbe854078d1ac9338744f61a02 -> 
  custom:video-encoder-webm-vp8: eb34c28f22e8b96e1ab97ce403110664 -> 
  custom:audio-encoder-webm-vorbis: bf7c407c2cedff20999df2af8eb42d56 -> 
  custom:framework-win-MediaFoundation: 216162199b28c13a410421893ffa2e32 -> 
  custom:container-demuxer-ogg: 62fdf1f143b41e24485cea50d1cbac27 -> 
  custom:video-decoder-webm-vp8: 9c59270c3fd7afecdb556c50c9e8de78 -> 
  custom:audio-decoder-ogg-vorbis: bf7c407c2cedff20999df2af8eb42d56 -> 
========================================================================
Received Prepare
Registering precompiled user dll's ...
Registered in 0.002793 seconds.
Begin MonoManager ReloadAssembly
Symbol file LoadedFromMemory is not a mono symbol file
Native extension for WindowsStandalone target not found
Native extension for Android target not found
Native extension for WebGL target not found
Refreshing native plugins compatible for Editor in 0.76 ms, found 2 plugins.
Preloading 0 native plugins for Editor in 0.00 ms.
Mono: successfully reloaded assembly
- Completed reload, in  0.819 seconds
Domain Reload Profiling:
	ReloadAssembly (820ms)
		BeginReloadAssembly (104ms)
			ExecutionOrderSort (0ms)
			DisableScriptedObjects (4ms)
			BackupInstance (0ms)
			ReleaseScriptingObjects (0ms)
			CreateAndSetChildDomain (32ms)
		EndReloadAssembly (641ms)
			LoadAssemblies (62ms)
			RebuildTransferFunctionScriptingTraits (0ms)
			SetupTypeCache (143ms)
			ReleaseScriptCaches (1ms)
			RebuildScriptCaches (33ms)
			SetupLoadedEditorAssemblies (361ms)
				LogAssemblyErrors (0ms)
				InitializePlatformSupportModulesInManaged (19ms)
				SetLoadedEditorAssemblies (0ms)
				RefreshPlugins (1ms)
				BeforeProcessingInitializeOnLoad (42ms)
				ProcessInitializeOnLoadAttributes (271ms)
				ProcessInitializeOnLoadMethodAttributes (22ms)
				AfterProcessingInitializeOnLoad (5ms)
				EditorAssembliesLoaded (0ms)
			ExecutionOrderSort2 (0ms)
			AwakeInstancesAfterBackupRestoration (6ms)
Platform modules already initialized, skipping
Refreshing native plugins compatible for Editor in 3.30 ms, found 2 plugins.
Preloading 0 native plugins for Editor in 0.00 ms.
Unloading 2148 Unused Serialized files (Serialized files now loaded: 0)
Unloading 46 unused Assets / (1.4 MB). Loaded Objects now: 2825.
Memory consumption went from 127.3 MB to 125.9 MB.
Total: 3.411100 ms (FindLiveObjects: 0.231800 ms CreateObjectMapping: 0.174500 ms MarkObjects: 2.671500 ms  DeleteObjects: 0.332000 ms)

AssetImportParameters requested are different than current active one (requested -> active):
  custom:video-decoder-ogg-theora: a1e56fd34408186e4bbccfd4996cb3dc -> 
  custom:container-muxer-webm: aa71ff27fc2769a1b78a27578f13a17b -> 
  custom:container-demuxer-webm: 4f35f7cbe854078d1ac9338744f61a02 -> 
  custom:video-encoder-webm-vp8: eb34c28f22e8b96e1ab97ce403110664 -> 
  custom:audio-encoder-webm-vorbis: bf7c407c2cedff20999df2af8eb42d56 -> 
  custom:framework-win-MediaFoundation: 216162199b28c13a410421893ffa2e32 -> 
  custom:container-demuxer-ogg: 62fdf1f143b41e24485cea50d1cbac27 -> 
  custom:video-decoder-webm-vp8: 9c59270c3fd7afecdb556c50c9e8de78 -> 
  custom:audio-decoder-ogg-vorbis: bf7c407c2cedff20999df2af8eb42d56 -> 
========================================================================
Received Import Request.
  Time since last request: 1229.153268 seconds.
  path: Assets/Material/New Terrain Material.mat
  artifactKey: Guid(bc2eda96b1002714d9ab1dba4022eb59) Importer(815301076,1909f56bfc062723c751e8b465ee728b)
Start importing Assets/Material/New Terrain Material.mat using Guid(bc2eda96b1002714d9ab1dba4022eb59) Importer(815301076,1909f56bfc062723c751e8b465ee728b)  -> (artifact id: '8e98073620b0a8f3cc0c25c74fe31bca') in 0.070793 seconds 
========================================================================
Received Import Request.
  Time since last request: 944.170310 seconds.
  path: Assets/Prefab/Tiles/UtaTiles/Tile9.prefab
  artifactKey: Guid(88c75842cba000c49a9e08a74de7e3e6) Importer(815301076,1909f56bfc062723c751e8b465ee728b)
Start importing Assets/Prefab/Tiles/UtaTiles/Tile9.prefab using Guid(88c75842cba000c49a9e08a74de7e3e6) Importer(815301076,1909f56bfc062723c751e8b465ee728b)  -> (artifact id: 'c83e50b9340ae5a5cbfeba0cb57c5420') in 0.044533 seconds 
========================================================================
Received Import Request.
  Time since last request: 2.293367 seconds.
  path: Assets/Prefab/Tiles/UtaTiles/Tile11.prefab
  artifactKey: Guid(759d1b41f428d8241b307a7543f04ba0) Importer(815301076,1909f56bfc062723c751e8b465ee728b)
Start importing Assets/Prefab/Tiles/UtaTiles/Tile11.prefab using Guid(759d1b41f428d8241b307a7543f04ba0) Importer(815301076,1909f56bfc062723c751e8b465ee728b)  -> (artifact id: '2b7be5b8bf6b7a488d702eba5b47fe12') in 0.031757 seconds 
========================================================================
Received Import Request.
  Time since last request: 4.862712 seconds.
  path: Assets/Prefab/Tiles/UtaTiles/Tile11.prefab
  artifactKey: Guid(759d1b41f428d8241b307a7543f04ba0) Importer(815301076,1909f56bfc062723c751e8b465ee728b)
Start importing Assets/Prefab/Tiles/UtaTiles/Tile11.prefab using Guid(759d1b41f428d8241b307a7543f04ba0) Importer(815301076,1909f56bfc062723c751e8b465ee728b)  -> (artifact id: '5e9c40cad4187896c5f9b18d6119119c') in 0.029236 seconds 
========================================================================
Received Prepare
Registering precompiled user dll's ...
Registered in 0.002299 seconds.
Begin MonoManager ReloadAssembly
Symbol file LoadedFromMemory is not a mono symbol file
Native extension for WindowsStandalone target not found
Native extension for Android target not found
Native extension for WebGL target not found
Refreshing native plugins compatible for Editor in 0.78 ms, found 2 plugins.
Preloading 0 native plugins for Editor in 0.00 ms.
Mono: successfully reloaded assembly
- Completed reload, in  0.885 seconds
Domain Reload Profiling:
	ReloadAssembly (886ms)
		BeginReloadAssembly (109ms)
			ExecutionOrderSort (0ms)
			DisableScriptedObjects (4ms)
			BackupInstance (0ms)
			ReleaseScriptingObjects (0ms)
			CreateAndSetChildDomain (33ms)
		EndReloadAssembly (698ms)
			LoadAssemblies (71ms)
			RebuildTransferFunctionScriptingTraits (0ms)
			SetupTypeCache (159ms)
			ReleaseScriptCaches (1ms)
			RebuildScriptCaches (32ms)
			SetupLoadedEditorAssemblies (402ms)
				LogAssemblyErrors (0ms)
				InitializePlatformSupportModulesInManaged (18ms)
				SetLoadedEditorAssemblies (0ms)
				RefreshPlugins (1ms)
				BeforeProcessingInitializeOnLoad (40ms)
				ProcessInitializeOnLoadAttributes (316ms)
				ProcessInitializeOnLoadMethodAttributes (21ms)
				AfterProcessingInitializeOnLoad (5ms)
				EditorAssembliesLoaded (0ms)
			ExecutionOrderSort2 (0ms)
			AwakeInstancesAfterBackupRestoration (6ms)
Platform modules already initialized, skipping
Refreshing native plugins compatible for Editor in 3.58 ms, found 2 plugins.
Preloading 0 native plugins for Editor in 0.00 ms.
Unloading 2148 Unused Serialized files (Serialized files now loaded: 0)
Unloading 47 unused Assets / (1.4 MB). Loaded Objects now: 2841.
Memory consumption went from 127.3 MB to 126.0 MB.
Total: 3.230900 ms (FindLiveObjects: 0.203400 ms CreateObjectMapping: 0.109600 ms MarkObjects: 2.610100 ms  DeleteObjects: 0.306900 ms)

AssetImportParameters requested are different than current active one (requested -> active):
  custom:video-decoder-ogg-theora: a1e56fd34408186e4bbccfd4996cb3dc -> 
  custom:container-muxer-webm: aa71ff27fc2769a1b78a27578f13a17b -> 
  custom:container-demuxer-webm: 4f35f7cbe854078d1ac9338744f61a02 -> 
  custom:video-encoder-webm-vp8: eb34c28f22e8b96e1ab97ce403110664 -> 
  custom:audio-encoder-webm-vorbis: bf7c407c2cedff20999df2af8eb42d56 -> 
  custom:framework-win-MediaFoundation: 216162199b28c13a410421893ffa2e32 -> 
  custom:container-demuxer-ogg: 62fdf1f143b41e24485cea50d1cbac27 -> 
  custom:video-decoder-webm-vp8: 9c59270c3fd7afecdb556c50c9e8de78 -> 
  custom:audio-decoder-ogg-vorbis: bf7c407c2cedff20999df2af8eb42d56 -> 
========================================================================
Received Prepare
Registering precompiled user dll's ...
Registered in 0.003767 seconds.
Begin MonoManager ReloadAssembly
Symbol file LoadedFromMemory is not a mono symbol file
Native extension for WindowsStandalone target not found
Native extension for Android target not found
Native extension for WebGL target not found
Refreshing native plugins compatible for Editor in 0.70 ms, found 2 plugins.
Preloading 0 native plugins for Editor in 0.00 ms.
Mono: successfully reloaded assembly
- Completed reload, in  0.929 seconds
Domain Reload Profiling:
	ReloadAssembly (930ms)
		BeginReloadAssembly (104ms)
			ExecutionOrderSort (0ms)
			DisableScriptedObjects (4ms)
			BackupInstance (0ms)
			ReleaseScriptingObjects (0ms)
			CreateAndSetChildDomain (33ms)
		EndReloadAssembly (736ms)
			LoadAssemblies (63ms)
			RebuildTransferFunctionScriptingTraits (0ms)
			SetupTypeCache (166ms)
			ReleaseScriptCaches (1ms)
			RebuildScriptCaches (34ms)
			SetupLoadedEditorAssemblies (427ms)
				LogAssemblyErrors (0ms)
				InitializePlatformSupportModulesInManaged (19ms)
				SetLoadedEditorAssemblies (0ms)
				RefreshPlugins (1ms)
				BeforeProcessingInitializeOnLoad (45ms)
				ProcessInitializeOnLoadAttributes (331ms)
				ProcessInitializeOnLoadMethodAttributes (26ms)
				AfterProcessingInitializeOnLoad (5ms)
				EditorAssembliesLoaded (0ms)
			ExecutionOrderSort2 (0ms)
			AwakeInstancesAfterBackupRestoration (6ms)
Platform modules already initialized, skipping
Refreshing native plugins compatible for Editor in 3.91 ms, found 2 plugins.
Preloading 0 native plugins for Editor in 0.00 ms.
Unloading 2148 Unused Serialized files (Serialized files now loaded: 0)
Unloading 46 unused Assets / (1.4 MB). Loaded Objects now: 2857.
Memory consumption went from 127.3 MB to 126.0 MB.
Total: 3.939200 ms (FindLiveObjects: 0.247300 ms CreateObjectMapping: 0.061200 ms MarkObjects: 3.309700 ms  DeleteObjects: 0.319700 ms)

AssetImportParameters requested are different than current active one (requested -> active):
  custom:video-decoder-ogg-theora: a1e56fd34408186e4bbccfd4996cb3dc -> 
  custom:container-muxer-webm: aa71ff27fc2769a1b78a27578f13a17b -> 
  custom:container-demuxer-webm: 4f35f7cbe854078d1ac9338744f61a02 -> 
  custom:video-encoder-webm-vp8: eb34c28f22e8b96e1ab97ce403110664 -> 
  custom:audio-encoder-webm-vorbis: bf7c407c2cedff20999df2af8eb42d56 -> 
  custom:framework-win-MediaFoundation: 216162199b28c13a410421893ffa2e32 -> 
  custom:container-demuxer-ogg: 62fdf1f143b41e24485cea50d1cbac27 -> 
  custom:video-decoder-webm-vp8: 9c59270c3fd7afecdb556c50c9e8de78 -> 
  custom:audio-decoder-ogg-vorbis: bf7c407c2cedff20999df2af8eb42d56 -> 
========================================================================
Received Import Request.
  Time since last request: 94.868122 seconds.
  path: Assets/Scenes/test.unity
  artifactKey: Guid(a574ae9fd7149b54783d9fdde3c73a21) Importer(815301076,1909f56bfc062723c751e8b465ee728b)
Start importing Assets/Scenes/test.unity using Guid(a574ae9fd7149b54783d9fdde3c73a21) Importer(815301076,1909f56bfc062723c751e8b465ee728b)  -> (artifact id: '42602c6553e58ca48f976ba2073ccb64') in 0.005516 seconds 
========================================================================
Received Import Request.
  Time since last request: 348.194925 seconds.
  path: Assets/Prefab/Tiles/UtaTiles/Tile11.prefab
  artifactKey: Guid(759d1b41f428d8241b307a7543f04ba0) Importer(815301076,1909f56bfc062723c751e8b465ee728b)
Start importing Assets/Prefab/Tiles/UtaTiles/Tile11.prefab using Guid(759d1b41f428d8241b307a7543f04ba0) Importer(815301076,1909f56bfc062723c751e8b465ee728b)  -> (artifact id: 'b567364ac7f5b0e1e0798fc46a6084b4') in 0.067894 seconds 
========================================================================
Received Import Request.
  Time since last request: 12.594403 seconds.
  path: Assets/Prefab/Tiles/UtaTiles/Tile9.prefab
  artifactKey: Guid(88c75842cba000c49a9e08a74de7e3e6) Importer(815301076,1909f56bfc062723c751e8b465ee728b)
Start importing Assets/Prefab/Tiles/UtaTiles/Tile9.prefab using Guid(88c75842cba000c49a9e08a74de7e3e6) Importer(815301076,1909f56bfc062723c751e8b465ee728b)  -> (artifact id: '3b47d95a0c99cc2ae6adf0fb2c684c63') in 0.013769 seconds 
========================================================================
Received Import Request.
  Time since last request: 15.689913 seconds.
  path: Assets/Scenes/2.unity
  artifactKey: Guid(1998cd9f6ea3ff042b8e82c8851a5727) Importer(815301076,1909f56bfc062723c751e8b465ee728b)
Start importing Assets/Scenes/2.unity using Guid(1998cd9f6ea3ff042b8e82c8851a5727) Importer(815301076,1909f56bfc062723c751e8b465ee728b)  -> (artifact id: '3cc358c40003c0163f075cc079fb73a4') in 0.002301 seconds 
========================================================================
Received Prepare
Registering precompiled user dll's ...
Registered in 0.001983 seconds.
Begin MonoManager ReloadAssembly
Symbol file LoadedFromMemory is not a mono symbol file
Native extension for WindowsStandalone target not found
Native extension for Android target not found
Native extension for WebGL target not found
Refreshing native plugins compatible for Editor in 0.79 ms, found 2 plugins.
Preloading 0 native plugins for Editor in 0.00 ms.
Mono: successfully reloaded assembly
- Completed reload, in  0.887 seconds
Domain Reload Profiling:
	ReloadAssembly (888ms)
		BeginReloadAssembly (107ms)
			ExecutionOrderSort (0ms)
			DisableScriptedObjects (4ms)
			BackupInstance (0ms)
			ReleaseScriptingObjects (0ms)
			CreateAndSetChildDomain (36ms)
		EndReloadAssembly (699ms)
			LoadAssemblies (64ms)
			RebuildTransferFunctionScriptingTraits (0ms)
			SetupTypeCache (144ms)
			ReleaseScriptCaches (1ms)
			RebuildScriptCaches (32ms)
			SetupLoadedEditorAssemblies (413ms)
				LogAssemblyErrors (0ms)
				InitializePlatformSupportModulesInManaged (21ms)
				SetLoadedEditorAssemblies (0ms)
				RefreshPlugins (1ms)
				BeforeProcessingInitializeOnLoad (45ms)
				ProcessInitializeOnLoadAttributes (316ms)
				ProcessInitializeOnLoadMethodAttributes (24ms)
				AfterProcessingInitializeOnLoad (5ms)
				EditorAssembliesLoaded (0ms)
			ExecutionOrderSort2 (0ms)
			AwakeInstancesAfterBackupRestoration (7ms)
Platform modules already initialized, skipping
Refreshing native plugins compatible for Editor in 3.68 ms, found 2 plugins.
Preloading 0 native plugins for Editor in 0.00 ms.
Unloading 2148 Unused Serialized files (Serialized files now loaded: 0)
Unloading 47 unused Assets / (1.4 MB). Loaded Objects now: 2873.
Memory consumption went from 127.3 MB to 126.0 MB.
Total: 4.456100 ms (FindLiveObjects: 0.232500 ms CreateObjectMapping: 0.063000 ms MarkObjects: 3.632200 ms  DeleteObjects: 0.527200 ms)

AssetImportParameters requested are different than current active one (requested -> active):
  custom:video-decoder-ogg-theora: a1e56fd34408186e4bbccfd4996cb3dc -> 
  custom:container-muxer-webm: aa71ff27fc2769a1b78a27578f13a17b -> 
  custom:container-demuxer-webm: 4f35f7cbe854078d1ac9338744f61a02 -> 
  custom:video-encoder-webm-vp8: eb34c28f22e8b96e1ab97ce403110664 -> 
  custom:audio-encoder-webm-vorbis: bf7c407c2cedff20999df2af8eb42d56 -> 
  custom:framework-win-MediaFoundation: 216162199b28c13a410421893ffa2e32 -> 
  custom:container-demuxer-ogg: 62fdf1f143b41e24485cea50d1cbac27 -> 
  custom:video-decoder-webm-vp8: 9c59270c3fd7afecdb556c50c9e8de78 -> 
  custom:audio-decoder-ogg-vorbis: bf7c407c2cedff20999df2af8eb42d56 -> 
