Using pre-set license
Built from '2021.3/staging' branch; Version is '2021.3.1f1 (3b70a0754835) revision 3895456'; Using compiler version '192829333'; Build Type 'Release'
OS: 'Windows 10  (10.0.19043) 64bit Core' Language: 'tr' Physical Memory: 7976 MB
BatchMode: 1, IsHumanControllingUs: 0, StartBugReporterOnCrash: 0, Is64bit: 1, IsPro: 1

COMMAND LINE ARGUMENTS:
C:\Program Files\Unity\Hub\Editor\2021.3.1f1\Editor\Unity.exe
-adb2
-batchMode
-noUpm
-name
AssetImportWorker37
-projectPath
C:/Users/batuh/Desktop/Space Buzz/Clone2/The-100/SpaceBuzz
-logFile
Logs/AssetImportWorker37.log
-srvPort
53515
Successfully changed project path to: C:/Users/batuh/Desktop/Space Buzz/Clone2/The-100/SpaceBuzz
C:/Users/batuh/Desktop/Space Buzz/Clone2/The-100/SpaceBuzz
[UnityMemory] Configuration Parameters - Can be set up in boot.config
    "memorysetup-bucket-allocator-granularity=16"
    "memorysetup-bucket-allocator-bucket-count=8"
    "memorysetup-bucket-allocator-block-size=33554432"
    "memorysetup-bucket-allocator-block-count=8"
    "memorysetup-main-allocator-block-size=16777216"
    "memorysetup-thread-allocator-block-size=16777216"
    "memorysetup-gfx-main-allocator-block-size=16777216"
    "memorysetup-gfx-thread-allocator-block-size=16777216"
    "memorysetup-cache-allocator-block-size=4194304"
    "memorysetup-typetree-allocator-block-size=2097152"
    "memorysetup-profiler-bucket-allocator-granularity=16"
    "memorysetup-profiler-bucket-allocator-bucket-count=8"
    "memorysetup-profiler-bucket-allocator-block-size=33554432"
    "memorysetup-profiler-bucket-allocator-block-count=8"
    "memorysetup-profiler-allocator-block-size=16777216"
    "memorysetup-profiler-editor-allocator-block-size=1048576"
    "memorysetup-temp-allocator-size-main=16777216"
    "memorysetup-job-temp-allocator-block-size=2097152"
    "memorysetup-job-temp-allocator-block-size-background=1048576"
    "memorysetup-job-temp-allocator-reduction-small-platforms=262144"
    "memorysetup-temp-allocator-size-background-worker=32768"
    "memorysetup-temp-allocator-size-job-worker=262144"
    "memorysetup-temp-allocator-size-preload-manager=33554432"
    "memorysetup-temp-allocator-size-nav-mesh-worker=65536"
    "memorysetup-temp-allocator-size-audio-worker=65536"
    "memorysetup-temp-allocator-size-cloud-worker=32768"
    "memorysetup-temp-allocator-size-gi-baking-worker=262144"
    "memorysetup-temp-allocator-size-gfx=262144"
Refreshing native plugins compatible for Editor in 311.64 ms, found 2 plugins.
Preloading 0 native plugins for Editor in 0.00 ms.
Initialize engine version: 2021.3.1f1 (3b70a0754835)
[Subsystems] Discovering subsystems at path C:/Program Files/Unity/Hub/Editor/2021.3.1f1/Editor/Data/Resources/UnitySubsystems
[Subsystems] Discovering subsystems at path C:/Users/batuh/Desktop/Space Buzz/Clone2/The-100/SpaceBuzz/Assets
GfxDevice: creating device client; threaded=0; jobified=0
Direct3D:
    Version:  Direct3D 11.0 [level 11.1]
    Renderer: Intel(R) UHD Graphics (ID=0x9b41)
    Vendor:   Intel
    VRAM:     3988 MB
    Driver:   27.20.100.9365
Initialize mono
Mono path[0] = 'C:/Program Files/Unity/Hub/Editor/2021.3.1f1/Editor/Data/Managed'
Mono path[1] = 'C:/Program Files/Unity/Hub/Editor/2021.3.1f1/Editor/Data/MonoBleedingEdge/lib/mono/unityjit-win32'
Mono config path = 'C:/Program Files/Unity/Hub/Editor/2021.3.1f1/Editor/Data/MonoBleedingEdge/etc'
Using monoOptions --debugger-agent=transport=dt_socket,embedding=1,server=y,suspend=n,address=127.0.0.1:56056
Begin MonoManager ReloadAssembly
Registering precompiled unity dll's ...
Register platform support module: C:/Program Files/Unity/Hub/Editor/2021.3.1f1/Editor/Data/PlaybackEngines/WindowsStandaloneSupport/UnityEditor.WindowsStandalone.Extensions.dll
Registered in 0.036952 seconds.
Native extension for WindowsStandalone target not found
Refreshing native plugins compatible for Editor in 259.88 ms, found 2 plugins.
Preloading 0 native plugins for Editor in 0.00 ms.
Mono: successfully reloaded assembly
- Completed reload, in  3.007 seconds
Domain Reload Profiling:
	ReloadAssembly (3012ms)
		BeginReloadAssembly (363ms)
			ExecutionOrderSort (0ms)
			DisableScriptedObjects (0ms)
			BackupInstance (0ms)
			ReleaseScriptingObjects (0ms)
			CreateAndSetChildDomain (3ms)
		EndReloadAssembly (2090ms)
			LoadAssemblies (357ms)
			RebuildTransferFunctionScriptingTraits (0ms)
			SetupTypeCache (522ms)
			ReleaseScriptCaches (0ms)
			RebuildScriptCaches (131ms)
			SetupLoadedEditorAssemblies (1198ms)
				LogAssemblyErrors (0ms)
				InitializePlatformSupportModulesInManaged (30ms)
				SetLoadedEditorAssemblies (1ms)
				RefreshPlugins (260ms)
				BeforeProcessingInitializeOnLoad (8ms)
				ProcessInitializeOnLoadAttributes (663ms)
				ProcessInitializeOnLoadMethodAttributes (235ms)
				AfterProcessingInitializeOnLoad (0ms)
				EditorAssembliesLoaded (1ms)
			ExecutionOrderSort2 (0ms)
			AwakeInstancesAfterBackupRestoration (0ms)
Platform modules already initialized, skipping
Registering precompiled user dll's ...
Registered in 0.011285 seconds.
Begin MonoManager ReloadAssembly
Symbol file LoadedFromMemory is not a mono symbol file
Native extension for WindowsStandalone target not found
Refreshing native plugins compatible for Editor in 1.91 ms, found 2 plugins.
Preloading 0 native plugins for Editor in 0.00 ms.
Mono: successfully reloaded assembly
- Completed reload, in  4.557 seconds
Domain Reload Profiling:
	ReloadAssembly (4560ms)
		BeginReloadAssembly (352ms)
			ExecutionOrderSort (0ms)
			DisableScriptedObjects (26ms)
			BackupInstance (0ms)
			ReleaseScriptingObjects (0ms)
			CreateAndSetChildDomain (56ms)
		EndReloadAssembly (3758ms)
			LoadAssemblies (287ms)
			RebuildTransferFunctionScriptingTraits (0ms)
			SetupTypeCache (772ms)
			ReleaseScriptCaches (1ms)
			RebuildScriptCaches (190ms)
			SetupLoadedEditorAssemblies (2286ms)
				LogAssemblyErrors (0ms)
				InitializePlatformSupportModulesInManaged (20ms)
				SetLoadedEditorAssemblies (1ms)
				RefreshPlugins (2ms)
				BeforeProcessingInitializeOnLoad (310ms)
				ProcessInitializeOnLoadAttributes (1766ms)
				ProcessInitializeOnLoadMethodAttributes (142ms)
				AfterProcessingInitializeOnLoad (44ms)
				EditorAssembliesLoaded (1ms)
			ExecutionOrderSort2 (0ms)
			AwakeInstancesAfterBackupRestoration (33ms)
Platform modules already initialized, skipping
========================================================================
Worker process is ready to serve import requests
Launched and connected shader compiler UnityShaderCompiler.exe after 0.34 seconds
Refreshing native plugins compatible for Editor in 2.26 ms, found 2 plugins.
Preloading 0 native plugins for Editor in 0.00 ms.
Unloading 2207 Unused Serialized files (Serialized files now loaded: 0)
Unloading 93 unused Assets / (3.4 MB). Loaded Objects now: 2650.
Memory consumption went from 117.4 MB to 114.0 MB.
Total: 16.199500 ms (FindLiveObjects: 0.644800 ms CreateObjectMapping: 0.483300 ms MarkObjects: 11.798000 ms  DeleteObjects: 3.269400 ms)

AssetImportParameters requested are different than current active one (requested -> active):
  custom:video-decoder-ogg-theora: a1e56fd34408186e4bbccfd4996cb3dc -> 
  custom:container-muxer-webm: aa71ff27fc2769a1b78a27578f13a17b -> 
  custom:container-demuxer-webm: 4f35f7cbe854078d1ac9338744f61a02 -> 
  custom:video-encoder-webm-vp8: eb34c28f22e8b96e1ab97ce403110664 -> 
  custom:audio-encoder-webm-vorbis: bf7c407c2cedff20999df2af8eb42d56 -> 
  custom:framework-win-MediaFoundation: 216162199b28c13a410421893ffa2e32 -> 
  custom:container-demuxer-ogg: 62fdf1f143b41e24485cea50d1cbac27 -> 
  custom:video-decoder-webm-vp8: 9c59270c3fd7afecdb556c50c9e8de78 -> 
  custom:audio-decoder-ogg-vorbis: bf7c407c2cedff20999df2af8eb42d56 -> 
========================================================================
Received Import Request.
  Time since last request: 1094632.494050 seconds.
  path: Assets/Prefab/Tiles/Tile2.prefab
  artifactKey: Guid(e0d7a9e3c0fb4e044bd1a40f0f895f00) Importer(815301076,1909f56bfc062723c751e8b465ee728b)
Start importing Assets/Prefab/Tiles/Tile2.prefab using Guid(e0d7a9e3c0fb4e044bd1a40f0f895f00) Importer(815301076,1909f56bfc062723c751e8b465ee728b)  -> (artifact id: 'd227c5b16f792a1f9f94edf6175445f0') in 0.727832 seconds 
========================================================================
Received Import Request.
  Time since last request: 1.248137 seconds.
  path: Assets/Prefab/Tiles/Tile2.prefab
  artifactKey: Guid(e0d7a9e3c0fb4e044bd1a40f0f895f00) Importer(815301076,1909f56bfc062723c751e8b465ee728b)
Start importing Assets/Prefab/Tiles/Tile2.prefab using Guid(e0d7a9e3c0fb4e044bd1a40f0f895f00) Importer(815301076,1909f56bfc062723c751e8b465ee728b)  -> (artifact id: 'a1c095823ba118cf16c1674b7207d322') in 0.330953 seconds 
========================================================================
Received Import Request.
  Time since last request: 0.000042 seconds.
  path: Assets/Prefab/Tiles/Tile7.prefab
  artifactKey: Guid(36b878abc12d8ab4cb9ededb86128c83) Importer(815301076,1909f56bfc062723c751e8b465ee728b)
Start importing Assets/Prefab/Tiles/Tile7.prefab using Guid(36b878abc12d8ab4cb9ededb86128c83) Importer(815301076,1909f56bfc062723c751e8b465ee728b)  -> (artifact id: '42d6479c742021b5f20a187352fcdeb7') in 0.253332 seconds 
========================================================================
Received Import Request.
  Time since last request: 2.482948 seconds.
  path: Assets/Prefab/Tiles/Tile2.prefab
  artifactKey: Guid(e0d7a9e3c0fb4e044bd1a40f0f895f00) Importer(815301076,1909f56bfc062723c751e8b465ee728b)
Start importing Assets/Prefab/Tiles/Tile2.prefab using Guid(e0d7a9e3c0fb4e044bd1a40f0f895f00) Importer(815301076,1909f56bfc062723c751e8b465ee728b)  -> (artifact id: '870af9dd02ac51df88441af2b37cc9ce') in 0.258974 seconds 
========================================================================
Received Import Request.
  Time since last request: 0.000081 seconds.
  path: Assets/Prefab/Tiles/Tile4.prefab
  artifactKey: Guid(e626b5e848c1ceb41ade2bbd3eaefc94) Importer(815301076,1909f56bfc062723c751e8b465ee728b)
Start importing Assets/Prefab/Tiles/Tile4.prefab using Guid(e626b5e848c1ceb41ade2bbd3eaefc94) Importer(815301076,1909f56bfc062723c751e8b465ee728b)  -> (artifact id: 'fb26369209130e5ff89d24b07319e0ba') in 0.265121 seconds 
========================================================================
Received Import Request.
  Time since last request: 2.165124 seconds.
  path: Assets/Prefab/Tiles/Tile2.prefab
  artifactKey: Guid(e0d7a9e3c0fb4e044bd1a40f0f895f00) Importer(815301076,1909f56bfc062723c751e8b465ee728b)
Start importing Assets/Prefab/Tiles/Tile2.prefab using Guid(e0d7a9e3c0fb4e044bd1a40f0f895f00) Importer(815301076,1909f56bfc062723c751e8b465ee728b)  -> (artifact id: 'c4230b80d6774e8783c19dcb8a5dee8d') in 0.296360 seconds 
========================================================================
Received Import Request.
  Time since last request: 0.000081 seconds.
  path: Assets/Prefab/Tiles/Tile4.prefab
  artifactKey: Guid(e626b5e848c1ceb41ade2bbd3eaefc94) Importer(815301076,1909f56bfc062723c751e8b465ee728b)
Start importing Assets/Prefab/Tiles/Tile4.prefab using Guid(e626b5e848c1ceb41ade2bbd3eaefc94) Importer(815301076,1909f56bfc062723c751e8b465ee728b)  -> (artifact id: '8e94ab6ebced453e7bd6258826c81b80') in 0.273108 seconds 
========================================================================
Received Import Request.
  Time since last request: 2.221375 seconds.
  path: Assets/Prefab/Tiles/Tile2.prefab
  artifactKey: Guid(e0d7a9e3c0fb4e044bd1a40f0f895f00) Importer(815301076,1909f56bfc062723c751e8b465ee728b)
Start importing Assets/Prefab/Tiles/Tile2.prefab using Guid(e0d7a9e3c0fb4e044bd1a40f0f895f00) Importer(815301076,1909f56bfc062723c751e8b465ee728b)  -> (artifact id: '204b2dc0ba8d894d0c8ab36f7ec39d3f') in 0.294035 seconds 
========================================================================
Received Import Request.
  Time since last request: 0.000071 seconds.
  path: Assets/Prefab/Tiles/Tile7.prefab
  artifactKey: Guid(36b878abc12d8ab4cb9ededb86128c83) Importer(815301076,1909f56bfc062723c751e8b465ee728b)
Start importing Assets/Prefab/Tiles/Tile7.prefab using Guid(36b878abc12d8ab4cb9ededb86128c83) Importer(815301076,1909f56bfc062723c751e8b465ee728b)  -> (artifact id: 'b9e23fd94b041658cb739aaccfcd9c19') in 0.261307 seconds 
========================================================================
Received Import Request.
  Time since last request: 1.782537 seconds.
  path: Assets/Prefab/Tiles/Tile2.prefab
  artifactKey: Guid(e0d7a9e3c0fb4e044bd1a40f0f895f00) Importer(815301076,1909f56bfc062723c751e8b465ee728b)
Start importing Assets/Prefab/Tiles/Tile2.prefab using Guid(e0d7a9e3c0fb4e044bd1a40f0f895f00) Importer(815301076,1909f56bfc062723c751e8b465ee728b)  -> (artifact id: '8757fe7da798b07a7a5ef96c77c0d590') in 0.302517 seconds 
========================================================================
Received Import Request.
  Time since last request: 0.000065 seconds.
  path: Assets/Prefab/Tiles/Tile4.prefab
  artifactKey: Guid(e626b5e848c1ceb41ade2bbd3eaefc94) Importer(815301076,1909f56bfc062723c751e8b465ee728b)
Start importing Assets/Prefab/Tiles/Tile4.prefab using Guid(e626b5e848c1ceb41ade2bbd3eaefc94) Importer(815301076,1909f56bfc062723c751e8b465ee728b)  -> (artifact id: '963703a74f15227b7f9ed2c981f2ebf8') in 0.280086 seconds 
========================================================================
Received Import Request.
  Time since last request: 1.042532 seconds.
  path: Assets/Prefab/Tiles/Tile2.prefab
  artifactKey: Guid(e0d7a9e3c0fb4e044bd1a40f0f895f00) Importer(815301076,1909f56bfc062723c751e8b465ee728b)
Start importing Assets/Prefab/Tiles/Tile2.prefab using Guid(e0d7a9e3c0fb4e044bd1a40f0f895f00) Importer(815301076,1909f56bfc062723c751e8b465ee728b)  -> (artifact id: '4614cd6eb672f5278226d393e8b7e254') in 0.294488 seconds 
========================================================================
Received Import Request.
  Time since last request: 0.000097 seconds.
  path: Assets/Prefab/Tiles/Tile4.prefab
  artifactKey: Guid(e626b5e848c1ceb41ade2bbd3eaefc94) Importer(815301076,1909f56bfc062723c751e8b465ee728b)
Start importing Assets/Prefab/Tiles/Tile4.prefab using Guid(e626b5e848c1ceb41ade2bbd3eaefc94) Importer(815301076,1909f56bfc062723c751e8b465ee728b)  -> (artifact id: '2ef9354a92d9a9d11420cccf363178e1') in 0.271842 seconds 
========================================================================
Received Prepare
Registering precompiled user dll's ...
Registered in 0.006581 seconds.
Begin MonoManager ReloadAssembly
Symbol file LoadedFromMemory is not a mono symbol file
Native extension for WindowsStandalone target not found
Refreshing native plugins compatible for Editor in 2.11 ms, found 2 plugins.
Preloading 0 native plugins for Editor in 0.00 ms.
Mono: successfully reloaded assembly
- Completed reload, in  4.836 seconds
Domain Reload Profiling:
	ReloadAssembly (4838ms)
		BeginReloadAssembly (313ms)
			ExecutionOrderSort (0ms)
			DisableScriptedObjects (11ms)
			BackupInstance (0ms)
			ReleaseScriptingObjects (0ms)
			CreateAndSetChildDomain (81ms)
		EndReloadAssembly (4288ms)
			LoadAssemblies (252ms)
			RebuildTransferFunctionScriptingTraits (0ms)
			SetupTypeCache (492ms)
			ReleaseScriptCaches (2ms)
			RebuildScriptCaches (123ms)
			SetupLoadedEditorAssemblies (3126ms)
				LogAssemblyErrors (0ms)
				InitializePlatformSupportModulesInManaged (44ms)
				SetLoadedEditorAssemblies (9ms)
				RefreshPlugins (2ms)
				BeforeProcessingInitializeOnLoad (296ms)
				ProcessInitializeOnLoadAttributes (2491ms)
				ProcessInitializeOnLoadMethodAttributes (217ms)
				AfterProcessingInitializeOnLoad (66ms)
				EditorAssembliesLoaded (1ms)
			ExecutionOrderSort2 (0ms)
			AwakeInstancesAfterBackupRestoration (55ms)
Platform modules already initialized, skipping
Refreshing native plugins compatible for Editor in 28.38 ms, found 2 plugins.
Preloading 0 native plugins for Editor in 0.00 ms.
Unloading 2182 Unused Serialized files (Serialized files now loaded: 0)
Unloading 76 unused Assets / (3.4 MB). Loaded Objects now: 2673.
Memory consumption went from 119.5 MB to 116.1 MB.
Total: 23.831200 ms (FindLiveObjects: 1.380000 ms CreateObjectMapping: 0.709900 ms MarkObjects: 13.438600 ms  DeleteObjects: 8.292700 ms)

AssetImportParameters requested are different than current active one (requested -> active):
  custom:video-decoder-ogg-theora: a1e56fd34408186e4bbccfd4996cb3dc -> 
  custom:container-muxer-webm: aa71ff27fc2769a1b78a27578f13a17b -> 
  custom:container-demuxer-webm: 4f35f7cbe854078d1ac9338744f61a02 -> 
  custom:video-encoder-webm-vp8: eb34c28f22e8b96e1ab97ce403110664 -> 
  custom:audio-encoder-webm-vorbis: bf7c407c2cedff20999df2af8eb42d56 -> 
  custom:framework-win-MediaFoundation: 216162199b28c13a410421893ffa2e32 -> 
  custom:container-demuxer-ogg: 62fdf1f143b41e24485cea50d1cbac27 -> 
  custom:video-decoder-webm-vp8: 9c59270c3fd7afecdb556c50c9e8de78 -> 
  custom:audio-decoder-ogg-vorbis: bf7c407c2cedff20999df2af8eb42d56 -> 
========================================================================
Received Import Request.
  Time since last request: 34.672541 seconds.
  path: Assets/Prefab/Tiles/Tile2.prefab
  artifactKey: Guid(e0d7a9e3c0fb4e044bd1a40f0f895f00) Importer(815301076,1909f56bfc062723c751e8b465ee728b)
Start importing Assets/Prefab/Tiles/Tile2.prefab using Guid(e0d7a9e3c0fb4e044bd1a40f0f895f00) Importer(815301076,1909f56bfc062723c751e8b465ee728b)  -> (artifact id: '1a37c6cbdabe92068507dafb855e7ed8') in 0.471666 seconds 
========================================================================
Received Import Request.
  Time since last request: 0.000077 seconds.
  path: Assets/Prefab/Tiles/Tile4.prefab
  artifactKey: Guid(e626b5e848c1ceb41ade2bbd3eaefc94) Importer(815301076,1909f56bfc062723c751e8b465ee728b)
Start importing Assets/Prefab/Tiles/Tile4.prefab using Guid(e626b5e848c1ceb41ade2bbd3eaefc94) Importer(815301076,1909f56bfc062723c751e8b465ee728b)  -> (artifact id: '6211dc9c1a1801ea0b61e8fcb8fe65cd') in 0.275304 seconds 
========================================================================
Received Import Request.
  Time since last request: 40.821539 seconds.
  path: Assets/Prefab/Tiles/Tile2.prefab
  artifactKey: Guid(e0d7a9e3c0fb4e044bd1a40f0f895f00) Importer(815301076,1909f56bfc062723c751e8b465ee728b)
Start importing Assets/Prefab/Tiles/Tile2.prefab using Guid(e0d7a9e3c0fb4e044bd1a40f0f895f00) Importer(815301076,1909f56bfc062723c751e8b465ee728b)  -> (artifact id: 'd8687f873e6b9b625327ffc3bc6bdc54') in 0.312323 seconds 
========================================================================
Received Import Request.
  Time since last request: 0.000083 seconds.
  path: Assets/Prefab/Tiles/Tile4.prefab
  artifactKey: Guid(e626b5e848c1ceb41ade2bbd3eaefc94) Importer(815301076,1909f56bfc062723c751e8b465ee728b)
Start importing Assets/Prefab/Tiles/Tile4.prefab using Guid(e626b5e848c1ceb41ade2bbd3eaefc94) Importer(815301076,1909f56bfc062723c751e8b465ee728b)  -> (artifact id: '262a4160976831a6e3c2c3842240603e') in 0.301697 seconds 
========================================================================
Received Import Request.
  Time since last request: 1.905877 seconds.
  path: Assets/Prefab/Tiles/Tile2.prefab
  artifactKey: Guid(e0d7a9e3c0fb4e044bd1a40f0f895f00) Importer(815301076,1909f56bfc062723c751e8b465ee728b)
Start importing Assets/Prefab/Tiles/Tile2.prefab using Guid(e0d7a9e3c0fb4e044bd1a40f0f895f00) Importer(815301076,1909f56bfc062723c751e8b465ee728b)  -> (artifact id: '830ded2f6a55567d55e8ebd3e7ab04d5') in 0.291292 seconds 
========================================================================
Received Import Request.
  Time since last request: 0.000051 seconds.
  path: Assets/Prefab/Tiles/Tile4.prefab
  artifactKey: Guid(e626b5e848c1ceb41ade2bbd3eaefc94) Importer(815301076,1909f56bfc062723c751e8b465ee728b)
Start importing Assets/Prefab/Tiles/Tile4.prefab using Guid(e626b5e848c1ceb41ade2bbd3eaefc94) Importer(815301076,1909f56bfc062723c751e8b465ee728b)  -> (artifact id: '420545f7950603bf3d2cda1988fb3b1d') in 0.241124 seconds 
========================================================================
Received Import Request.
  Time since last request: 45.560708 seconds.
  path: Assets/Colony/Connecting_gateway_lit.fbx
  artifactKey: Guid(f683f2abf0052b84d89d5400cd0aa61e) Importer(815301076,1909f56bfc062723c751e8b465ee728b)
Start importing Assets/Colony/Connecting_gateway_lit.fbx using Guid(f683f2abf0052b84d89d5400cd0aa61e) Importer(815301076,1909f56bfc062723c751e8b465ee728b)  -> (artifact id: 'b6960a507b4ac16c8eb94c5ae4f8ba7d') in 0.208178 seconds 
========================================================================
Received Import Request.
  Time since last request: 0.000040 seconds.
  path: Assets/Colony/Tile_track3.fbx
  artifactKey: Guid(f162ddc5b1d4b1444b6f13e0f337b97c) Importer(815301076,1909f56bfc062723c751e8b465ee728b)
Start importing Assets/Colony/Tile_track3.fbx using Guid(f162ddc5b1d4b1444b6f13e0f337b97c) Importer(815301076,1909f56bfc062723c751e8b465ee728b)  -> (artifact id: '1def87fcd8dc8e5cf4270498d75c62ee') in 0.108259 seconds 
========================================================================
Received Import Request.
  Time since last request: 0.000105 seconds.
  path: Assets/Colony/Solar_generator.fbx
  artifactKey: Guid(4f8410b30ab70934783f6458a28411b8) Importer(815301076,1909f56bfc062723c751e8b465ee728b)
Start importing Assets/Colony/Solar_generator.fbx using Guid(4f8410b30ab70934783f6458a28411b8) Importer(815301076,1909f56bfc062723c751e8b465ee728b)  -> (artifact id: 'a4bb63e8202ecd9ec7935ffbfeb54960') in 0.095945 seconds 
========================================================================
Received Import Request.
  Time since last request: 0.000046 seconds.
  path: Assets/Colony/æargo_ship.fbx
  artifactKey: Guid(47a81f3123b0b414bb1e964c2db674f3) Importer(815301076,1909f56bfc062723c751e8b465ee728b)
Start importing Assets/Colony/æargo_ship.fbx using Guid(47a81f3123b0b414bb1e964c2db674f3) Importer(815301076,1909f56bfc062723c751e8b465ee728b)  -> (artifact id: 'b95cb6ee9f4ed4b422821605b7950825') in 0.098605 seconds 
========================================================================
Received Import Request.
  Time since last request: 0.000083 seconds.
  path: Assets/Colony/Drone_earner.fbx
  artifactKey: Guid(8f8a05b91238f424989642c867fda2ae) Importer(815301076,1909f56bfc062723c751e8b465ee728b)
Start importing Assets/Colony/Drone_earner.fbx using Guid(8f8a05b91238f424989642c867fda2ae) Importer(815301076,1909f56bfc062723c751e8b465ee728b)  -> (artifact id: 'cf59dc1b1ada208f74e9881986a40977') in 0.098948 seconds 
========================================================================
Received Import Request.
  Time since last request: 0.000083 seconds.
  path: Assets/Colony/Geothermal_generator.fbx
  artifactKey: Guid(6aed347f28ac9154b91a305bc4c09a79) Importer(815301076,1909f56bfc062723c751e8b465ee728b)
Start importing Assets/Colony/Geothermal_generator.fbx using Guid(6aed347f28ac9154b91a305bc4c09a79) Importer(815301076,1909f56bfc062723c751e8b465ee728b)  -> (artifact id: '4a0b66a5ce7ffdd8cbd564d06e7f993b') in 0.090800 seconds 
========================================================================
Received Import Request.
  Time since last request: 0.000061 seconds.
  path: Assets/Colony/Drone_control_center.fbx
  artifactKey: Guid(4d87b2e1728b04848aa9349c33a555e7) Importer(815301076,1909f56bfc062723c751e8b465ee728b)
Start importing Assets/Colony/Drone_control_center.fbx using Guid(4d87b2e1728b04848aa9349c33a555e7) Importer(815301076,1909f56bfc062723c751e8b465ee728b)  -> (artifact id: 'f921eac772c9d47b0174a37c3dd041c0') in 0.098913 seconds 
========================================================================
Received Import Request.
  Time since last request: 0.000073 seconds.
  path: Assets/Colony/Section_door_key.fbx
  artifactKey: Guid(af0deb7df7e93e740aea30940fec1498) Importer(815301076,1909f56bfc062723c751e8b465ee728b)
Start importing Assets/Colony/Section_door_key.fbx using Guid(af0deb7df7e93e740aea30940fec1498) Importer(815301076,1909f56bfc062723c751e8b465ee728b)  -> (artifact id: 'ceb7735c09d434ca7f894c3e1e675afb') in 0.097662 seconds 
========================================================================
Received Import Request.
  Time since last request: 0.000065 seconds.
  path: Assets/Colony/Machine_building_plant.fbx
  artifactKey: Guid(feb0e43e717e90145b800638802aef89) Importer(815301076,1909f56bfc062723c751e8b465ee728b)
Start importing Assets/Colony/Machine_building_plant.fbx using Guid(feb0e43e717e90145b800638802aef89) Importer(815301076,1909f56bfc062723c751e8b465ee728b)  -> (artifact id: 'e009aa089478f28015b1631e007dd32c') in 0.134779 seconds 
Editor requested this worker to shutdown with reason: Scaling down because of idle timeout
AssetImportWorker is now disconnected from the server
Process exiting
Exiting without the bug reporter. Application will terminate with return code 0