Using pre-set license
Built from '2021.3/staging' branch; Version is '2021.3.1f1 (3b70a0754835) revision 3895456'; Using compiler version '192829333'; Build Type 'Release'
OS: 'Windows 11  (10.0.22000) 64bit Core' Language: 'tr' Physical Memory: 16236 MB
BatchMode: 1, IsHumanControllingUs: 0, StartBugReporterOnCrash: 0, Is64bit: 1, IsPro: 1

COMMAND LINE ARGUMENTS:
C:\Program Files\Unity\Hub\Editor\2021.3.1f1\Editor\Unity.exe
-adb2
-batchMode
-noUpm
-name
AssetImportWorker4
-projectPath
C:/Users/berkh/Documents/Unity/The-100/SpaceBuzz
-logFile
Logs/AssetImportWorker4.log
-srvPort
58884
Successfully changed project path to: C:/Users/berkh/Documents/Unity/The-100/SpaceBuzz
C:/Users/berkh/Documents/Unity/The-100/SpaceBuzz
[UnityMemory] Configuration Parameters - Can be set up in boot.config
    "memorysetup-bucket-allocator-granularity=16"
    "memorysetup-bucket-allocator-bucket-count=8"
    "memorysetup-bucket-allocator-block-size=33554432"
    "memorysetup-bucket-allocator-block-count=8"
    "memorysetup-main-allocator-block-size=16777216"
    "memorysetup-thread-allocator-block-size=16777216"
    "memorysetup-gfx-main-allocator-block-size=16777216"
    "memorysetup-gfx-thread-allocator-block-size=16777216"
    "memorysetup-cache-allocator-block-size=4194304"
    "memorysetup-typetree-allocator-block-size=2097152"
    "memorysetup-profiler-bucket-allocator-granularity=16"
    "memorysetup-profiler-bucket-allocator-bucket-count=8"
    "memorysetup-profiler-bucket-allocator-block-size=33554432"
    "memorysetup-profiler-bucket-allocator-block-count=8"
    "memorysetup-profiler-allocator-block-size=16777216"
    "memorysetup-profiler-editor-allocator-block-size=1048576"
    "memorysetup-temp-allocator-size-main=16777216"
    "memorysetup-job-temp-allocator-block-size=2097152"
    "memorysetup-job-temp-allocator-block-size-background=1048576"
    "memorysetup-job-temp-allocator-reduction-small-platforms=262144"
    "memorysetup-temp-allocator-size-background-worker=32768"
    "memorysetup-temp-allocator-size-job-worker=262144"
    "memorysetup-temp-allocator-size-preload-manager=33554432"
    "memorysetup-temp-allocator-size-nav-mesh-worker=65536"
    "memorysetup-temp-allocator-size-audio-worker=65536"
    "memorysetup-temp-allocator-size-cloud-worker=32768"
    "memorysetup-temp-allocator-size-gi-baking-worker=262144"
    "memorysetup-temp-allocator-size-gfx=262144"
Refreshing native plugins compatible for Editor in 72.62 ms, found 2 plugins.
Preloading 0 native plugins for Editor in 0.00 ms.
Initialize engine version: 2021.3.1f1 (3b70a0754835)
[Subsystems] Discovering subsystems at path C:/Program Files/Unity/Hub/Editor/2021.3.1f1/Editor/Data/Resources/UnitySubsystems
[Subsystems] Discovering subsystems at path C:/Users/berkh/Documents/Unity/The-100/SpaceBuzz/Assets
GfxDevice: creating device client; threaded=0; jobified=0
Direct3D:
    Version:  Direct3D 11.0 [level 11.1]
    Renderer: NVIDIA GeForce RTX 3060 Laptop GPU (ID=0x2560)
    Vendor:   NVIDIA
    VRAM:     6023 MB
    Driver:   30.0.15.1295
Initialize mono
Mono path[0] = 'C:/Program Files/Unity/Hub/Editor/2021.3.1f1/Editor/Data/Managed'
Mono path[1] = 'C:/Program Files/Unity/Hub/Editor/2021.3.1f1/Editor/Data/MonoBleedingEdge/lib/mono/unityjit-win32'
Mono config path = 'C:/Program Files/Unity/Hub/Editor/2021.3.1f1/Editor/Data/MonoBleedingEdge/etc'
Using monoOptions --debugger-agent=transport=dt_socket,embedding=1,server=y,suspend=n,address=127.0.0.1:56888
Begin MonoManager ReloadAssembly
Registering precompiled unity dll's ...
Register platform support module: C:/Program Files/Unity/Hub/Editor/2021.3.1f1/Editor/Data/PlaybackEngines/WebGLSupport/UnityEditor.WebGL.Extensions.dll
Register platform support module: C:/Program Files/Unity/Hub/Editor/2021.3.1f1/Editor/Data/PlaybackEngines/AndroidPlayer/UnityEditor.Android.Extensions.dll
Register platform support module: C:/Program Files/Unity/Hub/Editor/2021.3.1f1/Editor/Data/PlaybackEngines/WindowsStandaloneSupport/UnityEditor.WindowsStandalone.Extensions.dll
Registered in 0.005190 seconds.
Native extension for WindowsStandalone target not found
Native extension for Android target not found
Native extension for WebGL target not found
Refreshing native plugins compatible for Editor in 47.00 ms, found 2 plugins.
Preloading 0 native plugins for Editor in 0.00 ms.
Mono: successfully reloaded assembly
- Completed reload, in  0.527 seconds
Domain Reload Profiling:
	ReloadAssembly (528ms)
		BeginReloadAssembly (59ms)
			ExecutionOrderSort (0ms)
			DisableScriptedObjects (0ms)
			BackupInstance (0ms)
			ReleaseScriptingObjects (0ms)
			CreateAndSetChildDomain (1ms)
		EndReloadAssembly (378ms)
			LoadAssemblies (58ms)
			RebuildTransferFunctionScriptingTraits (0ms)
			SetupTypeCache (90ms)
			ReleaseScriptCaches (0ms)
			RebuildScriptCaches (22ms)
			SetupLoadedEditorAssemblies (221ms)
				LogAssemblyErrors (0ms)
				InitializePlatformSupportModulesInManaged (49ms)
				SetLoadedEditorAssemblies (0ms)
				RefreshPlugins (47ms)
				BeforeProcessingInitializeOnLoad (1ms)
				ProcessInitializeOnLoadAttributes (86ms)
				ProcessInitializeOnLoadMethodAttributes (37ms)
				AfterProcessingInitializeOnLoad (0ms)
				EditorAssembliesLoaded (0ms)
			ExecutionOrderSort2 (0ms)
			AwakeInstancesAfterBackupRestoration (0ms)
Platform modules already initialized, skipping
Registering precompiled user dll's ...
Registered in 0.003043 seconds.
Begin MonoManager ReloadAssembly
Symbol file LoadedFromMemory is not a mono symbol file
Native extension for WindowsStandalone target not found
Native extension for Android target not found
Native extension for WebGL target not found
Refreshing native plugins compatible for Editor in 0.79 ms, found 2 plugins.
Preloading 0 native plugins for Editor in 0.00 ms.
Mono: successfully reloaded assembly
- Completed reload, in  1.024 seconds
Domain Reload Profiling:
	ReloadAssembly (1025ms)
		BeginReloadAssembly (201ms)
			ExecutionOrderSort (0ms)
			DisableScriptedObjects (6ms)
			BackupInstance (0ms)
			ReleaseScriptingObjects (0ms)
			CreateAndSetChildDomain (126ms)
		EndReloadAssembly (726ms)
			LoadAssemblies (75ms)
			RebuildTransferFunctionScriptingTraits (0ms)
			SetupTypeCache (155ms)
			ReleaseScriptCaches (0ms)
			RebuildScriptCaches (47ms)
			SetupLoadedEditorAssemblies (405ms)
				LogAssemblyErrors (0ms)
				InitializePlatformSupportModulesInManaged (14ms)
				SetLoadedEditorAssemblies (0ms)
				RefreshPlugins (1ms)
				BeforeProcessingInitializeOnLoad (49ms)
				ProcessInitializeOnLoadAttributes (314ms)
				ProcessInitializeOnLoadMethodAttributes (22ms)
				AfterProcessingInitializeOnLoad (5ms)
				EditorAssembliesLoaded (0ms)
			ExecutionOrderSort2 (0ms)
			AwakeInstancesAfterBackupRestoration (5ms)
Platform modules already initialized, skipping
========================================================================
Worker process is ready to serve import requests
Launched and connected shader compiler UnityShaderCompiler.exe after 0.05 seconds
Refreshing native plugins compatible for Editor in 0.77 ms, found 2 plugins.
Preloading 0 native plugins for Editor in 0.00 ms.
Unloading 2251 Unused Serialized files (Serialized files now loaded: 0)
Unloading 71 unused Assets / (1.4 MB). Loaded Objects now: 2729.
Memory consumption went from 129.3 MB to 127.9 MB.
Total: 3.322200 ms (FindLiveObjects: 0.210800 ms CreateObjectMapping: 0.101200 ms MarkObjects: 2.637900 ms  DeleteObjects: 0.371600 ms)

AssetImportParameters requested are different than current active one (requested -> active):
  custom:video-decoder-ogg-theora: a1e56fd34408186e4bbccfd4996cb3dc -> 
  custom:container-muxer-webm: aa71ff27fc2769a1b78a27578f13a17b -> 
  custom:container-demuxer-webm: 4f35f7cbe854078d1ac9338744f61a02 -> 
  custom:video-encoder-webm-vp8: eb34c28f22e8b96e1ab97ce403110664 -> 
  custom:audio-encoder-webm-vorbis: bf7c407c2cedff20999df2af8eb42d56 -> 
  custom:framework-win-MediaFoundation: 216162199b28c13a410421893ffa2e32 -> 
  custom:container-demuxer-ogg: 62fdf1f143b41e24485cea50d1cbac27 -> 
  custom:video-decoder-webm-vp8: 9c59270c3fd7afecdb556c50c9e8de78 -> 
  custom:audio-decoder-ogg-vorbis: bf7c407c2cedff20999df2af8eb42d56 -> 
========================================================================
Received Import Request.
  Time since last request: 345280.779504 seconds.
  path: Assets/Sources/LowPolyAlienWorld/Materials
  artifactKey: Guid(30978d907ec1d6f4289d9eb9159317b9) Importer(815301076,1909f56bfc062723c751e8b465ee728b)
Start importing Assets/Sources/LowPolyAlienWorld/Materials using Guid(30978d907ec1d6f4289d9eb9159317b9) Importer(815301076,1909f56bfc062723c751e8b465ee728b)  -> (artifact id: '7b2f003fcfdb849c289e9c6df1db51fb') in 0.024180 seconds 
========================================================================
Received Import Request.
  Time since last request: 5.718727 seconds.
  path: Assets/Material/Uta
  artifactKey: Guid(e995473f1c13b234a85bfa59c8021f1c) Importer(815301076,1909f56bfc062723c751e8b465ee728b)
Start importing Assets/Material/Uta using Guid(e995473f1c13b234a85bfa59c8021f1c) Importer(815301076,1909f56bfc062723c751e8b465ee728b)  -> (artifact id: '8ecd2bc31fbd9877a37f246886d67e53') in 0.017260 seconds 
========================================================================
Received Import Request.
  Time since last request: 11.412286 seconds.
  path: Assets/Material/Uta/New Material.mat
  artifactKey: Guid(fb0166db3d00bcb4582e32b95ea2dac5) Importer(815301076,1909f56bfc062723c751e8b465ee728b)
Start importing Assets/Material/Uta/New Material.mat using Guid(fb0166db3d00bcb4582e32b95ea2dac5) Importer(815301076,1909f56bfc062723c751e8b465ee728b)  -> (artifact id: '8cdb9ef84a27ebe41ab040246cbbce7d') in 0.098753 seconds 
========================================================================
Received Import Request.
  Time since last request: 4.259067 seconds.
  path: Assets/Material/Uta/UtaBlue.mat
  artifactKey: Guid(fb0166db3d00bcb4582e32b95ea2dac5) Importer(815301076,1909f56bfc062723c751e8b465ee728b)
Start importing Assets/Material/Uta/UtaBlue.mat using Guid(fb0166db3d00bcb4582e32b95ea2dac5) Importer(815301076,1909f56bfc062723c751e8b465ee728b)  -> (artifact id: '5433994c7f7f9f81cebf0206baaeb3c1') in 0.026762 seconds 
========================================================================
Received Import Request.
  Time since last request: 44.906125 seconds.
  path: Assets/Sources/LowPoly Environment Pack/FBX/Materials/Gray.4.mat
  artifactKey: Guid(55ac68c33cb2d144a9976df607b5e754) Importer(815301076,1909f56bfc062723c751e8b465ee728b)
Start importing Assets/Sources/LowPoly Environment Pack/FBX/Materials/Gray.4.mat using Guid(55ac68c33cb2d144a9976df607b5e754) Importer(815301076,1909f56bfc062723c751e8b465ee728b)  -> (artifact id: '35d2407cdcf64d1410d0a93bf9196bbd') in 0.015268 seconds 
========================================================================
Received Import Request.
  Time since last request: 0.000042 seconds.
  path: Assets/Sources/LowPoly Environment Pack/FBX/Materials/Green.4.mat
  artifactKey: Guid(431d3f3310498c2488a88bac6acf6f84) Importer(815301076,1909f56bfc062723c751e8b465ee728b)
Start importing Assets/Sources/LowPoly Environment Pack/FBX/Materials/Green.4.mat using Guid(431d3f3310498c2488a88bac6acf6f84) Importer(815301076,1909f56bfc062723c751e8b465ee728b)  -> (artifact id: '4391729740e6e5923fd4a841be3a6d06') in 0.014657 seconds 
========================================================================
Received Import Request.
  Time since last request: 0.000035 seconds.
  path: Assets/Sources/LowPoly Environment Pack/FBX/Materials/Orange.1.mat
  artifactKey: Guid(31bf94a71a52adb4f84ef40356426dbb) Importer(815301076,1909f56bfc062723c751e8b465ee728b)
Start importing Assets/Sources/LowPoly Environment Pack/FBX/Materials/Orange.1.mat using Guid(31bf94a71a52adb4f84ef40356426dbb) Importer(815301076,1909f56bfc062723c751e8b465ee728b)  -> (artifact id: 'f34c428cf54389f82e740c54e6fe3530') in 0.041992 seconds 
========================================================================
Received Import Request.
  Time since last request: 0.000024 seconds.
  path: Assets/Sources/LowPoly Environment Pack/FBX/Materials/Yellow.4.mat
  artifactKey: Guid(779672b87a6027e4fb52bd5c47f2c110) Importer(815301076,1909f56bfc062723c751e8b465ee728b)
Start importing Assets/Sources/LowPoly Environment Pack/FBX/Materials/Yellow.4.mat using Guid(779672b87a6027e4fb52bd5c47f2c110) Importer(815301076,1909f56bfc062723c751e8b465ee728b)  -> (artifact id: '70e9a8ae058a7f60e840e7b821411d25') in 0.028257 seconds 
========================================================================
Received Import Request.
  Time since last request: 0.000023 seconds.
  path: Assets/Sources/LowPoly Environment Pack/FBX/Materials/Yellow.3.mat
  artifactKey: Guid(62c01cd363116e4418505d6d72764b0d) Importer(815301076,1909f56bfc062723c751e8b465ee728b)
Start importing Assets/Sources/LowPoly Environment Pack/FBX/Materials/Yellow.3.mat using Guid(62c01cd363116e4418505d6d72764b0d) Importer(815301076,1909f56bfc062723c751e8b465ee728b)  -> (artifact id: '09823e6e2bb4d1013cc21dbd1a0ce3cb') in 0.016584 seconds 
========================================================================
Received Import Request.
  Time since last request: 0.000027 seconds.
  path: Assets/Sources/LowPoly Environment Pack/FBX/Materials/Green.12.mat
  artifactKey: Guid(546fdfe5df99cb34bb14981f56cfca29) Importer(815301076,1909f56bfc062723c751e8b465ee728b)
Start importing Assets/Sources/LowPoly Environment Pack/FBX/Materials/Green.12.mat using Guid(546fdfe5df99cb34bb14981f56cfca29) Importer(815301076,1909f56bfc062723c751e8b465ee728b)  -> (artifact id: 'e36e0e7a027a5ad691a09fcb0652588e') in 0.017610 seconds 
========================================================================
Received Import Request.
  Time since last request: 0.000028 seconds.
  path: Assets/Sources/LowPoly Environment Pack/FBX/Materials/Pink.1.mat
  artifactKey: Guid(4de868b1c656aa948a9734db55fa6df7) Importer(815301076,1909f56bfc062723c751e8b465ee728b)
Start importing Assets/Sources/LowPoly Environment Pack/FBX/Materials/Pink.1.mat using Guid(4de868b1c656aa948a9734db55fa6df7) Importer(815301076,1909f56bfc062723c751e8b465ee728b)  -> (artifact id: '341328ff6c6a82b47642bb174e86709e') in 0.015689 seconds 
========================================================================
Received Import Request.
  Time since last request: 0.000039 seconds.
  path: Assets/Sources/LowPoly Environment Pack/FBX/Materials/Green.5.mat
  artifactKey: Guid(35efd64ed4769b8459707c2739efe32a) Importer(815301076,1909f56bfc062723c751e8b465ee728b)
Start importing Assets/Sources/LowPoly Environment Pack/FBX/Materials/Green.5.mat using Guid(35efd64ed4769b8459707c2739efe32a) Importer(815301076,1909f56bfc062723c751e8b465ee728b)  -> (artifact id: '286008f28866e40e155b383f8f95b07c') in 0.014367 seconds 
========================================================================
Received Import Request.
  Time since last request: 0.000030 seconds.
  path: Assets/Sources/LowPoly Environment Pack/FBX/Materials/Orange.2.mat
  artifactKey: Guid(a57c77f070e349e428256669c403a9c5) Importer(815301076,1909f56bfc062723c751e8b465ee728b)
Start importing Assets/Sources/LowPoly Environment Pack/FBX/Materials/Orange.2.mat using Guid(a57c77f070e349e428256669c403a9c5) Importer(815301076,1909f56bfc062723c751e8b465ee728b)  -> (artifact id: '5e0b82c5809b498ef840d790a712d5ac') in 0.018102 seconds 
========================================================================
Received Import Request.
  Time since last request: 0.000041 seconds.
  path: Assets/Sources/LowPoly Environment Pack/FBX/Materials/Green.10.mat
  artifactKey: Guid(aa67d82998ecf8841a3adf9bfa27b1c2) Importer(815301076,1909f56bfc062723c751e8b465ee728b)
Start importing Assets/Sources/LowPoly Environment Pack/FBX/Materials/Green.10.mat using Guid(aa67d82998ecf8841a3adf9bfa27b1c2) Importer(815301076,1909f56bfc062723c751e8b465ee728b)  -> (artifact id: 'a2bea8dd0c12b563cee6a293aa054ea0') in 0.016161 seconds 
========================================================================
Received Import Request.
  Time since last request: 0.000023 seconds.
  path: Assets/Sources/LowPoly Environment Pack/FBX/Materials/Green.9.mat
  artifactKey: Guid(50f27939f1ba130428274fee828f4aa5) Importer(815301076,1909f56bfc062723c751e8b465ee728b)
Start importing Assets/Sources/LowPoly Environment Pack/FBX/Materials/Green.9.mat using Guid(50f27939f1ba130428274fee828f4aa5) Importer(815301076,1909f56bfc062723c751e8b465ee728b)  -> (artifact id: 'f2a8c19e1a25318d5366ee5b912403c5') in 0.014432 seconds 
========================================================================
Received Import Request.
  Time since last request: 0.000023 seconds.
  path: Assets/Sources/LowPoly Environment Pack/FBX/Materials/Green.13.mat
  artifactKey: Guid(824d3adafd1c2d64b8c82f09ed60bfe7) Importer(815301076,1909f56bfc062723c751e8b465ee728b)
Start importing Assets/Sources/LowPoly Environment Pack/FBX/Materials/Green.13.mat using Guid(824d3adafd1c2d64b8c82f09ed60bfe7) Importer(815301076,1909f56bfc062723c751e8b465ee728b)  -> (artifact id: '1345a48c3d50893e08ecf906060da655') in 0.014399 seconds 
========================================================================
Received Import Request.
  Time since last request: 0.000034 seconds.
  path: Assets/Sources/LowPoly Environment Pack/FBX/Materials/Green.7.mat
  artifactKey: Guid(0f7806b54edf71c4796d1c67899856bc) Importer(815301076,1909f56bfc062723c751e8b465ee728b)
Start importing Assets/Sources/LowPoly Environment Pack/FBX/Materials/Green.7.mat using Guid(0f7806b54edf71c4796d1c67899856bc) Importer(815301076,1909f56bfc062723c751e8b465ee728b)  -> (artifact id: '8b7772f9b34a98b2d034532809ef2b96') in 0.019522 seconds 
========================================================================
Received Import Request.
  Time since last request: 0.000028 seconds.
  path: Assets/Sources/LowPoly Environment Pack/FBX/Materials/Orange.3.mat
  artifactKey: Guid(0933253977cd0454b989b8bc25bbdc83) Importer(815301076,1909f56bfc062723c751e8b465ee728b)
Start importing Assets/Sources/LowPoly Environment Pack/FBX/Materials/Orange.3.mat using Guid(0933253977cd0454b989b8bc25bbdc83) Importer(815301076,1909f56bfc062723c751e8b465ee728b)  -> (artifact id: 'c1f30b055efdbdb63801a11bfc35caae') in 0.015998 seconds 
========================================================================
Received Import Request.
  Time since last request: 2.130197 seconds.
  path: Assets/Sources/LowPoly Environment Pack/FBX/Materials/Brown.14.mat
  artifactKey: Guid(7e5b0a9678b8426468b771b1050eeae4) Importer(815301076,1909f56bfc062723c751e8b465ee728b)
Start importing Assets/Sources/LowPoly Environment Pack/FBX/Materials/Brown.14.mat using Guid(7e5b0a9678b8426468b771b1050eeae4) Importer(815301076,1909f56bfc062723c751e8b465ee728b)  -> (artifact id: '0c2bf6ce80087776091251cb9e78d7dc') in 0.015504 seconds 
========================================================================
Received Import Request.
  Time since last request: 0.000024 seconds.
  path: Assets/Sources/LowPoly Environment Pack/FBX/Materials/Gray.2.mat
  artifactKey: Guid(e2f44d83259a3c14abd33197677dbc91) Importer(815301076,1909f56bfc062723c751e8b465ee728b)
Start importing Assets/Sources/LowPoly Environment Pack/FBX/Materials/Gray.2.mat using Guid(e2f44d83259a3c14abd33197677dbc91) Importer(815301076,1909f56bfc062723c751e8b465ee728b)  -> (artifact id: 'ef9b1ec32cbeb8eef97a9703c878941b') in 0.012783 seconds 
========================================================================
Received Import Request.
  Time since last request: 0.118547 seconds.
  path: Assets/Sources/LowPoly Environment Pack/FBX/Materials/Brown.7.mat
  artifactKey: Guid(4fe563c5f58ef3f428825ed56c445b80) Importer(815301076,1909f56bfc062723c751e8b465ee728b)
Start importing Assets/Sources/LowPoly Environment Pack/FBX/Materials/Brown.7.mat using Guid(4fe563c5f58ef3f428825ed56c445b80) Importer(815301076,1909f56bfc062723c751e8b465ee728b)  -> (artifact id: 'f28125244e02421a5f59f8a00123eeda') in 0.014719 seconds 
========================================================================
Received Import Request.
  Time since last request: 0.000019 seconds.
  path: Assets/Sources/LowPoly Environment Pack/FBX/Materials/Brown.10.mat
  artifactKey: Guid(8117e74ca190335479975c5dd8a73f62) Importer(815301076,1909f56bfc062723c751e8b465ee728b)
Start importing Assets/Sources/LowPoly Environment Pack/FBX/Materials/Brown.10.mat using Guid(8117e74ca190335479975c5dd8a73f62) Importer(815301076,1909f56bfc062723c751e8b465ee728b)  -> (artifact id: 'abc2e354ae9744f0df29c5a3db336558') in 0.013709 seconds 
========================================================================
Received Import Request.
  Time since last request: 0.230478 seconds.
  path: Assets/Sources/LowPoly Environment Pack/FBX/Materials/Brown.2.mat
  artifactKey: Guid(f7c2deb7be33c61418c105b4da4da2d8) Importer(815301076,1909f56bfc062723c751e8b465ee728b)
Start importing Assets/Sources/LowPoly Environment Pack/FBX/Materials/Brown.2.mat using Guid(f7c2deb7be33c61418c105b4da4da2d8) Importer(815301076,1909f56bfc062723c751e8b465ee728b)  -> (artifact id: '2b2e9731292e4b72912f6f635ebe99ff') in 0.011876 seconds 
========================================================================
Received Import Request.
  Time since last request: 0.000022 seconds.
  path: Assets/Sources/LowPoly Environment Pack/FBX/Materials/Brown.6.mat
  artifactKey: Guid(c47a8046d422cf44ab127456e4917876) Importer(815301076,1909f56bfc062723c751e8b465ee728b)
Start importing Assets/Sources/LowPoly Environment Pack/FBX/Materials/Brown.6.mat using Guid(c47a8046d422cf44ab127456e4917876) Importer(815301076,1909f56bfc062723c751e8b465ee728b)  -> (artifact id: '9cd045e1bd04f94227a911294dcf2c8b') in 0.023407 seconds 
========================================================================
Received Import Request.
  Time since last request: 0.000038 seconds.
  path: Assets/Sources/LowPoly Environment Pack/FBX/Materials/Brown.5.mat
  artifactKey: Guid(123ed9969563dc5468cd867af56caab9) Importer(815301076,1909f56bfc062723c751e8b465ee728b)
Start importing Assets/Sources/LowPoly Environment Pack/FBX/Materials/Brown.5.mat using Guid(123ed9969563dc5468cd867af56caab9) Importer(815301076,1909f56bfc062723c751e8b465ee728b)  -> (artifact id: 'ac2cfdf5be14bcbdeb8ecde299337c07') in 0.014830 seconds 
========================================================================
Received Import Request.
  Time since last request: 26.409231 seconds.
  path: Assets/Sources/LowPoly Environment Pack/FBX/Bush_1.fbx
  artifactKey: Guid(1938cd5cf7941f548b756cdb94a425fb) Importer(815301076,1909f56bfc062723c751e8b465ee728b)
Start importing Assets/Sources/LowPoly Environment Pack/FBX/Bush_1.fbx using Guid(1938cd5cf7941f548b756cdb94a425fb) Importer(815301076,1909f56bfc062723c751e8b465ee728b)  -> (artifact id: '6e52788ee7ecc640ab2bc7e1222930e4') in 0.036738 seconds 
========================================================================
Received Import Request.
  Time since last request: 0.000018 seconds.
  path: Assets/Sources/LowPoly Environment Pack/FBX/Plant_6.fbx
  artifactKey: Guid(537ff932739c5174fa989b8403a9db91) Importer(815301076,1909f56bfc062723c751e8b465ee728b)
Start importing Assets/Sources/LowPoly Environment Pack/FBX/Plant_6.fbx using Guid(537ff932739c5174fa989b8403a9db91) Importer(815301076,1909f56bfc062723c751e8b465ee728b)  -> (artifact id: '043647661ea85c4b44795f80c9d6e333') in 0.040552 seconds 
========================================================================
Received Import Request.
  Time since last request: 0.000025 seconds.
  path: Assets/Sources/LowPoly Environment Pack/FBX/Rock_6.fbx
  artifactKey: Guid(71bb44319f15e0741846c4fad009f013) Importer(815301076,1909f56bfc062723c751e8b465ee728b)
Start importing Assets/Sources/LowPoly Environment Pack/FBX/Rock_6.fbx using Guid(71bb44319f15e0741846c4fad009f013) Importer(815301076,1909f56bfc062723c751e8b465ee728b)  -> (artifact id: '690a7ff94d549d49574cc9999f8aa2d2') in 0.070374 seconds 
========================================================================
Received Import Request.
  Time since last request: 0.000034 seconds.
  path: Assets/Sources/LowPoly Environment Pack/FBX/Plant_4.fbx
  artifactKey: Guid(283c2a73be2ff274abe5a6c1e1ee3a48) Importer(815301076,1909f56bfc062723c751e8b465ee728b)
Start importing Assets/Sources/LowPoly Environment Pack/FBX/Plant_4.fbx using Guid(283c2a73be2ff274abe5a6c1e1ee3a48) Importer(815301076,1909f56bfc062723c751e8b465ee728b)  -> (artifact id: '0e31c83b8dcd51a8784a100b13dc6d25') in 0.038609 seconds 
========================================================================
Received Import Request.
  Time since last request: 0.000033 seconds.
  path: Assets/Sources/LowPoly Environment Pack/FBX/Log_1.fbx
  artifactKey: Guid(f12a3ed37c1553f46a2806744d6b056e) Importer(815301076,1909f56bfc062723c751e8b465ee728b)
Start importing Assets/Sources/LowPoly Environment Pack/FBX/Log_1.fbx using Guid(f12a3ed37c1553f46a2806744d6b056e) Importer(815301076,1909f56bfc062723c751e8b465ee728b)  -> (artifact id: '72ec8d05a67824825ee60abadae38b62') in 0.023194 seconds 
========================================================================
Received Import Request.
  Time since last request: 0.000019 seconds.
  path: Assets/Sources/LowPoly Environment Pack/FBX/Rock_4.fbx
  artifactKey: Guid(b58e7fdfb89fbc549b36a69243aee4c0) Importer(815301076,1909f56bfc062723c751e8b465ee728b)
Start importing Assets/Sources/LowPoly Environment Pack/FBX/Rock_4.fbx using Guid(b58e7fdfb89fbc549b36a69243aee4c0) Importer(815301076,1909f56bfc062723c751e8b465ee728b)  -> (artifact id: 'bd437238b63507550caabc0fa89a7f1e') in 0.029674 seconds 
========================================================================
Received Import Request.
  Time since last request: 0.000028 seconds.
  path: Assets/Sources/LowPoly Environment Pack/FBX/Plant_1.fbx
  artifactKey: Guid(3739d3cd85494bb4c887d0401497fe57) Importer(815301076,1909f56bfc062723c751e8b465ee728b)
Start importing Assets/Sources/LowPoly Environment Pack/FBX/Plant_1.fbx using Guid(3739d3cd85494bb4c887d0401497fe57) Importer(815301076,1909f56bfc062723c751e8b465ee728b)  -> (artifact id: '48ae5cb0ebfb5cc314e4f5db6afafcd6') in 0.018711 seconds 
========================================================================
Received Import Request.
  Time since last request: 0.000027 seconds.
  path: Assets/Sources/LowPoly Environment Pack/FBX/Plant_2.fbx
  artifactKey: Guid(c83f502368bab8140af79867b14e99c9) Importer(815301076,1909f56bfc062723c751e8b465ee728b)
Start importing Assets/Sources/LowPoly Environment Pack/FBX/Plant_2.fbx using Guid(c83f502368bab8140af79867b14e99c9) Importer(815301076,1909f56bfc062723c751e8b465ee728b)  -> (artifact id: '4f9e9355552ad1f4734003bcdb960c4b') in 0.016419 seconds 
========================================================================
Received Import Request.
  Time since last request: 0.000020 seconds.
  path: Assets/Sources/LowPoly Environment Pack/FBX/Mounting_2.fbx
  artifactKey: Guid(bf8d317df722d644f99e8ff3926c99d9) Importer(815301076,1909f56bfc062723c751e8b465ee728b)
Start importing Assets/Sources/LowPoly Environment Pack/FBX/Mounting_2.fbx using Guid(bf8d317df722d644f99e8ff3926c99d9) Importer(815301076,1909f56bfc062723c751e8b465ee728b)  -> (artifact id: 'f09e3c0abbd899dc0f1e7d69b92e23a6') in 0.019710 seconds 
========================================================================
Received Import Request.
  Time since last request: 0.000034 seconds.
  path: Assets/Sources/LowPoly Environment Pack/FBX/Grass_2.fbx
  artifactKey: Guid(a0873148ac8296f43bcd8ca9f39271e3) Importer(815301076,1909f56bfc062723c751e8b465ee728b)
Start importing Assets/Sources/LowPoly Environment Pack/FBX/Grass_2.fbx using Guid(a0873148ac8296f43bcd8ca9f39271e3) Importer(815301076,1909f56bfc062723c751e8b465ee728b)  -> (artifact id: '650ff02f0f3fc261be9a1648ee8ee3cf') in 0.020196 seconds 
========================================================================
Received Import Request.
  Time since last request: 2.475941 seconds.
  path: Assets/Sources/LowPoly Environment Pack/FBX/Tree_3.fbx
  artifactKey: Guid(9fae9f7a7664c4c47a4fd4e9eedf6d6c) Importer(815301076,1909f56bfc062723c751e8b465ee728b)
Start importing Assets/Sources/LowPoly Environment Pack/FBX/Tree_3.fbx using Guid(9fae9f7a7664c4c47a4fd4e9eedf6d6c) Importer(815301076,1909f56bfc062723c751e8b465ee728b)  -> (artifact id: '9c6a3629d22b10cbf8ef0ebdf2a9c1b5') in 0.032357 seconds 
========================================================================
Received Import Request.
  Time since last request: 332.254473 seconds.
  path: Assets/Sources/LowPolyAlienWorld/Textures/Colors3.png
  artifactKey: Guid(1589dff7b09dc6948912ee54f7621efe) Importer(815301076,1909f56bfc062723c751e8b465ee728b)
Start importing Assets/Sources/LowPolyAlienWorld/Textures/Colors3.png using Guid(1589dff7b09dc6948912ee54f7621efe) Importer(815301076,1909f56bfc062723c751e8b465ee728b)  -> (artifact id: 'c3ab07daf1e2aa8e83a9f95d5ed2dff1') in 0.018925 seconds 
========================================================================
Received Import Request.
  Time since last request: 31.881521 seconds.
  path: Assets/Material/Uta/New Terrain Layer.terrainlayer
  artifactKey: Guid(060fea4fb422d6c4982e41efad4645d0) Importer(815301076,1909f56bfc062723c751e8b465ee728b)
Start importing Assets/Material/Uta/New Terrain Layer.terrainlayer using Guid(060fea4fb422d6c4982e41efad4645d0) Importer(815301076,1909f56bfc062723c751e8b465ee728b)  -> (artifact id: 'f6ded37002c09565141e4885cf8f8884') in 0.010913 seconds 
========================================================================
Received Import Request.
  Time since last request: 50.956544 seconds.
  path: Assets/Prefab/Tiles/UtaTiles/Tile13.prefab
  artifactKey: Guid(46cd6bc1266d339439565962e2b69bb5) Importer(815301076,1909f56bfc062723c751e8b465ee728b)
Start importing Assets/Prefab/Tiles/UtaTiles/Tile13.prefab using Guid(46cd6bc1266d339439565962e2b69bb5) Importer(815301076,1909f56bfc062723c751e8b465ee728b)  -> (artifact id: '76f383df03cd1fb42458b5a9cd8d3a7c') in 0.046370 seconds 
========================================================================
Received Import Request.
  Time since last request: 16.147876 seconds.
  path: Assets/Prefab/Tiles/UtaTiles/Tile13.prefab
  artifactKey: Guid(46cd6bc1266d339439565962e2b69bb5) Importer(815301076,1909f56bfc062723c751e8b465ee728b)
Start importing Assets/Prefab/Tiles/UtaTiles/Tile13.prefab using Guid(46cd6bc1266d339439565962e2b69bb5) Importer(815301076,1909f56bfc062723c751e8b465ee728b)  -> (artifact id: 'f5d5c055a76a47fc40dc0b47a178e9c5') in 0.025986 seconds 
========================================================================
Received Prepare
Registering precompiled user dll's ...
Registered in 0.003787 seconds.
Begin MonoManager ReloadAssembly
Symbol file LoadedFromMemory is not a mono symbol file
Native extension for WindowsStandalone target not found
Native extension for Android target not found
Native extension for WebGL target not found
Refreshing native plugins compatible for Editor in 1.35 ms, found 2 plugins.
Preloading 0 native plugins for Editor in 0.00 ms.
Mono: successfully reloaded assembly
- Completed reload, in  1.091 seconds
Domain Reload Profiling:
	ReloadAssembly (1092ms)
		BeginReloadAssembly (124ms)
			ExecutionOrderSort (0ms)
			DisableScriptedObjects (8ms)
			BackupInstance (0ms)
			ReleaseScriptingObjects (0ms)
			CreateAndSetChildDomain (39ms)
		EndReloadAssembly (887ms)
			LoadAssemblies (74ms)
			RebuildTransferFunctionScriptingTraits (0ms)
			SetupTypeCache (150ms)
			ReleaseScriptCaches (1ms)
			RebuildScriptCaches (35ms)
			SetupLoadedEditorAssemblies (555ms)
				LogAssemblyErrors (0ms)
				InitializePlatformSupportModulesInManaged (29ms)
				SetLoadedEditorAssemblies (1ms)
				RefreshPlugins (1ms)
				BeforeProcessingInitializeOnLoad (69ms)
				ProcessInitializeOnLoadAttributes (419ms)
				ProcessInitializeOnLoadMethodAttributes (27ms)
				AfterProcessingInitializeOnLoad (9ms)
				EditorAssembliesLoaded (0ms)
			ExecutionOrderSort2 (0ms)
			AwakeInstancesAfterBackupRestoration (7ms)
Platform modules already initialized, skipping
Refreshing native plugins compatible for Editor in 4.40 ms, found 2 plugins.
Preloading 0 native plugins for Editor in 0.00 ms.
Unloading 2200 Unused Serialized files (Serialized files now loaded: 0)
Unloading 52 unused Assets / (1.4 MB). Loaded Objects now: 2790.
Memory consumption went from 129.1 MB to 127.6 MB.
Total: 4.172300 ms (FindLiveObjects: 0.216300 ms CreateObjectMapping: 0.061200 ms MarkObjects: 3.506100 ms  DeleteObjects: 0.387600 ms)

AssetImportParameters requested are different than current active one (requested -> active):
  custom:video-decoder-ogg-theora: a1e56fd34408186e4bbccfd4996cb3dc -> 
  custom:container-muxer-webm: aa71ff27fc2769a1b78a27578f13a17b -> 
  custom:container-demuxer-webm: 4f35f7cbe854078d1ac9338744f61a02 -> 
  custom:video-encoder-webm-vp8: eb34c28f22e8b96e1ab97ce403110664 -> 
  custom:audio-encoder-webm-vorbis: bf7c407c2cedff20999df2af8eb42d56 -> 
  custom:framework-win-MediaFoundation: 216162199b28c13a410421893ffa2e32 -> 
  custom:container-demuxer-ogg: 62fdf1f143b41e24485cea50d1cbac27 -> 
  custom:video-decoder-webm-vp8: 9c59270c3fd7afecdb556c50c9e8de78 -> 
  custom:audio-decoder-ogg-vorbis: bf7c407c2cedff20999df2af8eb42d56 -> 
========================================================================
Received Import Request.
  Time since last request: 74.384462 seconds.
  path: Assets/Scenes/test.unity
  artifactKey: Guid(a574ae9fd7149b54783d9fdde3c73a21) Importer(815301076,1909f56bfc062723c751e8b465ee728b)
Start importing Assets/Scenes/test.unity using Guid(a574ae9fd7149b54783d9fdde3c73a21) Importer(815301076,1909f56bfc062723c751e8b465ee728b)  -> (artifact id: '3129c387491430ecd1a2993e085d8f43') in 0.010700 seconds 
========================================================================
Received Import Request.
  Time since last request: 230.937575 seconds.
  path: Assets/Scenes/2.unity
  artifactKey: Guid(1998cd9f6ea3ff042b8e82c8851a5727) Importer(815301076,1909f56bfc062723c751e8b465ee728b)
Start importing Assets/Scenes/2.unity using Guid(1998cd9f6ea3ff042b8e82c8851a5727) Importer(815301076,1909f56bfc062723c751e8b465ee728b)  -> (artifact id: '18a0fdd16acdca5d80cb0d0c85db411e') in 0.006921 seconds 
========================================================================
Received Prepare
Registering precompiled user dll's ...
Registered in 0.003658 seconds.
Begin MonoManager ReloadAssembly
Symbol file LoadedFromMemory is not a mono symbol file
Native extension for WindowsStandalone target not found
Native extension for Android target not found
Native extension for WebGL target not found
Refreshing native plugins compatible for Editor in 1.61 ms, found 2 plugins.
Preloading 0 native plugins for Editor in 0.00 ms.
Mono: successfully reloaded assembly
- Completed reload, in  0.934 seconds
Domain Reload Profiling:
	ReloadAssembly (935ms)
		BeginReloadAssembly (107ms)
			ExecutionOrderSort (0ms)
			DisableScriptedObjects (4ms)
			BackupInstance (0ms)
			ReleaseScriptingObjects (0ms)
			CreateAndSetChildDomain (35ms)
		EndReloadAssembly (752ms)
			LoadAssemblies (72ms)
			RebuildTransferFunctionScriptingTraits (0ms)
			SetupTypeCache (164ms)
			ReleaseScriptCaches (1ms)
			RebuildScriptCaches (33ms)
			SetupLoadedEditorAssemblies (431ms)
				LogAssemblyErrors (0ms)
				InitializePlatformSupportModulesInManaged (24ms)
				SetLoadedEditorAssemblies (1ms)
				RefreshPlugins (2ms)
				BeforeProcessingInitializeOnLoad (55ms)
				ProcessInitializeOnLoadAttributes (320ms)
				ProcessInitializeOnLoadMethodAttributes (25ms)
				AfterProcessingInitializeOnLoad (5ms)
				EditorAssembliesLoaded (0ms)
			ExecutionOrderSort2 (0ms)
			AwakeInstancesAfterBackupRestoration (7ms)
Platform modules already initialized, skipping
Refreshing native plugins compatible for Editor in 4.97 ms, found 2 plugins.
Preloading 0 native plugins for Editor in 0.00 ms.
Unloading 2200 Unused Serialized files (Serialized files now loaded: 0)
Unloading 51 unused Assets / (1.4 MB). Loaded Objects now: 2806.
Memory consumption went from 129.1 MB to 127.7 MB.
Total: 3.419400 ms (FindLiveObjects: 0.276100 ms CreateObjectMapping: 0.086800 ms MarkObjects: 2.691400 ms  DeleteObjects: 0.363500 ms)

AssetImportParameters requested are different than current active one (requested -> active):
  custom:video-decoder-ogg-theora: a1e56fd34408186e4bbccfd4996cb3dc -> 
  custom:container-muxer-webm: aa71ff27fc2769a1b78a27578f13a17b -> 
  custom:container-demuxer-webm: 4f35f7cbe854078d1ac9338744f61a02 -> 
  custom:video-encoder-webm-vp8: eb34c28f22e8b96e1ab97ce403110664 -> 
  custom:audio-encoder-webm-vorbis: bf7c407c2cedff20999df2af8eb42d56 -> 
  custom:framework-win-MediaFoundation: 216162199b28c13a410421893ffa2e32 -> 
  custom:container-demuxer-ogg: 62fdf1f143b41e24485cea50d1cbac27 -> 
  custom:video-decoder-webm-vp8: 9c59270c3fd7afecdb556c50c9e8de78 -> 
  custom:audio-decoder-ogg-vorbis: bf7c407c2cedff20999df2af8eb42d56 -> 
========================================================================
Received Import Request.
  Time since last request: 50.036727 seconds.
  path: Assets/Scenes/test.unity
  artifactKey: Guid(a574ae9fd7149b54783d9fdde3c73a21) Importer(815301076,1909f56bfc062723c751e8b465ee728b)
Start importing Assets/Scenes/test.unity using Guid(a574ae9fd7149b54783d9fdde3c73a21) Importer(815301076,1909f56bfc062723c751e8b465ee728b)  -> (artifact id: '66edf53b276a2842bb8261861b25abf7') in 0.005667 seconds 
========================================================================
Received Import Request.
  Time since last request: 5.436652 seconds.
  path: Assets/Prefab/Tiles/UtaTiles/Tile12.prefab
  artifactKey: Guid(4730304e55b16d5498db0851e13eca27) Importer(815301076,1909f56bfc062723c751e8b465ee728b)
Start importing Assets/Prefab/Tiles/UtaTiles/Tile12.prefab using Guid(4730304e55b16d5498db0851e13eca27) Importer(815301076,1909f56bfc062723c751e8b465ee728b)  -> (artifact id: 'e7423bc5ac9552477fc81b09b01ef516') in 0.087008 seconds 
========================================================================
Received Import Request.
  Time since last request: 137.243314 seconds.
  path: Assets/Terrain/TerrainSampleAssets/TerrainBrushes/Soft_Round_Brush.brush
  artifactKey: Guid(a757b66aa1cbcbe4595dd37a3729ba24) Importer(815301076,1909f56bfc062723c751e8b465ee728b)
Start importing Assets/Terrain/TerrainSampleAssets/TerrainBrushes/Soft_Round_Brush.brush using Guid(a757b66aa1cbcbe4595dd37a3729ba24) Importer(815301076,1909f56bfc062723c751e8b465ee728b)  -> (artifact id: 'edf9976aa877c348b6470ad68387803e') in 0.017098 seconds 
========================================================================
Received Import Request.
  Time since last request: 47.078677 seconds.
  path: Assets/Prefab/Tiles/UtaTiles/Tile11.prefab
  artifactKey: Guid(759d1b41f428d8241b307a7543f04ba0) Importer(815301076,1909f56bfc062723c751e8b465ee728b)
Start importing Assets/Prefab/Tiles/UtaTiles/Tile11.prefab using Guid(759d1b41f428d8241b307a7543f04ba0) Importer(815301076,1909f56bfc062723c751e8b465ee728b)  -> (artifact id: 'b508d681d3fae50958a0020ba973ad26') in 1.421567 seconds 
========================================================================
Received Import Request.
  Time since last request: 17.963268 seconds.
  path: Assets/Scenes/test.unity
  artifactKey: Guid(a574ae9fd7149b54783d9fdde3c73a21) Importer(815301076,1909f56bfc062723c751e8b465ee728b)
Start importing Assets/Scenes/test.unity using Guid(a574ae9fd7149b54783d9fdde3c73a21) Importer(815301076,1909f56bfc062723c751e8b465ee728b)  -> (artifact id: '61d393a087cd84bdc333a1344ed95b5b') in 0.001927 seconds 
========================================================================
Received Prepare
Registering precompiled user dll's ...
Registered in 0.002713 seconds.
Begin MonoManager ReloadAssembly
Symbol file LoadedFromMemory is not a mono symbol file
Native extension for WindowsStandalone target not found
Native extension for Android target not found
Native extension for WebGL target not found
Refreshing native plugins compatible for Editor in 1.62 ms, found 2 plugins.
Preloading 0 native plugins for Editor in 0.00 ms.
Mono: successfully reloaded assembly
- Completed reload, in  1.146 seconds
Domain Reload Profiling:
	ReloadAssembly (1147ms)
		BeginReloadAssembly (125ms)
			ExecutionOrderSort (0ms)
			DisableScriptedObjects (4ms)
			BackupInstance (0ms)
			ReleaseScriptingObjects (0ms)
			CreateAndSetChildDomain (43ms)
		EndReloadAssembly (930ms)
			LoadAssemblies (85ms)
			RebuildTransferFunctionScriptingTraits (0ms)
			SetupTypeCache (242ms)
			ReleaseScriptCaches (2ms)
			RebuildScriptCaches (70ms)
			SetupLoadedEditorAssemblies (466ms)
				LogAssemblyErrors (0ms)
				InitializePlatformSupportModulesInManaged (27ms)
				SetLoadedEditorAssemblies (1ms)
				RefreshPlugins (2ms)
				BeforeProcessingInitializeOnLoad (62ms)
				ProcessInitializeOnLoadAttributes (342ms)
				ProcessInitializeOnLoadMethodAttributes (27ms)
				AfterProcessingInitializeOnLoad (6ms)
				EditorAssembliesLoaded (0ms)
			ExecutionOrderSort2 (0ms)
			AwakeInstancesAfterBackupRestoration (9ms)
Platform modules already initialized, skipping
Refreshing native plugins compatible for Editor in 4.94 ms, found 2 plugins.
Preloading 0 native plugins for Editor in 0.00 ms.
Unloading 2200 Unused Serialized files (Serialized files now loaded: 0)
Unloading 55 unused Assets / (1.4 MB). Loaded Objects now: 2825.
Memory consumption went from 129.7 MB to 128.3 MB.
Total: 3.894200 ms (FindLiveObjects: 0.648200 ms CreateObjectMapping: 0.109200 ms MarkObjects: 2.680900 ms  DeleteObjects: 0.454900 ms)

AssetImportParameters requested are different than current active one (requested -> active):
  custom:video-decoder-ogg-theora: a1e56fd34408186e4bbccfd4996cb3dc -> 
  custom:container-muxer-webm: aa71ff27fc2769a1b78a27578f13a17b -> 
  custom:container-demuxer-webm: 4f35f7cbe854078d1ac9338744f61a02 -> 
  custom:video-encoder-webm-vp8: eb34c28f22e8b96e1ab97ce403110664 -> 
  custom:audio-encoder-webm-vorbis: bf7c407c2cedff20999df2af8eb42d56 -> 
  custom:framework-win-MediaFoundation: 216162199b28c13a410421893ffa2e32 -> 
  custom:container-demuxer-ogg: 62fdf1f143b41e24485cea50d1cbac27 -> 
  custom:video-decoder-webm-vp8: 9c59270c3fd7afecdb556c50c9e8de78 -> 
  custom:audio-decoder-ogg-vorbis: bf7c407c2cedff20999df2af8eb42d56 -> 
========================================================================
Received Prepare
Registering precompiled user dll's ...
Registered in 0.003749 seconds.
Begin MonoManager ReloadAssembly
Symbol file LoadedFromMemory is not a mono symbol file
Native extension for WindowsStandalone target not found
Native extension for Android target not found
Native extension for WebGL target not found
Refreshing native plugins compatible for Editor in 0.82 ms, found 2 plugins.
Preloading 0 native plugins for Editor in 0.00 ms.
Mono: successfully reloaded assembly
- Completed reload, in  0.956 seconds
Domain Reload Profiling:
	ReloadAssembly (956ms)
		BeginReloadAssembly (113ms)
			ExecutionOrderSort (0ms)
			DisableScriptedObjects (4ms)
			BackupInstance (0ms)
			ReleaseScriptingObjects (0ms)
			CreateAndSetChildDomain (35ms)
		EndReloadAssembly (764ms)
			LoadAssemblies (73ms)
			RebuildTransferFunctionScriptingTraits (0ms)
			SetupTypeCache (180ms)
			ReleaseScriptCaches (2ms)
			RebuildScriptCaches (39ms)
			SetupLoadedEditorAssemblies (419ms)
				LogAssemblyErrors (0ms)
				InitializePlatformSupportModulesInManaged (22ms)
				SetLoadedEditorAssemblies (0ms)
				RefreshPlugins (1ms)
				BeforeProcessingInitializeOnLoad (49ms)
				ProcessInitializeOnLoadAttributes (314ms)
				ProcessInitializeOnLoadMethodAttributes (27ms)
				AfterProcessingInitializeOnLoad (6ms)
				EditorAssembliesLoaded (0ms)
			ExecutionOrderSort2 (0ms)
			AwakeInstancesAfterBackupRestoration (8ms)
Platform modules already initialized, skipping
Refreshing native plugins compatible for Editor in 4.17 ms, found 2 plugins.
Preloading 0 native plugins for Editor in 0.00 ms.
Unloading 2200 Unused Serialized files (Serialized files now loaded: 0)
Unloading 51 unused Assets / (1.4 MB). Loaded Objects now: 2841.
Memory consumption went from 129.7 MB to 128.3 MB.
Total: 4.358100 ms (FindLiveObjects: 0.191600 ms CreateObjectMapping: 0.058600 ms MarkObjects: 3.707700 ms  DeleteObjects: 0.398800 ms)

AssetImportParameters requested are different than current active one (requested -> active):
  custom:video-decoder-ogg-theora: a1e56fd34408186e4bbccfd4996cb3dc -> 
  custom:container-muxer-webm: aa71ff27fc2769a1b78a27578f13a17b -> 
  custom:container-demuxer-webm: 4f35f7cbe854078d1ac9338744f61a02 -> 
  custom:video-encoder-webm-vp8: eb34c28f22e8b96e1ab97ce403110664 -> 
  custom:audio-encoder-webm-vorbis: bf7c407c2cedff20999df2af8eb42d56 -> 
  custom:framework-win-MediaFoundation: 216162199b28c13a410421893ffa2e32 -> 
  custom:container-demuxer-ogg: 62fdf1f143b41e24485cea50d1cbac27 -> 
  custom:video-decoder-webm-vp8: 9c59270c3fd7afecdb556c50c9e8de78 -> 
  custom:audio-decoder-ogg-vorbis: bf7c407c2cedff20999df2af8eb42d56 -> 
========================================================================
Received Import Request.
  Time since last request: 240.991002 seconds.
  path: Assets/Sources/SineVFX/TranslucentCrystals/Resources/EnvironmentMaterials/PrototypeGrid_Albedo.png
  artifactKey: Guid(b90de2f130cc1dd4683082ffe5c9c95b) Importer(815301076,1909f56bfc062723c751e8b465ee728b)
Start importing Assets/Sources/SineVFX/TranslucentCrystals/Resources/EnvironmentMaterials/PrototypeGrid_Albedo.png using Guid(b90de2f130cc1dd4683082ffe5c9c95b) Importer(815301076,1909f56bfc062723c751e8b465ee728b)  -> (artifact id: 'b46f61d2710fda6f33d245bb8a255da8') in 0.148925 seconds 
========================================================================
Received Import Request.
  Time since last request: 0.000028 seconds.
  path: Assets/Sources/SineVFX/TranslucentCrystals/Resources/EnvironmentMaterials/Skybox_Day_Desaturated.mat
  artifactKey: Guid(fabecc0be847b6f4cbdb91e518f64aaf) Importer(815301076,1909f56bfc062723c751e8b465ee728b)
Start importing Assets/Sources/SineVFX/TranslucentCrystals/Resources/EnvironmentMaterials/Skybox_Day_Desaturated.mat using Guid(fabecc0be847b6f4cbdb91e518f64aaf) Importer(815301076,1909f56bfc062723c751e8b465ee728b)  -> (artifact id: '47034dc455774ec023603b544d3bae06') in 0.124864 seconds 
========================================================================
Received Import Request.
  Time since last request: 0.000056 seconds.
  path: Assets/Sources/SineVFX/TranslucentCrystals/Resources/EnvironmentMaterials/Skybox_Night.mat
  artifactKey: Guid(16b65e5a39d679540947eeb117e178c4) Importer(815301076,1909f56bfc062723c751e8b465ee728b)
Start importing Assets/Sources/SineVFX/TranslucentCrystals/Resources/EnvironmentMaterials/Skybox_Night.mat using Guid(16b65e5a39d679540947eeb117e178c4) Importer(815301076,1909f56bfc062723c751e8b465ee728b)  -> (artifact id: '62984329bb035a488bdf300d22918982') in 0.097172 seconds 
========================================================================
Received Import Request.
  Time since last request: 0.000018 seconds.
  path: Assets/Sources/SineVFX/TranslucentCrystals/Resources/EnvironmentMaterials/PrototypeGridv01.mat
  artifactKey: Guid(cce4daf3bbd4bcb4fab49b956ee8af2f) Importer(815301076,1909f56bfc062723c751e8b465ee728b)
Start importing Assets/Sources/SineVFX/TranslucentCrystals/Resources/EnvironmentMaterials/PrototypeGridv01.mat using Guid(cce4daf3bbd4bcb4fab49b956ee8af2f) Importer(815301076,1909f56bfc062723c751e8b465ee728b)  -> (artifact id: 'c1572057fdaf637890f9010e74337b50') in 0.041657 seconds 
Editor requested this worker to shutdown with reason: Scaling down because of idle timeout
AssetImportWorker is now disconnected from the server
Process exiting
Exiting without the bug reporter. Application will terminate with return code 0