Using pre-set license
Built from '2021.3/staging' branch; Version is '2021.3.1f1 (3b70a0754835) revision 3895456'; Using compiler version '192829333'; Build Type 'Release'
OS: 'Windows 10  (10.0.19044) 64bit Enterprise' Language: 'en' Physical Memory: 16251 MB
BatchMode: 1, IsHumanControllingUs: 0, StartBugReporterOnCrash: 0, Is64bit: 1, IsPro: 1

COMMAND LINE ARGUMENTS:
D:\UnityEditor\2021.3.1f1\Editor\Unity.exe
-adb2
-batchMode
-noUpm
-name
AssetImportWorker12
-projectPath
C:/Users/Giray/Documents/GitHub/The-100/SpaceBuzz
-logFile
Logs/AssetImportWorker12.log
-srvPort
49440
Successfully changed project path to: C:/Users/Giray/Documents/GitHub/The-100/SpaceBuzz
C:/Users/Giray/Documents/GitHub/The-100/SpaceBuzz
[UnityMemory] Configuration Parameters - Can be set up in boot.config
    "memorysetup-bucket-allocator-granularity=16"
    "memorysetup-bucket-allocator-bucket-count=8"
    "memorysetup-bucket-allocator-block-size=33554432"
    "memorysetup-bucket-allocator-block-count=8"
    "memorysetup-main-allocator-block-size=16777216"
    "memorysetup-thread-allocator-block-size=16777216"
    "memorysetup-gfx-main-allocator-block-size=16777216"
    "memorysetup-gfx-thread-allocator-block-size=16777216"
    "memorysetup-cache-allocator-block-size=4194304"
    "memorysetup-typetree-allocator-block-size=2097152"
    "memorysetup-profiler-bucket-allocator-granularity=16"
    "memorysetup-profiler-bucket-allocator-bucket-count=8"
    "memorysetup-profiler-bucket-allocator-block-size=33554432"
    "memorysetup-profiler-bucket-allocator-block-count=8"
    "memorysetup-profiler-allocator-block-size=16777216"
    "memorysetup-profiler-editor-allocator-block-size=1048576"
    "memorysetup-temp-allocator-size-main=16777216"
    "memorysetup-job-temp-allocator-block-size=2097152"
    "memorysetup-job-temp-allocator-block-size-background=1048576"
    "memorysetup-job-temp-allocator-reduction-small-platforms=262144"
    "memorysetup-temp-allocator-size-background-worker=32768"
    "memorysetup-temp-allocator-size-job-worker=262144"
    "memorysetup-temp-allocator-size-preload-manager=33554432"
    "memorysetup-temp-allocator-size-nav-mesh-worker=65536"
    "memorysetup-temp-allocator-size-audio-worker=65536"
    "memorysetup-temp-allocator-size-cloud-worker=32768"
    "memorysetup-temp-allocator-size-gi-baking-worker=262144"
    "memorysetup-temp-allocator-size-gfx=262144"
Refreshing native plugins compatible for Editor in 109.00 ms, found 2 plugins.
Preloading 0 native plugins for Editor in 0.00 ms.
Initialize engine version: 2021.3.1f1 (3b70a0754835)
[Subsystems] Discovering subsystems at path D:/UnityEditor/2021.3.1f1/Editor/Data/Resources/UnitySubsystems
[Subsystems] Discovering subsystems at path C:/Users/Giray/Documents/GitHub/The-100/SpaceBuzz/Assets
GfxDevice: creating device client; threaded=0; jobified=0
Direct3D:
    Version:  Direct3D 11.0 [level 11.1]
    Renderer: NVIDIA GeForce RTX 2060 (ID=0x1f15)
    Vendor:   NVIDIA
    VRAM:     5980 MB
    Driver:   30.0.14.9729
Initialize mono
Mono path[0] = 'D:/UnityEditor/2021.3.1f1/Editor/Data/Managed'
Mono path[1] = 'D:/UnityEditor/2021.3.1f1/Editor/Data/MonoBleedingEdge/lib/mono/unityjit-win32'
Mono config path = 'D:/UnityEditor/2021.3.1f1/Editor/Data/MonoBleedingEdge/etc'
Using monoOptions --debugger-agent=transport=dt_socket,embedding=1,server=y,suspend=n,address=127.0.0.1:56048
Begin MonoManager ReloadAssembly
Registering precompiled unity dll's ...
Register platform support module: D:/UnityEditor/2021.3.1f1/Editor/Data/PlaybackEngines/WebGLSupport/UnityEditor.WebGL.Extensions.dll
Register platform support module: D:/UnityEditor/2021.3.1f1/Editor/Data/PlaybackEngines/AndroidPlayer/UnityEditor.Android.Extensions.dll
Register platform support module: D:/UnityEditor/2021.3.1f1/Editor/Data/PlaybackEngines/WindowsStandaloneSupport/UnityEditor.WindowsStandalone.Extensions.dll
Registered in 0.005251 seconds.
Native extension for WindowsStandalone target not found
Native extension for Android target not found
Native extension for WebGL target not found
Refreshing native plugins compatible for Editor in 86.04 ms, found 2 plugins.
Preloading 0 native plugins for Editor in 0.00 ms.
Mono: successfully reloaded assembly
- Completed reload, in  1.037 seconds
Domain Reload Profiling:
	ReloadAssembly (1037ms)
		BeginReloadAssembly (152ms)
			ExecutionOrderSort (0ms)
			DisableScriptedObjects (0ms)
			BackupInstance (0ms)
			ReleaseScriptingObjects (0ms)
			CreateAndSetChildDomain (2ms)
		EndReloadAssembly (724ms)
			LoadAssemblies (151ms)
			RebuildTransferFunctionScriptingTraits (0ms)
			SetupTypeCache (186ms)
			ReleaseScriptCaches (0ms)
			RebuildScriptCaches (45ms)
			SetupLoadedEditorAssemblies (414ms)
				LogAssemblyErrors (0ms)
				InitializePlatformSupportModulesInManaged (94ms)
				SetLoadedEditorAssemblies (0ms)
				RefreshPlugins (86ms)
				BeforeProcessingInitializeOnLoad (2ms)
				ProcessInitializeOnLoadAttributes (162ms)
				ProcessInitializeOnLoadMethodAttributes (69ms)
				AfterProcessingInitializeOnLoad (0ms)
				EditorAssembliesLoaded (0ms)
			ExecutionOrderSort2 (0ms)
			AwakeInstancesAfterBackupRestoration (0ms)
Platform modules already initialized, skipping
Registering precompiled user dll's ...
Registered in 0.005691 seconds.
Begin MonoManager ReloadAssembly
Symbol file data-00000178C2DF9250 doesn't match image C:\Users\Giray\Documents\GitHub\The-100\SpaceBuzz\Library\ScriptAssemblies\Assembly-CSharp.dll
Symbol file LoadedFromMemory is not a mono symbol file
Symbol file data-00000178C2DF9250 doesn't match image C:\Users\Giray\Documents\GitHub\The-100\SpaceBuzz\Library\ScriptAssemblies\Assembly-CSharp-Editor.dll
Symbol file LoadedFromMemory is not a mono symbol file
Symbol file data-00000178BE88CF70 doesn't match image C:\Users\Giray\Documents\GitHub\The-100\SpaceBuzz\Library\ScriptAssemblies\Unity.Services.Core.Editor.dll
Symbol file LoadedFromMemory is not a mono symbol file
Symbol file data-00000178C4F51E10 doesn't match image C:\Users\Giray\Documents\GitHub\The-100\SpaceBuzz\Library\ScriptAssemblies\PlayFabSDKEditor.dll
Symbol file LoadedFromMemory is not a mono symbol file
Symbol file data-00000178BE8C8380 doesn't match image C:\Users\Giray\Documents\GitHub\The-100\SpaceBuzz\Library\ScriptAssemblies\Cinemachine.dll
Symbol file LoadedFromMemory is not a mono symbol file
Symbol file data-00000178BE8C8380 doesn't match image C:\Users\Giray\Documents\GitHub\The-100\SpaceBuzz\Library\ScriptAssemblies\com.unity.cinemachine.editor.dll
Symbol file LoadedFromMemory is not a mono symbol file
Symbol file data-00000178BE8C8380 doesn't match image C:\Users\Giray\Documents\GitHub\The-100\SpaceBuzz\Library\ScriptAssemblies\Unity.Postprocessing.Runtime.dll
Symbol file LoadedFromMemory is not a mono symbol file
Symbol file data-00000178C2DF9250 doesn't match image C:\Users\Giray\Documents\GitHub\The-100\SpaceBuzz\Library\ScriptAssemblies\Unity.VSCode.Editor.dll
Symbol file LoadedFromMemory is not a mono symbol file
Symbol file data-00000178BE8D3990 doesn't match image C:\Users\Giray\Documents\GitHub\The-100\SpaceBuzz\Library\ScriptAssemblies\PlayFabEditorExtensions.dll
Symbol file LoadedFromMemory is not a mono symbol file
Symbol file data-00000178C2CB7010 doesn't match image C:\Users\Giray\Documents\GitHub\The-100\SpaceBuzz\Library\ScriptAssemblies\Unity.TextMeshPro.Editor.dll
Symbol file LoadedFromMemory is not a mono symbol file
Symbol file data-00000178C3CEBA40 doesn't match image C:\Users\Giray\Documents\GitHub\The-100\SpaceBuzz\Library\ScriptAssemblies\Unity.VisualStudio.Editor.dll
Symbol file LoadedFromMemory is not a mono symbol file
Symbol file data-00000178C3CEBA40 doesn't match image C:\Users\Giray\Documents\GitHub\The-100\SpaceBuzz\Library\ScriptAssemblies\UnityEngine.TestRunner.dll
Symbol file LoadedFromMemory is not a mono symbol file
Symbol file data-00000178BEAFF010 doesn't match image C:\Users\Giray\Documents\GitHub\The-100\SpaceBuzz\Library\ScriptAssemblies\Unity.Timeline.Editor.dll
Symbol file LoadedFromMemory is not a mono symbol file
Symbol file data-00000178C2D07A40 doesn't match image C:\Users\Giray\Documents\GitHub\The-100\SpaceBuzz\Library\ScriptAssemblies\Unity.Timeline.dll
Symbol file LoadedFromMemory is not a mono symbol file
Symbol file data-00000178BEAFF010 doesn't match image C:\Users\Giray\Documents\GitHub\The-100\SpaceBuzz\Library\ScriptAssemblies\PlayFab.dll
Symbol file LoadedFromMemory is not a mono symbol file
Symbol file data-00000178BE77DFE0 doesn't match image C:\Users\Giray\Documents\GitHub\The-100\SpaceBuzz\Library\ScriptAssemblies\Unity.TextMeshPro.dll
Symbol file LoadedFromMemory is not a mono symbol file
Symbol file data-00000178BEB5DE20 doesn't match image C:\Users\Giray\Documents\GitHub\The-100\SpaceBuzz\Library\ScriptAssemblies\Unity.CollabProxy.Editor.dll
Symbol file LoadedFromMemory is not a mono symbol file
Symbol file data-00000178BE7D5C00 doesn't match image C:\Users\Giray\Documents\GitHub\The-100\SpaceBuzz\Library\ScriptAssemblies\UnityEditor.TestRunner.dll
Symbol file LoadedFromMemory is not a mono symbol file
Symbol file data-00000178C4F51E10 doesn't match image C:\Users\Giray\Documents\GitHub\The-100\SpaceBuzz\Library\ScriptAssemblies\UnityEngine.Monetization.dll
Symbol file LoadedFromMemory is not a mono symbol file
Symbol file data-00000178BE7D5C00 doesn't match image C:\Users\Giray\Documents\GitHub\The-100\SpaceBuzz\Library\ScriptAssemblies\Unity.2D.Sprite.Editor.dll
Symbol file LoadedFromMemory is not a mono symbol file
Symbol file data-00000178BE99EFD0 doesn't match image C:\Users\Giray\Documents\GitHub\The-100\SpaceBuzz\Library\ScriptAssemblies\UnityEngine.Advertisements.dll
Symbol file LoadedFromMemory is not a mono symbol file
Symbol file data-00000178BE8D3990 doesn't match image C:\Users\Giray\Documents\GitHub\The-100\SpaceBuzz\Library\ScriptAssemblies\Unity.Postprocessing.Editor.dll
Symbol file LoadedFromMemory is not a mono symbol file
Symbol file data-00000178BE8D3990 doesn't match image C:\Users\Giray\Documents\GitHub\The-100\SpaceBuzz\Library\ScriptAssemblies\UnityEditor.UI.dll
Symbol file LoadedFromMemory is not a mono symbol file
Symbol file data-00000178C3C45830 doesn't match image C:\Users\Giray\Documents\GitHub\The-100\SpaceBuzz\Library\ScriptAssemblies\Unity.PlasticSCM.Editor.dll
Symbol file LoadedFromMemory is not a mono symbol file
Symbol file data-00000178C2B3B630 doesn't match image C:\Users\Giray\Documents\GitHub\The-100\SpaceBuzz\Library\ScriptAssemblies\Unity.Rider.Editor.dll
Symbol file LoadedFromMemory is not a mono symbol file
Symbol file data-00000178C3C58240 doesn't match image C:\Users\Giray\Documents\GitHub\The-100\SpaceBuzz\Library\ScriptAssemblies\UnityEngine.UI.dll
Symbol file LoadedFromMemory is not a mono symbol file
Symbol file data-00000178C4F51E10 doesn't match image C:\Users\Giray\Documents\GitHub\The-100\SpaceBuzz\Library\ScriptAssemblies\UnityEngine.Advertisements.Editor.dll
Symbol file LoadedFromMemory is not a mono symbol file
Symbol file data-00000178BE7EE810 doesn't match image C:\Users\Giray\Documents\GitHub\The-100\SpaceBuzz\Library\ScriptAssemblies\UnityEngine.Advertisements.DevX.Editor.dll
Symbol file LoadedFromMemory is not a mono symbol file
Symbol file LoadedFromMemory is not a mono symbol file
Native extension for WindowsStandalone target not found
Native extension for Android target not found
Native extension for WebGL target not found
Refreshing native plugins compatible for Editor in 0.85 ms, found 2 plugins.
Preloading 0 native plugins for Editor in 0.00 ms.
Mono: successfully reloaded assembly
- Completed reload, in  1.763 seconds
Domain Reload Profiling:
	ReloadAssembly (1764ms)
		BeginReloadAssembly (349ms)
			ExecutionOrderSort (0ms)
			DisableScriptedObjects (9ms)
			BackupInstance (0ms)
			ReleaseScriptingObjects (0ms)
			CreateAndSetChildDomain (184ms)
		EndReloadAssembly (1238ms)
			LoadAssemblies (158ms)
			RebuildTransferFunctionScriptingTraits (0ms)
			SetupTypeCache (297ms)
			ReleaseScriptCaches (1ms)
			RebuildScriptCaches (78ms)
			SetupLoadedEditorAssemblies (680ms)
				LogAssemblyErrors (0ms)
				InitializePlatformSupportModulesInManaged (21ms)
				SetLoadedEditorAssemblies (1ms)
				RefreshPlugins (1ms)
				BeforeProcessingInitializeOnLoad (81ms)
				ProcessInitializeOnLoadAttributes (534ms)
				ProcessInitializeOnLoadMethodAttributes (39ms)
				AfterProcessingInitializeOnLoad (4ms)
				EditorAssembliesLoaded (0ms)
			ExecutionOrderSort2 (0ms)
			AwakeInstancesAfterBackupRestoration (8ms)
Platform modules already initialized, skipping
========================================================================
Worker process is ready to serve import requests
Launched and connected shader compiler UnityShaderCompiler.exe after 0.11 seconds
Refreshing native plugins compatible for Editor in 1.21 ms, found 2 plugins.
Preloading 0 native plugins for Editor in 0.00 ms.
Unloading 2199 Unused Serialized files (Serialized files now loaded: 0)
Unloading 66 unused Assets / (1.4 MB). Loaded Objects now: 2669.
Memory consumption went from 117.0 MB to 115.6 MB.
Total: 4.626800 ms (FindLiveObjects: 0.283300 ms CreateObjectMapping: 0.240800 ms MarkObjects: 3.675400 ms  DeleteObjects: 0.426100 ms)

AssetImportParameters requested are different than current active one (requested -> active):
  custom:video-decoder-ogg-theora: a1e56fd34408186e4bbccfd4996cb3dc -> 
  custom:container-muxer-webm: aa71ff27fc2769a1b78a27578f13a17b -> 
  custom:container-demuxer-webm: 4f35f7cbe854078d1ac9338744f61a02 -> 
  custom:video-encoder-webm-vp8: eb34c28f22e8b96e1ab97ce403110664 -> 
  custom:audio-encoder-webm-vorbis: bf7c407c2cedff20999df2af8eb42d56 -> 
  custom:framework-win-MediaFoundation: 216162199b28c13a410421893ffa2e32 -> 
  custom:container-demuxer-ogg: 62fdf1f143b41e24485cea50d1cbac27 -> 
  custom:video-decoder-webm-vp8: 9c59270c3fd7afecdb556c50c9e8de78 -> 
  custom:audio-decoder-ogg-vorbis: bf7c407c2cedff20999df2af8eb42d56 -> 
========================================================================
Received Import Request.
  Time since last request: 13846.539149 seconds.
  path: Assets/Sources/SineVFX/TranslucentCrystals/Prefabs/Gamma/Crystalsv01.prefab
  artifactKey: Guid(cc0fd657b60ef8c499b057056b948f16) Importer(815301076,1909f56bfc062723c751e8b465ee728b)
Start importing Assets/Sources/SineVFX/TranslucentCrystals/Prefabs/Gamma/Crystalsv01.prefab using Guid(cc0fd657b60ef8c499b057056b948f16) Importer(815301076,1909f56bfc062723c751e8b465ee728b)  -> (artifact id: 'a17fd63bb6f499c2dde2080d71bf05b8') in 0.365180 seconds 
========================================================================
Received Import Request.
  Time since last request: 1.773007 seconds.
  path: Assets/Sources/SineVFX/TranslucentCrystals/Prefabs/Gamma/Crystalsv01.prefab
  artifactKey: Guid(cc0fd657b60ef8c499b057056b948f16) Importer(815301076,1909f56bfc062723c751e8b465ee728b)
Start importing Assets/Sources/SineVFX/TranslucentCrystals/Prefabs/Gamma/Crystalsv01.prefab using Guid(cc0fd657b60ef8c499b057056b948f16) Importer(815301076,1909f56bfc062723c751e8b465ee728b)  -> (artifact id: '7988772ea77deb87138ede70fb91d31e') in 0.142236 seconds 
========================================================================
Received Import Request.
  Time since last request: 3.859179 seconds.
  path: Assets/Sources/SineVFX/TranslucentCrystals/Prefabs/Gamma/Crystalsv01.prefab
  artifactKey: Guid(cc0fd657b60ef8c499b057056b948f16) Importer(815301076,1909f56bfc062723c751e8b465ee728b)
Start importing Assets/Sources/SineVFX/TranslucentCrystals/Prefabs/Gamma/Crystalsv01.prefab using Guid(cc0fd657b60ef8c499b057056b948f16) Importer(815301076,1909f56bfc062723c751e8b465ee728b)  -> (artifact id: '976bbccbe41ae940242b811f8f9fa057') in 0.142612 seconds 
========================================================================
Received Import Request.
  Time since last request: 1.682785 seconds.
  path: Assets/Sources/SineVFX/TranslucentCrystals/Prefabs/Gamma/Crystalsv01.prefab
  artifactKey: Guid(cc0fd657b60ef8c499b057056b948f16) Importer(815301076,1909f56bfc062723c751e8b465ee728b)
Start importing Assets/Sources/SineVFX/TranslucentCrystals/Prefabs/Gamma/Crystalsv01.prefab using Guid(cc0fd657b60ef8c499b057056b948f16) Importer(815301076,1909f56bfc062723c751e8b465ee728b)  -> (artifact id: '995bc946e9b5aa4f585d4449d04b9d1b') in 0.137902 seconds 
========================================================================
Received Import Request.
  Time since last request: 2.333776 seconds.
  path: Assets/Sources/SineVFX/TranslucentCrystals/Prefabs/Gamma/Crystalsv01.prefab
  artifactKey: Guid(cc0fd657b60ef8c499b057056b948f16) Importer(815301076,1909f56bfc062723c751e8b465ee728b)
Start importing Assets/Sources/SineVFX/TranslucentCrystals/Prefabs/Gamma/Crystalsv01.prefab using Guid(cc0fd657b60ef8c499b057056b948f16) Importer(815301076,1909f56bfc062723c751e8b465ee728b)  -> (artifact id: 'f7408839cd9b092812a4729983d104cf') in 0.142372 seconds 
========================================================================
Received Import Request.
  Time since last request: 60.975938 seconds.
  path: Assets/Sources/SineVFX/TranslucentCrystals/Prefabs/Gamma/Crystalsv01.prefab
  artifactKey: Guid(cc0fd657b60ef8c499b057056b948f16) Importer(815301076,1909f56bfc062723c751e8b465ee728b)
Start importing Assets/Sources/SineVFX/TranslucentCrystals/Prefabs/Gamma/Crystalsv01.prefab using Guid(cc0fd657b60ef8c499b057056b948f16) Importer(815301076,1909f56bfc062723c751e8b465ee728b)  -> (artifact id: '51191136454a2bee05aee55a1d1a707c') in 0.144416 seconds 
========================================================================
Received Import Request.
  Time since last request: 1.669657 seconds.
  path: Assets/Sources/SineVFX/TranslucentCrystals/Prefabs/Gamma/Crystalsv01.prefab
  artifactKey: Guid(cc0fd657b60ef8c499b057056b948f16) Importer(815301076,1909f56bfc062723c751e8b465ee728b)
Start importing Assets/Sources/SineVFX/TranslucentCrystals/Prefabs/Gamma/Crystalsv01.prefab using Guid(cc0fd657b60ef8c499b057056b948f16) Importer(815301076,1909f56bfc062723c751e8b465ee728b)  -> (artifact id: 'b2256607d2a3f9b1159f00c67b0ed7f5') in 0.142239 seconds 
========================================================================
Received Import Request.
  Time since last request: 2.912173 seconds.
  path: Assets/Sources/SineVFX/TranslucentCrystals/Prefabs/Gamma/Crystalsv01.prefab
  artifactKey: Guid(cc0fd657b60ef8c499b057056b948f16) Importer(815301076,1909f56bfc062723c751e8b465ee728b)
Start importing Assets/Sources/SineVFX/TranslucentCrystals/Prefabs/Gamma/Crystalsv01.prefab using Guid(cc0fd657b60ef8c499b057056b948f16) Importer(815301076,1909f56bfc062723c751e8b465ee728b)  -> (artifact id: '8973df35b1abec67dc9e7fef9680af22') in 0.135876 seconds 
========================================================================
Received Import Request.
  Time since last request: 6.018174 seconds.
  path: Assets/Sources/SineVFX/TranslucentCrystals/Prefabs/Gamma/Crystalsv08.prefab
  artifactKey: Guid(36503447f5372ab4495dd42ec08684df) Importer(815301076,1909f56bfc062723c751e8b465ee728b)
Start importing Assets/Sources/SineVFX/TranslucentCrystals/Prefabs/Gamma/Crystalsv08.prefab using Guid(36503447f5372ab4495dd42ec08684df) Importer(815301076,1909f56bfc062723c751e8b465ee728b)  -> (artifact id: 'ebcdb038903de46eefe3789c10345b99') in 0.181331 seconds 
========================================================================
Received Import Request.
  Time since last request: 0.000041 seconds.
  path: Assets/Sources/SineVFX/TranslucentCrystals/Prefabs/Gamma/Crystalsv10.prefab
  artifactKey: Guid(a1b4f5aeb08a9ba409b89043963cc60b) Importer(815301076,1909f56bfc062723c751e8b465ee728b)
Start importing Assets/Sources/SineVFX/TranslucentCrystals/Prefabs/Gamma/Crystalsv10.prefab using Guid(a1b4f5aeb08a9ba409b89043963cc60b) Importer(815301076,1909f56bfc062723c751e8b465ee728b)  -> (artifact id: 'a54a2a874bb239913c4005a2f05005af') in 0.168840 seconds 
========================================================================
Received Import Request.
  Time since last request: 0.000039 seconds.
  path: Assets/Sources/SineVFX/TranslucentCrystals/Prefabs/Gamma/Crystalsv07.prefab
  artifactKey: Guid(18b2841f7a99a5f42be7e5d161545f23) Importer(815301076,1909f56bfc062723c751e8b465ee728b)
Start importing Assets/Sources/SineVFX/TranslucentCrystals/Prefabs/Gamma/Crystalsv07.prefab using Guid(18b2841f7a99a5f42be7e5d161545f23) Importer(815301076,1909f56bfc062723c751e8b465ee728b)  -> (artifact id: '3c26927a5609e57c3d338d3ed2b9f479') in 0.162328 seconds 
========================================================================
Received Import Request.
  Time since last request: 0.000040 seconds.
  path: Assets/Sources/SineVFX/TranslucentCrystals/Prefabs/Gamma/Crystalsv09.prefab
  artifactKey: Guid(124fb29879dc61540b6b3c173eeafe39) Importer(815301076,1909f56bfc062723c751e8b465ee728b)
Start importing Assets/Sources/SineVFX/TranslucentCrystals/Prefabs/Gamma/Crystalsv09.prefab using Guid(124fb29879dc61540b6b3c173eeafe39) Importer(815301076,1909f56bfc062723c751e8b465ee728b)  -> (artifact id: '476c9c9deae3103105e0ddd20d5ce1c2') in 0.162716 seconds 
========================================================================
Received Import Request.
  Time since last request: 0.000044 seconds.
  path: Assets/Sources/SineVFX/TranslucentCrystals/Prefabs/Gamma/Crystalsv04.prefab
  artifactKey: Guid(83c0a85ae9c29184883b2866a6224b0d) Importer(815301076,1909f56bfc062723c751e8b465ee728b)
Start importing Assets/Sources/SineVFX/TranslucentCrystals/Prefabs/Gamma/Crystalsv04.prefab using Guid(83c0a85ae9c29184883b2866a6224b0d) Importer(815301076,1909f56bfc062723c751e8b465ee728b)  -> (artifact id: '23d762508d25fd709175bb9a27bc47ab') in 0.176501 seconds 
========================================================================
Received Import Request.
  Time since last request: 1.605146 seconds.
  path: Assets/Sources/SineVFX/TranslucentCrystals/Prefabs/Gamma/Crystalsv02.prefab
  artifactKey: Guid(1435c36dca02dc841a30bfac19f79aa2) Importer(815301076,1909f56bfc062723c751e8b465ee728b)
Start importing Assets/Sources/SineVFX/TranslucentCrystals/Prefabs/Gamma/Crystalsv02.prefab using Guid(1435c36dca02dc841a30bfac19f79aa2) Importer(815301076,1909f56bfc062723c751e8b465ee728b)  -> (artifact id: '7067824b8b5ec501c61d1bdd359097e1') in 0.203810 seconds 
========================================================================
Received Import Request.
  Time since last request: 0.000074 seconds.
  path: Assets/Sources/SineVFX/TranslucentCrystals/Prefabs/Gamma/Crystalsv10.prefab
  artifactKey: Guid(a1b4f5aeb08a9ba409b89043963cc60b) Importer(815301076,1909f56bfc062723c751e8b465ee728b)
Start importing Assets/Sources/SineVFX/TranslucentCrystals/Prefabs/Gamma/Crystalsv10.prefab using Guid(a1b4f5aeb08a9ba409b89043963cc60b) Importer(815301076,1909f56bfc062723c751e8b465ee728b)  -> (artifact id: 'a1eae5eca0814e013a0b702bc60f71ac') in 0.197049 seconds 
========================================================================
Received Import Request.
  Time since last request: 0.000032 seconds.
  path: Assets/Sources/SineVFX/TranslucentCrystals/Prefabs/Gamma/Crystalsv08.prefab
  artifactKey: Guid(36503447f5372ab4495dd42ec08684df) Importer(815301076,1909f56bfc062723c751e8b465ee728b)
Start importing Assets/Sources/SineVFX/TranslucentCrystals/Prefabs/Gamma/Crystalsv08.prefab using Guid(36503447f5372ab4495dd42ec08684df) Importer(815301076,1909f56bfc062723c751e8b465ee728b)  -> (artifact id: '6d16e7ca0910a62e62b85123251bcf6f') in 0.167223 seconds 
========================================================================
Received Import Request.
  Time since last request: 0.000030 seconds.
  path: Assets/Sources/SineVFX/TranslucentCrystals/Prefabs/Gamma/Crystalsv09.prefab
  artifactKey: Guid(124fb29879dc61540b6b3c173eeafe39) Importer(815301076,1909f56bfc062723c751e8b465ee728b)
Start importing Assets/Sources/SineVFX/TranslucentCrystals/Prefabs/Gamma/Crystalsv09.prefab using Guid(124fb29879dc61540b6b3c173eeafe39) Importer(815301076,1909f56bfc062723c751e8b465ee728b)  -> (artifact id: '1a20c0e68e0059e8d5715c13e6e6cdd8') in 0.167943 seconds 
========================================================================
Received Import Request.
  Time since last request: 0.000029 seconds.
  path: Assets/Sources/SineVFX/TranslucentCrystals/Prefabs/Gamma/Crystalsv04.prefab
  artifactKey: Guid(83c0a85ae9c29184883b2866a6224b0d) Importer(815301076,1909f56bfc062723c751e8b465ee728b)
Start importing Assets/Sources/SineVFX/TranslucentCrystals/Prefabs/Gamma/Crystalsv04.prefab using Guid(83c0a85ae9c29184883b2866a6224b0d) Importer(815301076,1909f56bfc062723c751e8b465ee728b)  -> (artifact id: '7891a604967ef647862002003b04fb15') in 0.176269 seconds 
========================================================================
Received Import Request.
  Time since last request: 1.504119 seconds.
  path: Assets/Sources/SineVFX/TranslucentCrystals/Prefabs/Gamma/Crystalsv02.prefab
  artifactKey: Guid(1435c36dca02dc841a30bfac19f79aa2) Importer(815301076,1909f56bfc062723c751e8b465ee728b)
Start importing Assets/Sources/SineVFX/TranslucentCrystals/Prefabs/Gamma/Crystalsv02.prefab using Guid(1435c36dca02dc841a30bfac19f79aa2) Importer(815301076,1909f56bfc062723c751e8b465ee728b)  -> (artifact id: 'ee33239c8a4b0af8cd02f013a708a569') in 0.173111 seconds 
========================================================================
Received Import Request.
  Time since last request: 0.000051 seconds.
  path: Assets/Sources/SineVFX/TranslucentCrystals/Prefabs/Gamma/Crystalsv10.prefab
  artifactKey: Guid(a1b4f5aeb08a9ba409b89043963cc60b) Importer(815301076,1909f56bfc062723c751e8b465ee728b)
Start importing Assets/Sources/SineVFX/TranslucentCrystals/Prefabs/Gamma/Crystalsv10.prefab using Guid(a1b4f5aeb08a9ba409b89043963cc60b) Importer(815301076,1909f56bfc062723c751e8b465ee728b)  -> (artifact id: '62253ea143ebcb0f81c89c95fba3ecb6') in 0.194492 seconds 
========================================================================
Received Import Request.
  Time since last request: 0.000038 seconds.
  path: Assets/Sources/SineVFX/TranslucentCrystals/Prefabs/Gamma/Crystalsv06.prefab
  artifactKey: Guid(6045f6974b7e51f49981f0307cfc82bb) Importer(815301076,1909f56bfc062723c751e8b465ee728b)
Start importing Assets/Sources/SineVFX/TranslucentCrystals/Prefabs/Gamma/Crystalsv06.prefab using Guid(6045f6974b7e51f49981f0307cfc82bb) Importer(815301076,1909f56bfc062723c751e8b465ee728b)  -> (artifact id: 'da14900edbcd5ad7aac6edc13cc36aa1') in 0.196744 seconds 
========================================================================
Received Import Request.
  Time since last request: 0.000053 seconds.
  path: Assets/Sources/SineVFX/TranslucentCrystals/Prefabs/Gamma/Crystalsv04.prefab
  artifactKey: Guid(83c0a85ae9c29184883b2866a6224b0d) Importer(815301076,1909f56bfc062723c751e8b465ee728b)
Start importing Assets/Sources/SineVFX/TranslucentCrystals/Prefabs/Gamma/Crystalsv04.prefab using Guid(83c0a85ae9c29184883b2866a6224b0d) Importer(815301076,1909f56bfc062723c751e8b465ee728b)  -> (artifact id: 'd437b99fcab6f823cb962c8466ab340a') in 0.187102 seconds 
========================================================================
Received Prepare
Registering precompiled user dll's ...
Registered in 0.004492 seconds.
Begin MonoManager ReloadAssembly
Symbol file data-00000178C44B0E50 doesn't match image C:\Users\Giray\Documents\GitHub\The-100\SpaceBuzz\Library\ScriptAssemblies\Assembly-CSharp.dll
Symbol file LoadedFromMemory is not a mono symbol file
Symbol file data-00000178C44B0E50 doesn't match image C:\Users\Giray\Documents\GitHub\The-100\SpaceBuzz\Library\ScriptAssemblies\Assembly-CSharp-Editor.dll
Symbol file LoadedFromMemory is not a mono symbol file
Symbol file data-00000178C5BC7030 doesn't match image C:\Users\Giray\Documents\GitHub\The-100\SpaceBuzz\Library\ScriptAssemblies\Unity.Services.Core.Editor.dll
Symbol file LoadedFromMemory is not a mono symbol file
Symbol file data-00000178C44B0E50 doesn't match image C:\Users\Giray\Documents\GitHub\The-100\SpaceBuzz\Library\ScriptAssemblies\PlayFabSDKEditor.dll
Symbol file LoadedFromMemory is not a mono symbol file
Symbol file data-00000178C33AC010 doesn't match image C:\Users\Giray\Documents\GitHub\The-100\SpaceBuzz\Library\ScriptAssemblies\Cinemachine.dll
Symbol file LoadedFromMemory is not a mono symbol file
Symbol file data-00000178C2790C70 doesn't match image C:\Users\Giray\Documents\GitHub\The-100\SpaceBuzz\Library\ScriptAssemblies\com.unity.cinemachine.editor.dll
Symbol file LoadedFromMemory is not a mono symbol file
Symbol file data-00000178C5BC7030 doesn't match image C:\Users\Giray\Documents\GitHub\The-100\SpaceBuzz\Library\ScriptAssemblies\Unity.Postprocessing.Runtime.dll
Symbol file LoadedFromMemory is not a mono symbol file
Symbol file data-00000178C44B0E50 doesn't match image C:\Users\Giray\Documents\GitHub\The-100\SpaceBuzz\Library\ScriptAssemblies\Unity.VSCode.Editor.dll
Symbol file LoadedFromMemory is not a mono symbol file
Symbol file data-00000178C5CEF010 doesn't match image C:\Users\Giray\Documents\GitHub\The-100\SpaceBuzz\Library\ScriptAssemblies\PlayFabEditorExtensions.dll
Symbol file LoadedFromMemory is not a mono symbol file
Symbol file data-00000178C2790C70 doesn't match image C:\Users\Giray\Documents\GitHub\The-100\SpaceBuzz\Library\ScriptAssemblies\Unity.TextMeshPro.Editor.dll
Symbol file LoadedFromMemory is not a mono symbol file
Symbol file data-00000178C5CEF010 doesn't match image C:\Users\Giray\Documents\GitHub\The-100\SpaceBuzz\Library\ScriptAssemblies\Unity.VisualStudio.Editor.dll
Symbol file LoadedFromMemory is not a mono symbol file
Symbol file data-00000178C5CEF010 doesn't match image C:\Users\Giray\Documents\GitHub\The-100\SpaceBuzz\Library\ScriptAssemblies\UnityEngine.TestRunner.dll
Symbol file LoadedFromMemory is not a mono symbol file
Symbol file data-00000178C2400C60 doesn't match image C:\Users\Giray\Documents\GitHub\The-100\SpaceBuzz\Library\ScriptAssemblies\Unity.Timeline.Editor.dll
Symbol file LoadedFromMemory is not a mono symbol file
Symbol file data-00000178C5CEF010 doesn't match image C:\Users\Giray\Documents\GitHub\The-100\SpaceBuzz\Library\ScriptAssemblies\Unity.Timeline.dll
Symbol file LoadedFromMemory is not a mono symbol file
Symbol file data-00000178C5DCB030 doesn't match image C:\Users\Giray\Documents\GitHub\The-100\SpaceBuzz\Library\ScriptAssemblies\PlayFab.dll
Symbol file LoadedFromMemory is not a mono symbol file
Symbol file data-00000178C5DCB030 doesn't match image C:\Users\Giray\Documents\GitHub\The-100\SpaceBuzz\Library\ScriptAssemblies\Unity.TextMeshPro.dll
Symbol file LoadedFromMemory is not a mono symbol file
Symbol file data-00000178C5CEF010 doesn't match image C:\Users\Giray\Documents\GitHub\The-100\SpaceBuzz\Library\ScriptAssemblies\Unity.CollabProxy.Editor.dll
Symbol file LoadedFromMemory is not a mono symbol file
Symbol file data-00000178C6C02020 doesn't match image C:\Users\Giray\Documents\GitHub\The-100\SpaceBuzz\Library\ScriptAssemblies\UnityEditor.TestRunner.dll
Symbol file LoadedFromMemory is not a mono symbol file
Symbol file data-00000178C6A3F460 doesn't match image C:\Users\Giray\Documents\GitHub\The-100\SpaceBuzz\Library\ScriptAssemblies\UnityEngine.Monetization.dll
Symbol file LoadedFromMemory is not a mono symbol file
Symbol file data-00000178C2790C70 doesn't match image C:\Users\Giray\Documents\GitHub\The-100\SpaceBuzz\Library\ScriptAssemblies\Unity.2D.Sprite.Editor.dll
Symbol file LoadedFromMemory is not a mono symbol file
Symbol file data-00000178BED42370 doesn't match image C:\Users\Giray\Documents\GitHub\The-100\SpaceBuzz\Library\ScriptAssemblies\UnityEngine.Advertisements.dll
Symbol file LoadedFromMemory is not a mono symbol file
Symbol file data-00000178C5CEF010 doesn't match image C:\Users\Giray\Documents\GitHub\The-100\SpaceBuzz\Library\ScriptAssemblies\Unity.Postprocessing.Editor.dll
Symbol file LoadedFromMemory is not a mono symbol file
Symbol file data-00000178C5CEF010 doesn't match image C:\Users\Giray\Documents\GitHub\The-100\SpaceBuzz\Library\ScriptAssemblies\UnityEditor.UI.dll
Symbol file LoadedFromMemory is not a mono symbol file
Symbol file data-00000178C4FDD020 doesn't match image C:\Users\Giray\Documents\GitHub\The-100\SpaceBuzz\Library\ScriptAssemblies\Unity.PlasticSCM.Editor.dll
Symbol file LoadedFromMemory is not a mono symbol file
Symbol file data-00000178C5CEF010 doesn't match image C:\Users\Giray\Documents\GitHub\The-100\SpaceBuzz\Library\ScriptAssemblies\Unity.Rider.Editor.dll
Symbol file LoadedFromMemory is not a mono symbol file
Symbol file data-00000178C6E74010 doesn't match image C:\Users\Giray\Documents\GitHub\The-100\SpaceBuzz\Library\ScriptAssemblies\UnityEngine.UI.dll
Symbol file LoadedFromMemory is not a mono symbol file
Symbol file data-00000178C5BD2640 doesn't match image C:\Users\Giray\Documents\GitHub\The-100\SpaceBuzz\Library\ScriptAssemblies\UnityEngine.Advertisements.Editor.dll
Symbol file LoadedFromMemory is not a mono symbol file
Symbol file data-00000178C5BD2640 doesn't match image C:\Users\Giray\Documents\GitHub\The-100\SpaceBuzz\Library\ScriptAssemblies\UnityEngine.Advertisements.DevX.Editor.dll
Symbol file LoadedFromMemory is not a mono symbol file
Symbol file LoadedFromMemory is not a mono symbol file
Native extension for WindowsStandalone target not found
Native extension for Android target not found
Native extension for WebGL target not found
Refreshing native plugins compatible for Editor in 3.38 ms, found 2 plugins.
Preloading 0 native plugins for Editor in 0.00 ms.
Mono: successfully reloaded assembly
- Completed reload, in  1.911 seconds
Domain Reload Profiling:
	ReloadAssembly (1912ms)
		BeginReloadAssembly (261ms)
			ExecutionOrderSort (0ms)
			DisableScriptedObjects (9ms)
			BackupInstance (0ms)
			ReleaseScriptingObjects (0ms)
			CreateAndSetChildDomain (62ms)
		EndReloadAssembly (1488ms)
			LoadAssemblies (217ms)
			RebuildTransferFunctionScriptingTraits (0ms)
			SetupTypeCache (317ms)
			ReleaseScriptCaches (2ms)
			RebuildScriptCaches (74ms)
			SetupLoadedEditorAssemblies (848ms)
				LogAssemblyErrors (0ms)
				InitializePlatformSupportModulesInManaged (41ms)
				SetLoadedEditorAssemblies (2ms)
				RefreshPlugins (4ms)
				BeforeProcessingInitializeOnLoad (119ms)
				ProcessInitializeOnLoadAttributes (626ms)
				ProcessInitializeOnLoadMethodAttributes (49ms)
				AfterProcessingInitializeOnLoad (6ms)
				EditorAssembliesLoaded (0ms)
			ExecutionOrderSort2 (0ms)
			AwakeInstancesAfterBackupRestoration (14ms)
Platform modules already initialized, skipping
Refreshing native plugins compatible for Editor in 8.73 ms, found 2 plugins.
Preloading 0 native plugins for Editor in 0.00 ms.
Unloading 2147 Unused Serialized files (Serialized files now loaded: 0)
Unloading 46 unused Assets / (1.4 MB). Loaded Objects now: 2691.
Memory consumption went from 116.2 MB to 114.9 MB.
Total: 5.717700 ms (FindLiveObjects: 0.302800 ms CreateObjectMapping: 0.274400 ms MarkObjects: 4.819400 ms  DeleteObjects: 0.319000 ms)

AssetImportParameters requested are different than current active one (requested -> active):
  custom:video-decoder-ogg-theora: a1e56fd34408186e4bbccfd4996cb3dc -> 
  custom:container-muxer-webm: aa71ff27fc2769a1b78a27578f13a17b -> 
  custom:container-demuxer-webm: 4f35f7cbe854078d1ac9338744f61a02 -> 
  custom:video-encoder-webm-vp8: eb34c28f22e8b96e1ab97ce403110664 -> 
  custom:audio-encoder-webm-vorbis: bf7c407c2cedff20999df2af8eb42d56 -> 
  custom:framework-win-MediaFoundation: 216162199b28c13a410421893ffa2e32 -> 
  custom:container-demuxer-ogg: 62fdf1f143b41e24485cea50d1cbac27 -> 
  custom:video-decoder-webm-vp8: 9c59270c3fd7afecdb556c50c9e8de78 -> 
  custom:audio-decoder-ogg-vorbis: bf7c407c2cedff20999df2af8eb42d56 -> 
========================================================================
Received Import Request.
  Time since last request: 31.883825 seconds.
  path: Assets/Sources/SineVFX/TranslucentCrystals/Prefabs/Gamma/Crystalsv01.prefab
  artifactKey: Guid(cc0fd657b60ef8c499b057056b948f16) Importer(815301076,1909f56bfc062723c751e8b465ee728b)
Start importing Assets/Sources/SineVFX/TranslucentCrystals/Prefabs/Gamma/Crystalsv01.prefab using Guid(cc0fd657b60ef8c499b057056b948f16) Importer(815301076,1909f56bfc062723c751e8b465ee728b)  -> (artifact id: '55ceb8000faee2db799bd16614173426') in 0.380231 seconds 
========================================================================
Received Import Request.
  Time since last request: 0.000053 seconds.
  path: Assets/Sources/SineVFX/TranslucentCrystals/Prefabs/Gamma/Crystalsv06.prefab
  artifactKey: Guid(6045f6974b7e51f49981f0307cfc82bb) Importer(815301076,1909f56bfc062723c751e8b465ee728b)
Start importing Assets/Sources/SineVFX/TranslucentCrystals/Prefabs/Gamma/Crystalsv06.prefab using Guid(6045f6974b7e51f49981f0307cfc82bb) Importer(815301076,1909f56bfc062723c751e8b465ee728b)  -> (artifact id: 'a4c896cebcf1db44510a094de3939cab') in 0.196943 seconds 
========================================================================
Received Import Request.
  Time since last request: 1.435899 seconds.
  path: Assets/Sources/SineVFX/TranslucentCrystals/Prefabs/Gamma/Crystalsv02.prefab
  artifactKey: Guid(1435c36dca02dc841a30bfac19f79aa2) Importer(815301076,1909f56bfc062723c751e8b465ee728b)
Start importing Assets/Sources/SineVFX/TranslucentCrystals/Prefabs/Gamma/Crystalsv02.prefab using Guid(1435c36dca02dc841a30bfac19f79aa2) Importer(815301076,1909f56bfc062723c751e8b465ee728b)  -> (artifact id: '0c173a15208b09b67aba0986eb7661d7') in 0.217069 seconds 
========================================================================
Received Import Request.
  Time since last request: 0.000051 seconds.
  path: Assets/Sources/SineVFX/TranslucentCrystals/Prefabs/Gamma/Crystalsv10.prefab
  artifactKey: Guid(a1b4f5aeb08a9ba409b89043963cc60b) Importer(815301076,1909f56bfc062723c751e8b465ee728b)
Start importing Assets/Sources/SineVFX/TranslucentCrystals/Prefabs/Gamma/Crystalsv10.prefab using Guid(a1b4f5aeb08a9ba409b89043963cc60b) Importer(815301076,1909f56bfc062723c751e8b465ee728b)  -> (artifact id: '39212dd6864396bafe7cc197bfd56048') in 0.205575 seconds 
========================================================================
Received Import Request.
  Time since last request: 0.000032 seconds.
  path: Assets/Sources/SineVFX/TranslucentCrystals/Prefabs/Gamma/Crystalsv09.prefab
  artifactKey: Guid(124fb29879dc61540b6b3c173eeafe39) Importer(815301076,1909f56bfc062723c751e8b465ee728b)
Start importing Assets/Sources/SineVFX/TranslucentCrystals/Prefabs/Gamma/Crystalsv09.prefab using Guid(124fb29879dc61540b6b3c173eeafe39) Importer(815301076,1909f56bfc062723c751e8b465ee728b)  -> (artifact id: '44a5b72d4d48fe2d23a56a3a624abd9a') in 0.269285 seconds 
========================================================================
Received Import Request.
  Time since last request: 1.109554 seconds.
  path: Assets/Sources/SineVFX/TranslucentCrystals/Prefabs/Gamma/Crystalsv02.prefab
  artifactKey: Guid(1435c36dca02dc841a30bfac19f79aa2) Importer(815301076,1909f56bfc062723c751e8b465ee728b)
Start importing Assets/Sources/SineVFX/TranslucentCrystals/Prefabs/Gamma/Crystalsv02.prefab using Guid(1435c36dca02dc841a30bfac19f79aa2) Importer(815301076,1909f56bfc062723c751e8b465ee728b)  -> (artifact id: '379b155cff3cb424bba7db92263236db') in 0.192925 seconds 
========================================================================
Received Import Request.
  Time since last request: 0.000027 seconds.
  path: Assets/Sources/SineVFX/TranslucentCrystals/Prefabs/Gamma/Crystalsv06.prefab
  artifactKey: Guid(6045f6974b7e51f49981f0307cfc82bb) Importer(815301076,1909f56bfc062723c751e8b465ee728b)
Start importing Assets/Sources/SineVFX/TranslucentCrystals/Prefabs/Gamma/Crystalsv06.prefab using Guid(6045f6974b7e51f49981f0307cfc82bb) Importer(815301076,1909f56bfc062723c751e8b465ee728b)  -> (artifact id: 'ee2046fd7665420f0d15fbc8d00a6cb8') in 0.172823 seconds 
========================================================================
Received Import Request.
  Time since last request: 21.177852 seconds.
  path: Assets/Prefab/Tiles/Level1Tiles/Tile2.prefab
  artifactKey: Guid(b72a0e90d81d2304bb1eb95d76f25f05) Importer(815301076,1909f56bfc062723c751e8b465ee728b)
Start importing Assets/Prefab/Tiles/Level1Tiles/Tile2.prefab using Guid(b72a0e90d81d2304bb1eb95d76f25f05) Importer(815301076,1909f56bfc062723c751e8b465ee728b)  -> (artifact id: 'c51b4520976bfcf35425fecee63e1937') in 0.614690 seconds 
========================================================================
Received Import Request.
  Time since last request: 0.000054 seconds.
  path: Assets/Prefab/Tiles/Level1Tiles/Tile8.prefab
  artifactKey: Guid(c28439aedf6a2824985315c7ae2b19e8) Importer(815301076,1909f56bfc062723c751e8b465ee728b)
Start importing Assets/Prefab/Tiles/Level1Tiles/Tile8.prefab using Guid(c28439aedf6a2824985315c7ae2b19e8) Importer(815301076,1909f56bfc062723c751e8b465ee728b)  -> (artifact id: '34d37f00cdb228169bb385a730a08772') in 0.557527 seconds 
Editor requested this worker to shutdown with reason: Scaling down because of idle timeout
AssetImportWorker is now disconnected from the server
Process exiting
Exiting without the bug reporter. Application will terminate with return code 0