Using pre-set license
Built from '2021.3/staging' branch; Version is '2021.3.1f1 (3b70a0754835) revision 3895456'; Using compiler version '192829333'; Build Type 'Release'
OS: 'Windows 10  (10.0.19043) 64bit Core' Language: 'tr' Physical Memory: 7976 MB
BatchMode: 1, IsHumanControllingUs: 0, StartBugReporterOnCrash: 0, Is64bit: 1, IsPro: 1

COMMAND LINE ARGUMENTS:
C:\Program Files\Unity\Hub\Editor\2021.3.1f1\Editor\Unity.exe
-adb2
-batchMode
-noUpm
-name
AssetImportWorker43
-projectPath
C:/Users/batuh/Desktop/Space Buzz/Clone2/The-100/SpaceBuzz
-logFile
Logs/AssetImportWorker43.log
-srvPort
53515
Successfully changed project path to: C:/Users/batuh/Desktop/Space Buzz/Clone2/The-100/SpaceBuzz
C:/Users/batuh/Desktop/Space Buzz/Clone2/The-100/SpaceBuzz
[UnityMemory] Configuration Parameters - Can be set up in boot.config
    "memorysetup-bucket-allocator-granularity=16"
    "memorysetup-bucket-allocator-bucket-count=8"
    "memorysetup-bucket-allocator-block-size=33554432"
    "memorysetup-bucket-allocator-block-count=8"
    "memorysetup-main-allocator-block-size=16777216"
    "memorysetup-thread-allocator-block-size=16777216"
    "memorysetup-gfx-main-allocator-block-size=16777216"
    "memorysetup-gfx-thread-allocator-block-size=16777216"
    "memorysetup-cache-allocator-block-size=4194304"
    "memorysetup-typetree-allocator-block-size=2097152"
    "memorysetup-profiler-bucket-allocator-granularity=16"
    "memorysetup-profiler-bucket-allocator-bucket-count=8"
    "memorysetup-profiler-bucket-allocator-block-size=33554432"
    "memorysetup-profiler-bucket-allocator-block-count=8"
    "memorysetup-profiler-allocator-block-size=16777216"
    "memorysetup-profiler-editor-allocator-block-size=1048576"
    "memorysetup-temp-allocator-size-main=16777216"
    "memorysetup-job-temp-allocator-block-size=2097152"
    "memorysetup-job-temp-allocator-block-size-background=1048576"
    "memorysetup-job-temp-allocator-reduction-small-platforms=262144"
    "memorysetup-temp-allocator-size-background-worker=32768"
    "memorysetup-temp-allocator-size-job-worker=262144"
    "memorysetup-temp-allocator-size-preload-manager=33554432"
    "memorysetup-temp-allocator-size-nav-mesh-worker=65536"
    "memorysetup-temp-allocator-size-audio-worker=65536"
    "memorysetup-temp-allocator-size-cloud-worker=32768"
    "memorysetup-temp-allocator-size-gi-baking-worker=262144"
    "memorysetup-temp-allocator-size-gfx=262144"
Refreshing native plugins compatible for Editor in 145.38 ms, found 2 plugins.
Preloading 0 native plugins for Editor in 0.00 ms.
Initialize engine version: 2021.3.1f1 (3b70a0754835)
[Subsystems] Discovering subsystems at path C:/Program Files/Unity/Hub/Editor/2021.3.1f1/Editor/Data/Resources/UnitySubsystems
[Subsystems] Discovering subsystems at path C:/Users/batuh/Desktop/Space Buzz/Clone2/The-100/SpaceBuzz/Assets
GfxDevice: creating device client; threaded=0; jobified=0
Direct3D:
    Version:  Direct3D 11.0 [level 11.1]
    Renderer: Intel(R) UHD Graphics (ID=0x9b41)
    Vendor:   Intel
    VRAM:     3988 MB
    Driver:   27.20.100.9365
Initialize mono
Mono path[0] = 'C:/Program Files/Unity/Hub/Editor/2021.3.1f1/Editor/Data/Managed'
Mono path[1] = 'C:/Program Files/Unity/Hub/Editor/2021.3.1f1/Editor/Data/MonoBleedingEdge/lib/mono/unityjit-win32'
Mono config path = 'C:/Program Files/Unity/Hub/Editor/2021.3.1f1/Editor/Data/MonoBleedingEdge/etc'
Using monoOptions --debugger-agent=transport=dt_socket,embedding=1,server=y,suspend=n,address=127.0.0.1:56832
Begin MonoManager ReloadAssembly
Registering precompiled unity dll's ...
Register platform support module: C:/Program Files/Unity/Hub/Editor/2021.3.1f1/Editor/Data/PlaybackEngines/WindowsStandaloneSupport/UnityEditor.WindowsStandalone.Extensions.dll
Registered in 0.017423 seconds.
Native extension for WindowsStandalone target not found
Refreshing native plugins compatible for Editor in 107.62 ms, found 2 plugins.
Preloading 0 native plugins for Editor in 0.00 ms.
Mono: successfully reloaded assembly
- Completed reload, in  1.471 seconds
Domain Reload Profiling:
	ReloadAssembly (1472ms)
		BeginReloadAssembly (208ms)
			ExecutionOrderSort (0ms)
			DisableScriptedObjects (0ms)
			BackupInstance (0ms)
			ReleaseScriptingObjects (0ms)
			CreateAndSetChildDomain (2ms)
		EndReloadAssembly (961ms)
			LoadAssemblies (203ms)
			RebuildTransferFunctionScriptingTraits (0ms)
			SetupTypeCache (299ms)
			ReleaseScriptCaches (0ms)
			RebuildScriptCaches (82ms)
			SetupLoadedEditorAssemblies (439ms)
				LogAssemblyErrors (0ms)
				InitializePlatformSupportModulesInManaged (26ms)
				SetLoadedEditorAssemblies (0ms)
				RefreshPlugins (108ms)
				BeforeProcessingInitializeOnLoad (2ms)
				ProcessInitializeOnLoadAttributes (232ms)
				ProcessInitializeOnLoadMethodAttributes (70ms)
				AfterProcessingInitializeOnLoad (0ms)
				EditorAssembliesLoaded (0ms)
			ExecutionOrderSort2 (0ms)
			AwakeInstancesAfterBackupRestoration (0ms)
Platform modules already initialized, skipping
Registering precompiled user dll's ...
Registered in 0.003626 seconds.
Begin MonoManager ReloadAssembly
Symbol file LoadedFromMemory is not a mono symbol file
Native extension for WindowsStandalone target not found
Refreshing native plugins compatible for Editor in 1.42 ms, found 2 plugins.
Preloading 0 native plugins for Editor in 0.00 ms.
Mono: successfully reloaded assembly
- Completed reload, in  1.593 seconds
Domain Reload Profiling:
	ReloadAssembly (1594ms)
		BeginReloadAssembly (178ms)
			ExecutionOrderSort (0ms)
			DisableScriptedObjects (9ms)
			BackupInstance (0ms)
			ReleaseScriptingObjects (0ms)
			CreateAndSetChildDomain (38ms)
		EndReloadAssembly (1236ms)
			LoadAssemblies (137ms)
			RebuildTransferFunctionScriptingTraits (0ms)
			SetupTypeCache (278ms)
			ReleaseScriptCaches (1ms)
			RebuildScriptCaches (80ms)
			SetupLoadedEditorAssemblies (689ms)
				LogAssemblyErrors (0ms)
				InitializePlatformSupportModulesInManaged (8ms)
				SetLoadedEditorAssemblies (1ms)
				RefreshPlugins (2ms)
				BeforeProcessingInitializeOnLoad (99ms)
				ProcessInitializeOnLoadAttributes (533ms)
				ProcessInitializeOnLoadMethodAttributes (35ms)
				AfterProcessingInitializeOnLoad (11ms)
				EditorAssembliesLoaded (0ms)
			ExecutionOrderSort2 (0ms)
			AwakeInstancesAfterBackupRestoration (7ms)
Platform modules already initialized, skipping
========================================================================
Worker process is ready to serve import requests
Launched and connected shader compiler UnityShaderCompiler.exe after 0.12 seconds
Refreshing native plugins compatible for Editor in 1.00 ms, found 2 plugins.
Preloading 0 native plugins for Editor in 0.00 ms.
Unloading 2207 Unused Serialized files (Serialized files now loaded: 0)
Unloading 88 unused Assets / (2.9 MB). Loaded Objects now: 2655.
Memory consumption went from 117.4 MB to 114.5 MB.
Total: 5.293100 ms (FindLiveObjects: 0.314000 ms CreateObjectMapping: 0.380000 ms MarkObjects: 3.375100 ms  DeleteObjects: 1.222800 ms)

AssetImportParameters requested are different than current active one (requested -> active):
  custom:video-decoder-ogg-theora: a1e56fd34408186e4bbccfd4996cb3dc -> 
  custom:container-muxer-webm: aa71ff27fc2769a1b78a27578f13a17b -> 
  custom:container-demuxer-webm: 4f35f7cbe854078d1ac9338744f61a02 -> 
  custom:video-encoder-webm-vp8: eb34c28f22e8b96e1ab97ce403110664 -> 
  custom:audio-encoder-webm-vorbis: bf7c407c2cedff20999df2af8eb42d56 -> 
  custom:framework-win-MediaFoundation: 216162199b28c13a410421893ffa2e32 -> 
  custom:container-demuxer-ogg: 62fdf1f143b41e24485cea50d1cbac27 -> 
  custom:video-decoder-webm-vp8: 9c59270c3fd7afecdb556c50c9e8de78 -> 
  custom:audio-decoder-ogg-vorbis: bf7c407c2cedff20999df2af8eb42d56 -> 
========================================================================
Received Import Request.
  Time since last request: 1095885.228571 seconds.
  path: Assets/Low Poly Space Rocks/Prefabs/Glowing Rocks/Glowing Rock Blue 1.prefab
  artifactKey: Guid(98492fd4b0ce10b4a8aaa35fa7f6a489) Importer(815301076,1909f56bfc062723c751e8b465ee728b)
Start importing Assets/Low Poly Space Rocks/Prefabs/Glowing Rocks/Glowing Rock Blue 1.prefab using Guid(98492fd4b0ce10b4a8aaa35fa7f6a489) Importer(815301076,1909f56bfc062723c751e8b465ee728b)  -> (artifact id: '39d6a71c826f2b8d146b7fd060df7d60') in 0.338198 seconds 
========================================================================
Received Import Request.
  Time since last request: 0.000044 seconds.
  path: Assets/Low Poly Space Rocks/Prefabs/Glowing Rocks/Glowing Rock Orange 4.prefab
  artifactKey: Guid(caea3e7a06271fe4a89695cc419f9c64) Importer(815301076,1909f56bfc062723c751e8b465ee728b)
Start importing Assets/Low Poly Space Rocks/Prefabs/Glowing Rocks/Glowing Rock Orange 4.prefab using Guid(caea3e7a06271fe4a89695cc419f9c64) Importer(815301076,1909f56bfc062723c751e8b465ee728b)  -> (artifact id: '006992f26b912f76b0a94d5a1f9fc993') in 0.083569 seconds 
========================================================================
Received Import Request.
  Time since last request: 0.000048 seconds.
  path: Assets/Low Poly Space Rocks/Prefabs/Glowing Rocks/Glowing Rock Blue 5.prefab
  artifactKey: Guid(61a15fe4f1078e34a80b55cd40d951a2) Importer(815301076,1909f56bfc062723c751e8b465ee728b)
Start importing Assets/Low Poly Space Rocks/Prefabs/Glowing Rocks/Glowing Rock Blue 5.prefab using Guid(61a15fe4f1078e34a80b55cd40d951a2) Importer(815301076,1909f56bfc062723c751e8b465ee728b)  -> (artifact id: '6c348f7e2be592ee06309225daeb2642') in 0.079361 seconds 
========================================================================
Received Import Request.
  Time since last request: 0.000042 seconds.
  path: Assets/Low Poly Space Rocks/Prefabs/Glowing Rocks/Glowing Rock Blue 4.prefab
  artifactKey: Guid(f7ae68db1b78ebf4fa8f3728c3da587a) Importer(815301076,1909f56bfc062723c751e8b465ee728b)
Start importing Assets/Low Poly Space Rocks/Prefabs/Glowing Rocks/Glowing Rock Blue 4.prefab using Guid(f7ae68db1b78ebf4fa8f3728c3da587a) Importer(815301076,1909f56bfc062723c751e8b465ee728b)  -> (artifact id: '419f20a69e7a41481cae099137ecb584') in 0.084213 seconds 
========================================================================
Received Import Request.
  Time since last request: 0.000037 seconds.
  path: Assets/Low Poly Space Rocks/Prefabs/Glowing Rocks/Glowing Rock Purple 3.prefab
  artifactKey: Guid(f5dbd4a6011643445a0dffd4dfc74d40) Importer(815301076,1909f56bfc062723c751e8b465ee728b)
Start importing Assets/Low Poly Space Rocks/Prefabs/Glowing Rocks/Glowing Rock Purple 3.prefab using Guid(f5dbd4a6011643445a0dffd4dfc74d40) Importer(815301076,1909f56bfc062723c751e8b465ee728b)  -> (artifact id: '47ee5b3bf61d7ce12e481213aea76ada') in 0.076551 seconds 
========================================================================
Received Import Request.
  Time since last request: 0.000044 seconds.
  path: Assets/Low Poly Space Rocks/Prefabs/Glowing Rocks/Glowing Rock Blue 6.prefab
  artifactKey: Guid(55d2170943c24424fb8400963479a14f) Importer(815301076,1909f56bfc062723c751e8b465ee728b)
Start importing Assets/Low Poly Space Rocks/Prefabs/Glowing Rocks/Glowing Rock Blue 6.prefab using Guid(55d2170943c24424fb8400963479a14f) Importer(815301076,1909f56bfc062723c751e8b465ee728b)  -> (artifact id: 'b068926ec655db532b9678a9f8b0d3d6') in 0.079109 seconds 
========================================================================
Received Import Request.
  Time since last request: 0.000074 seconds.
  path: Assets/Low Poly Space Rocks/Prefabs/Glowing Rocks/Glowing Rock Purple 7.prefab
  artifactKey: Guid(d259368b696e9a54f8b899cf86be4dca) Importer(815301076,1909f56bfc062723c751e8b465ee728b)
Start importing Assets/Low Poly Space Rocks/Prefabs/Glowing Rocks/Glowing Rock Purple 7.prefab using Guid(d259368b696e9a54f8b899cf86be4dca) Importer(815301076,1909f56bfc062723c751e8b465ee728b)  -> (artifact id: '9890ded9874ff9b2005d2d68a4a580b7') in 0.081999 seconds 
========================================================================
Received Import Request.
  Time since last request: 0.000069 seconds.
  path: Assets/Low Poly Space Rocks/Prefabs/Glowing Rocks/Glowing Rock Green 3.prefab
  artifactKey: Guid(ff57ae67aab153a4e99d0d7830cbaa13) Importer(815301076,1909f56bfc062723c751e8b465ee728b)
Start importing Assets/Low Poly Space Rocks/Prefabs/Glowing Rocks/Glowing Rock Green 3.prefab using Guid(ff57ae67aab153a4e99d0d7830cbaa13) Importer(815301076,1909f56bfc062723c751e8b465ee728b)  -> (artifact id: '5e5b931ea41412a8198bf0bcfa40e9c6') in 0.087076 seconds 
========================================================================
Received Import Request.
  Time since last request: 0.000059 seconds.
  path: Assets/Low Poly Space Rocks/Prefabs/Glowing Rocks/Glowing Rock Green 6.prefab
  artifactKey: Guid(00f616f2f2def324eb1781a03e697b80) Importer(815301076,1909f56bfc062723c751e8b465ee728b)
Start importing Assets/Low Poly Space Rocks/Prefabs/Glowing Rocks/Glowing Rock Green 6.prefab using Guid(00f616f2f2def324eb1781a03e697b80) Importer(815301076,1909f56bfc062723c751e8b465ee728b)  -> (artifact id: '07df7f291cc3f56d916b033d8ca1d227') in 0.069539 seconds 
========================================================================
Received Import Request.
  Time since last request: 0.000123 seconds.
  path: Assets/Low Poly Space Rocks/Prefabs/Glowing Rocks/Glowing Rock Purple 6.prefab
  artifactKey: Guid(e7fbb6b690eb3f94fa6d1e031be4249b) Importer(815301076,1909f56bfc062723c751e8b465ee728b)
Start importing Assets/Low Poly Space Rocks/Prefabs/Glowing Rocks/Glowing Rock Purple 6.prefab using Guid(e7fbb6b690eb3f94fa6d1e031be4249b) Importer(815301076,1909f56bfc062723c751e8b465ee728b)  -> (artifact id: 'fb20c7e580336ce4382840e47dbb2b25') in 0.076257 seconds 
========================================================================
Received Import Request.
  Time since last request: 0.000067 seconds.
  path: Assets/Low Poly Space Rocks/Prefabs/Glowing Rocks/Glowing Rock Orange 7.prefab
  artifactKey: Guid(a7dd5fb910026db41924595f6ed8d59e) Importer(815301076,1909f56bfc062723c751e8b465ee728b)
Start importing Assets/Low Poly Space Rocks/Prefabs/Glowing Rocks/Glowing Rock Orange 7.prefab using Guid(a7dd5fb910026db41924595f6ed8d59e) Importer(815301076,1909f56bfc062723c751e8b465ee728b)  -> (artifact id: '9193b5f284ec2b406890e53de259e322') in 0.102546 seconds 
========================================================================
Received Import Request.
  Time since last request: 0.009285 seconds.
  path: Assets/Low Poly Space Rocks/Prefabs/Glowing Rocks/Glowing Rock Green 1.prefab
  artifactKey: Guid(fe056cd25617f9f4b8313de051f6e5e5) Importer(815301076,1909f56bfc062723c751e8b465ee728b)
Start importing Assets/Low Poly Space Rocks/Prefabs/Glowing Rocks/Glowing Rock Green 1.prefab using Guid(fe056cd25617f9f4b8313de051f6e5e5) Importer(815301076,1909f56bfc062723c751e8b465ee728b)  -> (artifact id: 'aeeb1371439925ea1a7b01495d680e47') in 0.080269 seconds 
========================================================================
Received Import Request.
  Time since last request: 0.008366 seconds.
  path: Assets/Low Poly Space Rocks/Prefabs/Glowing Rocks/Glowing Rock Green 2.prefab
  artifactKey: Guid(88d98ba2855fa8f488f17dda433fbe06) Importer(815301076,1909f56bfc062723c751e8b465ee728b)
Start importing Assets/Low Poly Space Rocks/Prefabs/Glowing Rocks/Glowing Rock Green 2.prefab using Guid(88d98ba2855fa8f488f17dda433fbe06) Importer(815301076,1909f56bfc062723c751e8b465ee728b)  -> (artifact id: 'f33e2967ff63c217549e36ce6e79e7fc') in 0.093788 seconds 
Editor requested this worker to shutdown with reason: Scaling down because of idle timeout
AssetImportWorker is now disconnected from the server
Process exiting
Exiting without the bug reporter. Application will terminate with return code 0