Using pre-set license
Built from '2021.3/staging' branch; Version is '2021.3.1f1 (3b70a0754835) revision 3895456'; Using compiler version '192829333'; Build Type 'Release'
OS: 'Windows 10  (10.0.19043) 64bit Core' Language: 'tr' Physical Memory: 7976 MB
BatchMode: 1, IsHumanControllingUs: 0, StartBugReporterOnCrash: 0, Is64bit: 1, IsPro: 1

COMMAND LINE ARGUMENTS:
C:\Program Files\Unity\Hub\Editor\2021.3.1f1\Editor\Unity.exe
-adb2
-batchMode
-noUpm
-name
AssetImportWorker36
-projectPath
C:/Users/batuh/Desktop/Space Buzz/Clone2/The-100/SpaceBuzz
-logFile
Logs/AssetImportWorker36.log
-srvPort
53515
Successfully changed project path to: C:/Users/batuh/Desktop/Space Buzz/Clone2/The-100/SpaceBuzz
C:/Users/batuh/Desktop/Space Buzz/Clone2/The-100/SpaceBuzz
[UnityMemory] Configuration Parameters - Can be set up in boot.config
    "memorysetup-bucket-allocator-granularity=16"
    "memorysetup-bucket-allocator-bucket-count=8"
    "memorysetup-bucket-allocator-block-size=33554432"
    "memorysetup-bucket-allocator-block-count=8"
    "memorysetup-main-allocator-block-size=16777216"
    "memorysetup-thread-allocator-block-size=16777216"
    "memorysetup-gfx-main-allocator-block-size=16777216"
    "memorysetup-gfx-thread-allocator-block-size=16777216"
    "memorysetup-cache-allocator-block-size=4194304"
    "memorysetup-typetree-allocator-block-size=2097152"
    "memorysetup-profiler-bucket-allocator-granularity=16"
    "memorysetup-profiler-bucket-allocator-bucket-count=8"
    "memorysetup-profiler-bucket-allocator-block-size=33554432"
    "memorysetup-profiler-bucket-allocator-block-count=8"
    "memorysetup-profiler-allocator-block-size=16777216"
    "memorysetup-profiler-editor-allocator-block-size=1048576"
    "memorysetup-temp-allocator-size-main=16777216"
    "memorysetup-job-temp-allocator-block-size=2097152"
    "memorysetup-job-temp-allocator-block-size-background=1048576"
    "memorysetup-job-temp-allocator-reduction-small-platforms=262144"
    "memorysetup-temp-allocator-size-background-worker=32768"
    "memorysetup-temp-allocator-size-job-worker=262144"
    "memorysetup-temp-allocator-size-preload-manager=33554432"
    "memorysetup-temp-allocator-size-nav-mesh-worker=65536"
    "memorysetup-temp-allocator-size-audio-worker=65536"
    "memorysetup-temp-allocator-size-cloud-worker=32768"
    "memorysetup-temp-allocator-size-gi-baking-worker=262144"
    "memorysetup-temp-allocator-size-gfx=262144"
Refreshing native plugins compatible for Editor in 316.09 ms, found 2 plugins.
Preloading 0 native plugins for Editor in 0.00 ms.
Initialize engine version: 2021.3.1f1 (3b70a0754835)
[Subsystems] Discovering subsystems at path C:/Program Files/Unity/Hub/Editor/2021.3.1f1/Editor/Data/Resources/UnitySubsystems
[Subsystems] Discovering subsystems at path C:/Users/batuh/Desktop/Space Buzz/Clone2/The-100/SpaceBuzz/Assets
GfxDevice: creating device client; threaded=0; jobified=0
Direct3D:
    Version:  Direct3D 11.0 [level 11.1]
    Renderer: Intel(R) UHD Graphics (ID=0x9b41)
    Vendor:   Intel
    VRAM:     3988 MB
    Driver:   27.20.100.9365
Initialize mono
Mono path[0] = 'C:/Program Files/Unity/Hub/Editor/2021.3.1f1/Editor/Data/Managed'
Mono path[1] = 'C:/Program Files/Unity/Hub/Editor/2021.3.1f1/Editor/Data/MonoBleedingEdge/lib/mono/unityjit-win32'
Mono config path = 'C:/Program Files/Unity/Hub/Editor/2021.3.1f1/Editor/Data/MonoBleedingEdge/etc'
Using monoOptions --debugger-agent=transport=dt_socket,embedding=1,server=y,suspend=n,address=127.0.0.1:56536
Begin MonoManager ReloadAssembly
Registering precompiled unity dll's ...
Register platform support module: C:/Program Files/Unity/Hub/Editor/2021.3.1f1/Editor/Data/PlaybackEngines/WindowsStandaloneSupport/UnityEditor.WindowsStandalone.Extensions.dll
Registered in 0.033037 seconds.
Native extension for WindowsStandalone target not found
Refreshing native plugins compatible for Editor in 258.61 ms, found 2 plugins.
Preloading 0 native plugins for Editor in 0.00 ms.
Mono: successfully reloaded assembly
- Completed reload, in  3.023 seconds
Domain Reload Profiling:
	ReloadAssembly (3025ms)
		BeginReloadAssembly (364ms)
			ExecutionOrderSort (0ms)
			DisableScriptedObjects (0ms)
			BackupInstance (0ms)
			ReleaseScriptingObjects (0ms)
			CreateAndSetChildDomain (3ms)
		EndReloadAssembly (2101ms)
			LoadAssemblies (357ms)
			RebuildTransferFunctionScriptingTraits (0ms)
			SetupTypeCache (522ms)
			ReleaseScriptCaches (0ms)
			RebuildScriptCaches (127ms)
			SetupLoadedEditorAssemblies (1215ms)
				LogAssemblyErrors (0ms)
				InitializePlatformSupportModulesInManaged (30ms)
				SetLoadedEditorAssemblies (1ms)
				RefreshPlugins (259ms)
				BeforeProcessingInitializeOnLoad (7ms)
				ProcessInitializeOnLoadAttributes (669ms)
				ProcessInitializeOnLoadMethodAttributes (248ms)
				AfterProcessingInitializeOnLoad (0ms)
				EditorAssembliesLoaded (1ms)
			ExecutionOrderSort2 (0ms)
			AwakeInstancesAfterBackupRestoration (0ms)
Platform modules already initialized, skipping
Registering precompiled user dll's ...
Registered in 0.007596 seconds.
Begin MonoManager ReloadAssembly
Symbol file LoadedFromMemory is not a mono symbol file
Native extension for WindowsStandalone target not found
Refreshing native plugins compatible for Editor in 1.88 ms, found 2 plugins.
Preloading 0 native plugins for Editor in 0.00 ms.
Mono: successfully reloaded assembly
- Completed reload, in  4.518 seconds
Domain Reload Profiling:
	ReloadAssembly (4522ms)
		BeginReloadAssembly (341ms)
			ExecutionOrderSort (0ms)
			DisableScriptedObjects (25ms)
			BackupInstance (0ms)
			ReleaseScriptingObjects (0ms)
			CreateAndSetChildDomain (55ms)
		EndReloadAssembly (3735ms)
			LoadAssemblies (286ms)
			RebuildTransferFunctionScriptingTraits (0ms)
			SetupTypeCache (772ms)
			ReleaseScriptCaches (1ms)
			RebuildScriptCaches (188ms)
			SetupLoadedEditorAssemblies (2261ms)
				LogAssemblyErrors (0ms)
				InitializePlatformSupportModulesInManaged (21ms)
				SetLoadedEditorAssemblies (1ms)
				RefreshPlugins (2ms)
				BeforeProcessingInitializeOnLoad (303ms)
				ProcessInitializeOnLoadAttributes (1749ms)
				ProcessInitializeOnLoadMethodAttributes (134ms)
				AfterProcessingInitializeOnLoad (49ms)
				EditorAssembliesLoaded (1ms)
			ExecutionOrderSort2 (0ms)
			AwakeInstancesAfterBackupRestoration (32ms)
Platform modules already initialized, skipping
========================================================================
Worker process is ready to serve import requests
Launched and connected shader compiler UnityShaderCompiler.exe after 0.35 seconds
Refreshing native plugins compatible for Editor in 3.11 ms, found 2 plugins.
Preloading 0 native plugins for Editor in 0.00 ms.
Unloading 2207 Unused Serialized files (Serialized files now loaded: 0)
Unloading 93 unused Assets / (3.4 MB). Loaded Objects now: 2650.
Memory consumption went from 117.4 MB to 114.1 MB.
Total: 18.918900 ms (FindLiveObjects: 0.718600 ms CreateObjectMapping: 1.000600 ms MarkObjects: 12.840900 ms  DeleteObjects: 4.354500 ms)

AssetImportParameters requested are different than current active one (requested -> active):
  custom:video-decoder-ogg-theora: a1e56fd34408186e4bbccfd4996cb3dc -> 
  custom:container-muxer-webm: aa71ff27fc2769a1b78a27578f13a17b -> 
  custom:container-demuxer-webm: 4f35f7cbe854078d1ac9338744f61a02 -> 
  custom:video-encoder-webm-vp8: eb34c28f22e8b96e1ab97ce403110664 -> 
  custom:audio-encoder-webm-vorbis: bf7c407c2cedff20999df2af8eb42d56 -> 
  custom:framework-win-MediaFoundation: 216162199b28c13a410421893ffa2e32 -> 
  custom:container-demuxer-ogg: 62fdf1f143b41e24485cea50d1cbac27 -> 
  custom:video-decoder-webm-vp8: 9c59270c3fd7afecdb556c50c9e8de78 -> 
  custom:audio-decoder-ogg-vorbis: bf7c407c2cedff20999df2af8eb42d56 -> 
========================================================================
Received Import Request.
  Time since last request: 1094632.493347 seconds.
  path: Assets/Prefab/Tiles/Tile1.prefab
  artifactKey: Guid(7fa8bd129105b7248a02b5368debcfa3) Importer(815301076,1909f56bfc062723c751e8b465ee728b)
Start importing Assets/Prefab/Tiles/Tile1.prefab using Guid(7fa8bd129105b7248a02b5368debcfa3) Importer(815301076,1909f56bfc062723c751e8b465ee728b)  -> (artifact id: 'ebe131bd26090922b1bc789fff7c2534') in 0.724774 seconds 
========================================================================
Received Import Request.
  Time since last request: 1.255436 seconds.
  path: Assets/Prefab/Tiles/Tile1.prefab
  artifactKey: Guid(7fa8bd129105b7248a02b5368debcfa3) Importer(815301076,1909f56bfc062723c751e8b465ee728b)
Start importing Assets/Prefab/Tiles/Tile1.prefab using Guid(7fa8bd129105b7248a02b5368debcfa3) Importer(815301076,1909f56bfc062723c751e8b465ee728b)  -> (artifact id: '613ec76748c9a48839d5b245c8dfd985') in 0.337560 seconds 
========================================================================
Received Import Request.
  Time since last request: 0.000063 seconds.
  path: Assets/Prefab/Tiles/Tile4.prefab
  artifactKey: Guid(e626b5e848c1ceb41ade2bbd3eaefc94) Importer(815301076,1909f56bfc062723c751e8b465ee728b)
Start importing Assets/Prefab/Tiles/Tile4.prefab using Guid(e626b5e848c1ceb41ade2bbd3eaefc94) Importer(815301076,1909f56bfc062723c751e8b465ee728b)  -> (artifact id: 'cac09a42026770bc2ce5cb5da97dcbb2') in 0.247052 seconds 
========================================================================
Received Import Request.
  Time since last request: 2.486335 seconds.
  path: Assets/Prefab/Tiles/Tile1.prefab
  artifactKey: Guid(7fa8bd129105b7248a02b5368debcfa3) Importer(815301076,1909f56bfc062723c751e8b465ee728b)
Start importing Assets/Prefab/Tiles/Tile1.prefab using Guid(7fa8bd129105b7248a02b5368debcfa3) Importer(815301076,1909f56bfc062723c751e8b465ee728b)  -> (artifact id: '4de4a2a56bd7cbf69d39a9c7aecaf63b') in 0.254781 seconds 
========================================================================
Received Import Request.
  Time since last request: 0.000166 seconds.
  path: Assets/Prefab/Tiles/Tile7.prefab
  artifactKey: Guid(36b878abc12d8ab4cb9ededb86128c83) Importer(815301076,1909f56bfc062723c751e8b465ee728b)
Start importing Assets/Prefab/Tiles/Tile7.prefab using Guid(36b878abc12d8ab4cb9ededb86128c83) Importer(815301076,1909f56bfc062723c751e8b465ee728b)  -> (artifact id: 'b5098548e08b851afa32fd238abd9d70') in 0.261556 seconds 
========================================================================
Received Import Request.
  Time since last request: 2.169983 seconds.
  path: Assets/Prefab/Tiles/Tile1.prefab
  artifactKey: Guid(7fa8bd129105b7248a02b5368debcfa3) Importer(815301076,1909f56bfc062723c751e8b465ee728b)
Start importing Assets/Prefab/Tiles/Tile1.prefab using Guid(7fa8bd129105b7248a02b5368debcfa3) Importer(815301076,1909f56bfc062723c751e8b465ee728b)  -> (artifact id: '8dbd86e694a3ae1350304ae1ae286012') in 0.288792 seconds 
========================================================================
Received Import Request.
  Time since last request: 0.000108 seconds.
  path: Assets/Prefab/Tiles/Tile7.prefab
  artifactKey: Guid(36b878abc12d8ab4cb9ededb86128c83) Importer(815301076,1909f56bfc062723c751e8b465ee728b)
Start importing Assets/Prefab/Tiles/Tile7.prefab using Guid(36b878abc12d8ab4cb9ededb86128c83) Importer(815301076,1909f56bfc062723c751e8b465ee728b)  -> (artifact id: 'cacb976cda003b9c44ed9a94598039d7') in 0.265585 seconds 
========================================================================
Received Import Request.
  Time since last request: 2.237075 seconds.
  path: Assets/Prefab/Tiles/Tile1.prefab
  artifactKey: Guid(7fa8bd129105b7248a02b5368debcfa3) Importer(815301076,1909f56bfc062723c751e8b465ee728b)
Start importing Assets/Prefab/Tiles/Tile1.prefab using Guid(7fa8bd129105b7248a02b5368debcfa3) Importer(815301076,1909f56bfc062723c751e8b465ee728b)  -> (artifact id: '3b4f2415521b9a5518af446a27d8f6b2') in 0.307163 seconds 
========================================================================
Received Import Request.
  Time since last request: 0.000108 seconds.
  path: Assets/Prefab/Tiles/Tile4.prefab
  artifactKey: Guid(e626b5e848c1ceb41ade2bbd3eaefc94) Importer(815301076,1909f56bfc062723c751e8b465ee728b)
Start importing Assets/Prefab/Tiles/Tile4.prefab using Guid(e626b5e848c1ceb41ade2bbd3eaefc94) Importer(815301076,1909f56bfc062723c751e8b465ee728b)  -> (artifact id: 'd8cc4c2448004b9892aa1cc5db37f642') in 0.260767 seconds 
========================================================================
Received Import Request.
  Time since last request: 1.772600 seconds.
  path: Assets/Prefab/Tiles/Tile1.prefab
  artifactKey: Guid(7fa8bd129105b7248a02b5368debcfa3) Importer(815301076,1909f56bfc062723c751e8b465ee728b)
Start importing Assets/Prefab/Tiles/Tile1.prefab using Guid(7fa8bd129105b7248a02b5368debcfa3) Importer(815301076,1909f56bfc062723c751e8b465ee728b)  -> (artifact id: 'c189e8fbb7cf25fc328fd8e798ce0d0d') in 0.292093 seconds 
========================================================================
Received Import Request.
  Time since last request: 0.000081 seconds.
  path: Assets/Prefab/Tiles/Tile7.prefab
  artifactKey: Guid(36b878abc12d8ab4cb9ededb86128c83) Importer(815301076,1909f56bfc062723c751e8b465ee728b)
Start importing Assets/Prefab/Tiles/Tile7.prefab using Guid(36b878abc12d8ab4cb9ededb86128c83) Importer(815301076,1909f56bfc062723c751e8b465ee728b)  -> (artifact id: 'b29a4765edd13af9204d6d0d730a0751') in 0.280029 seconds 
========================================================================
Received Import Request.
  Time since last request: 1.051063 seconds.
  path: Assets/Prefab/Tiles/Tile1.prefab
  artifactKey: Guid(7fa8bd129105b7248a02b5368debcfa3) Importer(815301076,1909f56bfc062723c751e8b465ee728b)
Start importing Assets/Prefab/Tiles/Tile1.prefab using Guid(7fa8bd129105b7248a02b5368debcfa3) Importer(815301076,1909f56bfc062723c751e8b465ee728b)  -> (artifact id: '2a9f22733457f831b576b32ceba0b8d8') in 0.286608 seconds 
========================================================================
Received Import Request.
  Time since last request: 0.000090 seconds.
  path: Assets/Prefab/Tiles/Tile7.prefab
  artifactKey: Guid(36b878abc12d8ab4cb9ededb86128c83) Importer(815301076,1909f56bfc062723c751e8b465ee728b)
Start importing Assets/Prefab/Tiles/Tile7.prefab using Guid(36b878abc12d8ab4cb9ededb86128c83) Importer(815301076,1909f56bfc062723c751e8b465ee728b)  -> (artifact id: '80457abde2af0d683c7cfece07372ffe') in 0.270786 seconds 
========================================================================
Received Prepare
Registering precompiled user dll's ...
Registered in 0.005949 seconds.
Begin MonoManager ReloadAssembly
Symbol file LoadedFromMemory is not a mono symbol file
Native extension for WindowsStandalone target not found
Refreshing native plugins compatible for Editor in 2.22 ms, found 2 plugins.
Preloading 0 native plugins for Editor in 0.00 ms.
Mono: successfully reloaded assembly
- Completed reload, in  4.779 seconds
Domain Reload Profiling:
	ReloadAssembly (4782ms)
		BeginReloadAssembly (309ms)
			ExecutionOrderSort (0ms)
			DisableScriptedObjects (11ms)
			BackupInstance (0ms)
			ReleaseScriptingObjects (0ms)
			CreateAndSetChildDomain (88ms)
		EndReloadAssembly (4230ms)
			LoadAssemblies (233ms)
			RebuildTransferFunctionScriptingTraits (0ms)
			SetupTypeCache (462ms)
			ReleaseScriptCaches (2ms)
			RebuildScriptCaches (133ms)
			SetupLoadedEditorAssemblies (3114ms)
				LogAssemblyErrors (0ms)
				InitializePlatformSupportModulesInManaged (58ms)
				SetLoadedEditorAssemblies (1ms)
				RefreshPlugins (2ms)
				BeforeProcessingInitializeOnLoad (301ms)
				ProcessInitializeOnLoadAttributes (2491ms)
				ProcessInitializeOnLoadMethodAttributes (184ms)
				AfterProcessingInitializeOnLoad (74ms)
				EditorAssembliesLoaded (2ms)
			ExecutionOrderSort2 (0ms)
			AwakeInstancesAfterBackupRestoration (58ms)
Platform modules already initialized, skipping
Refreshing native plugins compatible for Editor in 36.28 ms, found 2 plugins.
Preloading 0 native plugins for Editor in 0.00 ms.
Unloading 2182 Unused Serialized files (Serialized files now loaded: 0)
Unloading 76 unused Assets / (3.4 MB). Loaded Objects now: 2673.
Memory consumption went from 119.5 MB to 116.1 MB.
Total: 28.110700 ms (FindLiveObjects: 1.647000 ms CreateObjectMapping: 2.241700 ms MarkObjects: 16.603900 ms  DeleteObjects: 7.615100 ms)

AssetImportParameters requested are different than current active one (requested -> active):
  custom:video-decoder-ogg-theora: a1e56fd34408186e4bbccfd4996cb3dc -> 
  custom:container-muxer-webm: aa71ff27fc2769a1b78a27578f13a17b -> 
  custom:container-demuxer-webm: 4f35f7cbe854078d1ac9338744f61a02 -> 
  custom:video-encoder-webm-vp8: eb34c28f22e8b96e1ab97ce403110664 -> 
  custom:audio-encoder-webm-vorbis: bf7c407c2cedff20999df2af8eb42d56 -> 
  custom:framework-win-MediaFoundation: 216162199b28c13a410421893ffa2e32 -> 
  custom:container-demuxer-ogg: 62fdf1f143b41e24485cea50d1cbac27 -> 
  custom:video-decoder-webm-vp8: 9c59270c3fd7afecdb556c50c9e8de78 -> 
  custom:audio-decoder-ogg-vorbis: bf7c407c2cedff20999df2af8eb42d56 -> 
========================================================================
Received Import Request.
  Time since last request: 34.681388 seconds.
  path: Assets/Prefab/Tiles/Tile1.prefab
  artifactKey: Guid(7fa8bd129105b7248a02b5368debcfa3) Importer(815301076,1909f56bfc062723c751e8b465ee728b)
Start importing Assets/Prefab/Tiles/Tile1.prefab using Guid(7fa8bd129105b7248a02b5368debcfa3) Importer(815301076,1909f56bfc062723c751e8b465ee728b)  -> (artifact id: 'ff1e4c17c9e3f56d7f9c429f3263afb3') in 0.463487 seconds 
========================================================================
Received Import Request.
  Time since last request: 0.000129 seconds.
  path: Assets/Prefab/Tiles/Tile7.prefab
  artifactKey: Guid(36b878abc12d8ab4cb9ededb86128c83) Importer(815301076,1909f56bfc062723c751e8b465ee728b)
Start importing Assets/Prefab/Tiles/Tile7.prefab using Guid(36b878abc12d8ab4cb9ededb86128c83) Importer(815301076,1909f56bfc062723c751e8b465ee728b)  -> (artifact id: 'fddb3f4e964e7fffdd3499b7c1e8accd') in 0.276066 seconds 
========================================================================
Received Import Request.
  Time since last request: 40.831979 seconds.
  path: Assets/Prefab/Tiles/Tile1.prefab
  artifactKey: Guid(7fa8bd129105b7248a02b5368debcfa3) Importer(815301076,1909f56bfc062723c751e8b465ee728b)
Start importing Assets/Prefab/Tiles/Tile1.prefab using Guid(7fa8bd129105b7248a02b5368debcfa3) Importer(815301076,1909f56bfc062723c751e8b465ee728b)  -> (artifact id: '468d7a1ab918b91142c9255f30eac6c0') in 0.299727 seconds 
========================================================================
Received Import Request.
  Time since last request: 0.000082 seconds.
  path: Assets/Prefab/Tiles/Tile7.prefab
  artifactKey: Guid(36b878abc12d8ab4cb9ededb86128c83) Importer(815301076,1909f56bfc062723c751e8b465ee728b)
Start importing Assets/Prefab/Tiles/Tile7.prefab using Guid(36b878abc12d8ab4cb9ededb86128c83) Importer(815301076,1909f56bfc062723c751e8b465ee728b)  -> (artifact id: '5bb854e940f21f44ed5ddd1f9a9afe4f') in 0.304237 seconds 
========================================================================
Received Import Request.
  Time since last request: 1.914874 seconds.
  path: Assets/Prefab/Tiles/Tile1.prefab
  artifactKey: Guid(7fa8bd129105b7248a02b5368debcfa3) Importer(815301076,1909f56bfc062723c751e8b465ee728b)
Start importing Assets/Prefab/Tiles/Tile1.prefab using Guid(7fa8bd129105b7248a02b5368debcfa3) Importer(815301076,1909f56bfc062723c751e8b465ee728b)  -> (artifact id: '00d5580ba6644064d65423592fee19a2') in 0.281037 seconds 
========================================================================
Received Import Request.
  Time since last request: 0.000082 seconds.
  path: Assets/Prefab/Tiles/Tile7.prefab
  artifactKey: Guid(36b878abc12d8ab4cb9ededb86128c83) Importer(815301076,1909f56bfc062723c751e8b465ee728b)
Start importing Assets/Prefab/Tiles/Tile7.prefab using Guid(36b878abc12d8ab4cb9ededb86128c83) Importer(815301076,1909f56bfc062723c751e8b465ee728b)  -> (artifact id: 'abce08452a97759eb559a6636a104a8e') in 0.247146 seconds 
========================================================================
Received Import Request.
  Time since last request: 45.565309 seconds.
  path: Assets/Colony/Connecting_gateway_corner.fbx
  artifactKey: Guid(e3e6341e356cbc442bf97930f56c7642) Importer(815301076,1909f56bfc062723c751e8b465ee728b)
Start importing Assets/Colony/Connecting_gateway_corner.fbx using Guid(e3e6341e356cbc442bf97930f56c7642) Importer(815301076,1909f56bfc062723c751e8b465ee728b)  -> (artifact id: '14579a6e52c3a039e7920bb1c92311fb') in 0.209649 seconds 
========================================================================
Received Import Request.
  Time since last request: 0.000045 seconds.
  path: Assets/Colony/Runway strip.fbx
  artifactKey: Guid(4398d6c3abcc5854c849ee00c2761ed8) Importer(815301076,1909f56bfc062723c751e8b465ee728b)
Start importing Assets/Colony/Runway strip.fbx using Guid(4398d6c3abcc5854c849ee00c2761ed8) Importer(815301076,1909f56bfc062723c751e8b465ee728b)  -> (artifact id: 'b827d07c90bfbc5270f78e55bc3f968e') in 0.135142 seconds 
========================================================================
Received Import Request.
  Time since last request: 0.000078 seconds.
  path: Assets/Colony/Cross_section.fbx
  artifactKey: Guid(5e0c431597473184baaef26bf0cd5503) Importer(815301076,1909f56bfc062723c751e8b465ee728b)
Start importing Assets/Colony/Cross_section.fbx using Guid(5e0c431597473184baaef26bf0cd5503) Importer(815301076,1909f56bfc062723c751e8b465ee728b)  -> (artifact id: '0e1c34f2787ecd839e7b54996023c5e2') in 0.109208 seconds 
========================================================================
Received Import Request.
  Time since last request: 0.000075 seconds.
  path: Assets/Colony/Tile_track4.fbx
  artifactKey: Guid(879e00ecc6fe0e94eaf04abb561cb17d) Importer(815301076,1909f56bfc062723c751e8b465ee728b)
Start importing Assets/Colony/Tile_track4.fbx using Guid(879e00ecc6fe0e94eaf04abb561cb17d) Importer(815301076,1909f56bfc062723c751e8b465ee728b)  -> (artifact id: 'c83c4e9396fc5ea5c4a5df25680e85ae') in 0.104582 seconds 
========================================================================
Received Import Request.
  Time since last request: 0.000152 seconds.
  path: Assets/Colony/Farm.fbx
  artifactKey: Guid(166daf5d31afc83489d5c0d4105d4135) Importer(815301076,1909f56bfc062723c751e8b465ee728b)
Start importing Assets/Colony/Farm.fbx using Guid(166daf5d31afc83489d5c0d4105d4135) Importer(815301076,1909f56bfc062723c751e8b465ee728b)  -> (artifact id: '3526eb70dba2ee424608fa87e9a850f6') in 0.101248 seconds 
========================================================================
Received Import Request.
  Time since last request: 0.000075 seconds.
  path: Assets/Colony/Research_center.fbx
  artifactKey: Guid(7677434565be48d41bdc61b41ad2da7d) Importer(815301076,1909f56bfc062723c751e8b465ee728b)
Start importing Assets/Colony/Research_center.fbx using Guid(7677434565be48d41bdc61b41ad2da7d) Importer(815301076,1909f56bfc062723c751e8b465ee728b)  -> (artifact id: '39c7b4dad4d9efc6b374083c884925b1') in 0.101643 seconds 
========================================================================
Received Import Request.
  Time since last request: 0.000082 seconds.
  path: Assets/Colony/Resource_warehouse.fbx
  artifactKey: Guid(1a4e413226e2cbf4eaaddc136f2662c0) Importer(815301076,1909f56bfc062723c751e8b465ee728b)
Start importing Assets/Colony/Resource_warehouse.fbx using Guid(1a4e413226e2cbf4eaaddc136f2662c0) Importer(815301076,1909f56bfc062723c751e8b465ee728b)  -> (artifact id: '9c352ba69e67f06ff9b3dea37c2e3409') in 0.101301 seconds 
========================================================================
Received Import Request.
  Time since last request: 0.000112 seconds.
  path: Assets/Colony/Home_colonists.fbx
  artifactKey: Guid(36192cf7d57ae3c4b92d5b0546a7958b) Importer(815301076,1909f56bfc062723c751e8b465ee728b)
Start importing Assets/Colony/Home_colonists.fbx using Guid(36192cf7d57ae3c4b92d5b0546a7958b) Importer(815301076,1909f56bfc062723c751e8b465ee728b)  -> (artifact id: '1d6603f3cfa87ed2bb3ee3377645defa') in 0.112799 seconds 
========================================================================
Received Import Request.
  Time since last request: 0.000155 seconds.
  path: Assets/Colony/Reactor.fbx
  artifactKey: Guid(19a362ac1f7c6be49bcea236c748edfb) Importer(815301076,1909f56bfc062723c751e8b465ee728b)
Start importing Assets/Colony/Reactor.fbx using Guid(19a362ac1f7c6be49bcea236c748edfb) Importer(815301076,1909f56bfc062723c751e8b465ee728b)  -> (artifact id: '7318b1ec711ab8618d10fda24c4c9dc8') in 0.113012 seconds 
========================================================================
Received Import Request.
  Time since last request: 172.109066 seconds.
  path: Assets/Fonts/foo SDF.asset
  artifactKey: Guid(49e1bcc0dfbe0ff438dfea481f3c7c6d) Importer(815301076,1909f56bfc062723c751e8b465ee728b)
Start importing Assets/Fonts/foo SDF.asset using Guid(49e1bcc0dfbe0ff438dfea481f3c7c6d) Importer(815301076,1909f56bfc062723c751e8b465ee728b)  -> (artifact id: '109ff8769b5db5b98aa153b3cf2bec91') in 0.270110 seconds 
========================================================================
Received Import Request.
  Time since last request: 3.392358 seconds.
  path: Assets/Colony/texture
  artifactKey: Guid(00b65fd132c007041abcb44fc12bcd7c) Importer(815301076,1909f56bfc062723c751e8b465ee728b)
Start importing Assets/Colony/texture using Guid(00b65fd132c007041abcb44fc12bcd7c) Importer(815301076,1909f56bfc062723c751e8b465ee728b)  -> (artifact id: '4df1a86a88498598b5c469817a18503e') in 0.023227 seconds 
========================================================================
Received Import Request.
  Time since last request: 0.052123 seconds.
  path: Assets/Colony/texture/T_Spase.png
  artifactKey: Guid(151ab9257a52aa143a9bbc1c74a21353) Importer(815301076,1909f56bfc062723c751e8b465ee728b)
Start importing Assets/Colony/texture/T_Spase.png using Guid(151ab9257a52aa143a9bbc1c74a21353) Importer(815301076,1909f56bfc062723c751e8b465ee728b)  -> (artifact id: 'fba3c55bd1218fce041611e5683bd385') in 0.070343 seconds 
========================================================================
Received Import Request.
  Time since last request: 0.000055 seconds.
  path: Assets/Colony/texture/T_Spase_blue.png
  artifactKey: Guid(f2a6fcd7b75a99b4cb8957736441f11f) Importer(815301076,1909f56bfc062723c751e8b465ee728b)
Start importing Assets/Colony/texture/T_Spase_blue.png using Guid(f2a6fcd7b75a99b4cb8957736441f11f) Importer(815301076,1909f56bfc062723c751e8b465ee728b)  -> (artifact id: '4f0a3a064ade9e6542d3ad6b942c0d36') in 0.049293 seconds 
========================================================================
Received Import Request.
  Time since last request: 27.151067 seconds.
  path: Assets/Sources/Meshtint Free Boximon Fiery Mega Toon Series/Materials/Boximon Fiery.mat
  artifactKey: Guid(f1779f0d8b6a05547af012556b3fd93a) Importer(815301076,1909f56bfc062723c751e8b465ee728b)
Start importing Assets/Sources/Meshtint Free Boximon Fiery Mega Toon Series/Materials/Boximon Fiery.mat using Guid(f1779f0d8b6a05547af012556b3fd93a) Importer(815301076,1909f56bfc062723c751e8b465ee728b)  -> (artifact id: '59456ea97b8d1b6b3edb4b7a89c33ad2') in 0.114121 seconds 
========================================================================
Received Import Request.
  Time since last request: 0.000104 seconds.
  path: Assets/Sources/LowPoly Environment Pack/FBX/Materials/Brown.6.mat
  artifactKey: Guid(c47a8046d422cf44ab127456e4917876) Importer(815301076,1909f56bfc062723c751e8b465ee728b)
Start importing Assets/Sources/LowPoly Environment Pack/FBX/Materials/Brown.6.mat using Guid(c47a8046d422cf44ab127456e4917876) Importer(815301076,1909f56bfc062723c751e8b465ee728b)  -> (artifact id: '4504ad934744abaad2bfccd0fcd32218') in 0.077591 seconds 
========================================================================
Received Import Request.
  Time since last request: 0.000086 seconds.
  path: Assets/Sources/LowPoly Environment Pack/FBX/Materials/Brown.11.mat
  artifactKey: Guid(83993d560011d9f439deb8c980381c74) Importer(815301076,1909f56bfc062723c751e8b465ee728b)
Start importing Assets/Sources/LowPoly Environment Pack/FBX/Materials/Brown.11.mat using Guid(83993d560011d9f439deb8c980381c74) Importer(815301076,1909f56bfc062723c751e8b465ee728b)  -> (artifact id: 'a4889e1a975c0103034d9778c3241065') in 0.059885 seconds 
========================================================================
Received Import Request.
  Time since last request: 0.000054 seconds.
  path: Assets/Sources/LowPoly Environment Pack/FBX/Materials/Brown.3.mat
  artifactKey: Guid(2852b271d0d088643a66c25efe4b5aa0) Importer(815301076,1909f56bfc062723c751e8b465ee728b)
Start importing Assets/Sources/LowPoly Environment Pack/FBX/Materials/Brown.3.mat using Guid(2852b271d0d088643a66c25efe4b5aa0) Importer(815301076,1909f56bfc062723c751e8b465ee728b)  -> (artifact id: 'ac39c42cc91e750e2cf5d113913c3045') in 0.065471 seconds 
========================================================================
Received Import Request.
  Time since last request: 0.000040 seconds.
  path: Assets/Sources/LowPoly Environment Pack/FBX/Materials/Brown.15.mat
  artifactKey: Guid(27eb693623b74ae409ad01480c04d7d2) Importer(815301076,1909f56bfc062723c751e8b465ee728b)
Start importing Assets/Sources/LowPoly Environment Pack/FBX/Materials/Brown.15.mat using Guid(27eb693623b74ae409ad01480c04d7d2) Importer(815301076,1909f56bfc062723c751e8b465ee728b)  -> (artifact id: 'ae305b2b7536f5d59fbceb66405c5116') in 0.053929 seconds 
========================================================================
Received Import Request.
  Time since last request: 0.000046 seconds.
  path: Assets/Sources/LowPoly Environment Pack/FBX/Materials/Brown.14.mat
  artifactKey: Guid(7e5b0a9678b8426468b771b1050eeae4) Importer(815301076,1909f56bfc062723c751e8b465ee728b)
Start importing Assets/Sources/LowPoly Environment Pack/FBX/Materials/Brown.14.mat using Guid(7e5b0a9678b8426468b771b1050eeae4) Importer(815301076,1909f56bfc062723c751e8b465ee728b)  -> (artifact id: '58832f441fc7967d2f02b5cc7fab3365') in 0.045400 seconds 
========================================================================
Received Import Request.
  Time since last request: 0.000056 seconds.
  path: Assets/Sources/LowPoly Environment Pack/FBX/Materials/Brown.5.mat
  artifactKey: Guid(123ed9969563dc5468cd867af56caab9) Importer(815301076,1909f56bfc062723c751e8b465ee728b)
Start importing Assets/Sources/LowPoly Environment Pack/FBX/Materials/Brown.5.mat using Guid(123ed9969563dc5468cd867af56caab9) Importer(815301076,1909f56bfc062723c751e8b465ee728b)  -> (artifact id: '3929c8a84fc23d1bab2b348a99399c59') in 0.064201 seconds 
========================================================================
Received Import Request.
  Time since last request: 5.410596 seconds.
  path: Assets/Prefab/Oduller/Tup/EnergyCell_2/Materials/EnergyCell_2_Glass.mat
  artifactKey: Guid(a41d0ac3f9837564c8461646f08e05f0) Importer(815301076,1909f56bfc062723c751e8b465ee728b)
Start importing Assets/Prefab/Oduller/Tup/EnergyCell_2/Materials/EnergyCell_2_Glass.mat using Guid(a41d0ac3f9837564c8461646f08e05f0) Importer(815301076,1909f56bfc062723c751e8b465ee728b)  -> (artifact id: '45771058c3583d40f6f9df519c8542c5') in 0.101355 seconds 
========================================================================
Received Import Request.
  Time since last request: 41.645091 seconds.
  path: Assets/Audio/Crashing.wav
  artifactKey: Guid(ff9c732995023ad40a6a8730d343fddc) Importer(815301076,1909f56bfc062723c751e8b465ee728b)
Start importing Assets/Audio/Crashing.wav using Guid(ff9c732995023ad40a6a8730d343fddc) Importer(815301076,1909f56bfc062723c751e8b465ee728b)  -> (artifact id: '2b0da5bce45a0229801146469f89e94d') in 0.182668 seconds 
========================================================================
Received Import Request.
  Time since last request: 50.685243 seconds.
  path: Assets/Colony/texture/Materials/T_Spase.mat
  artifactKey: Guid(03545ef32001cef4da6a8f381b3b1df0) Importer(815301076,1909f56bfc062723c751e8b465ee728b)
Start importing Assets/Colony/texture/Materials/T_Spase.mat using Guid(03545ef32001cef4da6a8f381b3b1df0) Importer(815301076,1909f56bfc062723c751e8b465ee728b)  -> (artifact id: 'f3493be9bec57acad5d64cf87de49326') in 0.046649 seconds 
Editor requested this worker to shutdown with reason: Scaling down because of idle timeout
AssetImportWorker is now disconnected from the server
Process exiting
Exiting without the bug reporter. Application will terminate with return code 0