Using pre-set license
Built from '2021.3/staging' branch; Version is '2021.3.1f1 (3b70a0754835) revision 3895456'; Using compiler version '192829333'; Build Type 'Release'
OS: 'Windows 10  (10.0.19044) 64bit Enterprise' Language: 'en' Physical Memory: 16251 MB
BatchMode: 1, IsHumanControllingUs: 0, StartBugReporterOnCrash: 0, Is64bit: 1, IsPro: 1

COMMAND LINE ARGUMENTS:
D:\UnityEditor\2021.3.1f1\Editor\Unity.exe
-adb2
-batchMode
-noUpm
-name
AssetImportWorker22
-projectPath
C:/Users/Giray/Documents/GitHub/The-100/SpaceBuzz
-logFile
Logs/AssetImportWorker22.log
-srvPort
64676
Successfully changed project path to: C:/Users/Giray/Documents/GitHub/The-100/SpaceBuzz
C:/Users/Giray/Documents/GitHub/The-100/SpaceBuzz
[UnityMemory] Configuration Parameters - Can be set up in boot.config
    "memorysetup-bucket-allocator-granularity=16"
    "memorysetup-bucket-allocator-bucket-count=8"
    "memorysetup-bucket-allocator-block-size=33554432"
    "memorysetup-bucket-allocator-block-count=8"
    "memorysetup-main-allocator-block-size=16777216"
    "memorysetup-thread-allocator-block-size=16777216"
    "memorysetup-gfx-main-allocator-block-size=16777216"
    "memorysetup-gfx-thread-allocator-block-size=16777216"
    "memorysetup-cache-allocator-block-size=4194304"
    "memorysetup-typetree-allocator-block-size=2097152"
    "memorysetup-profiler-bucket-allocator-granularity=16"
    "memorysetup-profiler-bucket-allocator-bucket-count=8"
    "memorysetup-profiler-bucket-allocator-block-size=33554432"
    "memorysetup-profiler-bucket-allocator-block-count=8"
    "memorysetup-profiler-allocator-block-size=16777216"
    "memorysetup-profiler-editor-allocator-block-size=1048576"
    "memorysetup-temp-allocator-size-main=16777216"
    "memorysetup-job-temp-allocator-block-size=2097152"
    "memorysetup-job-temp-allocator-block-size-background=1048576"
    "memorysetup-job-temp-allocator-reduction-small-platforms=262144"
    "memorysetup-temp-allocator-size-background-worker=32768"
    "memorysetup-temp-allocator-size-job-worker=262144"
    "memorysetup-temp-allocator-size-preload-manager=33554432"
    "memorysetup-temp-allocator-size-nav-mesh-worker=65536"
    "memorysetup-temp-allocator-size-audio-worker=65536"
    "memorysetup-temp-allocator-size-cloud-worker=32768"
    "memorysetup-temp-allocator-size-gi-baking-worker=262144"
    "memorysetup-temp-allocator-size-gfx=262144"
Refreshing native plugins compatible for Editor in 100.59 ms, found 2 plugins.
Preloading 0 native plugins for Editor in 0.00 ms.
Initialize engine version: 2021.3.1f1 (3b70a0754835)
[Subsystems] Discovering subsystems at path D:/UnityEditor/2021.3.1f1/Editor/Data/Resources/UnitySubsystems
[Subsystems] Discovering subsystems at path C:/Users/Giray/Documents/GitHub/The-100/SpaceBuzz/Assets
GfxDevice: creating device client; threaded=0; jobified=0
Direct3D:
    Version:  Direct3D 11.0 [level 11.1]
    Renderer: NVIDIA GeForce RTX 2060 (ID=0x1f15)
    Vendor:   NVIDIA
    VRAM:     5980 MB
    Driver:   30.0.14.9729
Initialize mono
Mono path[0] = 'D:/UnityEditor/2021.3.1f1/Editor/Data/Managed'
Mono path[1] = 'D:/UnityEditor/2021.3.1f1/Editor/Data/MonoBleedingEdge/lib/mono/unityjit-win32'
Mono config path = 'D:/UnityEditor/2021.3.1f1/Editor/Data/MonoBleedingEdge/etc'
Using monoOptions --debugger-agent=transport=dt_socket,embedding=1,server=y,suspend=n,address=127.0.0.1:56028
Begin MonoManager ReloadAssembly
Registering precompiled unity dll's ...
Register platform support module: D:/UnityEditor/2021.3.1f1/Editor/Data/PlaybackEngines/WebGLSupport/UnityEditor.WebGL.Extensions.dll
Register platform support module: D:/UnityEditor/2021.3.1f1/Editor/Data/PlaybackEngines/AndroidPlayer/UnityEditor.Android.Extensions.dll
Register platform support module: D:/UnityEditor/2021.3.1f1/Editor/Data/PlaybackEngines/WindowsStandaloneSupport/UnityEditor.WindowsStandalone.Extensions.dll
Registered in 0.004814 seconds.
Native extension for WindowsStandalone target not found
Native extension for Android target not found
Native extension for WebGL target not found
Refreshing native plugins compatible for Editor in 82.16 ms, found 2 plugins.
Preloading 0 native plugins for Editor in 0.00 ms.
Mono: successfully reloaded assembly
- Completed reload, in  1.057 seconds
Domain Reload Profiling:
	ReloadAssembly (1058ms)
		BeginReloadAssembly (141ms)
			ExecutionOrderSort (0ms)
			DisableScriptedObjects (0ms)
			BackupInstance (0ms)
			ReleaseScriptingObjects (0ms)
			CreateAndSetChildDomain (1ms)
		EndReloadAssembly (733ms)
			LoadAssemblies (141ms)
			RebuildTransferFunctionScriptingTraits (0ms)
			SetupTypeCache (206ms)
			ReleaseScriptCaches (0ms)
			RebuildScriptCaches (43ms)
			SetupLoadedEditorAssemblies (400ms)
				LogAssemblyErrors (0ms)
				InitializePlatformSupportModulesInManaged (91ms)
				SetLoadedEditorAssemblies (0ms)
				RefreshPlugins (82ms)
				BeforeProcessingInitializeOnLoad (2ms)
				ProcessInitializeOnLoadAttributes (151ms)
				ProcessInitializeOnLoadMethodAttributes (73ms)
				AfterProcessingInitializeOnLoad (0ms)
				EditorAssembliesLoaded (0ms)
			ExecutionOrderSort2 (0ms)
			AwakeInstancesAfterBackupRestoration (0ms)
Platform modules already initialized, skipping
Registering precompiled user dll's ...
Registered in 0.004304 seconds.
Begin MonoManager ReloadAssembly
Symbol file LoadedFromMemory is not a mono symbol file
Native extension for WindowsStandalone target not found
Native extension for Android target not found
Native extension for WebGL target not found
Refreshing native plugins compatible for Editor in 0.96 ms, found 2 plugins.
Preloading 0 native plugins for Editor in 0.00 ms.
Mono: successfully reloaded assembly
- Completed reload, in  1.728 seconds
Domain Reload Profiling:
	ReloadAssembly (1729ms)
		BeginReloadAssembly (293ms)
			ExecutionOrderSort (0ms)
			DisableScriptedObjects (8ms)
			BackupInstance (0ms)
			ReleaseScriptingObjects (0ms)
			CreateAndSetChildDomain (136ms)
		EndReloadAssembly (1272ms)
			LoadAssemblies (156ms)
			RebuildTransferFunctionScriptingTraits (0ms)
			SetupTypeCache (315ms)
			ReleaseScriptCaches (1ms)
			RebuildScriptCaches (78ms)
			SetupLoadedEditorAssemblies (671ms)
				LogAssemblyErrors (0ms)
				InitializePlatformSupportModulesInManaged (20ms)
				SetLoadedEditorAssemblies (1ms)
				RefreshPlugins (1ms)
				BeforeProcessingInitializeOnLoad (83ms)
				ProcessInitializeOnLoadAttributes (521ms)
				ProcessInitializeOnLoadMethodAttributes (40ms)
				AfterProcessingInitializeOnLoad (4ms)
				EditorAssembliesLoaded (0ms)
			ExecutionOrderSort2 (0ms)
			AwakeInstancesAfterBackupRestoration (10ms)
Platform modules already initialized, skipping
========================================================================
Worker process is ready to serve import requests
Launched and connected shader compiler UnityShaderCompiler.exe after 0.11 seconds
Refreshing native plugins compatible for Editor in 1.62 ms, found 2 plugins.
Preloading 0 native plugins for Editor in 0.00 ms.
Unloading 2200 Unused Serialized files (Serialized files now loaded: 0)
Unloading 66 unused Assets / (1.4 MB). Loaded Objects now: 2679.
Memory consumption went from 127.6 MB to 126.2 MB.
Total: 4.495100 ms (FindLiveObjects: 0.388900 ms CreateObjectMapping: 0.271200 ms MarkObjects: 3.428100 ms  DeleteObjects: 0.405500 ms)

AssetImportParameters requested are different than current active one (requested -> active):
  custom:video-decoder-ogg-theora: a1e56fd34408186e4bbccfd4996cb3dc -> 
  custom:container-muxer-webm: aa71ff27fc2769a1b78a27578f13a17b -> 
  custom:container-demuxer-webm: 4f35f7cbe854078d1ac9338744f61a02 -> 
  custom:video-encoder-webm-vp8: eb34c28f22e8b96e1ab97ce403110664 -> 
  custom:audio-encoder-webm-vorbis: bf7c407c2cedff20999df2af8eb42d56 -> 
  custom:framework-win-MediaFoundation: 216162199b28c13a410421893ffa2e32 -> 
  custom:container-demuxer-ogg: 62fdf1f143b41e24485cea50d1cbac27 -> 
  custom:video-decoder-webm-vp8: 9c59270c3fd7afecdb556c50c9e8de78 -> 
  custom:audio-decoder-ogg-vorbis: bf7c407c2cedff20999df2af8eb42d56 -> 
========================================================================
Received Import Request.
  Time since last request: 17307.820931 seconds.
  path: Assets/Prefab/Tiles/Level1Tiles/Tile2.prefab
  artifactKey: Guid(b72a0e90d81d2304bb1eb95d76f25f05) Importer(815301076,1909f56bfc062723c751e8b465ee728b)
Start importing Assets/Prefab/Tiles/Level1Tiles/Tile2.prefab using Guid(b72a0e90d81d2304bb1eb95d76f25f05) Importer(815301076,1909f56bfc062723c751e8b465ee728b)  -> (artifact id: 'c5bfb2da43c1d7634ebd12b14dfdd2a6') in 0.689794 seconds 
========================================================================
Received Import Request.
  Time since last request: 1.298072 seconds.
  path: Assets/Prefab/Tiles/Level1Tiles/Tile2.prefab
  artifactKey: Guid(b72a0e90d81d2304bb1eb95d76f25f05) Importer(815301076,1909f56bfc062723c751e8b465ee728b)
Start importing Assets/Prefab/Tiles/Level1Tiles/Tile2.prefab using Guid(b72a0e90d81d2304bb1eb95d76f25f05) Importer(815301076,1909f56bfc062723c751e8b465ee728b)  -> (artifact id: '44c17fcc11503d7b0f9b20a01758dabb') in 0.419406 seconds 
========================================================================
Received Import Request.
  Time since last request: 2.709134 seconds.
  path: Assets/Prefab/Tiles/Level1Tiles/Tile2.prefab
  artifactKey: Guid(b72a0e90d81d2304bb1eb95d76f25f05) Importer(815301076,1909f56bfc062723c751e8b465ee728b)
Start importing Assets/Prefab/Tiles/Level1Tiles/Tile2.prefab using Guid(b72a0e90d81d2304bb1eb95d76f25f05) Importer(815301076,1909f56bfc062723c751e8b465ee728b)  -> (artifact id: '6cbdf77fce37223661180bba175cc443') in 0.434629 seconds 
========================================================================
Received Import Request.
  Time since last request: 3.689877 seconds.
  path: Assets/Prefab/Tiles/Level1Tiles/Tile5.prefab
  artifactKey: Guid(2dbf89412dc59b74091635e636e5b6ff) Importer(815301076,1909f56bfc062723c751e8b465ee728b)
Start importing Assets/Prefab/Tiles/Level1Tiles/Tile5.prefab using Guid(2dbf89412dc59b74091635e636e5b6ff) Importer(815301076,1909f56bfc062723c751e8b465ee728b)  -> (artifact id: '61dd55adfb9671d640ca3a7d59ec8ef0') in 0.441933 seconds 
========================================================================
Received Prepare
Registering precompiled user dll's ...
Registered in 0.004902 seconds.
Begin MonoManager ReloadAssembly
Symbol file LoadedFromMemory is not a mono symbol file
Native extension for WindowsStandalone target not found
Native extension for Android target not found
Native extension for WebGL target not found
Refreshing native plugins compatible for Editor in 1.58 ms, found 2 plugins.
Preloading 0 native plugins for Editor in 0.00 ms.
Mono: successfully reloaded assembly
- Completed reload, in  1.862 seconds
Domain Reload Profiling:
	ReloadAssembly (1863ms)
		BeginReloadAssembly (255ms)
			ExecutionOrderSort (0ms)
			DisableScriptedObjects (7ms)
			BackupInstance (0ms)
			ReleaseScriptingObjects (0ms)
			CreateAndSetChildDomain (49ms)
		EndReloadAssembly (1457ms)
			LoadAssemblies (218ms)
			RebuildTransferFunctionScriptingTraits (0ms)
			SetupTypeCache (333ms)
			ReleaseScriptCaches (2ms)
			RebuildScriptCaches (73ms)
			SetupLoadedEditorAssemblies (790ms)
				LogAssemblyErrors (0ms)
				InitializePlatformSupportModulesInManaged (51ms)
				SetLoadedEditorAssemblies (1ms)
				RefreshPlugins (2ms)
				BeforeProcessingInitializeOnLoad (85ms)
				ProcessInitializeOnLoadAttributes (596ms)
				ProcessInitializeOnLoadMethodAttributes (50ms)
				AfterProcessingInitializeOnLoad (5ms)
				EditorAssembliesLoaded (0ms)
			ExecutionOrderSort2 (0ms)
			AwakeInstancesAfterBackupRestoration (12ms)
Platform modules already initialized, skipping
Refreshing native plugins compatible for Editor in 12.77 ms, found 2 plugins.
Preloading 0 native plugins for Editor in 0.00 ms.
Unloading 2148 Unused Serialized files (Serialized files now loaded: 0)
Unloading 49 unused Assets / (1.4 MB). Loaded Objects now: 2702.
Memory consumption went from 127.5 MB to 126.1 MB.
Total: 7.326700 ms (FindLiveObjects: 0.455900 ms CreateObjectMapping: 0.325800 ms MarkObjects: 5.829700 ms  DeleteObjects: 0.712800 ms)

AssetImportParameters requested are different than current active one (requested -> active):
  custom:video-decoder-ogg-theora: a1e56fd34408186e4bbccfd4996cb3dc -> 
  custom:container-muxer-webm: aa71ff27fc2769a1b78a27578f13a17b -> 
  custom:container-demuxer-webm: 4f35f7cbe854078d1ac9338744f61a02 -> 
  custom:video-encoder-webm-vp8: eb34c28f22e8b96e1ab97ce403110664 -> 
  custom:audio-encoder-webm-vorbis: bf7c407c2cedff20999df2af8eb42d56 -> 
  custom:framework-win-MediaFoundation: 216162199b28c13a410421893ffa2e32 -> 
  custom:container-demuxer-ogg: 62fdf1f143b41e24485cea50d1cbac27 -> 
  custom:video-decoder-webm-vp8: 9c59270c3fd7afecdb556c50c9e8de78 -> 
  custom:audio-decoder-ogg-vorbis: bf7c407c2cedff20999df2af8eb42d56 -> 
========================================================================
Received Import Request.
  Time since last request: 45.262501 seconds.
  path: Assets/Prefab/Engeller/Rock_6.prefab
  artifactKey: Guid(f042b30a51cfd754e9dd9a261d43aa49) Importer(815301076,1909f56bfc062723c751e8b465ee728b)
Start importing Assets/Prefab/Engeller/Rock_6.prefab using Guid(f042b30a51cfd754e9dd9a261d43aa49) Importer(815301076,1909f56bfc062723c751e8b465ee728b)  -> (artifact id: 'b7dc8af10b46648968a54b64b6cd290d') in 0.123181 seconds 
========================================================================
Received Import Request.
  Time since last request: 3.430257 seconds.
  path: Assets/Prefab/Engeller/Rock_6.prefab
  artifactKey: Guid(f042b30a51cfd754e9dd9a261d43aa49) Importer(815301076,1909f56bfc062723c751e8b465ee728b)
Start importing Assets/Prefab/Engeller/Rock_6.prefab using Guid(f042b30a51cfd754e9dd9a261d43aa49) Importer(815301076,1909f56bfc062723c751e8b465ee728b)  -> (artifact id: '6a09e01d2f8bb9da5bf300f0432efaba') in 0.011538 seconds 
========================================================================
Received Import Request.
  Time since last request: 31.741817 seconds.
  path: Assets/Prefab/Tiles/Level1Tiles/Tile1.prefab
  artifactKey: Guid(6183279987f8f8646a0eb0907adf35cf) Importer(815301076,1909f56bfc062723c751e8b465ee728b)
Start importing Assets/Prefab/Tiles/Level1Tiles/Tile1.prefab using Guid(6183279987f8f8646a0eb0907adf35cf) Importer(815301076,1909f56bfc062723c751e8b465ee728b)  -> (artifact id: '0c9b713ec38911965c500ce1e4479653') in 0.573101 seconds 
========================================================================
Received Import Request.
  Time since last request: 0.000026 seconds.
  path: Assets/Prefab/Tiles/Level1Tiles/Tile5.prefab
  artifactKey: Guid(2dbf89412dc59b74091635e636e5b6ff) Importer(815301076,1909f56bfc062723c751e8b465ee728b)
Start importing Assets/Prefab/Tiles/Level1Tiles/Tile5.prefab using Guid(2dbf89412dc59b74091635e636e5b6ff) Importer(815301076,1909f56bfc062723c751e8b465ee728b)  -> (artifact id: '880d58c04497ace35e9b2021078a580b') in 0.518108 seconds 
========================================================================
Received Import Request.
  Time since last request: 0.000040 seconds.
  path: Assets/Prefab/Tiles/Level1Tiles/Tile3.prefab
  artifactKey: Guid(c759f79f348de8f4bb6861d07ce7f862) Importer(815301076,1909f56bfc062723c751e8b465ee728b)
Start importing Assets/Prefab/Tiles/Level1Tiles/Tile3.prefab using Guid(c759f79f348de8f4bb6861d07ce7f862) Importer(815301076,1909f56bfc062723c751e8b465ee728b)  -> (artifact id: '96b91c8ee85c8deb0f6f4dd910609fd9') in 0.477685 seconds 
========================================================================
Received Import Request.
  Time since last request: 0.000038 seconds.
  path: Assets/Prefab/Tiles/Level1Tiles/Tile8.prefab
  artifactKey: Guid(c28439aedf6a2824985315c7ae2b19e8) Importer(815301076,1909f56bfc062723c751e8b465ee728b)
Start importing Assets/Prefab/Tiles/Level1Tiles/Tile8.prefab using Guid(c28439aedf6a2824985315c7ae2b19e8) Importer(815301076,1909f56bfc062723c751e8b465ee728b)  -> (artifact id: 'ddac351db8a3ffec00073ddffc451d2f') in 0.449058 seconds 
========================================================================
Received Import Request.
  Time since last request: 11.133455 seconds.
  path: Assets/Prefab/Tiles/Level1Tiles/Tile1 1.prefab
  artifactKey: Guid(5c0290bfdc7308f4faca32fb8bf80a01) Importer(815301076,1909f56bfc062723c751e8b465ee728b)
Start importing Assets/Prefab/Tiles/Level1Tiles/Tile1 1.prefab using Guid(5c0290bfdc7308f4faca32fb8bf80a01) Importer(815301076,1909f56bfc062723c751e8b465ee728b)  -> (artifact id: '0abb491db50a9fb33f45d96aeeb5180d') in 0.454606 seconds 
========================================================================
Received Import Request.
  Time since last request: 13.431980 seconds.
  path: Assets/Prefab/Tiles/Level1Tiles/Tile9.prefab
  artifactKey: Guid(5c0290bfdc7308f4faca32fb8bf80a01) Importer(815301076,1909f56bfc062723c751e8b465ee728b)
Start importing Assets/Prefab/Tiles/Level1Tiles/Tile9.prefab using Guid(5c0290bfdc7308f4faca32fb8bf80a01) Importer(815301076,1909f56bfc062723c751e8b465ee728b)  -> (artifact id: '7635fe58b0f9b9b9d118843a192a9423') in 0.445885 seconds 
========================================================================
Received Import Request.
  Time since last request: 20.499187 seconds.
  path: Assets/Prefab/Tiles/Level1Tiles/Tile9.prefab
  artifactKey: Guid(5c0290bfdc7308f4faca32fb8bf80a01) Importer(815301076,1909f56bfc062723c751e8b465ee728b)
Start importing Assets/Prefab/Tiles/Level1Tiles/Tile9.prefab using Guid(5c0290bfdc7308f4faca32fb8bf80a01) Importer(815301076,1909f56bfc062723c751e8b465ee728b)  -> (artifact id: 'b856f037ff15b29897628abcbdeeb5e4') in 0.430134 seconds 
========================================================================
Received Prepare
Registering precompiled user dll's ...
Registered in 0.004932 seconds.
Begin MonoManager ReloadAssembly
Symbol file LoadedFromMemory is not a mono symbol file
Native extension for WindowsStandalone target not found
Native extension for Android target not found
Native extension for WebGL target not found
Refreshing native plugins compatible for Editor in 1.25 ms, found 2 plugins.
Preloading 0 native plugins for Editor in 0.00 ms.
Mono: successfully reloaded assembly
- Completed reload, in  1.558 seconds
Domain Reload Profiling:
	ReloadAssembly (1559ms)
		BeginReloadAssembly (215ms)
			ExecutionOrderSort (0ms)
			DisableScriptedObjects (7ms)
			BackupInstance (0ms)
			ReleaseScriptingObjects (0ms)
			CreateAndSetChildDomain (47ms)
		EndReloadAssembly (1209ms)
			LoadAssemblies (167ms)
			RebuildTransferFunctionScriptingTraits (0ms)
			SetupTypeCache (281ms)
			ReleaseScriptCaches (1ms)
			RebuildScriptCaches (57ms)
			SetupLoadedEditorAssemblies (675ms)
				LogAssemblyErrors (0ms)
				InitializePlatformSupportModulesInManaged (55ms)
				SetLoadedEditorAssemblies (1ms)
				RefreshPlugins (1ms)
				BeforeProcessingInitializeOnLoad (67ms)
				ProcessInitializeOnLoadAttributes (502ms)
				ProcessInitializeOnLoadMethodAttributes (44ms)
				AfterProcessingInitializeOnLoad (4ms)
				EditorAssembliesLoaded (0ms)
			ExecutionOrderSort2 (0ms)
			AwakeInstancesAfterBackupRestoration (13ms)
Platform modules already initialized, skipping
Refreshing native plugins compatible for Editor in 9.13 ms, found 2 plugins.
Preloading 0 native plugins for Editor in 0.00 ms.
Unloading 2148 Unused Serialized files (Serialized files now loaded: 0)
Unloading 49 unused Assets / (1.4 MB). Loaded Objects now: 2718.
Memory consumption went from 127.5 MB to 126.2 MB.
Total: 6.301100 ms (FindLiveObjects: 0.404800 ms CreateObjectMapping: 0.305500 ms MarkObjects: 5.055900 ms  DeleteObjects: 0.532600 ms)

AssetImportParameters requested are different than current active one (requested -> active):
  custom:video-decoder-ogg-theora: a1e56fd34408186e4bbccfd4996cb3dc -> 
  custom:container-muxer-webm: aa71ff27fc2769a1b78a27578f13a17b -> 
  custom:container-demuxer-webm: 4f35f7cbe854078d1ac9338744f61a02 -> 
  custom:video-encoder-webm-vp8: eb34c28f22e8b96e1ab97ce403110664 -> 
  custom:audio-encoder-webm-vorbis: bf7c407c2cedff20999df2af8eb42d56 -> 
  custom:framework-win-MediaFoundation: 216162199b28c13a410421893ffa2e32 -> 
  custom:container-demuxer-ogg: 62fdf1f143b41e24485cea50d1cbac27 -> 
  custom:video-decoder-webm-vp8: 9c59270c3fd7afecdb556c50c9e8de78 -> 
  custom:audio-decoder-ogg-vorbis: bf7c407c2cedff20999df2af8eb42d56 -> 
========================================================================
Received Prepare
Registering precompiled user dll's ...
Registered in 0.004594 seconds.
Begin MonoManager ReloadAssembly
Symbol file LoadedFromMemory is not a mono symbol file
Native extension for WindowsStandalone target not found
Native extension for Android target not found
Native extension for WebGL target not found
Refreshing native plugins compatible for Editor in 1.09 ms, found 2 plugins.
Preloading 0 native plugins for Editor in 0.00 ms.
Mono: successfully reloaded assembly
- Completed reload, in  1.545 seconds
Domain Reload Profiling:
	ReloadAssembly (1546ms)
		BeginReloadAssembly (207ms)
			ExecutionOrderSort (0ms)
			DisableScriptedObjects (7ms)
			BackupInstance (0ms)
			ReleaseScriptingObjects (0ms)
			CreateAndSetChildDomain (45ms)
		EndReloadAssembly (1199ms)
			LoadAssemblies (166ms)
			RebuildTransferFunctionScriptingTraits (0ms)
			SetupTypeCache (282ms)
			ReleaseScriptCaches (1ms)
			RebuildScriptCaches (65ms)
			SetupLoadedEditorAssemblies (656ms)
				LogAssemblyErrors (0ms)
				InitializePlatformSupportModulesInManaged (31ms)
				SetLoadedEditorAssemblies (1ms)
				RefreshPlugins (1ms)
				BeforeProcessingInitializeOnLoad (68ms)
				ProcessInitializeOnLoadAttributes (510ms)
				ProcessInitializeOnLoadMethodAttributes (41ms)
				AfterProcessingInitializeOnLoad (4ms)
				EditorAssembliesLoaded (0ms)
			ExecutionOrderSort2 (0ms)
			AwakeInstancesAfterBackupRestoration (12ms)
Platform modules already initialized, skipping
Refreshing native plugins compatible for Editor in 8.82 ms, found 2 plugins.
Preloading 0 native plugins for Editor in 0.00 ms.
Unloading 2148 Unused Serialized files (Serialized files now loaded: 0)
Unloading 46 unused Assets / (1.4 MB). Loaded Objects now: 2734.
Memory consumption went from 127.5 MB to 126.2 MB.
Total: 6.195000 ms (FindLiveObjects: 0.322400 ms CreateObjectMapping: 0.287400 ms MarkObjects: 5.053400 ms  DeleteObjects: 0.529400 ms)

AssetImportParameters requested are different than current active one (requested -> active):
  custom:video-decoder-ogg-theora: a1e56fd34408186e4bbccfd4996cb3dc -> 
  custom:container-muxer-webm: aa71ff27fc2769a1b78a27578f13a17b -> 
  custom:container-demuxer-webm: 4f35f7cbe854078d1ac9338744f61a02 -> 
  custom:video-encoder-webm-vp8: eb34c28f22e8b96e1ab97ce403110664 -> 
  custom:audio-encoder-webm-vorbis: bf7c407c2cedff20999df2af8eb42d56 -> 
  custom:framework-win-MediaFoundation: 216162199b28c13a410421893ffa2e32 -> 
  custom:container-demuxer-ogg: 62fdf1f143b41e24485cea50d1cbac27 -> 
  custom:video-decoder-webm-vp8: 9c59270c3fd7afecdb556c50c9e8de78 -> 
  custom:audio-decoder-ogg-vorbis: bf7c407c2cedff20999df2af8eb42d56 -> 
========================================================================
Received Import Request.
  Time since last request: 148.005909 seconds.
  path: Assets/Prefab/Tiles/Level1Tiles/Tile9.prefab
  artifactKey: Guid(5c0290bfdc7308f4faca32fb8bf80a01) Importer(815301076,1909f56bfc062723c751e8b465ee728b)
Start importing Assets/Prefab/Tiles/Level1Tiles/Tile9.prefab using Guid(5c0290bfdc7308f4faca32fb8bf80a01) Importer(815301076,1909f56bfc062723c751e8b465ee728b)  -> (artifact id: '44dfaa7bbc8830357a8cce985ea6da97') in 0.508331 seconds 
========================================================================
Received Import Request.
  Time since last request: 2.439611 seconds.
  path: Assets/Prefab/Tiles/Level1Tiles/Tile9.prefab
  artifactKey: Guid(5c0290bfdc7308f4faca32fb8bf80a01) Importer(815301076,1909f56bfc062723c751e8b465ee728b)
Start importing Assets/Prefab/Tiles/Level1Tiles/Tile9.prefab using Guid(5c0290bfdc7308f4faca32fb8bf80a01) Importer(815301076,1909f56bfc062723c751e8b465ee728b)  -> (artifact id: 'bd1d47fa2b2d4dbd264023a7d49067d7') in 0.432675 seconds 
========================================================================
Received Import Request.
  Time since last request: 11.986527 seconds.
  path: Assets/Prefab/Tiles/Level1Tiles/Tile9.prefab
  artifactKey: Guid(5c0290bfdc7308f4faca32fb8bf80a01) Importer(815301076,1909f56bfc062723c751e8b465ee728b)
Start importing Assets/Prefab/Tiles/Level1Tiles/Tile9.prefab using Guid(5c0290bfdc7308f4faca32fb8bf80a01) Importer(815301076,1909f56bfc062723c751e8b465ee728b)  -> (artifact id: '00a7d719e95e3472ef194d381d32a174') in 0.424478 seconds 
========================================================================
Received Import Request.
  Time since last request: 32.399344 seconds.
  path: Assets/Prefab/Tiles/Level1Tiles/Tile9.prefab
  artifactKey: Guid(5c0290bfdc7308f4faca32fb8bf80a01) Importer(815301076,1909f56bfc062723c751e8b465ee728b)
Start importing Assets/Prefab/Tiles/Level1Tiles/Tile9.prefab using Guid(5c0290bfdc7308f4faca32fb8bf80a01) Importer(815301076,1909f56bfc062723c751e8b465ee728b)  -> (artifact id: 'd544288de6b2e0ccc3f12e478868622e') in 0.458274 seconds 
========================================================================
Received Import Request.
  Time since last request: 4.049214 seconds.
  path: Assets/Prefab/Tiles/Level1Tiles/Tile9.prefab
  artifactKey: Guid(5c0290bfdc7308f4faca32fb8bf80a01) Importer(815301076,1909f56bfc062723c751e8b465ee728b)
Start importing Assets/Prefab/Tiles/Level1Tiles/Tile9.prefab using Guid(5c0290bfdc7308f4faca32fb8bf80a01) Importer(815301076,1909f56bfc062723c751e8b465ee728b)  -> (artifact id: '76d36090ea1682ade2c3a50224409f5d') in 0.429168 seconds 
========================================================================
Received Import Request.
  Time since last request: 3.166836 seconds.
  path: Assets/Prefab/Tiles/Level1Tiles/Tile9.prefab
  artifactKey: Guid(5c0290bfdc7308f4faca32fb8bf80a01) Importer(815301076,1909f56bfc062723c751e8b465ee728b)
Start importing Assets/Prefab/Tiles/Level1Tiles/Tile9.prefab using Guid(5c0290bfdc7308f4faca32fb8bf80a01) Importer(815301076,1909f56bfc062723c751e8b465ee728b)  -> (artifact id: 'aafd38e4776d591ebfee3fe3191e7f71') in 0.405253 seconds 
========================================================================
Received Import Request.
  Time since last request: 10.997587 seconds.
  path: Assets/Prefab/Tiles/Level1Tiles/Tile9.prefab
  artifactKey: Guid(5c0290bfdc7308f4faca32fb8bf80a01) Importer(815301076,1909f56bfc062723c751e8b465ee728b)
Start importing Assets/Prefab/Tiles/Level1Tiles/Tile9.prefab using Guid(5c0290bfdc7308f4faca32fb8bf80a01) Importer(815301076,1909f56bfc062723c751e8b465ee728b)  -> (artifact id: 'c0b784be2ca1672f0f0f274b488b4efc') in 0.417773 seconds 
========================================================================
Received Import Request.
  Time since last request: 0.775201 seconds.
  path: Assets/Prefab/Tiles/Level1Tiles/Tile9.prefab
  artifactKey: Guid(5c0290bfdc7308f4faca32fb8bf80a01) Importer(815301076,1909f56bfc062723c751e8b465ee728b)
Start importing Assets/Prefab/Tiles/Level1Tiles/Tile9.prefab using Guid(5c0290bfdc7308f4faca32fb8bf80a01) Importer(815301076,1909f56bfc062723c751e8b465ee728b)  -> (artifact id: 'fb8354d6f2f528c1d9787a6196b2ece7') in 0.481203 seconds 
========================================================================
Received Import Request.
  Time since last request: 1.466186 seconds.
  path: Assets/Prefab/Tiles/Level1Tiles/Tile9.prefab
  artifactKey: Guid(5c0290bfdc7308f4faca32fb8bf80a01) Importer(815301076,1909f56bfc062723c751e8b465ee728b)
Start importing Assets/Prefab/Tiles/Level1Tiles/Tile9.prefab using Guid(5c0290bfdc7308f4faca32fb8bf80a01) Importer(815301076,1909f56bfc062723c751e8b465ee728b)  -> (artifact id: '892b0d2cd51d02a9a90c31d13fcb94c1') in 0.421244 seconds 
========================================================================
Received Import Request.
  Time since last request: 1.392170 seconds.
  path: Assets/Prefab/Tiles/Level1Tiles/Tile9.prefab
  artifactKey: Guid(5c0290bfdc7308f4faca32fb8bf80a01) Importer(815301076,1909f56bfc062723c751e8b465ee728b)
Start importing Assets/Prefab/Tiles/Level1Tiles/Tile9.prefab using Guid(5c0290bfdc7308f4faca32fb8bf80a01) Importer(815301076,1909f56bfc062723c751e8b465ee728b)  -> (artifact id: 'da5afa994ab18724cdb5e9da9504ce24') in 0.414646 seconds 
========================================================================
Received Prepare
Registering precompiled user dll's ...
Registered in 0.004263 seconds.
Begin MonoManager ReloadAssembly
Symbol file LoadedFromMemory is not a mono symbol file
Native extension for WindowsStandalone target not found
Native extension for Android target not found
Native extension for WebGL target not found
Refreshing native plugins compatible for Editor in 0.86 ms, found 2 plugins.
Preloading 0 native plugins for Editor in 0.00 ms.
Mono: successfully reloaded assembly
- Completed reload, in  1.552 seconds
Domain Reload Profiling:
	ReloadAssembly (1554ms)
		BeginReloadAssembly (204ms)
			ExecutionOrderSort (0ms)
			DisableScriptedObjects (6ms)
			BackupInstance (0ms)
			ReleaseScriptingObjects (0ms)
			CreateAndSetChildDomain (47ms)
		EndReloadAssembly (1207ms)
			LoadAssemblies (158ms)
			RebuildTransferFunctionScriptingTraits (0ms)
			SetupTypeCache (269ms)
			ReleaseScriptCaches (1ms)
			RebuildScriptCaches (58ms)
			SetupLoadedEditorAssemblies (674ms)
				LogAssemblyErrors (0ms)
				InitializePlatformSupportModulesInManaged (32ms)
				SetLoadedEditorAssemblies (1ms)
				RefreshPlugins (1ms)
				BeforeProcessingInitializeOnLoad (72ms)
				ProcessInitializeOnLoadAttributes (524ms)
				ProcessInitializeOnLoadMethodAttributes (39ms)
				AfterProcessingInitializeOnLoad (5ms)
				EditorAssembliesLoaded (0ms)
			ExecutionOrderSort2 (0ms)
			AwakeInstancesAfterBackupRestoration (12ms)
Platform modules already initialized, skipping
Refreshing native plugins compatible for Editor in 9.27 ms, found 2 plugins.
Preloading 0 native plugins for Editor in 0.00 ms.
Unloading 2148 Unused Serialized files (Serialized files now loaded: 0)
Unloading 49 unused Assets / (1.4 MB). Loaded Objects now: 2750.
Memory consumption went from 127.6 MB to 126.2 MB.
Total: 6.688700 ms (FindLiveObjects: 0.375700 ms CreateObjectMapping: 0.334600 ms MarkObjects: 5.518400 ms  DeleteObjects: 0.457400 ms)

AssetImportParameters requested are different than current active one (requested -> active):
  custom:video-decoder-ogg-theora: a1e56fd34408186e4bbccfd4996cb3dc -> 
  custom:container-muxer-webm: aa71ff27fc2769a1b78a27578f13a17b -> 
  custom:container-demuxer-webm: 4f35f7cbe854078d1ac9338744f61a02 -> 
  custom:video-encoder-webm-vp8: eb34c28f22e8b96e1ab97ce403110664 -> 
  custom:audio-encoder-webm-vorbis: bf7c407c2cedff20999df2af8eb42d56 -> 
  custom:framework-win-MediaFoundation: 216162199b28c13a410421893ffa2e32 -> 
  custom:container-demuxer-ogg: 62fdf1f143b41e24485cea50d1cbac27 -> 
  custom:video-decoder-webm-vp8: 9c59270c3fd7afecdb556c50c9e8de78 -> 
  custom:audio-decoder-ogg-vorbis: bf7c407c2cedff20999df2af8eb42d56 -> 
========================================================================
Received Import Request.
  Time since last request: 84.533498 seconds.
  path: Assets/Prefab/Tiles/Level1Tiles/Tile4.prefab
  artifactKey: Guid(856dc2f57535bdb4e9d33eff1a9c3704) Importer(815301076,1909f56bfc062723c751e8b465ee728b)
Start importing Assets/Prefab/Tiles/Level1Tiles/Tile4.prefab using Guid(856dc2f57535bdb4e9d33eff1a9c3704) Importer(815301076,1909f56bfc062723c751e8b465ee728b)  -> (artifact id: '6e13c7bdca39f432e295332d0e44a89d') in 0.520594 seconds 
========================================================================
Received Import Request.
  Time since last request: 7.875785 seconds.
  path: Assets/Prefab/Tiles/Level1Tiles/Tile6 1.prefab
  artifactKey: Guid(2ddf00e2943d6364f9d82ebf9bb03ab9) Importer(815301076,1909f56bfc062723c751e8b465ee728b)
Start importing Assets/Prefab/Tiles/Level1Tiles/Tile6 1.prefab using Guid(2ddf00e2943d6364f9d82ebf9bb03ab9) Importer(815301076,1909f56bfc062723c751e8b465ee728b)  -> (artifact id: 'ef5ffa398cac77d98ef42226c27b02ad') in 0.424950 seconds 
========================================================================
Received Import Request.
  Time since last request: 6.039776 seconds.
  path: Assets/Prefab/Tiles/Level1Tiles/Tile10.prefab
  artifactKey: Guid(2ddf00e2943d6364f9d82ebf9bb03ab9) Importer(815301076,1909f56bfc062723c751e8b465ee728b)
Start importing Assets/Prefab/Tiles/Level1Tiles/Tile10.prefab using Guid(2ddf00e2943d6364f9d82ebf9bb03ab9) Importer(815301076,1909f56bfc062723c751e8b465ee728b)  -> (artifact id: '55714180930a8f14869b2d6ed0ec28a6') in 0.440060 seconds 
========================================================================
Received Import Request.
  Time since last request: 8.685520 seconds.
  path: Assets/Prefab/Tiles/Level1Tiles/Tile10.prefab
  artifactKey: Guid(2ddf00e2943d6364f9d82ebf9bb03ab9) Importer(815301076,1909f56bfc062723c751e8b465ee728b)
Start importing Assets/Prefab/Tiles/Level1Tiles/Tile10.prefab using Guid(2ddf00e2943d6364f9d82ebf9bb03ab9) Importer(815301076,1909f56bfc062723c751e8b465ee728b)  -> (artifact id: '4d96377882106c66b76b0a7df0e6210c') in 0.414388 seconds 
========================================================================
Received Import Request.
  Time since last request: 2.559882 seconds.
  path: Assets/Prefab/Tiles/Level1Tiles/Tile10.prefab
  artifactKey: Guid(2ddf00e2943d6364f9d82ebf9bb03ab9) Importer(815301076,1909f56bfc062723c751e8b465ee728b)
Start importing Assets/Prefab/Tiles/Level1Tiles/Tile10.prefab using Guid(2ddf00e2943d6364f9d82ebf9bb03ab9) Importer(815301076,1909f56bfc062723c751e8b465ee728b)  -> (artifact id: '5100f55ade67e88a10752b14da9befd0') in 0.418995 seconds 
========================================================================
Received Import Request.
  Time since last request: 4.617129 seconds.
  path: Assets/Prefab/Tiles/Level1Tiles/Tile10.prefab
  artifactKey: Guid(2ddf00e2943d6364f9d82ebf9bb03ab9) Importer(815301076,1909f56bfc062723c751e8b465ee728b)
Start importing Assets/Prefab/Tiles/Level1Tiles/Tile10.prefab using Guid(2ddf00e2943d6364f9d82ebf9bb03ab9) Importer(815301076,1909f56bfc062723c751e8b465ee728b)  -> (artifact id: 'afd5844982603e00c6479e99ecb17966') in 0.435379 seconds 
========================================================================
Received Import Request.
  Time since last request: 4.314544 seconds.
  path: Assets/Prefab/Tiles/Level1Tiles/Tile10.prefab
  artifactKey: Guid(2ddf00e2943d6364f9d82ebf9bb03ab9) Importer(815301076,1909f56bfc062723c751e8b465ee728b)
Start importing Assets/Prefab/Tiles/Level1Tiles/Tile10.prefab using Guid(2ddf00e2943d6364f9d82ebf9bb03ab9) Importer(815301076,1909f56bfc062723c751e8b465ee728b)  -> (artifact id: '6ea3794791483505506fdc3b4c754a56') in 0.417790 seconds 
========================================================================
Received Import Request.
  Time since last request: 1.810212 seconds.
  path: Assets/Prefab/Tiles/Level1Tiles/Tile10.prefab
  artifactKey: Guid(2ddf00e2943d6364f9d82ebf9bb03ab9) Importer(815301076,1909f56bfc062723c751e8b465ee728b)
Start importing Assets/Prefab/Tiles/Level1Tiles/Tile10.prefab using Guid(2ddf00e2943d6364f9d82ebf9bb03ab9) Importer(815301076,1909f56bfc062723c751e8b465ee728b)  -> (artifact id: '42156153f1f0b1538ea96a1bcbf44dde') in 0.446649 seconds 
========================================================================
Received Prepare
Registering precompiled user dll's ...
Registered in 0.004111 seconds.
Begin MonoManager ReloadAssembly
Symbol file LoadedFromMemory is not a mono symbol file
Native extension for WindowsStandalone target not found
Native extension for Android target not found
Native extension for WebGL target not found
Refreshing native plugins compatible for Editor in 0.92 ms, found 2 plugins.
Preloading 0 native plugins for Editor in 0.00 ms.
Mono: successfully reloaded assembly
- Completed reload, in  1.575 seconds
Domain Reload Profiling:
	ReloadAssembly (1576ms)
		BeginReloadAssembly (245ms)
			ExecutionOrderSort (0ms)
			DisableScriptedObjects (8ms)
			BackupInstance (0ms)
			ReleaseScriptingObjects (0ms)
			CreateAndSetChildDomain (54ms)
		EndReloadAssembly (1199ms)
			LoadAssemblies (190ms)
			RebuildTransferFunctionScriptingTraits (0ms)
			SetupTypeCache (283ms)
			ReleaseScriptCaches (1ms)
			RebuildScriptCaches (64ms)
			SetupLoadedEditorAssemblies (664ms)
				LogAssemblyErrors (0ms)
				InitializePlatformSupportModulesInManaged (33ms)
				SetLoadedEditorAssemblies (1ms)
				RefreshPlugins (1ms)
				BeforeProcessingInitializeOnLoad (75ms)
				ProcessInitializeOnLoadAttributes (509ms)
				ProcessInitializeOnLoadMethodAttributes (40ms)
				AfterProcessingInitializeOnLoad (5ms)
				EditorAssembliesLoaded (0ms)
			ExecutionOrderSort2 (0ms)
			AwakeInstancesAfterBackupRestoration (13ms)
Platform modules already initialized, skipping
Refreshing native plugins compatible for Editor in 8.97 ms, found 2 plugins.
Preloading 0 native plugins for Editor in 0.00 ms.
Unloading 2148 Unused Serialized files (Serialized files now loaded: 0)
Unloading 49 unused Assets / (1.4 MB). Loaded Objects now: 2766.
Memory consumption went from 127.6 MB to 126.2 MB.
Total: 6.406400 ms (FindLiveObjects: 0.373800 ms CreateObjectMapping: 0.294700 ms MarkObjects: 5.210500 ms  DeleteObjects: 0.525500 ms)

AssetImportParameters requested are different than current active one (requested -> active):
  custom:video-decoder-ogg-theora: a1e56fd34408186e4bbccfd4996cb3dc -> 
  custom:container-muxer-webm: aa71ff27fc2769a1b78a27578f13a17b -> 
  custom:container-demuxer-webm: 4f35f7cbe854078d1ac9338744f61a02 -> 
  custom:video-encoder-webm-vp8: eb34c28f22e8b96e1ab97ce403110664 -> 
  custom:audio-encoder-webm-vorbis: bf7c407c2cedff20999df2af8eb42d56 -> 
  custom:framework-win-MediaFoundation: 216162199b28c13a410421893ffa2e32 -> 
  custom:container-demuxer-ogg: 62fdf1f143b41e24485cea50d1cbac27 -> 
  custom:video-decoder-webm-vp8: 9c59270c3fd7afecdb556c50c9e8de78 -> 
  custom:audio-decoder-ogg-vorbis: bf7c407c2cedff20999df2af8eb42d56 -> 
========================================================================
Received Import Request.
  Time since last request: 35.143999 seconds.
  path: Assets/Prefab/Tiles/Level1Tiles/Tile8.prefab
  artifactKey: Guid(c28439aedf6a2824985315c7ae2b19e8) Importer(815301076,1909f56bfc062723c751e8b465ee728b)
Start importing Assets/Prefab/Tiles/Level1Tiles/Tile8.prefab using Guid(c28439aedf6a2824985315c7ae2b19e8) Importer(815301076,1909f56bfc062723c751e8b465ee728b)  -> (artifact id: '86214f6571f1f53dbfe9ecd763190703') in 0.504763 seconds 
========================================================================
Received Import Request.
  Time since last request: 2.128022 seconds.
  path: Assets/Prefab/Tiles/Level1Tiles/Tile8.prefab
  artifactKey: Guid(c28439aedf6a2824985315c7ae2b19e8) Importer(815301076,1909f56bfc062723c751e8b465ee728b)
Start importing Assets/Prefab/Tiles/Level1Tiles/Tile8.prefab using Guid(c28439aedf6a2824985315c7ae2b19e8) Importer(815301076,1909f56bfc062723c751e8b465ee728b)  -> (artifact id: '0d8945c4964c751b3929b40f3e43e20b') in 0.432850 seconds 
========================================================================
Received Import Request.
  Time since last request: 2.021726 seconds.
  path: Assets/Prefab/Tiles/Level1Tiles/Tile8.prefab
  artifactKey: Guid(c28439aedf6a2824985315c7ae2b19e8) Importer(815301076,1909f56bfc062723c751e8b465ee728b)
Start importing Assets/Prefab/Tiles/Level1Tiles/Tile8.prefab using Guid(c28439aedf6a2824985315c7ae2b19e8) Importer(815301076,1909f56bfc062723c751e8b465ee728b)  -> (artifact id: 'd56c65e3b2f63312d4a55b6c2fd7fd5d') in 0.407931 seconds 
========================================================================
Received Import Request.
  Time since last request: 2.277228 seconds.
  path: Assets/Prefab/Tiles/Level1Tiles/Tile8.prefab
  artifactKey: Guid(c28439aedf6a2824985315c7ae2b19e8) Importer(815301076,1909f56bfc062723c751e8b465ee728b)
Start importing Assets/Prefab/Tiles/Level1Tiles/Tile8.prefab using Guid(c28439aedf6a2824985315c7ae2b19e8) Importer(815301076,1909f56bfc062723c751e8b465ee728b)  -> (artifact id: 'f9e02a33612bec6dff1c666fcf434867') in 0.419690 seconds 
========================================================================
Received Import Request.
  Time since last request: 2.206970 seconds.
  path: Assets/Prefab/Tiles/Level1Tiles/Tile8.prefab
  artifactKey: Guid(c28439aedf6a2824985315c7ae2b19e8) Importer(815301076,1909f56bfc062723c751e8b465ee728b)
Start importing Assets/Prefab/Tiles/Level1Tiles/Tile8.prefab using Guid(c28439aedf6a2824985315c7ae2b19e8) Importer(815301076,1909f56bfc062723c751e8b465ee728b)  -> (artifact id: 'b1511e65895be3b6b3cd7b933a6bcd00') in 0.438696 seconds 
========================================================================
Received Import Request.
  Time since last request: 0.467685 seconds.
  path: Assets/Prefab/Tiles/Level1Tiles/Tile8.prefab
  artifactKey: Guid(c28439aedf6a2824985315c7ae2b19e8) Importer(815301076,1909f56bfc062723c751e8b465ee728b)
Start importing Assets/Prefab/Tiles/Level1Tiles/Tile8.prefab using Guid(c28439aedf6a2824985315c7ae2b19e8) Importer(815301076,1909f56bfc062723c751e8b465ee728b)  -> (artifact id: '985555ff3aa0f15988ad9ce338d8e272') in 0.415207 seconds 
========================================================================
Received Import Request.
  Time since last request: 0.304405 seconds.
  path: Assets/Prefab/Tiles/Level1Tiles/Tile8.prefab
  artifactKey: Guid(c28439aedf6a2824985315c7ae2b19e8) Importer(815301076,1909f56bfc062723c751e8b465ee728b)
Start importing Assets/Prefab/Tiles/Level1Tiles/Tile8.prefab using Guid(c28439aedf6a2824985315c7ae2b19e8) Importer(815301076,1909f56bfc062723c751e8b465ee728b)  -> (artifact id: '531cdebffa8ee011913d337d7cb9a944') in 0.458143 seconds 
========================================================================
Received Import Request.
  Time since last request: 3.077577 seconds.
  path: Assets/Prefab/Tiles/Level1Tiles/Tile8.prefab
  artifactKey: Guid(c28439aedf6a2824985315c7ae2b19e8) Importer(815301076,1909f56bfc062723c751e8b465ee728b)
Start importing Assets/Prefab/Tiles/Level1Tiles/Tile8.prefab using Guid(c28439aedf6a2824985315c7ae2b19e8) Importer(815301076,1909f56bfc062723c751e8b465ee728b)  -> (artifact id: '58ea36776f2d923d9767b0935a0a6255') in 0.426545 seconds 
========================================================================
Received Import Request.
  Time since last request: 1.439156 seconds.
  path: Assets/Prefab/Tiles/Level1Tiles/Tile8.prefab
  artifactKey: Guid(c28439aedf6a2824985315c7ae2b19e8) Importer(815301076,1909f56bfc062723c751e8b465ee728b)
Start importing Assets/Prefab/Tiles/Level1Tiles/Tile8.prefab using Guid(c28439aedf6a2824985315c7ae2b19e8) Importer(815301076,1909f56bfc062723c751e8b465ee728b)  -> (artifact id: '9ed350e1d1e5d257ebd718b5b65d6dc4') in 0.421620 seconds 
========================================================================
Received Import Request.
  Time since last request: 4.220074 seconds.
  path: Assets/Prefab/Tiles/Level1Tiles/Tile8.prefab
  artifactKey: Guid(c28439aedf6a2824985315c7ae2b19e8) Importer(815301076,1909f56bfc062723c751e8b465ee728b)
Start importing Assets/Prefab/Tiles/Level1Tiles/Tile8.prefab using Guid(c28439aedf6a2824985315c7ae2b19e8) Importer(815301076,1909f56bfc062723c751e8b465ee728b)  -> (artifact id: '32916f9fc47b65d64e83ed0f0aec0d69') in 0.445482 seconds 
========================================================================
Received Prepare
Registering precompiled user dll's ...
Registered in 0.006043 seconds.
Begin MonoManager ReloadAssembly
Symbol file LoadedFromMemory is not a mono symbol file
Native extension for WindowsStandalone target not found
Native extension for Android target not found
Native extension for WebGL target not found
Refreshing native plugins compatible for Editor in 0.91 ms, found 2 plugins.
Preloading 0 native plugins for Editor in 0.00 ms.
Mono: successfully reloaded assembly
- Completed reload, in  1.641 seconds
Domain Reload Profiling:
	ReloadAssembly (1642ms)
		BeginReloadAssembly (213ms)
			ExecutionOrderSort (0ms)
			DisableScriptedObjects (7ms)
			BackupInstance (0ms)
			ReleaseScriptingObjects (0ms)
			CreateAndSetChildDomain (54ms)
		EndReloadAssembly (1283ms)
			LoadAssemblies (150ms)
			RebuildTransferFunctionScriptingTraits (0ms)
			SetupTypeCache (337ms)
			ReleaseScriptCaches (1ms)
			RebuildScriptCaches (68ms)
			SetupLoadedEditorAssemblies (674ms)
				LogAssemblyErrors (0ms)
				InitializePlatformSupportModulesInManaged (35ms)
				SetLoadedEditorAssemblies (1ms)
				RefreshPlugins (1ms)
				BeforeProcessingInitializeOnLoad (70ms)
				ProcessInitializeOnLoadAttributes (519ms)
				ProcessInitializeOnLoadMethodAttributes (43ms)
				AfterProcessingInitializeOnLoad (5ms)
				EditorAssembliesLoaded (0ms)
			ExecutionOrderSort2 (0ms)
			AwakeInstancesAfterBackupRestoration (12ms)
Platform modules already initialized, skipping
Refreshing native plugins compatible for Editor in 9.23 ms, found 2 plugins.
Preloading 0 native plugins for Editor in 0.00 ms.
Unloading 2148 Unused Serialized files (Serialized files now loaded: 0)
Unloading 49 unused Assets / (1.4 MB). Loaded Objects now: 2782.
Memory consumption went from 127.7 MB to 126.4 MB.
Total: 6.519000 ms (FindLiveObjects: 0.383500 ms CreateObjectMapping: 0.373700 ms MarkObjects: 5.292900 ms  DeleteObjects: 0.467100 ms)

AssetImportParameters requested are different than current active one (requested -> active):
  custom:video-decoder-ogg-theora: a1e56fd34408186e4bbccfd4996cb3dc -> 
  custom:container-muxer-webm: aa71ff27fc2769a1b78a27578f13a17b -> 
  custom:container-demuxer-webm: 4f35f7cbe854078d1ac9338744f61a02 -> 
  custom:video-encoder-webm-vp8: eb34c28f22e8b96e1ab97ce403110664 -> 
  custom:audio-encoder-webm-vorbis: bf7c407c2cedff20999df2af8eb42d56 -> 
  custom:framework-win-MediaFoundation: 216162199b28c13a410421893ffa2e32 -> 
  custom:container-demuxer-ogg: 62fdf1f143b41e24485cea50d1cbac27 -> 
  custom:video-decoder-webm-vp8: 9c59270c3fd7afecdb556c50c9e8de78 -> 
  custom:audio-decoder-ogg-vorbis: bf7c407c2cedff20999df2af8eb42d56 -> 
========================================================================
Received Prepare
Registering precompiled user dll's ...
Registered in 0.005242 seconds.
Begin MonoManager ReloadAssembly
Symbol file LoadedFromMemory is not a mono symbol file
Native extension for WindowsStandalone target not found
Native extension for Android target not found
Native extension for WebGL target not found
Refreshing native plugins compatible for Editor in 1.59 ms, found 2 plugins.
Preloading 0 native plugins for Editor in 0.00 ms.
Mono: successfully reloaded assembly
- Completed reload, in  1.621 seconds
Domain Reload Profiling:
	ReloadAssembly (1622ms)
		BeginReloadAssembly (205ms)
			ExecutionOrderSort (0ms)
			DisableScriptedObjects (7ms)
			BackupInstance (0ms)
			ReleaseScriptingObjects (0ms)
			CreateAndSetChildDomain (44ms)
		EndReloadAssembly (1282ms)
			LoadAssemblies (165ms)
			RebuildTransferFunctionScriptingTraits (0ms)
			SetupTypeCache (297ms)
			ReleaseScriptCaches (1ms)
			RebuildScriptCaches (67ms)
			SetupLoadedEditorAssemblies (713ms)
				LogAssemblyErrors (0ms)
				InitializePlatformSupportModulesInManaged (51ms)
				SetLoadedEditorAssemblies (1ms)
				RefreshPlugins (2ms)
				BeforeProcessingInitializeOnLoad (75ms)
				ProcessInitializeOnLoadAttributes (539ms)
				ProcessInitializeOnLoadMethodAttributes (40ms)
				AfterProcessingInitializeOnLoad (4ms)
				EditorAssembliesLoaded (0ms)
			ExecutionOrderSort2 (0ms)
			AwakeInstancesAfterBackupRestoration (12ms)
Platform modules already initialized, skipping
Refreshing native plugins compatible for Editor in 8.79 ms, found 2 plugins.
Preloading 0 native plugins for Editor in 0.00 ms.
Unloading 2148 Unused Serialized files (Serialized files now loaded: 0)
Unloading 46 unused Assets / (1.4 MB). Loaded Objects now: 2798.
Memory consumption went from 127.7 MB to 126.4 MB.
Total: 6.348900 ms (FindLiveObjects: 0.384900 ms CreateObjectMapping: 0.311000 ms MarkObjects: 5.262600 ms  DeleteObjects: 0.388500 ms)

AssetImportParameters requested are different than current active one (requested -> active):
  custom:video-decoder-ogg-theora: a1e56fd34408186e4bbccfd4996cb3dc -> 
  custom:container-muxer-webm: aa71ff27fc2769a1b78a27578f13a17b -> 
  custom:container-demuxer-webm: 4f35f7cbe854078d1ac9338744f61a02 -> 
  custom:video-encoder-webm-vp8: eb34c28f22e8b96e1ab97ce403110664 -> 
  custom:audio-encoder-webm-vorbis: bf7c407c2cedff20999df2af8eb42d56 -> 
  custom:framework-win-MediaFoundation: 216162199b28c13a410421893ffa2e32 -> 
  custom:container-demuxer-ogg: 62fdf1f143b41e24485cea50d1cbac27 -> 
  custom:video-decoder-webm-vp8: 9c59270c3fd7afecdb556c50c9e8de78 -> 
  custom:audio-decoder-ogg-vorbis: bf7c407c2cedff20999df2af8eb42d56 -> 
