Using pre-set license
Built from '2021.3/staging' branch; Version is '2021.3.1f1 (3b70a0754835) revision 3895456'; Using compiler version '192829333'; Build Type 'Release'
OS: 'Windows 10  (10.0.19043) 64bit Core' Language: 'tr' Physical Memory: 7976 MB
BatchMode: 1, IsHumanControllingUs: 0, StartBugReporterOnCrash: 0, Is64bit: 1, IsPro: 1

COMMAND LINE ARGUMENTS:
C:\Program Files\Unity\Hub\Editor\2021.3.1f1\Editor\Unity.exe
-adb2
-batchMode
-noUpm
-name
AssetImportWorker47
-projectPath
C:/Users/batuh/Desktop/Space Buzz/Clone2/The-100/SpaceBuzz
-logFile
Logs/AssetImportWorker47.log
-srvPort
53515
Successfully changed project path to: C:/Users/batuh/Desktop/Space Buzz/Clone2/The-100/SpaceBuzz
C:/Users/batuh/Desktop/Space Buzz/Clone2/The-100/SpaceBuzz
[UnityMemory] Configuration Parameters - Can be set up in boot.config
    "memorysetup-bucket-allocator-granularity=16"
    "memorysetup-bucket-allocator-bucket-count=8"
    "memorysetup-bucket-allocator-block-size=33554432"
    "memorysetup-bucket-allocator-block-count=8"
    "memorysetup-main-allocator-block-size=16777216"
    "memorysetup-thread-allocator-block-size=16777216"
    "memorysetup-gfx-main-allocator-block-size=16777216"
    "memorysetup-gfx-thread-allocator-block-size=16777216"
    "memorysetup-cache-allocator-block-size=4194304"
    "memorysetup-typetree-allocator-block-size=2097152"
    "memorysetup-profiler-bucket-allocator-granularity=16"
    "memorysetup-profiler-bucket-allocator-bucket-count=8"
    "memorysetup-profiler-bucket-allocator-block-size=33554432"
    "memorysetup-profiler-bucket-allocator-block-count=8"
    "memorysetup-profiler-allocator-block-size=16777216"
    "memorysetup-profiler-editor-allocator-block-size=1048576"
    "memorysetup-temp-allocator-size-main=16777216"
    "memorysetup-job-temp-allocator-block-size=2097152"
    "memorysetup-job-temp-allocator-block-size-background=1048576"
    "memorysetup-job-temp-allocator-reduction-small-platforms=262144"
    "memorysetup-temp-allocator-size-background-worker=32768"
    "memorysetup-temp-allocator-size-job-worker=262144"
    "memorysetup-temp-allocator-size-preload-manager=33554432"
    "memorysetup-temp-allocator-size-nav-mesh-worker=65536"
    "memorysetup-temp-allocator-size-audio-worker=65536"
    "memorysetup-temp-allocator-size-cloud-worker=32768"
    "memorysetup-temp-allocator-size-gi-baking-worker=262144"
    "memorysetup-temp-allocator-size-gfx=262144"
Refreshing native plugins compatible for Editor in 126.73 ms, found 2 plugins.
Preloading 0 native plugins for Editor in 0.00 ms.
Initialize engine version: 2021.3.1f1 (3b70a0754835)
[Subsystems] Discovering subsystems at path C:/Program Files/Unity/Hub/Editor/2021.3.1f1/Editor/Data/Resources/UnitySubsystems
[Subsystems] Discovering subsystems at path C:/Users/batuh/Desktop/Space Buzz/Clone2/The-100/SpaceBuzz/Assets
GfxDevice: creating device client; threaded=0; jobified=0
Direct3D:
    Version:  Direct3D 11.0 [level 11.1]
    Renderer: Intel(R) UHD Graphics (ID=0x9b41)
    Vendor:   Intel
    VRAM:     3988 MB
    Driver:   27.20.100.9365
Initialize mono
Mono path[0] = 'C:/Program Files/Unity/Hub/Editor/2021.3.1f1/Editor/Data/Managed'
Mono path[1] = 'C:/Program Files/Unity/Hub/Editor/2021.3.1f1/Editor/Data/MonoBleedingEdge/lib/mono/unityjit-win32'
Mono config path = 'C:/Program Files/Unity/Hub/Editor/2021.3.1f1/Editor/Data/MonoBleedingEdge/etc'
Using monoOptions --debugger-agent=transport=dt_socket,embedding=1,server=y,suspend=n,address=127.0.0.1:56576
Begin MonoManager ReloadAssembly
Registering precompiled unity dll's ...
Register platform support module: C:/Program Files/Unity/Hub/Editor/2021.3.1f1/Editor/Data/PlaybackEngines/WindowsStandaloneSupport/UnityEditor.WindowsStandalone.Extensions.dll
Registered in 0.012372 seconds.
Native extension for WindowsStandalone target not found
Refreshing native plugins compatible for Editor in 78.28 ms, found 2 plugins.
Preloading 0 native plugins for Editor in 0.00 ms.
Mono: successfully reloaded assembly
- Completed reload, in  1.186 seconds
Domain Reload Profiling:
	ReloadAssembly (1186ms)
		BeginReloadAssembly (259ms)
			ExecutionOrderSort (0ms)
			DisableScriptedObjects (0ms)
			BackupInstance (0ms)
			ReleaseScriptingObjects (0ms)
			CreateAndSetChildDomain (2ms)
		EndReloadAssembly (726ms)
			LoadAssemblies (250ms)
			RebuildTransferFunctionScriptingTraits (1ms)
			SetupTypeCache (213ms)
			ReleaseScriptCaches (0ms)
			RebuildScriptCaches (50ms)
			SetupLoadedEditorAssemblies (378ms)
				LogAssemblyErrors (0ms)
				InitializePlatformSupportModulesInManaged (12ms)
				SetLoadedEditorAssemblies (0ms)
				RefreshPlugins (78ms)
				BeforeProcessingInitializeOnLoad (2ms)
				ProcessInitializeOnLoadAttributes (208ms)
				ProcessInitializeOnLoadMethodAttributes (77ms)
				AfterProcessingInitializeOnLoad (0ms)
				EditorAssembliesLoaded (0ms)
			ExecutionOrderSort2 (0ms)
			AwakeInstancesAfterBackupRestoration (0ms)
Platform modules already initialized, skipping
Registering precompiled user dll's ...
Registered in 0.003606 seconds.
Begin MonoManager ReloadAssembly
Symbol file LoadedFromMemory is not a mono symbol file
Native extension for WindowsStandalone target not found
Refreshing native plugins compatible for Editor in 1.01 ms, found 2 plugins.
Preloading 0 native plugins for Editor in 0.00 ms.
Mono: successfully reloaded assembly
- Completed reload, in  2.198 seconds
Domain Reload Profiling:
	ReloadAssembly (2199ms)
		BeginReloadAssembly (193ms)
			ExecutionOrderSort (0ms)
			DisableScriptedObjects (10ms)
			BackupInstance (0ms)
			ReleaseScriptingObjects (0ms)
			CreateAndSetChildDomain (33ms)
		EndReloadAssembly (1785ms)
			LoadAssemblies (280ms)
			RebuildTransferFunctionScriptingTraits (0ms)
			SetupTypeCache (321ms)
			ReleaseScriptCaches (1ms)
			RebuildScriptCaches (86ms)
			SetupLoadedEditorAssemblies (1037ms)
				LogAssemblyErrors (0ms)
				InitializePlatformSupportModulesInManaged (12ms)
				SetLoadedEditorAssemblies (1ms)
				RefreshPlugins (1ms)
				BeforeProcessingInitializeOnLoad (106ms)
				ProcessInitializeOnLoadAttributes (856ms)
				ProcessInitializeOnLoadMethodAttributes (48ms)
				AfterProcessingInitializeOnLoad (12ms)
				EditorAssembliesLoaded (0ms)
			ExecutionOrderSort2 (0ms)
			AwakeInstancesAfterBackupRestoration (11ms)
Platform modules already initialized, skipping
========================================================================
Worker process is ready to serve import requests
Launched and connected shader compiler UnityShaderCompiler.exe after 0.17 seconds
Refreshing native plugins compatible for Editor in 1.09 ms, found 2 plugins.
Preloading 0 native plugins for Editor in 0.00 ms.
Unloading 2208 Unused Serialized files (Serialized files now loaded: 0)
Unloading 88 unused Assets / (2.9 MB). Loaded Objects now: 2656.
Memory consumption went from 117.5 MB to 114.5 MB.
Total: 6.961700 ms (FindLiveObjects: 0.678700 ms CreateObjectMapping: 0.230400 ms MarkObjects: 4.595900 ms  DeleteObjects: 1.455700 ms)

AssetImportParameters requested are different than current active one (requested -> active):
  custom:video-decoder-ogg-theora: a1e56fd34408186e4bbccfd4996cb3dc -> 
  custom:container-muxer-webm: aa71ff27fc2769a1b78a27578f13a17b -> 
  custom:container-demuxer-webm: 4f35f7cbe854078d1ac9338744f61a02 -> 
  custom:video-encoder-webm-vp8: eb34c28f22e8b96e1ab97ce403110664 -> 
  custom:audio-encoder-webm-vorbis: bf7c407c2cedff20999df2af8eb42d56 -> 
  custom:framework-win-MediaFoundation: 216162199b28c13a410421893ffa2e32 -> 
  custom:container-demuxer-ogg: 62fdf1f143b41e24485cea50d1cbac27 -> 
  custom:video-decoder-webm-vp8: 9c59270c3fd7afecdb556c50c9e8de78 -> 
  custom:audio-decoder-ogg-vorbis: bf7c407c2cedff20999df2af8eb42d56 -> 
========================================================================
Received Prepare
Registering precompiled user dll's ...
Registered in 0.005885 seconds.
Begin MonoManager ReloadAssembly
Symbol file LoadedFromMemory is not a mono symbol file
Native extension for WindowsStandalone target not found
Refreshing native plugins compatible for Editor in 1.61 ms, found 2 plugins.
Preloading 0 native plugins for Editor in 0.00 ms.
Mono: successfully reloaded assembly
- Completed reload, in  3.473 seconds
Domain Reload Profiling:
	ReloadAssembly (3477ms)
		BeginReloadAssembly (244ms)
			ExecutionOrderSort (0ms)
			DisableScriptedObjects (11ms)
			BackupInstance (0ms)
			ReleaseScriptingObjects (0ms)
			CreateAndSetChildDomain (59ms)
		EndReloadAssembly (3020ms)
			LoadAssemblies (184ms)
			RebuildTransferFunctionScriptingTraits (0ms)
			SetupTypeCache (362ms)
			ReleaseScriptCaches (1ms)
			RebuildScriptCaches (104ms)
			SetupLoadedEditorAssemblies (2165ms)
				LogAssemblyErrors (0ms)
				InitializePlatformSupportModulesInManaged (32ms)
				SetLoadedEditorAssemblies (1ms)
				RefreshPlugins (2ms)
				BeforeProcessingInitializeOnLoad (97ms)
				ProcessInitializeOnLoadAttributes (1830ms)
				ProcessInitializeOnLoadMethodAttributes (164ms)
				AfterProcessingInitializeOnLoad (38ms)
				EditorAssembliesLoaded (1ms)
			ExecutionOrderSort2 (0ms)
			AwakeInstancesAfterBackupRestoration (37ms)
Platform modules already initialized, skipping
Refreshing native plugins compatible for Editor in 17.41 ms, found 2 plugins.
Preloading 0 native plugins for Editor in 0.00 ms.
Unloading 2178 Unused Serialized files (Serialized files now loaded: 0)
Unloading 68 unused Assets / (2.9 MB). Loaded Objects now: 2672.
Memory consumption went from 115.0 MB to 112.1 MB.
Total: 16.332600 ms (FindLiveObjects: 1.041100 ms CreateObjectMapping: 0.550900 ms MarkObjects: 9.128100 ms  DeleteObjects: 5.604400 ms)

AssetImportParameters requested are different than current active one (requested -> active):
  custom:video-decoder-ogg-theora: a1e56fd34408186e4bbccfd4996cb3dc -> 
  custom:container-muxer-webm: aa71ff27fc2769a1b78a27578f13a17b -> 
  custom:container-demuxer-webm: 4f35f7cbe854078d1ac9338744f61a02 -> 
  custom:video-encoder-webm-vp8: eb34c28f22e8b96e1ab97ce403110664 -> 
  custom:audio-encoder-webm-vorbis: bf7c407c2cedff20999df2af8eb42d56 -> 
  custom:framework-win-MediaFoundation: 216162199b28c13a410421893ffa2e32 -> 
  custom:container-demuxer-ogg: 62fdf1f143b41e24485cea50d1cbac27 -> 
  custom:video-decoder-webm-vp8: 9c59270c3fd7afecdb556c50c9e8de78 -> 
  custom:audio-decoder-ogg-vorbis: bf7c407c2cedff20999df2af8eb42d56 -> 
========================================================================
Received Prepare
Registering precompiled user dll's ...
Registered in 0.003878 seconds.
Begin MonoManager ReloadAssembly
Symbol file LoadedFromMemory is not a mono symbol file
Native extension for WindowsStandalone target not found
Refreshing native plugins compatible for Editor in 0.95 ms, found 2 plugins.
Preloading 0 native plugins for Editor in 0.00 ms.
Mono: successfully reloaded assembly
- Completed reload, in  2.880 seconds
Domain Reload Profiling:
	ReloadAssembly (2882ms)
		BeginReloadAssembly (200ms)
			ExecutionOrderSort (0ms)
			DisableScriptedObjects (8ms)
			BackupInstance (0ms)
			ReleaseScriptingObjects (0ms)
			CreateAndSetChildDomain (53ms)
		EndReloadAssembly (2492ms)
			LoadAssemblies (161ms)
			RebuildTransferFunctionScriptingTraits (0ms)
			SetupTypeCache (427ms)
			ReleaseScriptCaches (2ms)
			RebuildScriptCaches (82ms)
			SetupLoadedEditorAssemblies (1636ms)
				LogAssemblyErrors (0ms)
				InitializePlatformSupportModulesInManaged (26ms)
				SetLoadedEditorAssemblies (1ms)
				RefreshPlugins (1ms)
				BeforeProcessingInitializeOnLoad (92ms)
				ProcessInitializeOnLoadAttributes (1322ms)
				ProcessInitializeOnLoadMethodAttributes (154ms)
				AfterProcessingInitializeOnLoad (39ms)
				EditorAssembliesLoaded (1ms)
			ExecutionOrderSort2 (0ms)
			AwakeInstancesAfterBackupRestoration (36ms)
Platform modules already initialized, skipping
Refreshing native plugins compatible for Editor in 17.12 ms, found 2 plugins.
Preloading 0 native plugins for Editor in 0.00 ms.
Unloading 2178 Unused Serialized files (Serialized files now loaded: 0)
Unloading 68 unused Assets / (2.9 MB). Loaded Objects now: 2688.
Memory consumption went from 115.1 MB to 112.2 MB.
Total: 16.778600 ms (FindLiveObjects: 1.062400 ms CreateObjectMapping: 1.018800 ms MarkObjects: 10.497300 ms  DeleteObjects: 4.196400 ms)

AssetImportParameters requested are different than current active one (requested -> active):
  custom:video-decoder-ogg-theora: a1e56fd34408186e4bbccfd4996cb3dc -> 
  custom:container-muxer-webm: aa71ff27fc2769a1b78a27578f13a17b -> 
  custom:container-demuxer-webm: 4f35f7cbe854078d1ac9338744f61a02 -> 
  custom:video-encoder-webm-vp8: eb34c28f22e8b96e1ab97ce403110664 -> 
  custom:audio-encoder-webm-vorbis: bf7c407c2cedff20999df2af8eb42d56 -> 
  custom:framework-win-MediaFoundation: 216162199b28c13a410421893ffa2e32 -> 
  custom:container-demuxer-ogg: 62fdf1f143b41e24485cea50d1cbac27 -> 
  custom:video-decoder-webm-vp8: 9c59270c3fd7afecdb556c50c9e8de78 -> 
  custom:audio-decoder-ogg-vorbis: bf7c407c2cedff20999df2af8eb42d56 -> 
========================================================================
Received Import Request.
  Time since last request: 1098794.832998 seconds.
  path: Assets/Prefab/Tiles/Tile6.prefab
  artifactKey: Guid(fc63aaadc48e3da4590886fc22b612d3) Importer(815301076,1909f56bfc062723c751e8b465ee728b)
Start importing Assets/Prefab/Tiles/Tile6.prefab using Guid(fc63aaadc48e3da4590886fc22b612d3) Importer(815301076,1909f56bfc062723c751e8b465ee728b)  -> (artifact id: 'feccff2c9f354e2e3c562975c0a74b7d') in 0.264946 seconds 
========================================================================
Received Import Request.
  Time since last request: 8.755819 seconds.
  path: Assets/Prefab/Tiles/Tile1.prefab
  artifactKey: Guid(7fa8bd129105b7248a02b5368debcfa3) Importer(815301076,1909f56bfc062723c751e8b465ee728b)
Start importing Assets/Prefab/Tiles/Tile1.prefab using Guid(7fa8bd129105b7248a02b5368debcfa3) Importer(815301076,1909f56bfc062723c751e8b465ee728b)  -> (artifact id: '11576ea6d859c788558caec62b0c5362') in 0.134892 seconds 
========================================================================
Received Import Request.
  Time since last request: 1.845673 seconds.
  path: Assets/Prefab/Tiles/Tile1.prefab
  artifactKey: Guid(7fa8bd129105b7248a02b5368debcfa3) Importer(815301076,1909f56bfc062723c751e8b465ee728b)
Start importing Assets/Prefab/Tiles/Tile1.prefab using Guid(7fa8bd129105b7248a02b5368debcfa3) Importer(815301076,1909f56bfc062723c751e8b465ee728b)  -> (artifact id: 'ed5a191146a2b6a5aec697b6ac0fd661') in 0.124750 seconds 
========================================================================
Received Prepare
Registering precompiled user dll's ...
Registered in 0.003487 seconds.
Begin MonoManager ReloadAssembly
Symbol file LoadedFromMemory is not a mono symbol file
Native extension for WindowsStandalone target not found
Refreshing native plugins compatible for Editor in 1.12 ms, found 2 plugins.
Preloading 0 native plugins for Editor in 0.00 ms.
Mono: successfully reloaded assembly
- Completed reload, in  3.211 seconds
Domain Reload Profiling:
	ReloadAssembly (3213ms)
		BeginReloadAssembly (235ms)
			ExecutionOrderSort (0ms)
			DisableScriptedObjects (7ms)
			BackupInstance (0ms)
			ReleaseScriptingObjects (0ms)
			CreateAndSetChildDomain (55ms)
		EndReloadAssembly (2780ms)
			LoadAssemblies (182ms)
			RebuildTransferFunctionScriptingTraits (0ms)
			SetupTypeCache (410ms)
			ReleaseScriptCaches (2ms)
			RebuildScriptCaches (79ms)
			SetupLoadedEditorAssemblies (1946ms)
				LogAssemblyErrors (0ms)
				InitializePlatformSupportModulesInManaged (26ms)
				SetLoadedEditorAssemblies (1ms)
				RefreshPlugins (1ms)
				BeforeProcessingInitializeOnLoad (118ms)
				ProcessInitializeOnLoadAttributes (1598ms)
				ProcessInitializeOnLoadMethodAttributes (160ms)
				AfterProcessingInitializeOnLoad (42ms)
				EditorAssembliesLoaded (0ms)
			ExecutionOrderSort2 (0ms)
			AwakeInstancesAfterBackupRestoration (36ms)
Platform modules already initialized, skipping
Refreshing native plugins compatible for Editor in 13.24 ms, found 2 plugins.
Preloading 0 native plugins for Editor in 0.00 ms.
Unloading 2178 Unused Serialized files (Serialized files now loaded: 0)
Unloading 71 unused Assets / (2.9 MB). Loaded Objects now: 2711.
Memory consumption went from 119.1 MB to 116.2 MB.
Total: 23.321200 ms (FindLiveObjects: 0.851200 ms CreateObjectMapping: 0.737900 ms MarkObjects: 13.592100 ms  DeleteObjects: 8.136900 ms)

AssetImportParameters requested are different than current active one (requested -> active):
  custom:video-decoder-ogg-theora: a1e56fd34408186e4bbccfd4996cb3dc -> 
  custom:container-muxer-webm: aa71ff27fc2769a1b78a27578f13a17b -> 
  custom:container-demuxer-webm: 4f35f7cbe854078d1ac9338744f61a02 -> 
  custom:video-encoder-webm-vp8: eb34c28f22e8b96e1ab97ce403110664 -> 
  custom:audio-encoder-webm-vorbis: bf7c407c2cedff20999df2af8eb42d56 -> 
  custom:framework-win-MediaFoundation: 216162199b28c13a410421893ffa2e32 -> 
  custom:container-demuxer-ogg: 62fdf1f143b41e24485cea50d1cbac27 -> 
  custom:video-decoder-webm-vp8: 9c59270c3fd7afecdb556c50c9e8de78 -> 
  custom:audio-decoder-ogg-vorbis: bf7c407c2cedff20999df2af8eb42d56 -> 
========================================================================
Received Import Request.
  Time since last request: 65.832597 seconds.
  path: Assets/Prefab/Tiles/Tile6.prefab
  artifactKey: Guid(fc63aaadc48e3da4590886fc22b612d3) Importer(815301076,1909f56bfc062723c751e8b465ee728b)
Start importing Assets/Prefab/Tiles/Tile6.prefab using Guid(fc63aaadc48e3da4590886fc22b612d3) Importer(815301076,1909f56bfc062723c751e8b465ee728b)  -> (artifact id: 'd4257c3878f6a8a8f88d77e511e0e102') in 0.217003 seconds 
========================================================================
Received Import Request.
  Time since last request: 1.132932 seconds.
  path: Assets/Prefab/Tiles/Tile6.prefab
  artifactKey: Guid(fc63aaadc48e3da4590886fc22b612d3) Importer(815301076,1909f56bfc062723c751e8b465ee728b)
Start importing Assets/Prefab/Tiles/Tile6.prefab using Guid(fc63aaadc48e3da4590886fc22b612d3) Importer(815301076,1909f56bfc062723c751e8b465ee728b)  -> (artifact id: 'a52a33c035cbb55b7219b282bcd840a0') in 0.121936 seconds 
========================================================================
Received Import Request.
  Time since last request: 2.527893 seconds.
  path: Assets/Prefab/Tiles/Tile6.prefab
  artifactKey: Guid(fc63aaadc48e3da4590886fc22b612d3) Importer(815301076,1909f56bfc062723c751e8b465ee728b)
Start importing Assets/Prefab/Tiles/Tile6.prefab using Guid(fc63aaadc48e3da4590886fc22b612d3) Importer(815301076,1909f56bfc062723c751e8b465ee728b)  -> (artifact id: '496f624617c189dabea08f6c3059501b') in 0.124425 seconds 
========================================================================
Received Import Request.
  Time since last request: 1.825839 seconds.
  path: Assets/Prefab/Tiles/Tile6.prefab
  artifactKey: Guid(fc63aaadc48e3da4590886fc22b612d3) Importer(815301076,1909f56bfc062723c751e8b465ee728b)
Start importing Assets/Prefab/Tiles/Tile6.prefab using Guid(fc63aaadc48e3da4590886fc22b612d3) Importer(815301076,1909f56bfc062723c751e8b465ee728b)  -> (artifact id: '5f9ceab464f89bbfac2da772c538dc5e') in 0.147836 seconds 
========================================================================
Received Import Request.
  Time since last request: 0.843383 seconds.
  path: Assets/Prefab/Tiles/Tile6.prefab
  artifactKey: Guid(fc63aaadc48e3da4590886fc22b612d3) Importer(815301076,1909f56bfc062723c751e8b465ee728b)
Start importing Assets/Prefab/Tiles/Tile6.prefab using Guid(fc63aaadc48e3da4590886fc22b612d3) Importer(815301076,1909f56bfc062723c751e8b465ee728b)  -> (artifact id: '0065e2e436f602db992d94bb032b12f4') in 0.126257 seconds 
========================================================================
Received Import Request.
  Time since last request: 2.891805 seconds.
  path: Assets/Prefab/Tiles/Tile6.prefab
  artifactKey: Guid(fc63aaadc48e3da4590886fc22b612d3) Importer(815301076,1909f56bfc062723c751e8b465ee728b)
Start importing Assets/Prefab/Tiles/Tile6.prefab using Guid(fc63aaadc48e3da4590886fc22b612d3) Importer(815301076,1909f56bfc062723c751e8b465ee728b)  -> (artifact id: '99a8205f836577b95b60a33c212332d6') in 0.162425 seconds 
========================================================================
Received Prepare
Registering precompiled user dll's ...
Registered in 0.003778 seconds.
Begin MonoManager ReloadAssembly
Symbol file LoadedFromMemory is not a mono symbol file
Native extension for WindowsStandalone target not found
Refreshing native plugins compatible for Editor in 0.99 ms, found 2 plugins.
Preloading 0 native plugins for Editor in 0.00 ms.
Mono: successfully reloaded assembly
- Completed reload, in  3.028 seconds
Domain Reload Profiling:
	ReloadAssembly (3030ms)
		BeginReloadAssembly (216ms)
			ExecutionOrderSort (0ms)
			DisableScriptedObjects (8ms)
			BackupInstance (0ms)
			ReleaseScriptingObjects (0ms)
			CreateAndSetChildDomain (54ms)
		EndReloadAssembly (2613ms)
			LoadAssemblies (161ms)
			RebuildTransferFunctionScriptingTraits (0ms)
			SetupTypeCache (415ms)
			ReleaseScriptCaches (2ms)
			RebuildScriptCaches (90ms)
			SetupLoadedEditorAssemblies (1766ms)
				LogAssemblyErrors (0ms)
				InitializePlatformSupportModulesInManaged (23ms)
				SetLoadedEditorAssemblies (1ms)
				RefreshPlugins (1ms)
				BeforeProcessingInitializeOnLoad (97ms)
				ProcessInitializeOnLoadAttributes (1453ms)
				ProcessInitializeOnLoadMethodAttributes (154ms)
				AfterProcessingInitializeOnLoad (36ms)
				EditorAssembliesLoaded (1ms)
			ExecutionOrderSort2 (0ms)
			AwakeInstancesAfterBackupRestoration (40ms)
Platform modules already initialized, skipping
Refreshing native plugins compatible for Editor in 15.17 ms, found 2 plugins.
Preloading 0 native plugins for Editor in 0.00 ms.
Unloading 2178 Unused Serialized files (Serialized files now loaded: 0)
Unloading 71 unused Assets / (2.9 MB). Loaded Objects now: 2727.
Memory consumption went from 119.1 MB to 116.2 MB.
Total: 18.615800 ms (FindLiveObjects: 0.752500 ms CreateObjectMapping: 0.657800 ms MarkObjects: 13.546000 ms  DeleteObjects: 3.656500 ms)

AssetImportParameters requested are different than current active one (requested -> active):
  custom:video-decoder-ogg-theora: a1e56fd34408186e4bbccfd4996cb3dc -> 
  custom:container-muxer-webm: aa71ff27fc2769a1b78a27578f13a17b -> 
  custom:container-demuxer-webm: 4f35f7cbe854078d1ac9338744f61a02 -> 
  custom:video-encoder-webm-vp8: eb34c28f22e8b96e1ab97ce403110664 -> 
  custom:audio-encoder-webm-vorbis: bf7c407c2cedff20999df2af8eb42d56 -> 
  custom:framework-win-MediaFoundation: 216162199b28c13a410421893ffa2e32 -> 
  custom:container-demuxer-ogg: 62fdf1f143b41e24485cea50d1cbac27 -> 
  custom:video-decoder-webm-vp8: 9c59270c3fd7afecdb556c50c9e8de78 -> 
  custom:audio-decoder-ogg-vorbis: bf7c407c2cedff20999df2af8eb42d56 -> 
========================================================================
Received Prepare
Registering precompiled user dll's ...
Registered in 0.005986 seconds.
Begin MonoManager ReloadAssembly
Symbol file LoadedFromMemory is not a mono symbol file
Native extension for WindowsStandalone target not found
Refreshing native plugins compatible for Editor in 1.23 ms, found 2 plugins.
Preloading 0 native plugins for Editor in 0.00 ms.
Mono: successfully reloaded assembly
- Completed reload, in  2.759 seconds
Domain Reload Profiling:
	ReloadAssembly (2762ms)
		BeginReloadAssembly (212ms)
			ExecutionOrderSort (0ms)
			DisableScriptedObjects (8ms)
			BackupInstance (0ms)
			ReleaseScriptingObjects (0ms)
			CreateAndSetChildDomain (57ms)
		EndReloadAssembly (2350ms)
			LoadAssemblies (160ms)
			RebuildTransferFunctionScriptingTraits (0ms)
			SetupTypeCache (402ms)
			ReleaseScriptCaches (1ms)
			RebuildScriptCaches (85ms)
			SetupLoadedEditorAssemblies (1520ms)
				LogAssemblyErrors (0ms)
				InitializePlatformSupportModulesInManaged (25ms)
				SetLoadedEditorAssemblies (1ms)
				RefreshPlugins (1ms)
				BeforeProcessingInitializeOnLoad (90ms)
				ProcessInitializeOnLoadAttributes (1228ms)
				ProcessInitializeOnLoadMethodAttributes (132ms)
				AfterProcessingInitializeOnLoad (43ms)
				EditorAssembliesLoaded (1ms)
			ExecutionOrderSort2 (0ms)
			AwakeInstancesAfterBackupRestoration (42ms)
Platform modules already initialized, skipping
Refreshing native plugins compatible for Editor in 16.44 ms, found 2 plugins.
Preloading 0 native plugins for Editor in 0.00 ms.
Unloading 2178 Unused Serialized files (Serialized files now loaded: 0)
Unloading 68 unused Assets / (2.9 MB). Loaded Objects now: 2743.
Memory consumption went from 119.2 MB to 116.3 MB.
Total: 16.721400 ms (FindLiveObjects: 0.539800 ms CreateObjectMapping: 0.718200 ms MarkObjects: 12.125000 ms  DeleteObjects: 3.329700 ms)

AssetImportParameters requested are different than current active one (requested -> active):
  custom:video-decoder-ogg-theora: a1e56fd34408186e4bbccfd4996cb3dc -> 
  custom:container-muxer-webm: aa71ff27fc2769a1b78a27578f13a17b -> 
  custom:container-demuxer-webm: 4f35f7cbe854078d1ac9338744f61a02 -> 
  custom:video-encoder-webm-vp8: eb34c28f22e8b96e1ab97ce403110664 -> 
  custom:audio-encoder-webm-vorbis: bf7c407c2cedff20999df2af8eb42d56 -> 
  custom:framework-win-MediaFoundation: 216162199b28c13a410421893ffa2e32 -> 
  custom:container-demuxer-ogg: 62fdf1f143b41e24485cea50d1cbac27 -> 
  custom:video-decoder-webm-vp8: 9c59270c3fd7afecdb556c50c9e8de78 -> 
  custom:audio-decoder-ogg-vorbis: bf7c407c2cedff20999df2af8eb42d56 -> 
========================================================================
Received Prepare
Registering precompiled user dll's ...
Registered in 0.003530 seconds.
Begin MonoManager ReloadAssembly
Symbol file LoadedFromMemory is not a mono symbol file
Native extension for WindowsStandalone target not found
Refreshing native plugins compatible for Editor in 1.31 ms, found 2 plugins.
Preloading 0 native plugins for Editor in 0.00 ms.
Mono: successfully reloaded assembly
- Completed reload, in  2.644 seconds
Domain Reload Profiling:
	ReloadAssembly (2646ms)
		BeginReloadAssembly (206ms)
			ExecutionOrderSort (0ms)
			DisableScriptedObjects (6ms)
			BackupInstance (0ms)
			ReleaseScriptingObjects (0ms)
			CreateAndSetChildDomain (57ms)
		EndReloadAssembly (2237ms)
			LoadAssemblies (146ms)
			RebuildTransferFunctionScriptingTraits (0ms)
			SetupTypeCache (368ms)
			ReleaseScriptCaches (2ms)
			RebuildScriptCaches (95ms)
			SetupLoadedEditorAssemblies (1445ms)
				LogAssemblyErrors (0ms)
				InitializePlatformSupportModulesInManaged (26ms)
				SetLoadedEditorAssemblies (1ms)
				RefreshPlugins (1ms)
				BeforeProcessingInitializeOnLoad (90ms)
				ProcessInitializeOnLoadAttributes (1142ms)
				ProcessInitializeOnLoadMethodAttributes (141ms)
				AfterProcessingInitializeOnLoad (41ms)
				EditorAssembliesLoaded (3ms)
			ExecutionOrderSort2 (0ms)
			AwakeInstancesAfterBackupRestoration (38ms)
Platform modules already initialized, skipping
Refreshing native plugins compatible for Editor in 23.46 ms, found 2 plugins.
Preloading 0 native plugins for Editor in 0.00 ms.
Unloading 2178 Unused Serialized files (Serialized files now loaded: 0)
Unloading 68 unused Assets / (2.9 MB). Loaded Objects now: 2759.
Memory consumption went from 119.0 MB to 116.1 MB.
Total: 19.028800 ms (FindLiveObjects: 1.079500 ms CreateObjectMapping: 0.889100 ms MarkObjects: 12.725800 ms  DeleteObjects: 4.331200 ms)

AssetImportParameters requested are different than current active one (requested -> active):
  custom:video-decoder-ogg-theora: a1e56fd34408186e4bbccfd4996cb3dc -> 
  custom:container-muxer-webm: aa71ff27fc2769a1b78a27578f13a17b -> 
  custom:container-demuxer-webm: 4f35f7cbe854078d1ac9338744f61a02 -> 
  custom:video-encoder-webm-vp8: eb34c28f22e8b96e1ab97ce403110664 -> 
  custom:audio-encoder-webm-vorbis: bf7c407c2cedff20999df2af8eb42d56 -> 
  custom:framework-win-MediaFoundation: 216162199b28c13a410421893ffa2e32 -> 
  custom:container-demuxer-ogg: 62fdf1f143b41e24485cea50d1cbac27 -> 
  custom:video-decoder-webm-vp8: 9c59270c3fd7afecdb556c50c9e8de78 -> 
  custom:audio-decoder-ogg-vorbis: bf7c407c2cedff20999df2af8eb42d56 -> 
========================================================================
Received Import Request.
  Time since last request: 148.653973 seconds.
  path: Assets/Prefab/Tiles/Tile4.prefab
  artifactKey: Guid(e626b5e848c1ceb41ade2bbd3eaefc94) Importer(815301076,1909f56bfc062723c751e8b465ee728b)
Start importing Assets/Prefab/Tiles/Tile4.prefab using Guid(e626b5e848c1ceb41ade2bbd3eaefc94) Importer(815301076,1909f56bfc062723c751e8b465ee728b)  -> (artifact id: 'f9938a9e133fa901a831b38a258afe79') in 0.183532 seconds 
========================================================================
Received Prepare
Registering precompiled user dll's ...
Registered in 0.003569 seconds.
Begin MonoManager ReloadAssembly
Symbol file LoadedFromMemory is not a mono symbol file
Native extension for WindowsStandalone target not found
Refreshing native plugins compatible for Editor in 2.16 ms, found 2 plugins.
Preloading 0 native plugins for Editor in 0.00 ms.
Mono: successfully reloaded assembly
- Completed reload, in  3.223 seconds
Domain Reload Profiling:
	ReloadAssembly (3229ms)
		BeginReloadAssembly (225ms)
			ExecutionOrderSort (0ms)
			DisableScriptedObjects (8ms)
			BackupInstance (0ms)
			ReleaseScriptingObjects (0ms)
			CreateAndSetChildDomain (59ms)
		EndReloadAssembly (2792ms)
			LoadAssemblies (187ms)
			RebuildTransferFunctionScriptingTraits (0ms)
			SetupTypeCache (446ms)
			ReleaseScriptCaches (2ms)
			RebuildScriptCaches (79ms)
			SetupLoadedEditorAssemblies (1852ms)
				LogAssemblyErrors (0ms)
				InitializePlatformSupportModulesInManaged (23ms)
				SetLoadedEditorAssemblies (1ms)
				RefreshPlugins (2ms)
				BeforeProcessingInitializeOnLoad (94ms)
				ProcessInitializeOnLoadAttributes (1496ms)
				ProcessInitializeOnLoadMethodAttributes (193ms)
				AfterProcessingInitializeOnLoad (42ms)
				EditorAssembliesLoaded (1ms)
			ExecutionOrderSort2 (0ms)
			AwakeInstancesAfterBackupRestoration (80ms)
Platform modules already initialized, skipping
Refreshing native plugins compatible for Editor in 23.54 ms, found 2 plugins.
Preloading 0 native plugins for Editor in 0.00 ms.
Unloading 2178 Unused Serialized files (Serialized files now loaded: 0)
Unloading 71 unused Assets / (2.9 MB). Loaded Objects now: 2775.
Memory consumption went from 119.1 MB to 116.2 MB.
Total: 25.230900 ms (FindLiveObjects: 0.567800 ms CreateObjectMapping: 0.620200 ms MarkObjects: 15.527700 ms  DeleteObjects: 8.510000 ms)

AssetImportParameters requested are different than current active one (requested -> active):
  custom:video-decoder-ogg-theora: a1e56fd34408186e4bbccfd4996cb3dc -> 
  custom:container-muxer-webm: aa71ff27fc2769a1b78a27578f13a17b -> 
  custom:container-demuxer-webm: 4f35f7cbe854078d1ac9338744f61a02 -> 
  custom:video-encoder-webm-vp8: eb34c28f22e8b96e1ab97ce403110664 -> 
  custom:audio-encoder-webm-vorbis: bf7c407c2cedff20999df2af8eb42d56 -> 
  custom:framework-win-MediaFoundation: 216162199b28c13a410421893ffa2e32 -> 
  custom:container-demuxer-ogg: 62fdf1f143b41e24485cea50d1cbac27 -> 
  custom:video-decoder-webm-vp8: 9c59270c3fd7afecdb556c50c9e8de78 -> 
  custom:audio-decoder-ogg-vorbis: bf7c407c2cedff20999df2af8eb42d56 -> 
========================================================================
Received Prepare
Registering precompiled user dll's ...
Registered in 0.004291 seconds.
Begin MonoManager ReloadAssembly
Symbol file LoadedFromMemory is not a mono symbol file
Native extension for WindowsStandalone target not found
Refreshing native plugins compatible for Editor in 7.12 ms, found 2 plugins.
Preloading 0 native plugins for Editor in 0.00 ms.
Mono: successfully reloaded assembly
- Completed reload, in  3.949 seconds
Domain Reload Profiling:
	ReloadAssembly (3952ms)
		BeginReloadAssembly (217ms)
			ExecutionOrderSort (0ms)
			DisableScriptedObjects (8ms)
			BackupInstance (0ms)
			ReleaseScriptingObjects (0ms)
			CreateAndSetChildDomain (65ms)
		EndReloadAssembly (3530ms)
			LoadAssemblies (174ms)
			RebuildTransferFunctionScriptingTraits (0ms)
			SetupTypeCache (612ms)
			ReleaseScriptCaches (2ms)
			RebuildScriptCaches (213ms)
			SetupLoadedEditorAssemblies (2107ms)
				LogAssemblyErrors (0ms)
				InitializePlatformSupportModulesInManaged (62ms)
				SetLoadedEditorAssemblies (2ms)
				RefreshPlugins (8ms)
				BeforeProcessingInitializeOnLoad (233ms)
				ProcessInitializeOnLoadAttributes (1607ms)
				ProcessInitializeOnLoadMethodAttributes (155ms)
				AfterProcessingInitializeOnLoad (40ms)
				EditorAssembliesLoaded (1ms)
			ExecutionOrderSort2 (0ms)
			AwakeInstancesAfterBackupRestoration (40ms)
Platform modules already initialized, skipping
Refreshing native plugins compatible for Editor in 17.18 ms, found 2 plugins.
Preloading 0 native plugins for Editor in 0.00 ms.
Unloading 2178 Unused Serialized files (Serialized files now loaded: 0)
Unloading 68 unused Assets / (2.9 MB). Loaded Objects now: 2791.
Memory consumption went from 119.2 MB to 116.3 MB.
Total: 18.644400 ms (FindLiveObjects: 0.919300 ms CreateObjectMapping: 0.490500 ms MarkObjects: 8.278800 ms  DeleteObjects: 8.951900 ms)

AssetImportParameters requested are different than current active one (requested -> active):
  custom:video-decoder-ogg-theora: a1e56fd34408186e4bbccfd4996cb3dc -> 
  custom:container-muxer-webm: aa71ff27fc2769a1b78a27578f13a17b -> 
  custom:container-demuxer-webm: 4f35f7cbe854078d1ac9338744f61a02 -> 
  custom:video-encoder-webm-vp8: eb34c28f22e8b96e1ab97ce403110664 -> 
  custom:audio-encoder-webm-vorbis: bf7c407c2cedff20999df2af8eb42d56 -> 
  custom:framework-win-MediaFoundation: 216162199b28c13a410421893ffa2e32 -> 
  custom:container-demuxer-ogg: 62fdf1f143b41e24485cea50d1cbac27 -> 
  custom:video-decoder-webm-vp8: 9c59270c3fd7afecdb556c50c9e8de78 -> 
  custom:audio-decoder-ogg-vorbis: bf7c407c2cedff20999df2af8eb42d56 -> 
========================================================================
Received Import Request.
  Time since last request: 1706.492797 seconds.
  path: Assets/Prefab/Leaderboard/Row.prefab
  artifactKey: Guid(ee64dd5734edbb44eb63e3e6d2fbde56) Importer(815301076,1909f56bfc062723c751e8b465ee728b)
Start importing Assets/Prefab/Leaderboard/Row.prefab using Guid(ee64dd5734edbb44eb63e3e6d2fbde56) Importer(815301076,1909f56bfc062723c751e8b465ee728b)  -> (artifact id: 'f71ce06b7430094d4f0f0f23473a5d57') in 0.053640 seconds 
========================================================================
Received Import Request.
  Time since last request: 49.774114 seconds.
  path: Assets/Sources/20 Logos PSD/PNG/Title 1.png
  artifactKey: Guid(4b91ec5e12c293a4f9fef25137e7ea69) Importer(815301076,1909f56bfc062723c751e8b465ee728b)
Start importing Assets/Sources/20 Logos PSD/PNG/Title 1.png using Guid(4b91ec5e12c293a4f9fef25137e7ea69) Importer(815301076,1909f56bfc062723c751e8b465ee728b)  -> (artifact id: '50c3993815263f5813530da60c9fe2bc') in 0.235352 seconds 
========================================================================
Received Import Request.
  Time since last request: 0.000025 seconds.
  path: Assets/Sources/20 Logos PSD/PNG/Title 18.png
  artifactKey: Guid(f5e7af25d1ca33f489b189c9ed86e344) Importer(815301076,1909f56bfc062723c751e8b465ee728b)
Start importing Assets/Sources/20 Logos PSD/PNG/Title 18.png using Guid(f5e7af25d1ca33f489b189c9ed86e344) Importer(815301076,1909f56bfc062723c751e8b465ee728b)  -> (artifact id: 'b506731d1eda762bddad5288580e356e') in 0.112409 seconds 
========================================================================
Received Import Request.
  Time since last request: 0.000082 seconds.
  path: Assets/Sources/20 Logos PSD/PNG/Title 7.png
  artifactKey: Guid(69af4ca2c3f3a644bb9f28b587ed54ed) Importer(815301076,1909f56bfc062723c751e8b465ee728b)
Start importing Assets/Sources/20 Logos PSD/PNG/Title 7.png using Guid(69af4ca2c3f3a644bb9f28b587ed54ed) Importer(815301076,1909f56bfc062723c751e8b465ee728b)  -> (artifact id: 'a418015efda8886479d04af0674d4239') in 0.137749 seconds 
========================================================================
Received Import Request.
  Time since last request: 0.000038 seconds.
  path: Assets/Sources/20 Logos PSD/PNG/Title 5.png
  artifactKey: Guid(19c1fbf87da6ee94583dd8f56095f73a) Importer(815301076,1909f56bfc062723c751e8b465ee728b)
Start importing Assets/Sources/20 Logos PSD/PNG/Title 5.png using Guid(19c1fbf87da6ee94583dd8f56095f73a) Importer(815301076,1909f56bfc062723c751e8b465ee728b)  -> (artifact id: 'ab7cf6ef5c409160adb1a7b9b63821ba') in 0.148744 seconds 
========================================================================
Received Import Request.
  Time since last request: 0.000039 seconds.
  path: Assets/Sources/20 Logos PSD/PNG/Title 9.png
  artifactKey: Guid(756b372f663e3214ebad8f7bfe436c36) Importer(815301076,1909f56bfc062723c751e8b465ee728b)
Start importing Assets/Sources/20 Logos PSD/PNG/Title 9.png using Guid(756b372f663e3214ebad8f7bfe436c36) Importer(815301076,1909f56bfc062723c751e8b465ee728b)  -> (artifact id: '8df119bb19920d0b301753cc6f6c94db') in 0.140494 seconds 
========================================================================
Received Import Request.
  Time since last request: 0.000050 seconds.
  path: Assets/Sources/20 Logos PSD/PNG/Title 14.png
  artifactKey: Guid(2a1275c6a8377e042be234925a89cd99) Importer(815301076,1909f56bfc062723c751e8b465ee728b)
Start importing Assets/Sources/20 Logos PSD/PNG/Title 14.png using Guid(2a1275c6a8377e042be234925a89cd99) Importer(815301076,1909f56bfc062723c751e8b465ee728b)  -> (artifact id: '23a176fdb13e96bb12e7a24bd31999ac') in 0.167376 seconds 
========================================================================
Received Import Request.
  Time since last request: 0.000063 seconds.
  path: Assets/Sources/20 Logos PSD/PNG/Title 8.png
  artifactKey: Guid(19791b9dbbd16c84589baea865e87a96) Importer(815301076,1909f56bfc062723c751e8b465ee728b)
Start importing Assets/Sources/20 Logos PSD/PNG/Title 8.png using Guid(19791b9dbbd16c84589baea865e87a96) Importer(815301076,1909f56bfc062723c751e8b465ee728b)  -> (artifact id: '46aae8e95c90bc7d6b1301204da365c5') in 0.168917 seconds 
========================================================================
Received Import Request.
  Time since last request: 0.000057 seconds.
  path: Assets/Sources/20 Logos PSD/PNG/Title 4.png
  artifactKey: Guid(7772802e9c2245149a627f1f4923780f) Importer(815301076,1909f56bfc062723c751e8b465ee728b)
Start importing Assets/Sources/20 Logos PSD/PNG/Title 4.png using Guid(7772802e9c2245149a627f1f4923780f) Importer(815301076,1909f56bfc062723c751e8b465ee728b)  -> (artifact id: '21721019f5c7f3b36650bd6b26b49afd') in 0.134071 seconds 
========================================================================
Received Import Request.
  Time since last request: 0.000052 seconds.
  path: Assets/Sources/20 Logos PSD/PNG/Title 12.png
  artifactKey: Guid(79cfcae44c0faf14ab32489d0db4bd6c) Importer(815301076,1909f56bfc062723c751e8b465ee728b)
Start importing Assets/Sources/20 Logos PSD/PNG/Title 12.png using Guid(79cfcae44c0faf14ab32489d0db4bd6c) Importer(815301076,1909f56bfc062723c751e8b465ee728b)  -> (artifact id: '332cad23103da4c85fa37bd1f9394a57') in 0.157700 seconds 
========================================================================
Received Import Request.
  Time since last request: 0.000039 seconds.
  path: Assets/Sources/20 Logos PSD/PNG/Title 11.png
  artifactKey: Guid(8bcba546afc881c42ad28fbdf7963c79) Importer(815301076,1909f56bfc062723c751e8b465ee728b)
Start importing Assets/Sources/20 Logos PSD/PNG/Title 11.png using Guid(8bcba546afc881c42ad28fbdf7963c79) Importer(815301076,1909f56bfc062723c751e8b465ee728b)  -> (artifact id: 'a984fb5885e4bfb9893ec1d902f284a3') in 0.221790 seconds 
========================================================================
Received Import Request.
  Time since last request: 0.000100 seconds.
  path: Assets/Sources/20 Logos PSD/PNG/Title 6.png
  artifactKey: Guid(e8c69bba62777214c99aa45cc05737e5) Importer(815301076,1909f56bfc062723c751e8b465ee728b)
Start importing Assets/Sources/20 Logos PSD/PNG/Title 6.png using Guid(e8c69bba62777214c99aa45cc05737e5) Importer(815301076,1909f56bfc062723c751e8b465ee728b)  -> (artifact id: '776335586e1ba67fc46a3eae7580b320') in 0.159463 seconds 
========================================================================
Received Import Request.
  Time since last request: 7.840746 seconds.
  path: Assets/Sources/Sets - Gems/Prefabs/Gems - Cyan/gem_01.prefab
  artifactKey: Guid(e87c8d8a694b3482399142b00301965f) Importer(815301076,1909f56bfc062723c751e8b465ee728b)
Start importing Assets/Sources/Sets - Gems/Prefabs/Gems - Cyan/gem_01.prefab using Guid(e87c8d8a694b3482399142b00301965f) Importer(815301076,1909f56bfc062723c751e8b465ee728b)  -> (artifact id: '43e5ce71f4bc33eea5f7fa97416fe92f') in 0.104456 seconds 
========================================================================
Received Import Request.
  Time since last request: 0.000042 seconds.
  path: Assets/Sources/Sets - Gems/Prefabs/Gems - Cyan/gem_11.prefab
  artifactKey: Guid(aedaf924c070641928c51cfa4fbc1cdf) Importer(815301076,1909f56bfc062723c751e8b465ee728b)
Start importing Assets/Sources/Sets - Gems/Prefabs/Gems - Cyan/gem_11.prefab using Guid(aedaf924c070641928c51cfa4fbc1cdf) Importer(815301076,1909f56bfc062723c751e8b465ee728b)  -> (artifact id: '5c4a75a004aaafe95035578fe476bdbf') in 0.058607 seconds 
========================================================================
Received Import Request.
  Time since last request: 0.000066 seconds.
  path: Assets/Sources/Sets - Gems/Prefabs/Gems - Cyan/gem_09.prefab
  artifactKey: Guid(f7561ebe60f384912a225ad8ebb5f810) Importer(815301076,1909f56bfc062723c751e8b465ee728b)
Start importing Assets/Sources/Sets - Gems/Prefabs/Gems - Cyan/gem_09.prefab using Guid(f7561ebe60f384912a225ad8ebb5f810) Importer(815301076,1909f56bfc062723c751e8b465ee728b)  -> (artifact id: '9ee07fc6d306f7411f6342840c4abce1') in 0.081365 seconds 
========================================================================
Received Import Request.
  Time since last request: 0.000086 seconds.
  path: Assets/Sources/Sets - Gems/Prefabs/Gems - Cyan/gem_12.prefab
  artifactKey: Guid(7a0c2201f996449b8a1c800fa0a509d1) Importer(815301076,1909f56bfc062723c751e8b465ee728b)
Start importing Assets/Sources/Sets - Gems/Prefabs/Gems - Cyan/gem_12.prefab using Guid(7a0c2201f996449b8a1c800fa0a509d1) Importer(815301076,1909f56bfc062723c751e8b465ee728b)  -> (artifact id: '31f306f9ffb78e16f9900124506989e9') in 0.177959 seconds 
========================================================================
Received Import Request.
  Time since last request: 0.000089 seconds.
  path: Assets/Sources/Sets - Gems/Prefabs/Gems - Cyan/gem_10.prefab
  artifactKey: Guid(d90392d22be6e4537bb1911ed5f96cb2) Importer(815301076,1909f56bfc062723c751e8b465ee728b)
Start importing Assets/Sources/Sets - Gems/Prefabs/Gems - Cyan/gem_10.prefab using Guid(d90392d22be6e4537bb1911ed5f96cb2) Importer(815301076,1909f56bfc062723c751e8b465ee728b)  -> (artifact id: '3664ae962023f661e52c192af3e61ad3') in 0.246851 seconds 
========================================================================
Received Import Request.
  Time since last request: 0.002057 seconds.
  path: Assets/Sources/Sets - Gems/Prefabs/Gems - Cyan/gem_07.prefab
  artifactKey: Guid(c70065fccb82a41918ec8afb6f4eec11) Importer(815301076,1909f56bfc062723c751e8b465ee728b)
Start importing Assets/Sources/Sets - Gems/Prefabs/Gems - Cyan/gem_07.prefab using Guid(c70065fccb82a41918ec8afb6f4eec11) Importer(815301076,1909f56bfc062723c751e8b465ee728b)  -> (artifact id: '1a6c7d92e42ead1c36a376c498a5560e') in 0.161646 seconds 
========================================================================
Received Prepare
Registering precompiled user dll's ...
Registered in 0.005880 seconds.
Begin MonoManager ReloadAssembly
Symbol file LoadedFromMemory is not a mono symbol file
Native extension for WindowsStandalone target not found
Refreshing native plugins compatible for Editor in 3.61 ms, found 2 plugins.
Preloading 0 native plugins for Editor in 0.00 ms.
Mono: successfully reloaded assembly
- Completed reload, in  2.534 seconds
Domain Reload Profiling:
	ReloadAssembly (2535ms)
		BeginReloadAssembly (329ms)
			ExecutionOrderSort (0ms)
			DisableScriptedObjects (9ms)
			BackupInstance (0ms)
			ReleaseScriptingObjects (0ms)
			CreateAndSetChildDomain (89ms)
		EndReloadAssembly (1889ms)
			LoadAssemblies (293ms)
			RebuildTransferFunctionScriptingTraits (0ms)
			SetupTypeCache (482ms)
			ReleaseScriptCaches (2ms)
			RebuildScriptCaches (105ms)
			SetupLoadedEditorAssemblies (948ms)
				LogAssemblyErrors (0ms)
				InitializePlatformSupportModulesInManaged (37ms)
				SetLoadedEditorAssemblies (4ms)
				RefreshPlugins (4ms)
				BeforeProcessingInitializeOnLoad (134ms)
				ProcessInitializeOnLoadAttributes (704ms)
				ProcessInitializeOnLoadMethodAttributes (50ms)
				AfterProcessingInitializeOnLoad (16ms)
				EditorAssembliesLoaded (0ms)
			ExecutionOrderSort2 (0ms)
			AwakeInstancesAfterBackupRestoration (15ms)
Platform modules already initialized, skipping
Refreshing native plugins compatible for Editor in 6.93 ms, found 2 plugins.
Preloading 0 native plugins for Editor in 0.00 ms.
Unloading 2178 Unused Serialized files (Serialized files now loaded: 0)
Unloading 68 unused Assets / (2.9 MB). Loaded Objects now: 2810.
Memory consumption went from 119.7 MB to 116.8 MB.
Total: 7.095500 ms (FindLiveObjects: 0.309700 ms CreateObjectMapping: 0.146700 ms MarkObjects: 4.202800 ms  DeleteObjects: 2.434600 ms)

AssetImportParameters requested are different than current active one (requested -> active):
  custom:video-decoder-ogg-theora: a1e56fd34408186e4bbccfd4996cb3dc -> 
  custom:container-muxer-webm: aa71ff27fc2769a1b78a27578f13a17b -> 
  custom:container-demuxer-webm: 4f35f7cbe854078d1ac9338744f61a02 -> 
  custom:video-encoder-webm-vp8: eb34c28f22e8b96e1ab97ce403110664 -> 
  custom:audio-encoder-webm-vorbis: bf7c407c2cedff20999df2af8eb42d56 -> 
  custom:framework-win-MediaFoundation: 216162199b28c13a410421893ffa2e32 -> 
  custom:container-demuxer-ogg: 62fdf1f143b41e24485cea50d1cbac27 -> 
  custom:video-decoder-webm-vp8: 9c59270c3fd7afecdb556c50c9e8de78 -> 
  custom:audio-decoder-ogg-vorbis: bf7c407c2cedff20999df2af8eb42d56 -> 
Editor requested this worker to shutdown with reason: Scaling down because of idle timeout
AssetImportWorker is now disconnected from the server
Process exiting
Exiting without the bug reporter. Application will terminate with return code 0