Using pre-set license
Built from '2021.3/staging' branch; Version is '2021.3.1f1 (3b70a0754835) revision 3895456'; Using compiler version '192829333'; Build Type 'Release'
OS: 'Windows 10  (10.0.19043) 64bit Core' Language: 'tr' Physical Memory: 7976 MB
BatchMode: 1, IsHumanControllingUs: 0, StartBugReporterOnCrash: 0, Is64bit: 1, IsPro: 1

COMMAND LINE ARGUMENTS:
C:\Program Files\Unity\Hub\Editor\2021.3.1f1\Editor\Unity.exe
-adb2
-batchMode
-noUpm
-name
AssetImportWorker15
-projectPath
C:/Users/batuh/Desktop/Space Buzz/Clone2/The-100/SpaceBuzz
-logFile
Logs/AssetImportWorker15.log
-srvPort
53515
Successfully changed project path to: C:/Users/batuh/Desktop/Space Buzz/Clone2/The-100/SpaceBuzz
C:/Users/batuh/Desktop/Space Buzz/Clone2/The-100/SpaceBuzz
[UnityMemory] Configuration Parameters - Can be set up in boot.config
    "memorysetup-bucket-allocator-granularity=16"
    "memorysetup-bucket-allocator-bucket-count=8"
    "memorysetup-bucket-allocator-block-size=33554432"
    "memorysetup-bucket-allocator-block-count=8"
    "memorysetup-main-allocator-block-size=16777216"
    "memorysetup-thread-allocator-block-size=16777216"
    "memorysetup-gfx-main-allocator-block-size=16777216"
    "memorysetup-gfx-thread-allocator-block-size=16777216"
    "memorysetup-cache-allocator-block-size=4194304"
    "memorysetup-typetree-allocator-block-size=2097152"
    "memorysetup-profiler-bucket-allocator-granularity=16"
    "memorysetup-profiler-bucket-allocator-bucket-count=8"
    "memorysetup-profiler-bucket-allocator-block-size=33554432"
    "memorysetup-profiler-bucket-allocator-block-count=8"
    "memorysetup-profiler-allocator-block-size=16777216"
    "memorysetup-profiler-editor-allocator-block-size=1048576"
    "memorysetup-temp-allocator-size-main=16777216"
    "memorysetup-job-temp-allocator-block-size=2097152"
    "memorysetup-job-temp-allocator-block-size-background=1048576"
    "memorysetup-job-temp-allocator-reduction-small-platforms=262144"
    "memorysetup-temp-allocator-size-background-worker=32768"
    "memorysetup-temp-allocator-size-job-worker=262144"
    "memorysetup-temp-allocator-size-preload-manager=33554432"
    "memorysetup-temp-allocator-size-nav-mesh-worker=65536"
    "memorysetup-temp-allocator-size-audio-worker=65536"
    "memorysetup-temp-allocator-size-cloud-worker=32768"
    "memorysetup-temp-allocator-size-gi-baking-worker=262144"
    "memorysetup-temp-allocator-size-gfx=262144"
Refreshing native plugins compatible for Editor in 205.00 ms, found 2 plugins.
Preloading 0 native plugins for Editor in 0.00 ms.
Initialize engine version: 2021.3.1f1 (3b70a0754835)
[Subsystems] Discovering subsystems at path C:/Program Files/Unity/Hub/Editor/2021.3.1f1/Editor/Data/Resources/UnitySubsystems
[Subsystems] Discovering subsystems at path C:/Users/batuh/Desktop/Space Buzz/Clone2/The-100/SpaceBuzz/Assets
GfxDevice: creating device client; threaded=0; jobified=0
Direct3D:
    Version:  Direct3D 11.0 [level 11.1]
    Renderer: Intel(R) UHD Graphics (ID=0x9b41)
    Vendor:   Intel
    VRAM:     3988 MB
    Driver:   27.20.100.9365
Initialize mono
Mono path[0] = 'C:/Program Files/Unity/Hub/Editor/2021.3.1f1/Editor/Data/Managed'
Mono path[1] = 'C:/Program Files/Unity/Hub/Editor/2021.3.1f1/Editor/Data/MonoBleedingEdge/lib/mono/unityjit-win32'
Mono config path = 'C:/Program Files/Unity/Hub/Editor/2021.3.1f1/Editor/Data/MonoBleedingEdge/etc'
Using monoOptions --debugger-agent=transport=dt_socket,embedding=1,server=y,suspend=n,address=127.0.0.1:56168
Begin MonoManager ReloadAssembly
Registering precompiled unity dll's ...
Register platform support module: C:/Program Files/Unity/Hub/Editor/2021.3.1f1/Editor/Data/PlaybackEngines/WindowsStandaloneSupport/UnityEditor.WindowsStandalone.Extensions.dll
Registered in 0.016665 seconds.
Native extension for WindowsStandalone target not found
Refreshing native plugins compatible for Editor in 317.25 ms, found 2 plugins.
Preloading 0 native plugins for Editor in 0.00 ms.
Mono: successfully reloaded assembly
- Completed reload, in  2.780 seconds
Domain Reload Profiling:
	ReloadAssembly (2782ms)
		BeginReloadAssembly (256ms)
			ExecutionOrderSort (0ms)
			DisableScriptedObjects (0ms)
			BackupInstance (0ms)
			ReleaseScriptingObjects (0ms)
			CreateAndSetChildDomain (2ms)
		EndReloadAssembly (2130ms)
			LoadAssemblies (250ms)
			RebuildTransferFunctionScriptingTraits (0ms)
			SetupTypeCache (402ms)
			ReleaseScriptCaches (0ms)
			RebuildScriptCaches (151ms)
			SetupLoadedEditorAssemblies (1384ms)
				LogAssemblyErrors (0ms)
				InitializePlatformSupportModulesInManaged (41ms)
				SetLoadedEditorAssemblies (1ms)
				RefreshPlugins (318ms)
				BeforeProcessingInitializeOnLoad (8ms)
				ProcessInitializeOnLoadAttributes (743ms)
				ProcessInitializeOnLoadMethodAttributes (273ms)
				AfterProcessingInitializeOnLoad (0ms)
				EditorAssembliesLoaded (1ms)
			ExecutionOrderSort2 (0ms)
			AwakeInstancesAfterBackupRestoration (0ms)
Platform modules already initialized, skipping
Registering precompiled user dll's ...
Registered in 0.013487 seconds.
Begin MonoManager ReloadAssembly
Symbol file LoadedFromMemory is not a mono symbol file
Native extension for WindowsStandalone target not found
Refreshing native plugins compatible for Editor in 2.25 ms, found 2 plugins.
Preloading 0 native plugins for Editor in 0.00 ms.
Mono: successfully reloaded assembly
- Completed reload, in  4.694 seconds
Domain Reload Profiling:
	ReloadAssembly (4696ms)
		BeginReloadAssembly (585ms)
			ExecutionOrderSort (0ms)
			DisableScriptedObjects (35ms)
			BackupInstance (0ms)
			ReleaseScriptingObjects (0ms)
			CreateAndSetChildDomain (88ms)
		EndReloadAssembly (3432ms)
			LoadAssemblies (415ms)
			RebuildTransferFunctionScriptingTraits (0ms)
			SetupTypeCache (885ms)
			ReleaseScriptCaches (1ms)
			RebuildScriptCaches (195ms)
			SetupLoadedEditorAssemblies (1895ms)
				LogAssemblyErrors (0ms)
				InitializePlatformSupportModulesInManaged (22ms)
				SetLoadedEditorAssemblies (2ms)
				RefreshPlugins (2ms)
				BeforeProcessingInitializeOnLoad (259ms)
				ProcessInitializeOnLoadAttributes (1481ms)
				ProcessInitializeOnLoadMethodAttributes (95ms)
				AfterProcessingInitializeOnLoad (33ms)
				EditorAssembliesLoaded (1ms)
			ExecutionOrderSort2 (0ms)
			AwakeInstancesAfterBackupRestoration (19ms)
Platform modules already initialized, skipping
========================================================================
Worker process is ready to serve import requests
Launched and connected shader compiler UnityShaderCompiler.exe after 0.16 seconds
Refreshing native plugins compatible for Editor in 2.31 ms, found 2 plugins.
Preloading 0 native plugins for Editor in 0.00 ms.
Unloading 2207 Unused Serialized files (Serialized files now loaded: 0)
Unloading 93 unused Assets / (3.4 MB). Loaded Objects now: 2650.
Memory consumption went from 117.4 MB to 114.0 MB.
Total: 11.735800 ms (FindLiveObjects: 0.722500 ms CreateObjectMapping: 0.344000 ms MarkObjects: 7.984700 ms  DeleteObjects: 2.681500 ms)

AssetImportParameters requested are different than current active one (requested -> active):
  custom:video-decoder-ogg-theora: a1e56fd34408186e4bbccfd4996cb3dc -> 
  custom:container-muxer-webm: aa71ff27fc2769a1b78a27578f13a17b -> 
  custom:container-demuxer-webm: 4f35f7cbe854078d1ac9338744f61a02 -> 
  custom:video-encoder-webm-vp8: eb34c28f22e8b96e1ab97ce403110664 -> 
  custom:audio-encoder-webm-vorbis: bf7c407c2cedff20999df2af8eb42d56 -> 
  custom:framework-win-MediaFoundation: 216162199b28c13a410421893ffa2e32 -> 
  custom:container-demuxer-ogg: 62fdf1f143b41e24485cea50d1cbac27 -> 
  custom:video-decoder-webm-vp8: 9c59270c3fd7afecdb556c50c9e8de78 -> 
  custom:audio-decoder-ogg-vorbis: bf7c407c2cedff20999df2af8eb42d56 -> 
========================================================================
Received Import Request.
  Time since last request: 1084614.674160 seconds.
  path: Assets/SineVFX/TranslucentCrystals/Prefabs/Crystalsv01.prefab
  artifactKey: Guid(8ad137f6808375f4e885d60451f0c4fc) Importer(815301076,1909f56bfc062723c751e8b465ee728b)
Start importing Assets/SineVFX/TranslucentCrystals/Prefabs/Crystalsv01.prefab using Guid(8ad137f6808375f4e885d60451f0c4fc) Importer(815301076,1909f56bfc062723c751e8b465ee728b)  -> (artifact id: 'a2d484130ca4cd391db4b8cb0a4c3ba5') in 0.543908 seconds 
========================================================================
Received Import Request.
  Time since last request: 6.880010 seconds.
  path: Assets/SineVFX/TranslucentCrystals/Prefabs/Crystalsv04.prefab
  artifactKey: Guid(ff31047102e4ad54da5383aa244844cf) Importer(815301076,1909f56bfc062723c751e8b465ee728b)
Start importing Assets/SineVFX/TranslucentCrystals/Prefabs/Crystalsv04.prefab using Guid(ff31047102e4ad54da5383aa244844cf) Importer(815301076,1909f56bfc062723c751e8b465ee728b)  -> (artifact id: '2d0f2244dc33833ff105e8a2277dc33c') in 0.083739 seconds 
========================================================================
Received Import Request.
  Time since last request: 0.000121 seconds.
  path: Assets/SineVFX/TranslucentCrystals/Prefabs/Crystalsv08.prefab
  artifactKey: Guid(da6e8bbd483d22c449e703a7e40afde4) Importer(815301076,1909f56bfc062723c751e8b465ee728b)
Start importing Assets/SineVFX/TranslucentCrystals/Prefabs/Crystalsv08.prefab using Guid(da6e8bbd483d22c449e703a7e40afde4) Importer(815301076,1909f56bfc062723c751e8b465ee728b)  -> (artifact id: 'd8a00d1005289c68e385ca5da788b466') in 0.097894 seconds 
========================================================================
Received Import Request.
  Time since last request: 0.000149 seconds.
  path: Assets/SineVFX/TranslucentCrystals/Prefabs/Crystalsv06.prefab
  artifactKey: Guid(4aa7f4f0acab60742bea9a9f6a3bb144) Importer(815301076,1909f56bfc062723c751e8b465ee728b)
Start importing Assets/SineVFX/TranslucentCrystals/Prefabs/Crystalsv06.prefab using Guid(4aa7f4f0acab60742bea9a9f6a3bb144) Importer(815301076,1909f56bfc062723c751e8b465ee728b)  -> (artifact id: '7573f8203af6cae36e6bb577db471553') in 0.074121 seconds 
========================================================================
Received Import Request.
  Time since last request: 8.631589 seconds.
  path: Assets/SineVFX/TranslucentCrystals/Prefabs/Crystalsv01.prefab
  artifactKey: Guid(8ad137f6808375f4e885d60451f0c4fc) Importer(815301076,1909f56bfc062723c751e8b465ee728b)
Start importing Assets/SineVFX/TranslucentCrystals/Prefabs/Crystalsv01.prefab using Guid(8ad137f6808375f4e885d60451f0c4fc) Importer(815301076,1909f56bfc062723c751e8b465ee728b)  -> (artifact id: '4d5c11c2b71e8af494811411ee42066f') in 0.076802 seconds 
========================================================================
Received Import Request.
  Time since last request: 0.000116 seconds.
  path: Assets/SineVFX/TranslucentCrystals/Prefabs/Crystalsv08.prefab
  artifactKey: Guid(da6e8bbd483d22c449e703a7e40afde4) Importer(815301076,1909f56bfc062723c751e8b465ee728b)
Start importing Assets/SineVFX/TranslucentCrystals/Prefabs/Crystalsv08.prefab using Guid(da6e8bbd483d22c449e703a7e40afde4) Importer(815301076,1909f56bfc062723c751e8b465ee728b)  -> (artifact id: '00000000000000000000000000000000') in 0.082639 seconds  code(4) message(Build asset version error: assets/sinevfx/translucentcrystals/prefabs/crystalsv08.prefab in SourceAssetDB has modification time of '2022-05-30T08:06:37.395278Z' while content on disk has modification time of '2022-05-30T08:06:37.9535128Z')
  ERROR: Build asset version error: assets/sinevfx/translucentcrystals/prefabs/crystalsv08.prefab in SourceAssetDB has modification time of '2022-05-30T08:06:37.395278Z' while content on disk has modification time of '2022-05-30T08:06:37.9535128Z'
========================================================================
Received Import Request.
  Time since last request: 0.000066 seconds.
  path: Assets/SineVFX/TranslucentCrystals/Prefabs/Crystalsv06.prefab
  artifactKey: Guid(4aa7f4f0acab60742bea9a9f6a3bb144) Importer(815301076,1909f56bfc062723c751e8b465ee728b)
Start importing Assets/SineVFX/TranslucentCrystals/Prefabs/Crystalsv06.prefab using Guid(4aa7f4f0acab60742bea9a9f6a3bb144) Importer(815301076,1909f56bfc062723c751e8b465ee728b)  -> (artifact id: '8b355748a9f02862d09ee4d948e0c1dd') in 0.048844 seconds 
========================================================================
Received Import Request.
  Time since last request: 13.720394 seconds.
  path: Assets/SineVFX/TranslucentCrystals/Prefabs/Crystalsv04.prefab
  artifactKey: Guid(ff31047102e4ad54da5383aa244844cf) Importer(815301076,1909f56bfc062723c751e8b465ee728b)
Start importing Assets/SineVFX/TranslucentCrystals/Prefabs/Crystalsv04.prefab using Guid(ff31047102e4ad54da5383aa244844cf) Importer(815301076,1909f56bfc062723c751e8b465ee728b)  -> (artifact id: '5de8fd0f325b91a86550b53bda1496e5') in 0.051669 seconds 
========================================================================
Received Import Request.
  Time since last request: 0.000576 seconds.
  path: Assets/SineVFX/TranslucentCrystals/Prefabs/Crystalsv09.prefab
  artifactKey: Guid(5f285e9508d4e3f4488b284bb80a0b9b) Importer(815301076,1909f56bfc062723c751e8b465ee728b)
Start importing Assets/SineVFX/TranslucentCrystals/Prefabs/Crystalsv09.prefab using Guid(5f285e9508d4e3f4488b284bb80a0b9b) Importer(815301076,1909f56bfc062723c751e8b465ee728b)  -> (artifact id: 'b7c50a0c81c3f8549faeb92f55849d25') in 0.102252 seconds 
========================================================================
Received Import Request.
  Time since last request: 0.000116 seconds.
  path: Assets/SineVFX/TranslucentCrystals/Prefabs/Crystalsv10.prefab
  artifactKey: Guid(227f9257bcc7175478a7f935e3bfc552) Importer(815301076,1909f56bfc062723c751e8b465ee728b)
Start importing Assets/SineVFX/TranslucentCrystals/Prefabs/Crystalsv10.prefab using Guid(227f9257bcc7175478a7f935e3bfc552) Importer(815301076,1909f56bfc062723c751e8b465ee728b)  -> (artifact id: '3ca909ed84c54102d8a2cac67a3fba55') in 0.078219 seconds 
========================================================================
Received Import Request.
  Time since last request: 6.107519 seconds.
  path: Assets/SineVFX/TranslucentCrystals/Prefabs/Crystalsv01.prefab
  artifactKey: Guid(8ad137f6808375f4e885d60451f0c4fc) Importer(815301076,1909f56bfc062723c751e8b465ee728b)
Start importing Assets/SineVFX/TranslucentCrystals/Prefabs/Crystalsv01.prefab using Guid(8ad137f6808375f4e885d60451f0c4fc) Importer(815301076,1909f56bfc062723c751e8b465ee728b)  -> (artifact id: '57304d1c3020d93f45b474bcb25e48e3') in 0.044491 seconds 
========================================================================
Received Import Request.
  Time since last request: 1.595286 seconds.
  path: Assets/SineVFX/TranslucentCrystals/Prefabs/Crystalsv01.prefab
  artifactKey: Guid(8ad137f6808375f4e885d60451f0c4fc) Importer(815301076,1909f56bfc062723c751e8b465ee728b)
Start importing Assets/SineVFX/TranslucentCrystals/Prefabs/Crystalsv01.prefab using Guid(8ad137f6808375f4e885d60451f0c4fc) Importer(815301076,1909f56bfc062723c751e8b465ee728b)  -> (artifact id: 'ab737aaa5520c7bf308bdf353d97a036') in 0.042010 seconds 
========================================================================
Received Import Request.
  Time since last request: 8.805073 seconds.
  path: Assets/SineVFX/TranslucentCrystals/Prefabs/Crystalsv01.prefab
  artifactKey: Guid(8ad137f6808375f4e885d60451f0c4fc) Importer(815301076,1909f56bfc062723c751e8b465ee728b)
Start importing Assets/SineVFX/TranslucentCrystals/Prefabs/Crystalsv01.prefab using Guid(8ad137f6808375f4e885d60451f0c4fc) Importer(815301076,1909f56bfc062723c751e8b465ee728b)  -> (artifact id: '04cdeac9639fb9b72372045f5dcdcd80') in 0.061548 seconds 
========================================================================
Received Import Request.
  Time since last request: 23.441912 seconds.
  path: Assets/Prefab/Karakter/Astronaut.prefab
  artifactKey: Guid(870b89af1b26e004487bbfc19e8c24ea) Importer(815301076,1909f56bfc062723c751e8b465ee728b)
Start importing Assets/Prefab/Karakter/Astronaut.prefab using Guid(870b89af1b26e004487bbfc19e8c24ea) Importer(815301076,1909f56bfc062723c751e8b465ee728b)  -> (artifact id: 'd0148e931cc1f9cc8204dfe810c349ed') in 0.231410 seconds 
========================================================================
Received Import Request.
  Time since last request: 0.000051 seconds.
  path: Assets/Sources/Meshtint Free Boximon Fiery Mega Toon Series/Animations/Boximon@Attack 02.FBX
  artifactKey: Guid(f90822dc21243c143832aadcda799012) Importer(815301076,1909f56bfc062723c751e8b465ee728b)
Start importing Assets/Sources/Meshtint Free Boximon Fiery Mega Toon Series/Animations/Boximon@Attack 02.FBX using Guid(f90822dc21243c143832aadcda799012) Importer(815301076,1909f56bfc062723c751e8b465ee728b)  -> (artifact id: '83982c5117ca3e01b2658ff42438b389') in 0.128448 seconds 
========================================================================
Received Import Request.
  Time since last request: 0.000059 seconds.
  path: Assets/Meshtint Free Boximon Cyclopes Mega Toon Series/Boximon Animations/Boximon@Run W Root.FBX
  artifactKey: Guid(dbd9ff5069f897b4eac2cc89f720aeb9) Importer(815301076,1909f56bfc062723c751e8b465ee728b)
Start importing Assets/Meshtint Free Boximon Cyclopes Mega Toon Series/Boximon Animations/Boximon@Run W Root.FBX using Guid(dbd9ff5069f897b4eac2cc89f720aeb9) Importer(815301076,1909f56bfc062723c751e8b465ee728b)  -> (artifact id: 'a64e033a6cab46a52fa66c90f2a7fea4') in 0.102204 seconds 
========================================================================
Received Import Request.
  Time since last request: 2.534747 seconds.
  path: Assets/SineVFX/TranslucentCrystals/Resources/Meshes/TranslucentCrystal01.obj
  artifactKey: Guid(78ffc1ed5f72076498d0614872cf48ec) Importer(815301076,1909f56bfc062723c751e8b465ee728b)
Start importing Assets/SineVFX/TranslucentCrystals/Resources/Meshes/TranslucentCrystal01.obj using Guid(78ffc1ed5f72076498d0614872cf48ec) Importer(815301076,1909f56bfc062723c751e8b465ee728b)  -> (artifact id: '2afc8cb18bfad6aec03735f877928ef8') in 0.129254 seconds 
========================================================================
Received Import Request.
  Time since last request: 1.089418 seconds.
  path: Assets/Prefab/Tiles/Tile1.prefab
  artifactKey: Guid(7fa8bd129105b7248a02b5368debcfa3) Importer(815301076,1909f56bfc062723c751e8b465ee728b)
Start importing Assets/Prefab/Tiles/Tile1.prefab using Guid(7fa8bd129105b7248a02b5368debcfa3) Importer(815301076,1909f56bfc062723c751e8b465ee728b)  -> (artifact id: '5a43f9de331c9cbe636738fa289e529f') in 0.235639 seconds 
========================================================================
Received Import Request.
  Time since last request: 4.798829 seconds.
  path: Assets/Sources/Meshtint Free Boximon Fiery Mega Toon Series/Animations/Boximon@Take Damage.FBX
  artifactKey: Guid(18abc2beedf0b4a499d3f8f43782198e) Importer(815301076,1909f56bfc062723c751e8b465ee728b)
Start importing Assets/Sources/Meshtint Free Boximon Fiery Mega Toon Series/Animations/Boximon@Take Damage.FBX using Guid(18abc2beedf0b4a499d3f8f43782198e) Importer(815301076,1909f56bfc062723c751e8b465ee728b)  -> (artifact id: 'bdc91401304ee918b6e58a8d6ea730e4') in 0.110414 seconds 
========================================================================
Received Import Request.
  Time since last request: 1.323297 seconds.
  path: Assets/Sources/SimpleNaturePack/Models/Branch_01.fbx
  artifactKey: Guid(5528351815fd4c04abf537f22c7e18f1) Importer(815301076,1909f56bfc062723c751e8b465ee728b)
Start importing Assets/Sources/SimpleNaturePack/Models/Branch_01.fbx using Guid(5528351815fd4c04abf537f22c7e18f1) Importer(815301076,1909f56bfc062723c751e8b465ee728b)  -> (artifact id: '01bac4bd95e7703281f1526d8872a9d8') in 0.137398 seconds 
========================================================================
Received Import Request.
  Time since last request: 2.187201 seconds.
  path: Assets/Prefab/Tiles/Tile3.prefab
  artifactKey: Guid(aff50211975231849949d77a4c740089) Importer(815301076,1909f56bfc062723c751e8b465ee728b)
Start importing Assets/Prefab/Tiles/Tile3.prefab using Guid(aff50211975231849949d77a4c740089) Importer(815301076,1909f56bfc062723c751e8b465ee728b)  -> (artifact id: 'af2e24ab225c1c6ef51bf426cd0576fd') in 0.199793 seconds 
========================================================================
Received Import Request.
  Time since last request: 3.743770 seconds.
  path: Assets/Prefab/Tiles/Tile3.prefab
  artifactKey: Guid(aff50211975231849949d77a4c740089) Importer(815301076,1909f56bfc062723c751e8b465ee728b)
Start importing Assets/Prefab/Tiles/Tile3.prefab using Guid(aff50211975231849949d77a4c740089) Importer(815301076,1909f56bfc062723c751e8b465ee728b)  -> (artifact id: '5094969279cdbff62220e57d1ee33c24') in 0.266093 seconds 
========================================================================
Received Import Request.
  Time since last request: 6.141267 seconds.
  path: Assets/Prefab/Tiles/Tile3.prefab
  artifactKey: Guid(aff50211975231849949d77a4c740089) Importer(815301076,1909f56bfc062723c751e8b465ee728b)
Start importing Assets/Prefab/Tiles/Tile3.prefab using Guid(aff50211975231849949d77a4c740089) Importer(815301076,1909f56bfc062723c751e8b465ee728b)  -> (artifact id: '00b9311b089da9b8e6a0eb256c846cb4') in 0.169150 seconds 
========================================================================
Received Import Request.
  Time since last request: 5.746872 seconds.
  path: Assets/Prefab/Tiles/Tile4.prefab
  artifactKey: Guid(e626b5e848c1ceb41ade2bbd3eaefc94) Importer(815301076,1909f56bfc062723c751e8b465ee728b)
Start importing Assets/Prefab/Tiles/Tile4.prefab using Guid(e626b5e848c1ceb41ade2bbd3eaefc94) Importer(815301076,1909f56bfc062723c751e8b465ee728b)  -> (artifact id: 'd6a02d7368bc0b8691fc26e907638491') in 0.286625 seconds 
========================================================================
Received Import Request.
  Time since last request: 6.668756 seconds.
  path: Assets/Prefab/Tiles/Tile5.prefab
  artifactKey: Guid(74fb1fc2001c3c147b04252f07e4666a) Importer(815301076,1909f56bfc062723c751e8b465ee728b)
Start importing Assets/Prefab/Tiles/Tile5.prefab using Guid(74fb1fc2001c3c147b04252f07e4666a) Importer(815301076,1909f56bfc062723c751e8b465ee728b)  -> (artifact id: '48e7fc9ac95dcc1648135f5df3266836') in 0.163792 seconds 
========================================================================
Received Import Request.
  Time since last request: 9.862635 seconds.
  path: Assets/Prefab/Tiles/Tile6.prefab
  artifactKey: Guid(fc63aaadc48e3da4590886fc22b612d3) Importer(815301076,1909f56bfc062723c751e8b465ee728b)
Start importing Assets/Prefab/Tiles/Tile6.prefab using Guid(fc63aaadc48e3da4590886fc22b612d3) Importer(815301076,1909f56bfc062723c751e8b465ee728b)  -> (artifact id: 'c4b9788ea1a569fa025439f4bc4ebb0e') in 0.156181 seconds 
========================================================================
Received Import Request.
  Time since last request: 4.828615 seconds.
  path: Assets/Prefab/Tiles/Tile6.prefab
  artifactKey: Guid(fc63aaadc48e3da4590886fc22b612d3) Importer(815301076,1909f56bfc062723c751e8b465ee728b)
Start importing Assets/Prefab/Tiles/Tile6.prefab using Guid(fc63aaadc48e3da4590886fc22b612d3) Importer(815301076,1909f56bfc062723c751e8b465ee728b)  -> (artifact id: 'e6f8d83b5393cd4888358b5794ac9054') in 0.151822 seconds 
========================================================================
Received Import Request.
  Time since last request: 7.882691 seconds.
  path: Assets/Prefab/Tiles/Tile7.prefab
  artifactKey: Guid(36b878abc12d8ab4cb9ededb86128c83) Importer(815301076,1909f56bfc062723c751e8b465ee728b)
Start importing Assets/Prefab/Tiles/Tile7.prefab using Guid(36b878abc12d8ab4cb9ededb86128c83) Importer(815301076,1909f56bfc062723c751e8b465ee728b)  -> (artifact id: '64755abc7f923cc05fe7afc184c914a2') in 0.159718 seconds 
========================================================================
Received Import Request.
  Time since last request: 6.946332 seconds.
  path: Assets/Prefab/Tiles/Tile8.prefab
  artifactKey: Guid(95fbe878ffeea824ea98a6126cc27379) Importer(815301076,1909f56bfc062723c751e8b465ee728b)
Start importing Assets/Prefab/Tiles/Tile8.prefab using Guid(95fbe878ffeea824ea98a6126cc27379) Importer(815301076,1909f56bfc062723c751e8b465ee728b)  -> (artifact id: '4bca5d753f33b84f1d0f67ef7bf7a75b') in 0.191086 seconds 
========================================================================
Received Prepare
Registering precompiled user dll's ...
Registered in 0.005456 seconds.
Begin MonoManager ReloadAssembly
Symbol file LoadedFromMemory is not a mono symbol file
Native extension for WindowsStandalone target not found
Refreshing native plugins compatible for Editor in 0.93 ms, found 2 plugins.
Preloading 0 native plugins for Editor in 0.00 ms.
Mono: successfully reloaded assembly
- Completed reload, in  5.206 seconds
Domain Reload Profiling:
	ReloadAssembly (5208ms)
		BeginReloadAssembly (285ms)
			ExecutionOrderSort (0ms)
			DisableScriptedObjects (7ms)
			BackupInstance (0ms)
			ReleaseScriptingObjects (0ms)
			CreateAndSetChildDomain (69ms)
		EndReloadAssembly (4723ms)
			LoadAssemblies (211ms)
			RebuildTransferFunctionScriptingTraits (0ms)
			SetupTypeCache (552ms)
			ReleaseScriptCaches (3ms)
			RebuildScriptCaches (221ms)
			SetupLoadedEditorAssemblies (3295ms)
				LogAssemblyErrors (0ms)
				InitializePlatformSupportModulesInManaged (42ms)
				SetLoadedEditorAssemblies (1ms)
				RefreshPlugins (1ms)
				BeforeProcessingInitializeOnLoad (147ms)
				ProcessInitializeOnLoadAttributes (2823ms)
				ProcessInitializeOnLoadMethodAttributes (216ms)
				AfterProcessingInitializeOnLoad (63ms)
				EditorAssembliesLoaded (2ms)
			ExecutionOrderSort2 (0ms)
			AwakeInstancesAfterBackupRestoration (66ms)
Platform modules already initialized, skipping
Refreshing native plugins compatible for Editor in 27.22 ms, found 2 plugins.
Preloading 0 native plugins for Editor in 0.00 ms.
Unloading 2182 Unused Serialized files (Serialized files now loaded: 0)
Unloading 75 unused Assets / (3.4 MB). Loaded Objects now: 2678.
Memory consumption went from 132.9 MB to 129.5 MB.
Total: 22.932700 ms (FindLiveObjects: 1.740600 ms CreateObjectMapping: 2.415100 ms MarkObjects: 12.684700 ms  DeleteObjects: 6.078400 ms)

AssetImportParameters requested are different than current active one (requested -> active):
  custom:video-decoder-ogg-theora: a1e56fd34408186e4bbccfd4996cb3dc -> 
  custom:container-muxer-webm: aa71ff27fc2769a1b78a27578f13a17b -> 
  custom:container-demuxer-webm: 4f35f7cbe854078d1ac9338744f61a02 -> 
  custom:video-encoder-webm-vp8: eb34c28f22e8b96e1ab97ce403110664 -> 
  custom:audio-encoder-webm-vorbis: bf7c407c2cedff20999df2af8eb42d56 -> 
  custom:framework-win-MediaFoundation: 216162199b28c13a410421893ffa2e32 -> 
  custom:container-demuxer-ogg: 62fdf1f143b41e24485cea50d1cbac27 -> 
  custom:video-decoder-webm-vp8: 9c59270c3fd7afecdb556c50c9e8de78 -> 
  custom:audio-decoder-ogg-vorbis: bf7c407c2cedff20999df2af8eb42d56 -> 
========================================================================
Received Import Request.
  Time since last request: 36.636117 seconds.
  path: Assets/SineVFX/TranslucentCrystals/Prefabs/Crystalsv01.prefab
  artifactKey: Guid(8ad137f6808375f4e885d60451f0c4fc) Importer(815301076,1909f56bfc062723c751e8b465ee728b)
Start importing Assets/SineVFX/TranslucentCrystals/Prefabs/Crystalsv01.prefab using Guid(8ad137f6808375f4e885d60451f0c4fc) Importer(815301076,1909f56bfc062723c751e8b465ee728b)  -> (artifact id: '00e78409454c33036c5d04ed081452e0') in 0.194964 seconds 
========================================================================
Received Import Request.
  Time since last request: 13.452556 seconds.
  path: Assets/SineVFX/TranslucentCrystals/Prefabs/Crystalsv01.prefab
  artifactKey: Guid(8ad137f6808375f4e885d60451f0c4fc) Importer(815301076,1909f56bfc062723c751e8b465ee728b)
Start importing Assets/SineVFX/TranslucentCrystals/Prefabs/Crystalsv01.prefab using Guid(8ad137f6808375f4e885d60451f0c4fc) Importer(815301076,1909f56bfc062723c751e8b465ee728b)  -> (artifact id: '96b33acb2afd62e1b1bc6f69d2d417f0') in 0.049430 seconds 
========================================================================
Received Import Request.
  Time since last request: 11.300152 seconds.
  path: Assets/SineVFX/TranslucentCrystals/Prefabs/Crystalsv01.prefab
  artifactKey: Guid(8ad137f6808375f4e885d60451f0c4fc) Importer(815301076,1909f56bfc062723c751e8b465ee728b)
Start importing Assets/SineVFX/TranslucentCrystals/Prefabs/Crystalsv01.prefab using Guid(8ad137f6808375f4e885d60451f0c4fc) Importer(815301076,1909f56bfc062723c751e8b465ee728b)  -> (artifact id: '7a1abde012bfe33cef40c6d02044734e') in 0.042849 seconds 
========================================================================
Received Import Request.
  Time since last request: 6.934117 seconds.
  path: Assets/SineVFX/TranslucentCrystals/Resources/Textures/CrystalMaps/TranslucentCrystal01_Mask.png
  artifactKey: Guid(db56133bdb0993a40b90a1241d093e13) Importer(815301076,1909f56bfc062723c751e8b465ee728b)
Start importing Assets/SineVFX/TranslucentCrystals/Resources/Textures/CrystalMaps/TranslucentCrystal01_Mask.png using Guid(db56133bdb0993a40b90a1241d093e13) Importer(815301076,1909f56bfc062723c751e8b465ee728b)  -> (artifact id: 'b0c8206e636677ade013266369fb2a0b') in 0.066886 seconds 
========================================================================
Received Import Request.
  Time since last request: 0.000090 seconds.
  path: Assets/SineVFX/TranslucentCrystals/Resources/Textures/CrystalMaps/TranslucentCrystal01_Emission.png
  artifactKey: Guid(c4cb56ed45fb93d428f0b362c9985f7c) Importer(815301076,1909f56bfc062723c751e8b465ee728b)
Start importing Assets/SineVFX/TranslucentCrystals/Resources/Textures/CrystalMaps/TranslucentCrystal01_Emission.png using Guid(c4cb56ed45fb93d428f0b362c9985f7c) Importer(815301076,1909f56bfc062723c751e8b465ee728b)  -> (artifact id: '93a71f55931489893c5c7a824464c950') in 0.050211 seconds 
========================================================================
Received Import Request.
  Time since last request: 0.000054 seconds.
  path: Assets/SineVFX/TranslucentCrystals/Resources/Textures/CrystalMaps/TranslucentCrystal01_MetallicSmoothness.png
  artifactKey: Guid(78dbd2e2ed813e04dbbeab6d982981d0) Importer(815301076,1909f56bfc062723c751e8b465ee728b)
Start importing Assets/SineVFX/TranslucentCrystals/Resources/Textures/CrystalMaps/TranslucentCrystal01_MetallicSmoothness.png using Guid(78dbd2e2ed813e04dbbeab6d982981d0) Importer(815301076,1909f56bfc062723c751e8b465ee728b)  -> (artifact id: '81fc368cc2c1a65ce82d6ca07bc43613') in 0.057731 seconds 
========================================================================
Received Import Request.
  Time since last request: 20.409062 seconds.
  path: Assets/SineVFX/TranslucentCrystals/Prefabs/Crystalsv01.prefab
  artifactKey: Guid(8ad137f6808375f4e885d60451f0c4fc) Importer(815301076,1909f56bfc062723c751e8b465ee728b)
Start importing Assets/SineVFX/TranslucentCrystals/Prefabs/Crystalsv01.prefab using Guid(8ad137f6808375f4e885d60451f0c4fc) Importer(815301076,1909f56bfc062723c751e8b465ee728b)  -> (artifact id: 'e29e9007e210913045acea7ac93895ad') in 0.071980 seconds 
========================================================================
Received Import Request.
  Time since last request: 5.317037 seconds.
  path: Assets/SineVFX/TranslucentCrystals/Prefabs/Crystalsv01.prefab
  artifactKey: Guid(8ad137f6808375f4e885d60451f0c4fc) Importer(815301076,1909f56bfc062723c751e8b465ee728b)
Start importing Assets/SineVFX/TranslucentCrystals/Prefabs/Crystalsv01.prefab using Guid(8ad137f6808375f4e885d60451f0c4fc) Importer(815301076,1909f56bfc062723c751e8b465ee728b)  -> (artifact id: '71c68c13183a0daf9a6ca9793028385e') in 0.075177 seconds 
========================================================================
Received Import Request.
  Time since last request: 4.071846 seconds.
  path: Assets/SineVFX/TranslucentCrystals/Prefabs/Crystalsv01.prefab
  artifactKey: Guid(8ad137f6808375f4e885d60451f0c4fc) Importer(815301076,1909f56bfc062723c751e8b465ee728b)
Start importing Assets/SineVFX/TranslucentCrystals/Prefabs/Crystalsv01.prefab using Guid(8ad137f6808375f4e885d60451f0c4fc) Importer(815301076,1909f56bfc062723c751e8b465ee728b)  -> (artifact id: '3acaa8ab50ac0d8de2c8f3b4958b5125') in 0.050726 seconds 
========================================================================
Received Import Request.
  Time since last request: 14.966283 seconds.
  path: Assets/SineVFX/TranslucentCrystals/Prefabs/Crystalsv01.prefab
  artifactKey: Guid(8ad137f6808375f4e885d60451f0c4fc) Importer(815301076,1909f56bfc062723c751e8b465ee728b)
Start importing Assets/SineVFX/TranslucentCrystals/Prefabs/Crystalsv01.prefab using Guid(8ad137f6808375f4e885d60451f0c4fc) Importer(815301076,1909f56bfc062723c751e8b465ee728b)  -> (artifact id: 'c81e70e838828af22a9195c98b823c6e') in 0.055730 seconds 
========================================================================
Received Import Request.
  Time since last request: 2.681162 seconds.
  path: Assets/SineVFX/TranslucentCrystals/Prefabs/Crystalsv01.prefab
  artifactKey: Guid(8ad137f6808375f4e885d60451f0c4fc) Importer(815301076,1909f56bfc062723c751e8b465ee728b)
Start importing Assets/SineVFX/TranslucentCrystals/Prefabs/Crystalsv01.prefab using Guid(8ad137f6808375f4e885d60451f0c4fc) Importer(815301076,1909f56bfc062723c751e8b465ee728b)  -> (artifact id: 'd7a476c800f5aae0e69e1187d91e0895') in 0.062619 seconds 
========================================================================
Received Import Request.
  Time since last request: 2.893871 seconds.
  path: Assets/SineVFX/TranslucentCrystals/Prefabs/Crystalsv01.prefab
  artifactKey: Guid(8ad137f6808375f4e885d60451f0c4fc) Importer(815301076,1909f56bfc062723c751e8b465ee728b)
Start importing Assets/SineVFX/TranslucentCrystals/Prefabs/Crystalsv01.prefab using Guid(8ad137f6808375f4e885d60451f0c4fc) Importer(815301076,1909f56bfc062723c751e8b465ee728b)  -> (artifact id: 'e0d6bffb1d4f0c02547c872b2795e0fa') in 0.066324 seconds 
========================================================================
Received Import Request.
  Time since last request: 5.273648 seconds.
  path: Assets/SineVFX/TranslucentCrystals/Prefabs/Crystalsv01.prefab
  artifactKey: Guid(8ad137f6808375f4e885d60451f0c4fc) Importer(815301076,1909f56bfc062723c751e8b465ee728b)
Start importing Assets/SineVFX/TranslucentCrystals/Prefabs/Crystalsv01.prefab using Guid(8ad137f6808375f4e885d60451f0c4fc) Importer(815301076,1909f56bfc062723c751e8b465ee728b)  -> (artifact id: 'b7457af65418f257e72ee1bfcde5e65d') in 0.046445 seconds 
========================================================================
Received Import Request.
  Time since last request: 4.688898 seconds.
  path: Assets/SineVFX/TranslucentCrystals/Prefabs/Crystalsv01.prefab
  artifactKey: Guid(8ad137f6808375f4e885d60451f0c4fc) Importer(815301076,1909f56bfc062723c751e8b465ee728b)
Start importing Assets/SineVFX/TranslucentCrystals/Prefabs/Crystalsv01.prefab using Guid(8ad137f6808375f4e885d60451f0c4fc) Importer(815301076,1909f56bfc062723c751e8b465ee728b)  -> (artifact id: 'ae306e729043ea581f4ed657b70e9fab') in 0.045225 seconds 
========================================================================
Received Import Request.
  Time since last request: 5.026432 seconds.
  path: Assets/SineVFX/TranslucentCrystals/Prefabs/Crystalsv01.prefab
  artifactKey: Guid(8ad137f6808375f4e885d60451f0c4fc) Importer(815301076,1909f56bfc062723c751e8b465ee728b)
Start importing Assets/SineVFX/TranslucentCrystals/Prefabs/Crystalsv01.prefab using Guid(8ad137f6808375f4e885d60451f0c4fc) Importer(815301076,1909f56bfc062723c751e8b465ee728b)  -> (artifact id: '1c8e2356f4b30a78c92a82674819bb5d') in 0.043937 seconds 
========================================================================
Received Import Request.
  Time since last request: 18.358987 seconds.
  path: Assets/SineVFX/TranslucentCrystals/Prefabs/Crystalsv01.prefab
  artifactKey: Guid(8ad137f6808375f4e885d60451f0c4fc) Importer(815301076,1909f56bfc062723c751e8b465ee728b)
Start importing Assets/SineVFX/TranslucentCrystals/Prefabs/Crystalsv01.prefab using Guid(8ad137f6808375f4e885d60451f0c4fc) Importer(815301076,1909f56bfc062723c751e8b465ee728b)  -> (artifact id: '8cd8dfffd384462ce454f3b38ef8b50a') in 0.044611 seconds 
========================================================================
Received Import Request.
  Time since last request: 2.499917 seconds.
  path: Assets/SineVFX/TranslucentCrystals/Prefabs/Crystalsv01.prefab
  artifactKey: Guid(8ad137f6808375f4e885d60451f0c4fc) Importer(815301076,1909f56bfc062723c751e8b465ee728b)
Start importing Assets/SineVFX/TranslucentCrystals/Prefabs/Crystalsv01.prefab using Guid(8ad137f6808375f4e885d60451f0c4fc) Importer(815301076,1909f56bfc062723c751e8b465ee728b)  -> (artifact id: 'a3453b3c76d742cdf1570764cd5419e7') in 0.048332 seconds 
========================================================================
Received Prepare
Registering precompiled user dll's ...
Registered in 0.005464 seconds.
Begin MonoManager ReloadAssembly
Symbol file LoadedFromMemory is not a mono symbol file
Native extension for WindowsStandalone target not found
Refreshing native plugins compatible for Editor in 1.96 ms, found 2 plugins.
Preloading 0 native plugins for Editor in 0.00 ms.
Mono: successfully reloaded assembly
- Completed reload, in  4.884 seconds
Domain Reload Profiling:
	ReloadAssembly (4887ms)
		BeginReloadAssembly (258ms)
			ExecutionOrderSort (0ms)
			DisableScriptedObjects (11ms)
			BackupInstance (0ms)
			ReleaseScriptingObjects (0ms)
			CreateAndSetChildDomain (66ms)
		EndReloadAssembly (4391ms)
			LoadAssemblies (189ms)
			RebuildTransferFunctionScriptingTraits (0ms)
			SetupTypeCache (460ms)
			ReleaseScriptCaches (5ms)
			RebuildScriptCaches (134ms)
			SetupLoadedEditorAssemblies (3285ms)
				LogAssemblyErrors (0ms)
				InitializePlatformSupportModulesInManaged (29ms)
				SetLoadedEditorAssemblies (1ms)
				RefreshPlugins (2ms)
				BeforeProcessingInitializeOnLoad (225ms)
				ProcessInitializeOnLoadAttributes (2759ms)
				ProcessInitializeOnLoadMethodAttributes (206ms)
				AfterProcessingInitializeOnLoad (60ms)
				EditorAssembliesLoaded (3ms)
			ExecutionOrderSort2 (0ms)
			AwakeInstancesAfterBackupRestoration (63ms)
Platform modules already initialized, skipping
Refreshing native plugins compatible for Editor in 27.10 ms, found 2 plugins.
Preloading 0 native plugins for Editor in 0.00 ms.
Unloading 2182 Unused Serialized files (Serialized files now loaded: 0)
Unloading 73 unused Assets / (3.4 MB). Loaded Objects now: 2695.
Memory consumption went from 132.9 MB to 129.6 MB.
Total: 30.727800 ms (FindLiveObjects: 0.826300 ms CreateObjectMapping: 1.182800 ms MarkObjects: 18.860700 ms  DeleteObjects: 9.854400 ms)

AssetImportParameters requested are different than current active one (requested -> active):
  custom:video-decoder-ogg-theora: a1e56fd34408186e4bbccfd4996cb3dc -> 
  custom:container-muxer-webm: aa71ff27fc2769a1b78a27578f13a17b -> 
  custom:container-demuxer-webm: 4f35f7cbe854078d1ac9338744f61a02 -> 
  custom:video-encoder-webm-vp8: eb34c28f22e8b96e1ab97ce403110664 -> 
  custom:audio-encoder-webm-vorbis: bf7c407c2cedff20999df2af8eb42d56 -> 
  custom:framework-win-MediaFoundation: 216162199b28c13a410421893ffa2e32 -> 
  custom:container-demuxer-ogg: 62fdf1f143b41e24485cea50d1cbac27 -> 
  custom:video-decoder-webm-vp8: 9c59270c3fd7afecdb556c50c9e8de78 -> 
  custom:audio-decoder-ogg-vorbis: bf7c407c2cedff20999df2af8eb42d56 -> 
========================================================================
Received Import Request.
  Time since last request: 127.947045 seconds.
  path: Assets/Prefab/Tiles/Tile1.prefab
  artifactKey: Guid(7fa8bd129105b7248a02b5368debcfa3) Importer(815301076,1909f56bfc062723c751e8b465ee728b)
Start importing Assets/Prefab/Tiles/Tile1.prefab using Guid(7fa8bd129105b7248a02b5368debcfa3) Importer(815301076,1909f56bfc062723c751e8b465ee728b)  -> (artifact id: '682a00ed7947ab7e3714e9f5150f9deb') in 0.533043 seconds 
========================================================================
Received Import Request.
  Time since last request: 0.000052 seconds.
  path: Assets/Prefab/Tiles/Tile5.prefab
  artifactKey: Guid(74fb1fc2001c3c147b04252f07e4666a) Importer(815301076,1909f56bfc062723c751e8b465ee728b)
Start importing Assets/Prefab/Tiles/Tile5.prefab using Guid(74fb1fc2001c3c147b04252f07e4666a) Importer(815301076,1909f56bfc062723c751e8b465ee728b)  -> (artifact id: '45b7f04e801ebe6384b72235b4929d25') in 0.236762 seconds 
========================================================================
Received Import Request.
  Time since last request: 0.000056 seconds.
  path: Assets/Prefab/Tiles/Tile6.prefab
  artifactKey: Guid(fc63aaadc48e3da4590886fc22b612d3) Importer(815301076,1909f56bfc062723c751e8b465ee728b)
Start importing Assets/Prefab/Tiles/Tile6.prefab using Guid(fc63aaadc48e3da4590886fc22b612d3) Importer(815301076,1909f56bfc062723c751e8b465ee728b)  -> (artifact id: 'ae4b3eeb06524b64722ec1a92693c0ce') in 0.238027 seconds 
========================================================================
Received Import Request.
  Time since last request: 9.197073 seconds.
  path: Assets/SineVFX/TranslucentCrystals/Resources
  artifactKey: Guid(ff8ad4695ac9cad4a905683ae0b8176c) Importer(815301076,1909f56bfc062723c751e8b465ee728b)
Start importing Assets/SineVFX/TranslucentCrystals/Resources using Guid(ff8ad4695ac9cad4a905683ae0b8176c) Importer(815301076,1909f56bfc062723c751e8b465ee728b)  -> (artifact id: 'e6c18f7eccd3956a9a306c9d33501b8a') in 0.019368 seconds 
========================================================================
Received Import Request.
  Time since last request: 2.550581 seconds.
  path: Assets/SineVFX/TranslucentCrystals/Resources/Shaders
  artifactKey: Guid(481c3b16c2861704c99ba94f5c195884) Importer(815301076,1909f56bfc062723c751e8b465ee728b)
Start importing Assets/SineVFX/TranslucentCrystals/Resources/Shaders using Guid(481c3b16c2861704c99ba94f5c195884) Importer(815301076,1909f56bfc062723c751e8b465ee728b)  -> (artifact id: '6ec16c9d11605994590ff05c78225b77') in 0.016200 seconds 
========================================================================
Received Import Request.
  Time since last request: 23.318929 seconds.
  path: Assets/SineVFX/TranslucentCrystals/Prefabs/Crystalsv06.prefab
  artifactKey: Guid(4aa7f4f0acab60742bea9a9f6a3bb144) Importer(815301076,1909f56bfc062723c751e8b465ee728b)
Start importing Assets/SineVFX/TranslucentCrystals/Prefabs/Crystalsv06.prefab using Guid(4aa7f4f0acab60742bea9a9f6a3bb144) Importer(815301076,1909f56bfc062723c751e8b465ee728b)  -> (artifact id: '33a5d792b4357626aefdc44670647b63') in 0.044121 seconds 
========================================================================
Received Import Request.
  Time since last request: 1.235953 seconds.
  path: Assets/SineVFX/TranslucentCrystals/Prefabs/Crystalsv06.prefab
  artifactKey: Guid(4aa7f4f0acab60742bea9a9f6a3bb144) Importer(815301076,1909f56bfc062723c751e8b465ee728b)
Start importing Assets/SineVFX/TranslucentCrystals/Prefabs/Crystalsv06.prefab using Guid(4aa7f4f0acab60742bea9a9f6a3bb144) Importer(815301076,1909f56bfc062723c751e8b465ee728b)  -> (artifact id: 'dff7cedfe74900a28b6309e5bbca891e') in 0.044079 seconds 
========================================================================
Received Import Request.
  Time since last request: 0.299655 seconds.
  path: Assets/SineVFX/TranslucentCrystals/Prefabs/Crystalsv06.prefab
  artifactKey: Guid(4aa7f4f0acab60742bea9a9f6a3bb144) Importer(815301076,1909f56bfc062723c751e8b465ee728b)
Start importing Assets/SineVFX/TranslucentCrystals/Prefabs/Crystalsv06.prefab using Guid(4aa7f4f0acab60742bea9a9f6a3bb144) Importer(815301076,1909f56bfc062723c751e8b465ee728b)  -> (artifact id: '82075278e94ca32be71e382fd0d4edfa') in 0.047127 seconds 
========================================================================
Received Import Request.
  Time since last request: 2.436460 seconds.
  path: Assets/SineVFX/TranslucentCrystals/Prefabs/Crystalsv06.prefab
  artifactKey: Guid(4aa7f4f0acab60742bea9a9f6a3bb144) Importer(815301076,1909f56bfc062723c751e8b465ee728b)
Start importing Assets/SineVFX/TranslucentCrystals/Prefabs/Crystalsv06.prefab using Guid(4aa7f4f0acab60742bea9a9f6a3bb144) Importer(815301076,1909f56bfc062723c751e8b465ee728b)  -> (artifact id: '5927ae24360bf60eaac8cfabb92eef49') in 0.044042 seconds 
========================================================================
Received Import Request.
  Time since last request: 4.142577 seconds.
  path: Assets/SineVFX/TranslucentCrystals/Prefabs/Crystalsv06.prefab
  artifactKey: Guid(4aa7f4f0acab60742bea9a9f6a3bb144) Importer(815301076,1909f56bfc062723c751e8b465ee728b)
Start importing Assets/SineVFX/TranslucentCrystals/Prefabs/Crystalsv06.prefab using Guid(4aa7f4f0acab60742bea9a9f6a3bb144) Importer(815301076,1909f56bfc062723c751e8b465ee728b)  -> (artifact id: '34ef6bc23cb0503b3dc9cbf2d8fc954d') in 0.069209 seconds 
========================================================================
Received Import Request.
  Time since last request: 9.661381 seconds.
  path: Assets/SineVFX/TranslucentCrystals/Prefabs/Crystalsv06.prefab
  artifactKey: Guid(4aa7f4f0acab60742bea9a9f6a3bb144) Importer(815301076,1909f56bfc062723c751e8b465ee728b)
Start importing Assets/SineVFX/TranslucentCrystals/Prefabs/Crystalsv06.prefab using Guid(4aa7f4f0acab60742bea9a9f6a3bb144) Importer(815301076,1909f56bfc062723c751e8b465ee728b)  -> (artifact id: '7f4fbcbe200e76b115c45f4256e06460') in 0.072129 seconds 
========================================================================
Received Import Request.
  Time since last request: 3.671977 seconds.
  path: Assets/SineVFX/TranslucentCrystals/Prefabs/Crystalsv06.prefab
  artifactKey: Guid(4aa7f4f0acab60742bea9a9f6a3bb144) Importer(815301076,1909f56bfc062723c751e8b465ee728b)
Start importing Assets/SineVFX/TranslucentCrystals/Prefabs/Crystalsv06.prefab using Guid(4aa7f4f0acab60742bea9a9f6a3bb144) Importer(815301076,1909f56bfc062723c751e8b465ee728b)  -> (artifact id: '6a9fa655a422c5804f91cdb361115696') in 0.072116 seconds 
========================================================================
Received Import Request.
  Time since last request: 6.694403 seconds.
  path: Assets/SineVFX/TranslucentCrystals/Prefabs/Crystalsv06.prefab
  artifactKey: Guid(4aa7f4f0acab60742bea9a9f6a3bb144) Importer(815301076,1909f56bfc062723c751e8b465ee728b)
Start importing Assets/SineVFX/TranslucentCrystals/Prefabs/Crystalsv06.prefab using Guid(4aa7f4f0acab60742bea9a9f6a3bb144) Importer(815301076,1909f56bfc062723c751e8b465ee728b)  -> (artifact id: '3fb716526551bd5c0aebca220179d6dd') in 0.061072 seconds 
========================================================================
Received Import Request.
  Time since last request: 7.168862 seconds.
  path: Assets/SineVFX/TranslucentCrystals/Prefabs/Crystalsv06.prefab
  artifactKey: Guid(4aa7f4f0acab60742bea9a9f6a3bb144) Importer(815301076,1909f56bfc062723c751e8b465ee728b)
Start importing Assets/SineVFX/TranslucentCrystals/Prefabs/Crystalsv06.prefab using Guid(4aa7f4f0acab60742bea9a9f6a3bb144) Importer(815301076,1909f56bfc062723c751e8b465ee728b)  -> (artifact id: '7d033dd6bb6756088c96ae9985954f4b') in 0.045689 seconds 
========================================================================
Received Import Request.
  Time since last request: 1.394287 seconds.
  path: Assets/SineVFX/TranslucentCrystals/Prefabs/Crystalsv06.prefab
  artifactKey: Guid(4aa7f4f0acab60742bea9a9f6a3bb144) Importer(815301076,1909f56bfc062723c751e8b465ee728b)
Start importing Assets/SineVFX/TranslucentCrystals/Prefabs/Crystalsv06.prefab using Guid(4aa7f4f0acab60742bea9a9f6a3bb144) Importer(815301076,1909f56bfc062723c751e8b465ee728b)  -> (artifact id: 'ea8e4d5b3ba804b5825d94e79ce1f41a') in 0.050338 seconds 
========================================================================
Received Import Request.
  Time since last request: 1.130650 seconds.
  path: Assets/SineVFX/TranslucentCrystals/Prefabs/Crystalsv06.prefab
  artifactKey: Guid(4aa7f4f0acab60742bea9a9f6a3bb144) Importer(815301076,1909f56bfc062723c751e8b465ee728b)
Start importing Assets/SineVFX/TranslucentCrystals/Prefabs/Crystalsv06.prefab using Guid(4aa7f4f0acab60742bea9a9f6a3bb144) Importer(815301076,1909f56bfc062723c751e8b465ee728b)  -> (artifact id: '3b1b39aa97d1a2eeb096f0fc353b35cf') in 0.064800 seconds 
========================================================================
Received Import Request.
  Time since last request: 0.230741 seconds.
  path: Assets/SineVFX/TranslucentCrystals/Prefabs/Crystalsv06.prefab
  artifactKey: Guid(4aa7f4f0acab60742bea9a9f6a3bb144) Importer(815301076,1909f56bfc062723c751e8b465ee728b)
Start importing Assets/SineVFX/TranslucentCrystals/Prefabs/Crystalsv06.prefab using Guid(4aa7f4f0acab60742bea9a9f6a3bb144) Importer(815301076,1909f56bfc062723c751e8b465ee728b)  -> (artifact id: '6c32e06cd3c4ffbe3d42d84cdaa6d8d4') in 0.045990 seconds 
========================================================================
Received Import Request.
  Time since last request: 0.361147 seconds.
  path: Assets/SineVFX/TranslucentCrystals/Prefabs/Crystalsv06.prefab
  artifactKey: Guid(4aa7f4f0acab60742bea9a9f6a3bb144) Importer(815301076,1909f56bfc062723c751e8b465ee728b)
Start importing Assets/SineVFX/TranslucentCrystals/Prefabs/Crystalsv06.prefab using Guid(4aa7f4f0acab60742bea9a9f6a3bb144) Importer(815301076,1909f56bfc062723c751e8b465ee728b)  -> (artifact id: 'ca4b14302543cb49ccc202206ea90a2e') in 0.038114 seconds 
========================================================================
Received Import Request.
  Time since last request: 10.240470 seconds.
  path: Assets/SineVFX/TranslucentCrystals/Prefabs/Crystalsv06.prefab
  artifactKey: Guid(4aa7f4f0acab60742bea9a9f6a3bb144) Importer(815301076,1909f56bfc062723c751e8b465ee728b)
Start importing Assets/SineVFX/TranslucentCrystals/Prefabs/Crystalsv06.prefab using Guid(4aa7f4f0acab60742bea9a9f6a3bb144) Importer(815301076,1909f56bfc062723c751e8b465ee728b)  -> (artifact id: '98a7109d441d4ac7b6ed2df1262a692c') in 0.048410 seconds 
========================================================================
Received Import Request.
  Time since last request: 2.896755 seconds.
  path: Assets/SineVFX/TranslucentCrystals/Prefabs/Crystalsv06.prefab
  artifactKey: Guid(4aa7f4f0acab60742bea9a9f6a3bb144) Importer(815301076,1909f56bfc062723c751e8b465ee728b)
Start importing Assets/SineVFX/TranslucentCrystals/Prefabs/Crystalsv06.prefab using Guid(4aa7f4f0acab60742bea9a9f6a3bb144) Importer(815301076,1909f56bfc062723c751e8b465ee728b)  -> (artifact id: 'a98d7b0d8f57c6604aed819211f8f688') in 0.065178 seconds 
========================================================================
Received Import Request.
  Time since last request: 9.821207 seconds.
  path: Assets/SineVFX/TranslucentCrystals/Prefabs/Crystalsv06.prefab
  artifactKey: Guid(4aa7f4f0acab60742bea9a9f6a3bb144) Importer(815301076,1909f56bfc062723c751e8b465ee728b)
Start importing Assets/SineVFX/TranslucentCrystals/Prefabs/Crystalsv06.prefab using Guid(4aa7f4f0acab60742bea9a9f6a3bb144) Importer(815301076,1909f56bfc062723c751e8b465ee728b)  -> (artifact id: '740dd8037ced2f4aceb792d88ea06bdb') in 0.048349 seconds 
========================================================================
Received Import Request.
  Time since last request: 11.046621 seconds.
  path: Assets/SineVFX/TranslucentCrystals/Prefabs/Crystalsv06.prefab
  artifactKey: Guid(4aa7f4f0acab60742bea9a9f6a3bb144) Importer(815301076,1909f56bfc062723c751e8b465ee728b)
Start importing Assets/SineVFX/TranslucentCrystals/Prefabs/Crystalsv06.prefab using Guid(4aa7f4f0acab60742bea9a9f6a3bb144) Importer(815301076,1909f56bfc062723c751e8b465ee728b)  -> (artifact id: 'c18f44ca7f262348c9c80901912d2f80') in 0.051738 seconds 
========================================================================
Received Import Request.
  Time since last request: 4.322079 seconds.
  path: Assets/SineVFX/TranslucentCrystals/Prefabs/Crystalsv06.prefab
  artifactKey: Guid(4aa7f4f0acab60742bea9a9f6a3bb144) Importer(815301076,1909f56bfc062723c751e8b465ee728b)
Start importing Assets/SineVFX/TranslucentCrystals/Prefabs/Crystalsv06.prefab using Guid(4aa7f4f0acab60742bea9a9f6a3bb144) Importer(815301076,1909f56bfc062723c751e8b465ee728b)  -> (artifact id: '2e705272c408c7dfc876d0bb1257fd34') in 0.049435 seconds 
========================================================================
Received Import Request.
  Time since last request: 2.825092 seconds.
  path: Assets/SineVFX/TranslucentCrystals/Prefabs/Crystalsv06.prefab
  artifactKey: Guid(4aa7f4f0acab60742bea9a9f6a3bb144) Importer(815301076,1909f56bfc062723c751e8b465ee728b)
Start importing Assets/SineVFX/TranslucentCrystals/Prefabs/Crystalsv06.prefab using Guid(4aa7f4f0acab60742bea9a9f6a3bb144) Importer(815301076,1909f56bfc062723c751e8b465ee728b)  -> (artifact id: 'fb48c9d74755dd6614cdd9d5c2507208') in 0.068626 seconds 
========================================================================
Received Import Request.
  Time since last request: 0.855139 seconds.
  path: Assets/SineVFX/TranslucentCrystals/Prefabs/Crystalsv06.prefab
  artifactKey: Guid(4aa7f4f0acab60742bea9a9f6a3bb144) Importer(815301076,1909f56bfc062723c751e8b465ee728b)
Start importing Assets/SineVFX/TranslucentCrystals/Prefabs/Crystalsv06.prefab using Guid(4aa7f4f0acab60742bea9a9f6a3bb144) Importer(815301076,1909f56bfc062723c751e8b465ee728b)  -> (artifact id: '148bd158251744dcb9b343ca66796205') in 0.070492 seconds 
========================================================================
Received Import Request.
  Time since last request: 8.323605 seconds.
  path: Assets/SineVFX/TranslucentCrystals/Prefabs/Crystalsv06.prefab
  artifactKey: Guid(4aa7f4f0acab60742bea9a9f6a3bb144) Importer(815301076,1909f56bfc062723c751e8b465ee728b)
Start importing Assets/SineVFX/TranslucentCrystals/Prefabs/Crystalsv06.prefab using Guid(4aa7f4f0acab60742bea9a9f6a3bb144) Importer(815301076,1909f56bfc062723c751e8b465ee728b)  -> (artifact id: 'd0f632d0a3c35bc8b6a5dd0372cf9a5d') in 0.058852 seconds 
========================================================================
Received Import Request.
  Time since last request: 15.063126 seconds.
  path: Assets/SineVFX/TranslucentCrystals/Prefabs/Crystalsv06.prefab
  artifactKey: Guid(4aa7f4f0acab60742bea9a9f6a3bb144) Importer(815301076,1909f56bfc062723c751e8b465ee728b)
Start importing Assets/SineVFX/TranslucentCrystals/Prefabs/Crystalsv06.prefab using Guid(4aa7f4f0acab60742bea9a9f6a3bb144) Importer(815301076,1909f56bfc062723c751e8b465ee728b)  -> (artifact id: '9252f807051ee593781e1885f9de911a') in 0.046539 seconds 
========================================================================
Received Import Request.
  Time since last request: 2.767849 seconds.
  path: Assets/SineVFX/TranslucentCrystals/Prefabs/Crystalsv06.prefab
  artifactKey: Guid(4aa7f4f0acab60742bea9a9f6a3bb144) Importer(815301076,1909f56bfc062723c751e8b465ee728b)
Start importing Assets/SineVFX/TranslucentCrystals/Prefabs/Crystalsv06.prefab using Guid(4aa7f4f0acab60742bea9a9f6a3bb144) Importer(815301076,1909f56bfc062723c751e8b465ee728b)  -> (artifact id: '14642722f1c38e5bc9eb62ea65ab80a4') in 0.047100 seconds 
========================================================================
Received Import Request.
  Time since last request: 4.487633 seconds.
  path: Assets/SineVFX/TranslucentCrystals/Prefabs/Crystalsv06.prefab
  artifactKey: Guid(4aa7f4f0acab60742bea9a9f6a3bb144) Importer(815301076,1909f56bfc062723c751e8b465ee728b)
Start importing Assets/SineVFX/TranslucentCrystals/Prefabs/Crystalsv06.prefab using Guid(4aa7f4f0acab60742bea9a9f6a3bb144) Importer(815301076,1909f56bfc062723c751e8b465ee728b)  -> (artifact id: '7c2d9987670b83a0e3f12789544321ce') in 0.042731 seconds 
========================================================================
Received Import Request.
  Time since last request: 5.574503 seconds.
  path: Assets/SineVFX/TranslucentCrystals/Prefabs/Crystalsv06.prefab
  artifactKey: Guid(4aa7f4f0acab60742bea9a9f6a3bb144) Importer(815301076,1909f56bfc062723c751e8b465ee728b)
Start importing Assets/SineVFX/TranslucentCrystals/Prefabs/Crystalsv06.prefab using Guid(4aa7f4f0acab60742bea9a9f6a3bb144) Importer(815301076,1909f56bfc062723c751e8b465ee728b)  -> (artifact id: '85753086600658916c4744a317415038') in 0.066030 seconds 
========================================================================
Received Import Request.
  Time since last request: 5.272872 seconds.
  path: Assets/SineVFX/TranslucentCrystals/Prefabs/Crystalsv06.prefab
  artifactKey: Guid(4aa7f4f0acab60742bea9a9f6a3bb144) Importer(815301076,1909f56bfc062723c751e8b465ee728b)
Start importing Assets/SineVFX/TranslucentCrystals/Prefabs/Crystalsv06.prefab using Guid(4aa7f4f0acab60742bea9a9f6a3bb144) Importer(815301076,1909f56bfc062723c751e8b465ee728b)  -> (artifact id: '0bec6070d7c5d098937634cea99803ec') in 0.049408 seconds 
========================================================================
Received Import Request.
  Time since last request: 3.729441 seconds.
  path: Assets/SineVFX/TranslucentCrystals/Prefabs/Crystalsv06.prefab
  artifactKey: Guid(4aa7f4f0acab60742bea9a9f6a3bb144) Importer(815301076,1909f56bfc062723c751e8b465ee728b)
Start importing Assets/SineVFX/TranslucentCrystals/Prefabs/Crystalsv06.prefab using Guid(4aa7f4f0acab60742bea9a9f6a3bb144) Importer(815301076,1909f56bfc062723c751e8b465ee728b)  -> (artifact id: 'c06ba239e657efbcc0dfe4c8cd03e1a6') in 0.061691 seconds 
========================================================================
Received Import Request.
  Time since last request: 4.358254 seconds.
  path: Assets/SineVFX/TranslucentCrystals/Prefabs/Crystalsv06.prefab
  artifactKey: Guid(4aa7f4f0acab60742bea9a9f6a3bb144) Importer(815301076,1909f56bfc062723c751e8b465ee728b)
Start importing Assets/SineVFX/TranslucentCrystals/Prefabs/Crystalsv06.prefab using Guid(4aa7f4f0acab60742bea9a9f6a3bb144) Importer(815301076,1909f56bfc062723c751e8b465ee728b)  -> (artifact id: '727145dee44df0b263049b9e4194d3bd') in 0.058783 seconds 
========================================================================
Received Import Request.
  Time since last request: 1.869574 seconds.
  path: Assets/SineVFX/TranslucentCrystals/Prefabs/Crystalsv06.prefab
  artifactKey: Guid(4aa7f4f0acab60742bea9a9f6a3bb144) Importer(815301076,1909f56bfc062723c751e8b465ee728b)
Start importing Assets/SineVFX/TranslucentCrystals/Prefabs/Crystalsv06.prefab using Guid(4aa7f4f0acab60742bea9a9f6a3bb144) Importer(815301076,1909f56bfc062723c751e8b465ee728b)  -> (artifact id: 'b1ea353deca7718b8e53a9c61efdbda8') in 0.065739 seconds 
========================================================================
Received Import Request.
  Time since last request: 58.503234 seconds.
  path: Assets/Prefab/Tiles/Tile1.prefab
  artifactKey: Guid(7fa8bd129105b7248a02b5368debcfa3) Importer(815301076,1909f56bfc062723c751e8b465ee728b)
Start importing Assets/Prefab/Tiles/Tile1.prefab using Guid(7fa8bd129105b7248a02b5368debcfa3) Importer(815301076,1909f56bfc062723c751e8b465ee728b)  -> (artifact id: 'c8565d0ee315a4eda4e62c974be135a2') in 0.240844 seconds 
========================================================================
Received Import Request.
  Time since last request: 17.342262 seconds.
  path: Assets/Prefab/Tiles/Tile2.prefab
  artifactKey: Guid(e0d7a9e3c0fb4e044bd1a40f0f895f00) Importer(815301076,1909f56bfc062723c751e8b465ee728b)
Start importing Assets/Prefab/Tiles/Tile2.prefab using Guid(e0d7a9e3c0fb4e044bd1a40f0f895f00) Importer(815301076,1909f56bfc062723c751e8b465ee728b)  -> (artifact id: 'bb8fb7b3693ecfb12221f6ab3a589c89') in 0.186019 seconds 
========================================================================
Received Import Request.
  Time since last request: 5.024129 seconds.
  path: Assets/Prefab/Tiles/Tile3.prefab
  artifactKey: Guid(aff50211975231849949d77a4c740089) Importer(815301076,1909f56bfc062723c751e8b465ee728b)
Start importing Assets/Prefab/Tiles/Tile3.prefab using Guid(aff50211975231849949d77a4c740089) Importer(815301076,1909f56bfc062723c751e8b465ee728b)  -> (artifact id: '27c7a1a445df7a710aa01549ec898491') in 0.158697 seconds 
========================================================================
Received Import Request.
  Time since last request: 4.782523 seconds.
  path: Assets/Prefab/Tiles/Tile4.prefab
  artifactKey: Guid(e626b5e848c1ceb41ade2bbd3eaefc94) Importer(815301076,1909f56bfc062723c751e8b465ee728b)
Start importing Assets/Prefab/Tiles/Tile4.prefab using Guid(e626b5e848c1ceb41ade2bbd3eaefc94) Importer(815301076,1909f56bfc062723c751e8b465ee728b)  -> (artifact id: '87de661f47c20952abe0511ab26c28b6') in 0.142998 seconds 
========================================================================
Received Import Request.
  Time since last request: 4.682666 seconds.
  path: Assets/Prefab/Tiles/Tile5.prefab
  artifactKey: Guid(74fb1fc2001c3c147b04252f07e4666a) Importer(815301076,1909f56bfc062723c751e8b465ee728b)
Start importing Assets/Prefab/Tiles/Tile5.prefab using Guid(74fb1fc2001c3c147b04252f07e4666a) Importer(815301076,1909f56bfc062723c751e8b465ee728b)  -> (artifact id: '7e49790888cdaf13827a8a978ca7a66e') in 0.181618 seconds 
========================================================================
Received Import Request.
  Time since last request: 4.683583 seconds.
  path: Assets/Prefab/Tiles/Tile6.prefab
  artifactKey: Guid(fc63aaadc48e3da4590886fc22b612d3) Importer(815301076,1909f56bfc062723c751e8b465ee728b)
Start importing Assets/Prefab/Tiles/Tile6.prefab using Guid(fc63aaadc48e3da4590886fc22b612d3) Importer(815301076,1909f56bfc062723c751e8b465ee728b)  -> (artifact id: 'e99d11d39bf1c0ea06d7c0a6b428a2a7') in 0.181618 seconds 
========================================================================
Received Import Request.
  Time since last request: 4.324716 seconds.
  path: Assets/Prefab/Tiles/Tile7.prefab
  artifactKey: Guid(36b878abc12d8ab4cb9ededb86128c83) Importer(815301076,1909f56bfc062723c751e8b465ee728b)
Start importing Assets/Prefab/Tiles/Tile7.prefab using Guid(36b878abc12d8ab4cb9ededb86128c83) Importer(815301076,1909f56bfc062723c751e8b465ee728b)  -> (artifact id: 'c86820f8b23f954c2d0ffe5b605ce71f') in 0.174673 seconds 
========================================================================
Received Import Request.
  Time since last request: 9.140791 seconds.
  path: Assets/Prefab/Tiles/Tile8.prefab
  artifactKey: Guid(95fbe878ffeea824ea98a6126cc27379) Importer(815301076,1909f56bfc062723c751e8b465ee728b)
Start importing Assets/Prefab/Tiles/Tile8.prefab using Guid(95fbe878ffeea824ea98a6126cc27379) Importer(815301076,1909f56bfc062723c751e8b465ee728b)  -> (artifact id: '458e2817f83c9f3d3b102336bbb9b8da') in 0.166293 seconds 
========================================================================
Received Import Request.
  Time since last request: 22.513860 seconds.
  path: Assets/Sources/Joystick Pack/Prefabs/Dynamic Joystick.prefab
  artifactKey: Guid(56fae09712773584fb63896d473a98ee) Importer(815301076,1909f56bfc062723c751e8b465ee728b)
Start importing Assets/Sources/Joystick Pack/Prefabs/Dynamic Joystick.prefab using Guid(56fae09712773584fb63896d473a98ee) Importer(815301076,1909f56bfc062723c751e8b465ee728b)  -> (artifact id: '90248aab78033594de09295bde2c29cd') in 0.126862 seconds 
========================================================================
Received Import Request.
  Time since last request: 0.000052 seconds.
  path: Assets/Sources/SimpleNaturePack/Models/Flowers_01.fbx
  artifactKey: Guid(b5a80b3e2a089b841b155d7c7f461e7c) Importer(815301076,1909f56bfc062723c751e8b465ee728b)
Start importing Assets/Sources/SimpleNaturePack/Models/Flowers_01.fbx using Guid(b5a80b3e2a089b841b155d7c7f461e7c) Importer(815301076,1909f56bfc062723c751e8b465ee728b)  -> (artifact id: 'd796af767fee77eaecabb1e13b40a45e') in 0.118533 seconds 
========================================================================
Received Import Request.
  Time since last request: 0.000053 seconds.
  path: Assets/Sources/Joystick Pack/Prefabs/Floating Joystick.prefab
  artifactKey: Guid(0d230cc8be529a542a08cb878ab14b18) Importer(815301076,1909f56bfc062723c751e8b465ee728b)
Start importing Assets/Sources/Joystick Pack/Prefabs/Floating Joystick.prefab using Guid(0d230cc8be529a542a08cb878ab14b18) Importer(815301076,1909f56bfc062723c751e8b465ee728b)  -> (artifact id: '84467f31e40d1887ac14883afe6d896e') in 0.024708 seconds 
========================================================================
Received Import Request.
  Time since last request: 0.000078 seconds.
  path: Assets/Sources/Joystick Pack/Prefabs/Fixed Joystick.prefab
  artifactKey: Guid(aaa2c939c0359ac4dbce3f49e8b90252) Importer(815301076,1909f56bfc062723c751e8b465ee728b)
Start importing Assets/Sources/Joystick Pack/Prefabs/Fixed Joystick.prefab using Guid(aaa2c939c0359ac4dbce3f49e8b90252) Importer(815301076,1909f56bfc062723c751e8b465ee728b)  -> (artifact id: 'dd8025c4f2288a18a7e06e768bfc7c9d') in 0.023085 seconds 
========================================================================
Received Import Request.
  Time since last request: 0.000032 seconds.
  path: Assets/Sources/SimpleNaturePack/Models/Flowers_02.fbx
  artifactKey: Guid(8ea980fdc4aa5e749b000c1a0d4b9bbc) Importer(815301076,1909f56bfc062723c751e8b465ee728b)
Start importing Assets/Sources/SimpleNaturePack/Models/Flowers_02.fbx using Guid(8ea980fdc4aa5e749b000c1a0d4b9bbc) Importer(815301076,1909f56bfc062723c751e8b465ee728b)  -> (artifact id: 'ec7d31264a5be5b342ec69f3345e7d15') in 0.046111 seconds 
========================================================================
Received Prepare
Registering precompiled user dll's ...
Registered in 0.005354 seconds.
Begin MonoManager ReloadAssembly
Symbol file LoadedFromMemory is not a mono symbol file
Native extension for WindowsStandalone target not found
Refreshing native plugins compatible for Editor in 2.48 ms, found 2 plugins.
Preloading 0 native plugins for Editor in 0.00 ms.
Mono: successfully reloaded assembly
- Completed reload, in  4.391 seconds
Domain Reload Profiling:
	ReloadAssembly (4398ms)
		BeginReloadAssembly (279ms)
			ExecutionOrderSort (0ms)
			DisableScriptedObjects (9ms)
			BackupInstance (0ms)
			ReleaseScriptingObjects (0ms)
			CreateAndSetChildDomain (77ms)
		EndReloadAssembly (3907ms)
			LoadAssemblies (213ms)
			RebuildTransferFunctionScriptingTraits (0ms)
			SetupTypeCache (470ms)
			ReleaseScriptCaches (2ms)
			RebuildScriptCaches (147ms)
			SetupLoadedEditorAssemblies (2795ms)
				LogAssemblyErrors (0ms)
				InitializePlatformSupportModulesInManaged (43ms)
				SetLoadedEditorAssemblies (2ms)
				RefreshPlugins (3ms)
				BeforeProcessingInitializeOnLoad (120ms)
				ProcessInitializeOnLoadAttributes (2370ms)
				ProcessInitializeOnLoadMethodAttributes (205ms)
				AfterProcessingInitializeOnLoad (52ms)
				EditorAssembliesLoaded (0ms)
			ExecutionOrderSort2 (0ms)
			AwakeInstancesAfterBackupRestoration (50ms)
Platform modules already initialized, skipping
Refreshing native plugins compatible for Editor in 7.03 ms, found 2 plugins.
Preloading 0 native plugins for Editor in 0.00 ms.
Unloading 2182 Unused Serialized files (Serialized files now loaded: 0)
Unloading 75 unused Assets / (3.4 MB). Loaded Objects now: 2711.
Memory consumption went from 133.0 MB to 129.7 MB.
Total: 9.094500 ms (FindLiveObjects: 0.280500 ms CreateObjectMapping: 0.135600 ms MarkObjects: 6.922400 ms  DeleteObjects: 1.754600 ms)

AssetImportParameters requested are different than current active one (requested -> active):
  custom:video-decoder-ogg-theora: a1e56fd34408186e4bbccfd4996cb3dc -> 
  custom:container-muxer-webm: aa71ff27fc2769a1b78a27578f13a17b -> 
  custom:container-demuxer-webm: 4f35f7cbe854078d1ac9338744f61a02 -> 
  custom:video-encoder-webm-vp8: eb34c28f22e8b96e1ab97ce403110664 -> 
  custom:audio-encoder-webm-vorbis: bf7c407c2cedff20999df2af8eb42d56 -> 
  custom:framework-win-MediaFoundation: 216162199b28c13a410421893ffa2e32 -> 
  custom:container-demuxer-ogg: 62fdf1f143b41e24485cea50d1cbac27 -> 
  custom:video-decoder-webm-vp8: 9c59270c3fd7afecdb556c50c9e8de78 -> 
  custom:audio-decoder-ogg-vorbis: bf7c407c2cedff20999df2af8eb42d56 -> 
========================================================================
Received Import Request.
  Time since last request: 45.209325 seconds.
  path: Assets/SineVFX/TranslucentCrystals/Prefabs/Crystalsv06.prefab
  artifactKey: Guid(4aa7f4f0acab60742bea9a9f6a3bb144) Importer(815301076,1909f56bfc062723c751e8b465ee728b)
Start importing Assets/SineVFX/TranslucentCrystals/Prefabs/Crystalsv06.prefab using Guid(4aa7f4f0acab60742bea9a9f6a3bb144) Importer(815301076,1909f56bfc062723c751e8b465ee728b)  -> (artifact id: '16abfb5576419506489bf4c9d6e25c5a') in 0.163878 seconds 
========================================================================
Received Import Request.
  Time since last request: 0.650471 seconds.
  path: Assets/SineVFX/TranslucentCrystals/Prefabs/Crystalsv06.prefab
  artifactKey: Guid(4aa7f4f0acab60742bea9a9f6a3bb144) Importer(815301076,1909f56bfc062723c751e8b465ee728b)
Start importing Assets/SineVFX/TranslucentCrystals/Prefabs/Crystalsv06.prefab using Guid(4aa7f4f0acab60742bea9a9f6a3bb144) Importer(815301076,1909f56bfc062723c751e8b465ee728b)  -> (artifact id: '22059cc1aec8cadeb0e155ca21632e2b') in 0.058928 seconds 
========================================================================
Received Import Request.
  Time since last request: 7.959963 seconds.
  path: Assets/SineVFX/TranslucentCrystals/Prefabs/Crystalsv06.prefab
  artifactKey: Guid(4aa7f4f0acab60742bea9a9f6a3bb144) Importer(815301076,1909f56bfc062723c751e8b465ee728b)
Start importing Assets/SineVFX/TranslucentCrystals/Prefabs/Crystalsv06.prefab using Guid(4aa7f4f0acab60742bea9a9f6a3bb144) Importer(815301076,1909f56bfc062723c751e8b465ee728b)  -> (artifact id: 'f48f661d2d8203198cef166e13b89b41') in 0.046672 seconds 
========================================================================
Received Import Request.
  Time since last request: 1.787743 seconds.
  path: Assets/Prefab/Tiles/Tile1.prefab
  artifactKey: Guid(7fa8bd129105b7248a02b5368debcfa3) Importer(815301076,1909f56bfc062723c751e8b465ee728b)
Start importing Assets/Prefab/Tiles/Tile1.prefab using Guid(7fa8bd129105b7248a02b5368debcfa3) Importer(815301076,1909f56bfc062723c751e8b465ee728b)  -> (artifact id: '0c43d631eff4928b0d498614c94a23c8') in 0.360839 seconds 
========================================================================
Received Import Request.
  Time since last request: 0.000035 seconds.
  path: Assets/Prefab/Tiles/Tile5.prefab
  artifactKey: Guid(74fb1fc2001c3c147b04252f07e4666a) Importer(815301076,1909f56bfc062723c751e8b465ee728b)
Start importing Assets/Prefab/Tiles/Tile5.prefab using Guid(74fb1fc2001c3c147b04252f07e4666a) Importer(815301076,1909f56bfc062723c751e8b465ee728b)  -> (artifact id: '8f3ce21add6620d520077b0d35941ec6') in 0.239201 seconds 
========================================================================
Received Import Request.
  Time since last request: 0.000051 seconds.
  path: Assets/Prefab/Tiles/Tile4.prefab
  artifactKey: Guid(e626b5e848c1ceb41ade2bbd3eaefc94) Importer(815301076,1909f56bfc062723c751e8b465ee728b)
Start importing Assets/Prefab/Tiles/Tile4.prefab using Guid(e626b5e848c1ceb41ade2bbd3eaefc94) Importer(815301076,1909f56bfc062723c751e8b465ee728b)  -> (artifact id: '0cb4f9611607e4537dd5b122aeb751e9') in 0.260348 seconds 
========================================================================
Received Prepare
Registering precompiled user dll's ...
Registered in 0.006024 seconds.
Begin MonoManager ReloadAssembly
Symbol file LoadedFromMemory is not a mono symbol file
Native extension for WindowsStandalone target not found
Refreshing native plugins compatible for Editor in 1.36 ms, found 2 plugins.
Preloading 0 native plugins for Editor in 0.00 ms.
Mono: successfully reloaded assembly
- Completed reload, in  4.757 seconds
Domain Reload Profiling:
	ReloadAssembly (4759ms)
		BeginReloadAssembly (290ms)
			ExecutionOrderSort (0ms)
			DisableScriptedObjects (9ms)
			BackupInstance (0ms)
			ReleaseScriptingObjects (0ms)
			CreateAndSetChildDomain (79ms)
		EndReloadAssembly (4230ms)
			LoadAssemblies (230ms)
			RebuildTransferFunctionScriptingTraits (0ms)
			SetupTypeCache (453ms)
			ReleaseScriptCaches (2ms)
			RebuildScriptCaches (155ms)
			SetupLoadedEditorAssemblies (3090ms)
				LogAssemblyErrors (0ms)
				InitializePlatformSupportModulesInManaged (28ms)
				SetLoadedEditorAssemblies (1ms)
				RefreshPlugins (1ms)
				BeforeProcessingInitializeOnLoad (142ms)
				ProcessInitializeOnLoadAttributes (2671ms)
				ProcessInitializeOnLoadMethodAttributes (186ms)
				AfterProcessingInitializeOnLoad (58ms)
				EditorAssembliesLoaded (1ms)
			ExecutionOrderSort2 (0ms)
			AwakeInstancesAfterBackupRestoration (51ms)
Platform modules already initialized, skipping
Refreshing native plugins compatible for Editor in 17.49 ms, found 2 plugins.
Preloading 0 native plugins for Editor in 0.00 ms.
Unloading 2182 Unused Serialized files (Serialized files now loaded: 0)
Unloading 75 unused Assets / (3.4 MB). Loaded Objects now: 2727.
Memory consumption went from 133.2 MB to 129.8 MB.
Total: 20.265800 ms (FindLiveObjects: 0.625800 ms CreateObjectMapping: 0.508100 ms MarkObjects: 13.570600 ms  DeleteObjects: 5.553800 ms)

AssetImportParameters requested are different than current active one (requested -> active):
  custom:video-decoder-ogg-theora: a1e56fd34408186e4bbccfd4996cb3dc -> 
  custom:container-muxer-webm: aa71ff27fc2769a1b78a27578f13a17b -> 
  custom:container-demuxer-webm: 4f35f7cbe854078d1ac9338744f61a02 -> 
  custom:video-encoder-webm-vp8: eb34c28f22e8b96e1ab97ce403110664 -> 
  custom:audio-encoder-webm-vorbis: bf7c407c2cedff20999df2af8eb42d56 -> 
  custom:framework-win-MediaFoundation: 216162199b28c13a410421893ffa2e32 -> 
  custom:container-demuxer-ogg: 62fdf1f143b41e24485cea50d1cbac27 -> 
  custom:video-decoder-webm-vp8: 9c59270c3fd7afecdb556c50c9e8de78 -> 
  custom:audio-decoder-ogg-vorbis: bf7c407c2cedff20999df2af8eb42d56 -> 
Editor requested this worker to shutdown with reason: Scaling down because of idle timeout
AssetImportWorker is now disconnected from the server
Process exiting
Exiting without the bug reporter. Application will terminate with return code 0