
=== Fri May  6 00:34:32 2022

Packages were changed.
Update Mode: updateDependencies

The following packages were updated:
  com.unity.collab-proxy from version 1.15.1 to 1.15.15
  com.unity.ide.rider from version 2.0.7 to 3.0.13
  com.unity.test-framework from version 1.1.29 to 1.1.31
  com.unity.timeline from version 1.4.8 to 1.6.4

=== Wed May 11 19:21:02 2022

Packages were changed.
Update Mode: updateDependencies

The following packages were updated:
  com.unity.cinemachine from version 2.6.11 to 2.8.4

=== Fri May 13 11:34:54 2022

Packages were changed.
Update Mode: mergeDefaultDependencies

The following packages were added:
  com.unity.postprocessing@2.3.0

=== Thu Jul  7 16:20:50 2022

Packages were changed.
Update Mode: updateDependencies

The following packages were updated:
  com.unity.cinemachine from version 2.8.4 to 2.8.6
  com.unity.collab-proxy from version 1.15.15 to 1.15.18
  com.unity.ide.rider from version 3.0.13 to 3.0.14
  com.unity.postprocessing from version 2.3.0 to 3.2.2

=== Thu Jul 21 17:25:35 2022

Packages were changed.
Update Mode: updateDependencies

The following packages were updated:
  com.unity.ide.rider from version 3.0.14 to 3.0.15
  com.unity.ide.visualstudio from version 2.0.15 to 2.0.16

=== Fri Sep 23 22:16:30 2022

Packages were changed.
Update Mode: updateDependencies

The following packages were updated:
  com.unity.collab-proxy from version 1.15.18 to 1.17.1
